[2024-10-16T02:12:49.408+0000] {local_task_job_runner.py:123} INFO - ::group::Pre task execution logs
[2024-10-16T02:12:49.427+0000] {taskinstance.py:2612} INFO - Dependencies all met for dep_context=non-requeueable deps ti=<TaskInstance: child.wait_for_parent manual__2024-10-16T02:12:47.543240+00:00 [queued]>
[2024-10-16T02:12:49.439+0000] {taskinstance.py:2612} INFO - Dependencies all met for dep_context=requeueable deps ti=<TaskInstance: child.wait_for_parent manual__2024-10-16T02:12:47.543240+00:00 [queued]>
[2024-10-16T02:12:49.440+0000] {taskinstance.py:2865} INFO - Starting attempt 1 of 1
[2024-10-16T02:12:49.458+0000] {taskinstance.py:2888} INFO - Executing <Task(ExternalTaskSensor): wait_for_parent> on 2024-10-16 02:12:47.543240+00:00
[2024-10-16T02:12:49.466+0000] {warnings.py:112} WARNING - /home/***/.local/lib/python3.12/site-packages/***/task/task_runner/standard_task_runner.py:70: DeprecationWarning: This process (pid=83) is multi-threaded, use of fork() may lead to deadlocks in the child.
  pid = os.fork()

[2024-10-16T02:12:49.468+0000] {standard_task_runner.py:72} INFO - Started process 87 to run task
[2024-10-16T02:12:49.468+0000] {standard_task_runner.py:104} INFO - Running: ['***', 'tasks', 'run', 'child', 'wait_for_parent', 'manual__2024-10-16T02:12:47.543240+00:00', '--job-id', '8', '--raw', '--subdir', 'DAGS_FOLDER/child.py', '--cfg-path', '/tmp/tmpb_dehw9q']
[2024-10-16T02:12:49.469+0000] {standard_task_runner.py:105} INFO - Job 8: Subtask wait_for_parent
[2024-10-16T02:12:49.513+0000] {task_command.py:467} INFO - Running <TaskInstance: child.wait_for_parent manual__2024-10-16T02:12:47.543240+00:00 [running]> on host 39781b2b00b9
[2024-10-16T02:12:49.586+0000] {taskinstance.py:3131} INFO - Exporting env vars: AIRFLOW_CTX_DAG_OWNER='***' AIRFLOW_CTX_DAG_ID='child' AIRFLOW_CTX_TASK_ID='wait_for_parent' AIRFLOW_CTX_EXECUTION_DATE='2024-10-16T02:12:47.543240+00:00' AIRFLOW_CTX_TRY_NUMBER='1' AIRFLOW_CTX_DAG_RUN_ID='manual__2024-10-16T02:12:47.543240+00:00'
[2024-10-16T02:12:49.587+0000] {logging_mixin.py:190} INFO - Task instance is in running state
[2024-10-16T02:12:49.588+0000] {logging_mixin.py:190} INFO -  Previous state of the Task instance: queued
[2024-10-16T02:12:49.588+0000] {logging_mixin.py:190} INFO - Current task name:wait_for_parent state:running start_date:2024-10-16 02:12:49.428220+00:00
[2024-10-16T02:12:49.589+0000] {logging_mixin.py:190} INFO - Dag name:child and current dag run status:running
[2024-10-16T02:12:49.589+0000] {taskinstance.py:731} INFO - ::endgroup::
[2024-10-16T02:12:49.590+0000] {baseoperator.py:405} WARNING - ExternalTaskSensor.execute cannot be called outside TaskInstance!
[2024-10-16T02:12:49.590+0000] {external_task.py:258} INFO - Poking for tasks ['end'] in dag parent_success on 2024-10-16T02:12:47.543240+00:00 ... 
[2024-10-16T02:12:49.591+0000] {warnings.py:112} WARNING - /home/***/.local/lib/python3.12/site-packages/***/utils/session.py:97: DeprecationWarning: This method is deprecated and will be removed in future.
  return func(*args, session=session, **kwargs)

[2024-10-16T02:13:19.600+0000] {external_task.py:258} INFO - Poking for tasks ['end'] in dag parent_success on 2024-10-16T02:12:47.543240+00:00 ... 
[2024-10-16T02:13:49.607+0000] {external_task.py:258} INFO - Poking for tasks ['end'] in dag parent_success on 2024-10-16T02:12:47.543240+00:00 ... 
[2024-10-16T02:14:19.614+0000] {external_task.py:258} INFO - Poking for tasks ['end'] in dag parent_success on 2024-10-16T02:12:47.543240+00:00 ... 
[2024-10-16T02:14:49.619+0000] {external_task.py:258} INFO - Poking for tasks ['end'] in dag parent_success on 2024-10-16T02:12:47.543240+00:00 ... 
[2024-10-16T02:15:19.625+0000] {external_task.py:258} INFO - Poking for tasks ['end'] in dag parent_success on 2024-10-16T02:12:47.543240+00:00 ... 
