[2024-10-16T02:12:49.440+0000] {local_task_job_runner.py:123} INFO - ::group::Pre task execution logs
[2024-10-16T02:12:49.460+0000] {taskinstance.py:2612} INFO - Dependencies all met for dep_context=non-requeueable deps ti=<TaskInstance: child.wait_for_parent scheduled__2024-10-15T00:00:00+00:00 [queued]>
[2024-10-16T02:12:49.468+0000] {taskinstance.py:2612} INFO - Dependencies all met for dep_context=requeueable deps ti=<TaskInstance: child.wait_for_parent scheduled__2024-10-15T00:00:00+00:00 [queued]>
[2024-10-16T02:12:49.469+0000] {taskinstance.py:2865} INFO - Starting attempt 1 of 1
[2024-10-16T02:12:49.481+0000] {taskinstance.py:2888} INFO - Executing <Task(ExternalTaskSensor): wait_for_parent> on 2024-10-15 00:00:00+00:00
[2024-10-16T02:12:49.488+0000] {warnings.py:112} WARNING - /home/***/.local/lib/python3.12/site-packages/***/task/task_runner/standard_task_runner.py:70: DeprecationWarning: This process (pid=84) is multi-threaded, use of fork() may lead to deadlocks in the child.
  pid = os.fork()

[2024-10-16T02:12:49.490+0000] {standard_task_runner.py:72} INFO - Started process 89 to run task
[2024-10-16T02:12:49.490+0000] {standard_task_runner.py:104} INFO - Running: ['***', 'tasks', 'run', 'child', 'wait_for_parent', 'scheduled__2024-10-15T00:00:00+00:00', '--job-id', '9', '--raw', '--subdir', 'DAGS_FOLDER/child.py', '--cfg-path', '/tmp/tmpdigb4ygl']
[2024-10-16T02:12:49.491+0000] {standard_task_runner.py:105} INFO - Job 9: Subtask wait_for_parent
[2024-10-16T02:12:49.537+0000] {task_command.py:467} INFO - Running <TaskInstance: child.wait_for_parent scheduled__2024-10-15T00:00:00+00:00 [running]> on host 39781b2b00b9
[2024-10-16T02:12:49.616+0000] {taskinstance.py:3131} INFO - Exporting env vars: AIRFLOW_CTX_DAG_OWNER='***' AIRFLOW_CTX_DAG_ID='child' AIRFLOW_CTX_TASK_ID='wait_for_parent' AIRFLOW_CTX_EXECUTION_DATE='2024-10-15T00:00:00+00:00' AIRFLOW_CTX_TRY_NUMBER='1' AIRFLOW_CTX_DAG_RUN_ID='scheduled__2024-10-15T00:00:00+00:00'
[2024-10-16T02:12:49.618+0000] {logging_mixin.py:190} INFO - Task instance is in running state
[2024-10-16T02:12:49.618+0000] {logging_mixin.py:190} INFO -  Previous state of the Task instance: queued
[2024-10-16T02:12:49.619+0000] {logging_mixin.py:190} INFO - Current task name:wait_for_parent state:running start_date:2024-10-16 02:12:49.460992+00:00
[2024-10-16T02:12:49.619+0000] {logging_mixin.py:190} INFO - Dag name:child and current dag run status:running
[2024-10-16T02:12:49.620+0000] {taskinstance.py:731} INFO - ::endgroup::
[2024-10-16T02:12:49.620+0000] {baseoperator.py:405} WARNING - ExternalTaskSensor.execute cannot be called outside TaskInstance!
[2024-10-16T02:12:49.621+0000] {external_task.py:258} INFO - Poking for tasks ['end'] in dag parent_success on 2024-10-15T00:00:00+00:00 ... 
[2024-10-16T02:12:49.621+0000] {warnings.py:112} WARNING - /home/***/.local/lib/python3.12/site-packages/***/utils/session.py:97: DeprecationWarning: This method is deprecated and will be removed in future.
  return func(*args, session=session, **kwargs)

[2024-10-16T02:12:49.631+0000] {base.py:336} INFO - Success criteria met. Exiting.
[2024-10-16T02:12:49.640+0000] {taskinstance.py:340} INFO - ::group::Post task execution logs
[2024-10-16T02:12:49.640+0000] {taskinstance.py:352} INFO - Marking task as SUCCESS. dag_id=child, task_id=wait_for_parent, run_id=scheduled__2024-10-15T00:00:00+00:00, execution_date=20241015T000000, start_date=20241016T021249, end_date=20241016T021249
[2024-10-16T02:12:49.650+0000] {logging_mixin.py:190} INFO - Task instance in success state
[2024-10-16T02:12:49.650+0000] {logging_mixin.py:190} INFO -  Previous state of the Task instance: running
[2024-10-16T02:12:49.651+0000] {logging_mixin.py:190} INFO - Dag name:child queued_at:2024-10-16 02:12:48.091722+00:00
[2024-10-16T02:12:49.651+0000] {logging_mixin.py:190} INFO - Task hostname:39781b2b00b9 operator:ExternalTaskSensor
[2024-10-16T02:12:49.665+0000] {local_task_job_runner.py:266} INFO - Task exited with return code 0
[2024-10-16T02:12:49.683+0000] {taskinstance.py:3900} INFO - 0 downstream tasks scheduled from follow-on schedule check
[2024-10-16T02:12:49.685+0000] {local_task_job_runner.py:245} INFO - ::endgroup::
