[2024-10-16T01:49:33.959+0000] {processor.py:186} INFO - Started process (PID=84) to work on /home/airflow/.local/lib/python3.12/site-packages/airflow/example_dags/example_sensors.py
[2024-10-16T01:49:33.960+0000] {processor.py:914} INFO - Processing file /home/airflow/.local/lib/python3.12/site-packages/airflow/example_dags/example_sensors.py for tasks to queue
[2024-10-16T01:49:33.962+0000] {logging_mixin.py:190} INFO - [2024-10-16T01:49:33.962+0000] {dagbag.py:588} INFO - Filling up the DagBag from /home/airflow/.local/lib/python3.12/site-packages/airflow/example_dags/example_sensors.py
[2024-10-16T01:49:33.974+0000] {processor.py:925} INFO - DAG(s) 'example_sensors' retrieved from /home/airflow/.local/lib/python3.12/site-packages/airflow/example_dags/example_sensors.py
[2024-10-16T01:49:34.089+0000] {logging_mixin.py:190} INFO - [2024-10-16T01:49:34.089+0000] {override.py:1900} INFO - Created Permission View: can edit on DAG:example_sensors
[2024-10-16T01:49:34.101+0000] {logging_mixin.py:190} INFO - [2024-10-16T01:49:34.100+0000] {override.py:1900} INFO - Created Permission View: can delete on DAG:example_sensors
[2024-10-16T01:49:34.109+0000] {logging_mixin.py:190} INFO - [2024-10-16T01:49:34.109+0000] {override.py:1900} INFO - Created Permission View: can read on DAG:example_sensors
[2024-10-16T01:49:34.120+0000] {logging_mixin.py:190} INFO - [2024-10-16T01:49:34.120+0000] {override.py:1900} INFO - Created Permission View: can create on DAG Run:example_sensors
[2024-10-16T01:49:34.129+0000] {logging_mixin.py:190} INFO - [2024-10-16T01:49:34.129+0000] {override.py:1900} INFO - Created Permission View: can delete on DAG Run:example_sensors
[2024-10-16T01:49:34.139+0000] {logging_mixin.py:190} INFO - [2024-10-16T01:49:34.138+0000] {override.py:1900} INFO - Created Permission View: can read on DAG Run:example_sensors
[2024-10-16T01:49:34.150+0000] {logging_mixin.py:190} INFO - [2024-10-16T01:49:34.149+0000] {override.py:1900} INFO - Created Permission View: menu access on DAG Run:example_sensors
[2024-10-16T01:49:34.151+0000] {logging_mixin.py:190} INFO - [2024-10-16T01:49:34.150+0000] {dag.py:3239} INFO - Sync 1 DAGs
[2024-10-16T01:49:34.167+0000] {logging_mixin.py:190} INFO - [2024-10-16T01:49:34.167+0000] {dag.py:3262} INFO - Creating ORM DAG for example_sensors
[2024-10-16T01:49:34.168+0000] {logging_mixin.py:190} INFO - [2024-10-16T01:49:34.168+0000] {dag.py:4180} INFO - Setting next_dagrun for example_sensors to None, run_after=None
[2024-10-16T01:49:34.195+0000] {processor.py:208} INFO - Processing /home/airflow/.local/lib/python3.12/site-packages/airflow/example_dags/example_sensors.py took 0.242 seconds
[2024-10-16T01:50:04.851+0000] {processor.py:186} INFO - Started process (PID=152) to work on /home/airflow/.local/lib/python3.12/site-packages/airflow/example_dags/example_sensors.py
[2024-10-16T01:50:04.854+0000] {processor.py:914} INFO - Processing file /home/airflow/.local/lib/python3.12/site-packages/airflow/example_dags/example_sensors.py for tasks to queue
[2024-10-16T01:50:04.858+0000] {logging_mixin.py:190} INFO - [2024-10-16T01:50:04.858+0000] {dagbag.py:588} INFO - Filling up the DagBag from /home/airflow/.local/lib/python3.12/site-packages/airflow/example_dags/example_sensors.py
[2024-10-16T01:50:04.881+0000] {processor.py:925} INFO - DAG(s) 'example_sensors' retrieved from /home/airflow/.local/lib/python3.12/site-packages/airflow/example_dags/example_sensors.py
[2024-10-16T01:50:04.936+0000] {logging_mixin.py:190} INFO - [2024-10-16T01:50:04.935+0000] {dag.py:3239} INFO - Sync 1 DAGs
[2024-10-16T01:50:04.964+0000] {logging_mixin.py:190} INFO - [2024-10-16T01:50:04.964+0000] {dag.py:4180} INFO - Setting next_dagrun for example_sensors to None, run_after=None
[2024-10-16T01:50:05.003+0000] {processor.py:208} INFO - Processing /home/airflow/.local/lib/python3.12/site-packages/airflow/example_dags/example_sensors.py took 0.164 seconds
[2024-10-16T01:50:35.196+0000] {processor.py:186} INFO - Started process (PID=214) to work on /home/airflow/.local/lib/python3.12/site-packages/airflow/example_dags/example_sensors.py
[2024-10-16T01:50:35.197+0000] {processor.py:914} INFO - Processing file /home/airflow/.local/lib/python3.12/site-packages/airflow/example_dags/example_sensors.py for tasks to queue
[2024-10-16T01:50:35.200+0000] {logging_mixin.py:190} INFO - [2024-10-16T01:50:35.199+0000] {dagbag.py:588} INFO - Filling up the DagBag from /home/airflow/.local/lib/python3.12/site-packages/airflow/example_dags/example_sensors.py
[2024-10-16T01:50:35.208+0000] {processor.py:925} INFO - DAG(s) 'example_sensors' retrieved from /home/airflow/.local/lib/python3.12/site-packages/airflow/example_dags/example_sensors.py
[2024-10-16T01:50:35.229+0000] {logging_mixin.py:190} INFO - [2024-10-16T01:50:35.229+0000] {dag.py:3239} INFO - Sync 1 DAGs
[2024-10-16T01:50:35.241+0000] {logging_mixin.py:190} INFO - [2024-10-16T01:50:35.240+0000] {dag.py:4180} INFO - Setting next_dagrun for example_sensors to None, run_after=None
[2024-10-16T01:50:35.257+0000] {processor.py:208} INFO - Processing /home/airflow/.local/lib/python3.12/site-packages/airflow/example_dags/example_sensors.py took 0.065 seconds
[2024-10-16T01:51:06.228+0000] {processor.py:186} INFO - Started process (PID=276) to work on /home/airflow/.local/lib/python3.12/site-packages/airflow/example_dags/example_sensors.py
[2024-10-16T01:51:06.229+0000] {processor.py:914} INFO - Processing file /home/airflow/.local/lib/python3.12/site-packages/airflow/example_dags/example_sensors.py for tasks to queue
[2024-10-16T01:51:06.232+0000] {logging_mixin.py:190} INFO - [2024-10-16T01:51:06.231+0000] {dagbag.py:588} INFO - Filling up the DagBag from /home/airflow/.local/lib/python3.12/site-packages/airflow/example_dags/example_sensors.py
[2024-10-16T01:51:06.241+0000] {processor.py:925} INFO - DAG(s) 'example_sensors' retrieved from /home/airflow/.local/lib/python3.12/site-packages/airflow/example_dags/example_sensors.py
[2024-10-16T01:51:06.265+0000] {logging_mixin.py:190} INFO - [2024-10-16T01:51:06.265+0000] {dag.py:3239} INFO - Sync 1 DAGs
[2024-10-16T01:51:06.277+0000] {logging_mixin.py:190} INFO - [2024-10-16T01:51:06.277+0000] {dag.py:4180} INFO - Setting next_dagrun for example_sensors to None, run_after=None
[2024-10-16T01:51:06.296+0000] {processor.py:208} INFO - Processing /home/airflow/.local/lib/python3.12/site-packages/airflow/example_dags/example_sensors.py took 0.072 seconds
[2024-10-16T01:51:38.530+0000] {processor.py:186} INFO - Started process (PID=338) to work on /home/airflow/.local/lib/python3.12/site-packages/airflow/example_dags/example_sensors.py
[2024-10-16T01:51:38.532+0000] {processor.py:914} INFO - Processing file /home/airflow/.local/lib/python3.12/site-packages/airflow/example_dags/example_sensors.py for tasks to queue
[2024-10-16T01:51:38.536+0000] {logging_mixin.py:190} INFO - [2024-10-16T01:51:38.535+0000] {dagbag.py:588} INFO - Filling up the DagBag from /home/airflow/.local/lib/python3.12/site-packages/airflow/example_dags/example_sensors.py
[2024-10-16T01:51:38.554+0000] {processor.py:925} INFO - DAG(s) 'example_sensors' retrieved from /home/airflow/.local/lib/python3.12/site-packages/airflow/example_dags/example_sensors.py
[2024-10-16T01:51:38.603+0000] {logging_mixin.py:190} INFO - [2024-10-16T01:51:38.602+0000] {dag.py:3239} INFO - Sync 1 DAGs
[2024-10-16T01:51:38.631+0000] {logging_mixin.py:190} INFO - [2024-10-16T01:51:38.631+0000] {dag.py:4180} INFO - Setting next_dagrun for example_sensors to None, run_after=None
[2024-10-16T01:51:38.693+0000] {processor.py:208} INFO - Processing /home/airflow/.local/lib/python3.12/site-packages/airflow/example_dags/example_sensors.py took 0.174 seconds
[2024-10-16T01:52:08.804+0000] {processor.py:186} INFO - Started process (PID=400) to work on /home/airflow/.local/lib/python3.12/site-packages/airflow/example_dags/example_sensors.py
[2024-10-16T01:52:08.805+0000] {processor.py:914} INFO - Processing file /home/airflow/.local/lib/python3.12/site-packages/airflow/example_dags/example_sensors.py for tasks to queue
[2024-10-16T01:52:08.807+0000] {logging_mixin.py:190} INFO - [2024-10-16T01:52:08.807+0000] {dagbag.py:588} INFO - Filling up the DagBag from /home/airflow/.local/lib/python3.12/site-packages/airflow/example_dags/example_sensors.py
[2024-10-16T01:52:08.815+0000] {processor.py:925} INFO - DAG(s) 'example_sensors' retrieved from /home/airflow/.local/lib/python3.12/site-packages/airflow/example_dags/example_sensors.py
[2024-10-16T01:52:08.835+0000] {logging_mixin.py:190} INFO - [2024-10-16T01:52:08.835+0000] {dag.py:3239} INFO - Sync 1 DAGs
[2024-10-16T01:52:08.846+0000] {logging_mixin.py:190} INFO - [2024-10-16T01:52:08.846+0000] {dag.py:4180} INFO - Setting next_dagrun for example_sensors to None, run_after=None
[2024-10-16T01:52:08.861+0000] {processor.py:208} INFO - Processing /home/airflow/.local/lib/python3.12/site-packages/airflow/example_dags/example_sensors.py took 0.061 seconds
[2024-10-16T01:52:39.828+0000] {processor.py:186} INFO - Started process (PID=462) to work on /home/airflow/.local/lib/python3.12/site-packages/airflow/example_dags/example_sensors.py
[2024-10-16T01:52:39.828+0000] {processor.py:914} INFO - Processing file /home/airflow/.local/lib/python3.12/site-packages/airflow/example_dags/example_sensors.py for tasks to queue
[2024-10-16T01:52:39.830+0000] {logging_mixin.py:190} INFO - [2024-10-16T01:52:39.830+0000] {dagbag.py:588} INFO - Filling up the DagBag from /home/airflow/.local/lib/python3.12/site-packages/airflow/example_dags/example_sensors.py
[2024-10-16T01:52:39.838+0000] {processor.py:925} INFO - DAG(s) 'example_sensors' retrieved from /home/airflow/.local/lib/python3.12/site-packages/airflow/example_dags/example_sensors.py
[2024-10-16T01:52:39.856+0000] {logging_mixin.py:190} INFO - [2024-10-16T01:52:39.856+0000] {dag.py:3239} INFO - Sync 1 DAGs
[2024-10-16T01:52:39.866+0000] {logging_mixin.py:190} INFO - [2024-10-16T01:52:39.866+0000] {dag.py:4180} INFO - Setting next_dagrun for example_sensors to None, run_after=None
[2024-10-16T01:52:39.881+0000] {processor.py:208} INFO - Processing /home/airflow/.local/lib/python3.12/site-packages/airflow/example_dags/example_sensors.py took 0.058 seconds
[2024-10-16T01:53:10.008+0000] {processor.py:186} INFO - Started process (PID=523) to work on /home/airflow/.local/lib/python3.12/site-packages/airflow/example_dags/example_sensors.py
[2024-10-16T01:53:10.009+0000] {processor.py:914} INFO - Processing file /home/airflow/.local/lib/python3.12/site-packages/airflow/example_dags/example_sensors.py for tasks to queue
[2024-10-16T01:53:10.011+0000] {logging_mixin.py:190} INFO - [2024-10-16T01:53:10.011+0000] {dagbag.py:588} INFO - Filling up the DagBag from /home/airflow/.local/lib/python3.12/site-packages/airflow/example_dags/example_sensors.py
[2024-10-16T01:53:10.020+0000] {processor.py:925} INFO - DAG(s) 'example_sensors' retrieved from /home/airflow/.local/lib/python3.12/site-packages/airflow/example_dags/example_sensors.py
[2024-10-16T01:53:10.040+0000] {logging_mixin.py:190} INFO - [2024-10-16T01:53:10.040+0000] {dag.py:3239} INFO - Sync 1 DAGs
[2024-10-16T01:53:10.054+0000] {logging_mixin.py:190} INFO - [2024-10-16T01:53:10.054+0000] {dag.py:4180} INFO - Setting next_dagrun for example_sensors to None, run_after=None
[2024-10-16T01:53:10.071+0000] {processor.py:208} INFO - Processing /home/airflow/.local/lib/python3.12/site-packages/airflow/example_dags/example_sensors.py took 0.068 seconds
[2024-10-16T01:53:40.185+0000] {processor.py:186} INFO - Started process (PID=585) to work on /home/airflow/.local/lib/python3.12/site-packages/airflow/example_dags/example_sensors.py
[2024-10-16T01:53:40.186+0000] {processor.py:914} INFO - Processing file /home/airflow/.local/lib/python3.12/site-packages/airflow/example_dags/example_sensors.py for tasks to queue
[2024-10-16T01:53:40.188+0000] {logging_mixin.py:190} INFO - [2024-10-16T01:53:40.188+0000] {dagbag.py:588} INFO - Filling up the DagBag from /home/airflow/.local/lib/python3.12/site-packages/airflow/example_dags/example_sensors.py
[2024-10-16T01:53:40.199+0000] {processor.py:925} INFO - DAG(s) 'example_sensors' retrieved from /home/airflow/.local/lib/python3.12/site-packages/airflow/example_dags/example_sensors.py
[2024-10-16T01:53:40.219+0000] {logging_mixin.py:190} INFO - [2024-10-16T01:53:40.219+0000] {dag.py:3239} INFO - Sync 1 DAGs
[2024-10-16T01:53:40.231+0000] {logging_mixin.py:190} INFO - [2024-10-16T01:53:40.230+0000] {dag.py:4180} INFO - Setting next_dagrun for example_sensors to None, run_after=None
[2024-10-16T01:53:40.248+0000] {processor.py:208} INFO - Processing /home/airflow/.local/lib/python3.12/site-packages/airflow/example_dags/example_sensors.py took 0.068 seconds
[2024-10-16T01:54:11.233+0000] {processor.py:186} INFO - Started process (PID=647) to work on /home/airflow/.local/lib/python3.12/site-packages/airflow/example_dags/example_sensors.py
[2024-10-16T01:54:11.234+0000] {processor.py:914} INFO - Processing file /home/airflow/.local/lib/python3.12/site-packages/airflow/example_dags/example_sensors.py for tasks to queue
[2024-10-16T01:54:11.235+0000] {logging_mixin.py:190} INFO - [2024-10-16T01:54:11.235+0000] {dagbag.py:588} INFO - Filling up the DagBag from /home/airflow/.local/lib/python3.12/site-packages/airflow/example_dags/example_sensors.py
[2024-10-16T01:54:11.243+0000] {processor.py:925} INFO - DAG(s) 'example_sensors' retrieved from /home/airflow/.local/lib/python3.12/site-packages/airflow/example_dags/example_sensors.py
[2024-10-16T01:54:11.262+0000] {logging_mixin.py:190} INFO - [2024-10-16T01:54:11.262+0000] {dag.py:3239} INFO - Sync 1 DAGs
[2024-10-16T01:54:11.273+0000] {logging_mixin.py:190} INFO - [2024-10-16T01:54:11.273+0000] {dag.py:4180} INFO - Setting next_dagrun for example_sensors to None, run_after=None
[2024-10-16T01:54:11.290+0000] {processor.py:208} INFO - Processing /home/airflow/.local/lib/python3.12/site-packages/airflow/example_dags/example_sensors.py took 0.062 seconds
[2024-10-16T01:54:41.499+0000] {processor.py:186} INFO - Started process (PID=709) to work on /home/airflow/.local/lib/python3.12/site-packages/airflow/example_dags/example_sensors.py
[2024-10-16T01:54:41.500+0000] {processor.py:914} INFO - Processing file /home/airflow/.local/lib/python3.12/site-packages/airflow/example_dags/example_sensors.py for tasks to queue
[2024-10-16T01:54:41.501+0000] {logging_mixin.py:190} INFO - [2024-10-16T01:54:41.501+0000] {dagbag.py:588} INFO - Filling up the DagBag from /home/airflow/.local/lib/python3.12/site-packages/airflow/example_dags/example_sensors.py
[2024-10-16T01:54:41.508+0000] {processor.py:925} INFO - DAG(s) 'example_sensors' retrieved from /home/airflow/.local/lib/python3.12/site-packages/airflow/example_dags/example_sensors.py
[2024-10-16T01:54:41.528+0000] {logging_mixin.py:190} INFO - [2024-10-16T01:54:41.528+0000] {dag.py:3239} INFO - Sync 1 DAGs
[2024-10-16T01:54:41.538+0000] {logging_mixin.py:190} INFO - [2024-10-16T01:54:41.538+0000] {dag.py:4180} INFO - Setting next_dagrun for example_sensors to None, run_after=None
[2024-10-16T01:54:41.554+0000] {processor.py:208} INFO - Processing /home/airflow/.local/lib/python3.12/site-packages/airflow/example_dags/example_sensors.py took 0.059 seconds
[2024-10-16T01:55:11.685+0000] {processor.py:186} INFO - Started process (PID=771) to work on /home/airflow/.local/lib/python3.12/site-packages/airflow/example_dags/example_sensors.py
[2024-10-16T01:55:11.685+0000] {processor.py:914} INFO - Processing file /home/airflow/.local/lib/python3.12/site-packages/airflow/example_dags/example_sensors.py for tasks to queue
[2024-10-16T01:55:11.687+0000] {logging_mixin.py:190} INFO - [2024-10-16T01:55:11.687+0000] {dagbag.py:588} INFO - Filling up the DagBag from /home/airflow/.local/lib/python3.12/site-packages/airflow/example_dags/example_sensors.py
[2024-10-16T01:55:11.695+0000] {processor.py:925} INFO - DAG(s) 'example_sensors' retrieved from /home/airflow/.local/lib/python3.12/site-packages/airflow/example_dags/example_sensors.py
[2024-10-16T01:55:11.716+0000] {logging_mixin.py:190} INFO - [2024-10-16T01:55:11.715+0000] {dag.py:3239} INFO - Sync 1 DAGs
[2024-10-16T01:55:11.726+0000] {logging_mixin.py:190} INFO - [2024-10-16T01:55:11.726+0000] {dag.py:4180} INFO - Setting next_dagrun for example_sensors to None, run_after=None
[2024-10-16T01:55:11.744+0000] {processor.py:208} INFO - Processing /home/airflow/.local/lib/python3.12/site-packages/airflow/example_dags/example_sensors.py took 0.064 seconds
[2024-10-16T01:55:41.935+0000] {processor.py:186} INFO - Started process (PID=833) to work on /home/airflow/.local/lib/python3.12/site-packages/airflow/example_dags/example_sensors.py
[2024-10-16T01:55:41.936+0000] {processor.py:914} INFO - Processing file /home/airflow/.local/lib/python3.12/site-packages/airflow/example_dags/example_sensors.py for tasks to queue
[2024-10-16T01:55:41.938+0000] {logging_mixin.py:190} INFO - [2024-10-16T01:55:41.937+0000] {dagbag.py:588} INFO - Filling up the DagBag from /home/airflow/.local/lib/python3.12/site-packages/airflow/example_dags/example_sensors.py
[2024-10-16T01:55:41.948+0000] {processor.py:925} INFO - DAG(s) 'example_sensors' retrieved from /home/airflow/.local/lib/python3.12/site-packages/airflow/example_dags/example_sensors.py
[2024-10-16T01:55:41.969+0000] {logging_mixin.py:190} INFO - [2024-10-16T01:55:41.969+0000] {dag.py:3239} INFO - Sync 1 DAGs
[2024-10-16T01:55:41.984+0000] {logging_mixin.py:190} INFO - [2024-10-16T01:55:41.984+0000] {dag.py:4180} INFO - Setting next_dagrun for example_sensors to None, run_after=None
[2024-10-16T01:55:42.002+0000] {processor.py:208} INFO - Processing /home/airflow/.local/lib/python3.12/site-packages/airflow/example_dags/example_sensors.py took 0.072 seconds
[2024-10-16T01:56:12.089+0000] {processor.py:186} INFO - Started process (PID=895) to work on /home/airflow/.local/lib/python3.12/site-packages/airflow/example_dags/example_sensors.py
[2024-10-16T01:56:12.090+0000] {processor.py:914} INFO - Processing file /home/airflow/.local/lib/python3.12/site-packages/airflow/example_dags/example_sensors.py for tasks to queue
[2024-10-16T01:56:12.092+0000] {logging_mixin.py:190} INFO - [2024-10-16T01:56:12.092+0000] {dagbag.py:588} INFO - Filling up the DagBag from /home/airflow/.local/lib/python3.12/site-packages/airflow/example_dags/example_sensors.py
[2024-10-16T01:56:12.100+0000] {processor.py:925} INFO - DAG(s) 'example_sensors' retrieved from /home/airflow/.local/lib/python3.12/site-packages/airflow/example_dags/example_sensors.py
[2024-10-16T01:56:12.120+0000] {logging_mixin.py:190} INFO - [2024-10-16T01:56:12.120+0000] {dag.py:3239} INFO - Sync 1 DAGs
[2024-10-16T01:56:12.131+0000] {logging_mixin.py:190} INFO - [2024-10-16T01:56:12.131+0000] {dag.py:4180} INFO - Setting next_dagrun for example_sensors to None, run_after=None
[2024-10-16T01:56:12.149+0000] {processor.py:208} INFO - Processing /home/airflow/.local/lib/python3.12/site-packages/airflow/example_dags/example_sensors.py took 0.064 seconds
[2024-10-16T01:56:42.908+0000] {processor.py:186} INFO - Started process (PID=957) to work on /home/airflow/.local/lib/python3.12/site-packages/airflow/example_dags/example_sensors.py
[2024-10-16T01:56:42.909+0000] {processor.py:914} INFO - Processing file /home/airflow/.local/lib/python3.12/site-packages/airflow/example_dags/example_sensors.py for tasks to queue
[2024-10-16T01:56:42.911+0000] {logging_mixin.py:190} INFO - [2024-10-16T01:56:42.911+0000] {dagbag.py:588} INFO - Filling up the DagBag from /home/airflow/.local/lib/python3.12/site-packages/airflow/example_dags/example_sensors.py
[2024-10-16T01:56:42.920+0000] {processor.py:925} INFO - DAG(s) 'example_sensors' retrieved from /home/airflow/.local/lib/python3.12/site-packages/airflow/example_dags/example_sensors.py
[2024-10-16T01:56:42.944+0000] {logging_mixin.py:190} INFO - [2024-10-16T01:56:42.944+0000] {dag.py:3239} INFO - Sync 1 DAGs
[2024-10-16T01:56:42.957+0000] {logging_mixin.py:190} INFO - [2024-10-16T01:56:42.957+0000] {dag.py:4180} INFO - Setting next_dagrun for example_sensors to None, run_after=None
[2024-10-16T01:56:42.977+0000] {processor.py:208} INFO - Processing /home/airflow/.local/lib/python3.12/site-packages/airflow/example_dags/example_sensors.py took 0.073 seconds
[2024-10-16T01:57:13.412+0000] {processor.py:186} INFO - Started process (PID=1019) to work on /home/airflow/.local/lib/python3.12/site-packages/airflow/example_dags/example_sensors.py
[2024-10-16T01:57:13.413+0000] {processor.py:914} INFO - Processing file /home/airflow/.local/lib/python3.12/site-packages/airflow/example_dags/example_sensors.py for tasks to queue
[2024-10-16T01:57:13.415+0000] {logging_mixin.py:190} INFO - [2024-10-16T01:57:13.415+0000] {dagbag.py:588} INFO - Filling up the DagBag from /home/airflow/.local/lib/python3.12/site-packages/airflow/example_dags/example_sensors.py
[2024-10-16T01:57:13.423+0000] {processor.py:925} INFO - DAG(s) 'example_sensors' retrieved from /home/airflow/.local/lib/python3.12/site-packages/airflow/example_dags/example_sensors.py
[2024-10-16T01:57:13.444+0000] {logging_mixin.py:190} INFO - [2024-10-16T01:57:13.443+0000] {dag.py:3239} INFO - Sync 1 DAGs
[2024-10-16T01:57:13.456+0000] {logging_mixin.py:190} INFO - [2024-10-16T01:57:13.456+0000] {dag.py:4180} INFO - Setting next_dagrun for example_sensors to None, run_after=None
[2024-10-16T01:57:13.473+0000] {processor.py:208} INFO - Processing /home/airflow/.local/lib/python3.12/site-packages/airflow/example_dags/example_sensors.py took 0.066 seconds
[2024-10-16T01:57:43.603+0000] {processor.py:186} INFO - Started process (PID=1082) to work on /home/airflow/.local/lib/python3.12/site-packages/airflow/example_dags/example_sensors.py
[2024-10-16T01:57:43.604+0000] {processor.py:914} INFO - Processing file /home/airflow/.local/lib/python3.12/site-packages/airflow/example_dags/example_sensors.py for tasks to queue
[2024-10-16T01:57:43.606+0000] {logging_mixin.py:190} INFO - [2024-10-16T01:57:43.606+0000] {dagbag.py:588} INFO - Filling up the DagBag from /home/airflow/.local/lib/python3.12/site-packages/airflow/example_dags/example_sensors.py
[2024-10-16T01:57:43.614+0000] {processor.py:925} INFO - DAG(s) 'example_sensors' retrieved from /home/airflow/.local/lib/python3.12/site-packages/airflow/example_dags/example_sensors.py
[2024-10-16T01:57:43.642+0000] {logging_mixin.py:190} INFO - [2024-10-16T01:57:43.642+0000] {dag.py:3239} INFO - Sync 1 DAGs
[2024-10-16T01:57:43.654+0000] {logging_mixin.py:190} INFO - [2024-10-16T01:57:43.653+0000] {dag.py:4180} INFO - Setting next_dagrun for example_sensors to None, run_after=None
[2024-10-16T01:57:43.670+0000] {processor.py:208} INFO - Processing /home/airflow/.local/lib/python3.12/site-packages/airflow/example_dags/example_sensors.py took 0.071 seconds
[2024-10-16T01:58:14.809+0000] {processor.py:186} INFO - Started process (PID=1144) to work on /home/airflow/.local/lib/python3.12/site-packages/airflow/example_dags/example_sensors.py
[2024-10-16T01:58:14.810+0000] {processor.py:914} INFO - Processing file /home/airflow/.local/lib/python3.12/site-packages/airflow/example_dags/example_sensors.py for tasks to queue
[2024-10-16T01:58:14.812+0000] {logging_mixin.py:190} INFO - [2024-10-16T01:58:14.811+0000] {dagbag.py:588} INFO - Filling up the DagBag from /home/airflow/.local/lib/python3.12/site-packages/airflow/example_dags/example_sensors.py
[2024-10-16T01:58:14.824+0000] {processor.py:925} INFO - DAG(s) 'example_sensors' retrieved from /home/airflow/.local/lib/python3.12/site-packages/airflow/example_dags/example_sensors.py
[2024-10-16T01:58:14.861+0000] {logging_mixin.py:190} INFO - [2024-10-16T01:58:14.861+0000] {dag.py:3239} INFO - Sync 1 DAGs
[2024-10-16T01:58:14.879+0000] {logging_mixin.py:190} INFO - [2024-10-16T01:58:14.879+0000] {dag.py:4180} INFO - Setting next_dagrun for example_sensors to None, run_after=None
[2024-10-16T01:58:14.900+0000] {processor.py:208} INFO - Processing /home/airflow/.local/lib/python3.12/site-packages/airflow/example_dags/example_sensors.py took 0.097 seconds
[2024-10-16T01:58:45.827+0000] {processor.py:186} INFO - Started process (PID=1206) to work on /home/airflow/.local/lib/python3.12/site-packages/airflow/example_dags/example_sensors.py
[2024-10-16T01:58:45.827+0000] {processor.py:914} INFO - Processing file /home/airflow/.local/lib/python3.12/site-packages/airflow/example_dags/example_sensors.py for tasks to queue
[2024-10-16T01:58:45.829+0000] {logging_mixin.py:190} INFO - [2024-10-16T01:58:45.829+0000] {dagbag.py:588} INFO - Filling up the DagBag from /home/airflow/.local/lib/python3.12/site-packages/airflow/example_dags/example_sensors.py
[2024-10-16T01:58:45.837+0000] {processor.py:925} INFO - DAG(s) 'example_sensors' retrieved from /home/airflow/.local/lib/python3.12/site-packages/airflow/example_dags/example_sensors.py
[2024-10-16T01:58:45.858+0000] {logging_mixin.py:190} INFO - [2024-10-16T01:58:45.857+0000] {dag.py:3239} INFO - Sync 1 DAGs
[2024-10-16T01:58:45.870+0000] {logging_mixin.py:190} INFO - [2024-10-16T01:58:45.869+0000] {dag.py:4180} INFO - Setting next_dagrun for example_sensors to None, run_after=None
[2024-10-16T01:58:45.888+0000] {processor.py:208} INFO - Processing /home/airflow/.local/lib/python3.12/site-packages/airflow/example_dags/example_sensors.py took 0.067 seconds
[2024-10-16T01:59:16.775+0000] {processor.py:186} INFO - Started process (PID=1268) to work on /home/airflow/.local/lib/python3.12/site-packages/airflow/example_dags/example_sensors.py
[2024-10-16T01:59:16.776+0000] {processor.py:914} INFO - Processing file /home/airflow/.local/lib/python3.12/site-packages/airflow/example_dags/example_sensors.py for tasks to queue
[2024-10-16T01:59:16.778+0000] {logging_mixin.py:190} INFO - [2024-10-16T01:59:16.778+0000] {dagbag.py:588} INFO - Filling up the DagBag from /home/airflow/.local/lib/python3.12/site-packages/airflow/example_dags/example_sensors.py
[2024-10-16T01:59:16.785+0000] {processor.py:925} INFO - DAG(s) 'example_sensors' retrieved from /home/airflow/.local/lib/python3.12/site-packages/airflow/example_dags/example_sensors.py
[2024-10-16T01:59:16.804+0000] {logging_mixin.py:190} INFO - [2024-10-16T01:59:16.804+0000] {dag.py:3239} INFO - Sync 1 DAGs
[2024-10-16T01:59:16.814+0000] {logging_mixin.py:190} INFO - [2024-10-16T01:59:16.814+0000] {dag.py:4180} INFO - Setting next_dagrun for example_sensors to None, run_after=None
[2024-10-16T01:59:16.830+0000] {processor.py:208} INFO - Processing /home/airflow/.local/lib/python3.12/site-packages/airflow/example_dags/example_sensors.py took 0.059 seconds
[2024-10-16T01:59:46.913+0000] {processor.py:186} INFO - Started process (PID=1330) to work on /home/airflow/.local/lib/python3.12/site-packages/airflow/example_dags/example_sensors.py
[2024-10-16T01:59:46.914+0000] {processor.py:914} INFO - Processing file /home/airflow/.local/lib/python3.12/site-packages/airflow/example_dags/example_sensors.py for tasks to queue
[2024-10-16T01:59:46.917+0000] {logging_mixin.py:190} INFO - [2024-10-16T01:59:46.917+0000] {dagbag.py:588} INFO - Filling up the DagBag from /home/airflow/.local/lib/python3.12/site-packages/airflow/example_dags/example_sensors.py
[2024-10-16T01:59:46.928+0000] {processor.py:925} INFO - DAG(s) 'example_sensors' retrieved from /home/airflow/.local/lib/python3.12/site-packages/airflow/example_dags/example_sensors.py
[2024-10-16T01:59:46.956+0000] {logging_mixin.py:190} INFO - [2024-10-16T01:59:46.956+0000] {dag.py:3239} INFO - Sync 1 DAGs
[2024-10-16T01:59:46.976+0000] {logging_mixin.py:190} INFO - [2024-10-16T01:59:46.976+0000] {dag.py:4180} INFO - Setting next_dagrun for example_sensors to None, run_after=None
[2024-10-16T01:59:47.002+0000] {processor.py:208} INFO - Processing /home/airflow/.local/lib/python3.12/site-packages/airflow/example_dags/example_sensors.py took 0.094 seconds
[2024-10-16T02:00:17.467+0000] {processor.py:186} INFO - Started process (PID=1392) to work on /home/airflow/.local/lib/python3.12/site-packages/airflow/example_dags/example_sensors.py
[2024-10-16T02:00:17.469+0000] {processor.py:914} INFO - Processing file /home/airflow/.local/lib/python3.12/site-packages/airflow/example_dags/example_sensors.py for tasks to queue
[2024-10-16T02:00:17.473+0000] {logging_mixin.py:190} INFO - [2024-10-16T02:00:17.472+0000] {dagbag.py:588} INFO - Filling up the DagBag from /home/airflow/.local/lib/python3.12/site-packages/airflow/example_dags/example_sensors.py
[2024-10-16T02:00:17.490+0000] {processor.py:925} INFO - DAG(s) 'example_sensors' retrieved from /home/airflow/.local/lib/python3.12/site-packages/airflow/example_dags/example_sensors.py
[2024-10-16T02:00:17.540+0000] {logging_mixin.py:190} INFO - [2024-10-16T02:00:17.540+0000] {dag.py:3239} INFO - Sync 1 DAGs
[2024-10-16T02:00:17.563+0000] {logging_mixin.py:190} INFO - [2024-10-16T02:00:17.563+0000] {dag.py:4180} INFO - Setting next_dagrun for example_sensors to None, run_after=None
[2024-10-16T02:00:17.595+0000] {processor.py:208} INFO - Processing /home/airflow/.local/lib/python3.12/site-packages/airflow/example_dags/example_sensors.py took 0.137 seconds
[2024-10-16T02:00:47.883+0000] {processor.py:186} INFO - Started process (PID=1454) to work on /home/airflow/.local/lib/python3.12/site-packages/airflow/example_dags/example_sensors.py
[2024-10-16T02:00:47.883+0000] {processor.py:914} INFO - Processing file /home/airflow/.local/lib/python3.12/site-packages/airflow/example_dags/example_sensors.py for tasks to queue
[2024-10-16T02:00:47.885+0000] {logging_mixin.py:190} INFO - [2024-10-16T02:00:47.885+0000] {dagbag.py:588} INFO - Filling up the DagBag from /home/airflow/.local/lib/python3.12/site-packages/airflow/example_dags/example_sensors.py
[2024-10-16T02:00:47.894+0000] {processor.py:925} INFO - DAG(s) 'example_sensors' retrieved from /home/airflow/.local/lib/python3.12/site-packages/airflow/example_dags/example_sensors.py
[2024-10-16T02:00:47.918+0000] {logging_mixin.py:190} INFO - [2024-10-16T02:00:47.917+0000] {dag.py:3239} INFO - Sync 1 DAGs
[2024-10-16T02:00:47.933+0000] {logging_mixin.py:190} INFO - [2024-10-16T02:00:47.933+0000] {dag.py:4180} INFO - Setting next_dagrun for example_sensors to None, run_after=None
[2024-10-16T02:00:47.952+0000] {processor.py:208} INFO - Processing /home/airflow/.local/lib/python3.12/site-packages/airflow/example_dags/example_sensors.py took 0.074 seconds
[2024-10-16T02:01:18.334+0000] {processor.py:186} INFO - Started process (PID=1516) to work on /home/airflow/.local/lib/python3.12/site-packages/airflow/example_dags/example_sensors.py
[2024-10-16T02:01:18.335+0000] {processor.py:914} INFO - Processing file /home/airflow/.local/lib/python3.12/site-packages/airflow/example_dags/example_sensors.py for tasks to queue
[2024-10-16T02:01:18.337+0000] {logging_mixin.py:190} INFO - [2024-10-16T02:01:18.336+0000] {dagbag.py:588} INFO - Filling up the DagBag from /home/airflow/.local/lib/python3.12/site-packages/airflow/example_dags/example_sensors.py
[2024-10-16T02:01:18.346+0000] {processor.py:925} INFO - DAG(s) 'example_sensors' retrieved from /home/airflow/.local/lib/python3.12/site-packages/airflow/example_dags/example_sensors.py
[2024-10-16T02:01:18.370+0000] {logging_mixin.py:190} INFO - [2024-10-16T02:01:18.370+0000] {dag.py:3239} INFO - Sync 1 DAGs
[2024-10-16T02:01:18.382+0000] {logging_mixin.py:190} INFO - [2024-10-16T02:01:18.381+0000] {dag.py:4180} INFO - Setting next_dagrun for example_sensors to None, run_after=None
[2024-10-16T02:01:18.398+0000] {processor.py:208} INFO - Processing /home/airflow/.local/lib/python3.12/site-packages/airflow/example_dags/example_sensors.py took 0.068 seconds
[2024-10-16T02:01:48.737+0000] {processor.py:186} INFO - Started process (PID=1578) to work on /home/airflow/.local/lib/python3.12/site-packages/airflow/example_dags/example_sensors.py
[2024-10-16T02:01:48.738+0000] {processor.py:914} INFO - Processing file /home/airflow/.local/lib/python3.12/site-packages/airflow/example_dags/example_sensors.py for tasks to queue
[2024-10-16T02:01:48.740+0000] {logging_mixin.py:190} INFO - [2024-10-16T02:01:48.740+0000] {dagbag.py:588} INFO - Filling up the DagBag from /home/airflow/.local/lib/python3.12/site-packages/airflow/example_dags/example_sensors.py
[2024-10-16T02:01:48.748+0000] {processor.py:925} INFO - DAG(s) 'example_sensors' retrieved from /home/airflow/.local/lib/python3.12/site-packages/airflow/example_dags/example_sensors.py
[2024-10-16T02:01:48.770+0000] {logging_mixin.py:190} INFO - [2024-10-16T02:01:48.770+0000] {dag.py:3239} INFO - Sync 1 DAGs
[2024-10-16T02:01:48.781+0000] {logging_mixin.py:190} INFO - [2024-10-16T02:01:48.781+0000] {dag.py:4180} INFO - Setting next_dagrun for example_sensors to None, run_after=None
[2024-10-16T02:01:48.796+0000] {processor.py:208} INFO - Processing /home/airflow/.local/lib/python3.12/site-packages/airflow/example_dags/example_sensors.py took 0.064 seconds
[2024-10-16T02:02:18.915+0000] {processor.py:186} INFO - Started process (PID=1640) to work on /home/airflow/.local/lib/python3.12/site-packages/airflow/example_dags/example_sensors.py
[2024-10-16T02:02:18.916+0000] {processor.py:914} INFO - Processing file /home/airflow/.local/lib/python3.12/site-packages/airflow/example_dags/example_sensors.py for tasks to queue
[2024-10-16T02:02:18.917+0000] {logging_mixin.py:190} INFO - [2024-10-16T02:02:18.917+0000] {dagbag.py:588} INFO - Filling up the DagBag from /home/airflow/.local/lib/python3.12/site-packages/airflow/example_dags/example_sensors.py
[2024-10-16T02:02:18.925+0000] {processor.py:925} INFO - DAG(s) 'example_sensors' retrieved from /home/airflow/.local/lib/python3.12/site-packages/airflow/example_dags/example_sensors.py
[2024-10-16T02:02:18.947+0000] {logging_mixin.py:190} INFO - [2024-10-16T02:02:18.947+0000] {dag.py:3239} INFO - Sync 1 DAGs
[2024-10-16T02:02:18.959+0000] {logging_mixin.py:190} INFO - [2024-10-16T02:02:18.958+0000] {dag.py:4180} INFO - Setting next_dagrun for example_sensors to None, run_after=None
[2024-10-16T02:02:18.975+0000] {processor.py:208} INFO - Processing /home/airflow/.local/lib/python3.12/site-packages/airflow/example_dags/example_sensors.py took 0.064 seconds
[2024-10-16T02:02:49.636+0000] {processor.py:186} INFO - Started process (PID=1702) to work on /home/airflow/.local/lib/python3.12/site-packages/airflow/example_dags/example_sensors.py
[2024-10-16T02:02:49.638+0000] {processor.py:914} INFO - Processing file /home/airflow/.local/lib/python3.12/site-packages/airflow/example_dags/example_sensors.py for tasks to queue
[2024-10-16T02:02:49.641+0000] {logging_mixin.py:190} INFO - [2024-10-16T02:02:49.640+0000] {dagbag.py:588} INFO - Filling up the DagBag from /home/airflow/.local/lib/python3.12/site-packages/airflow/example_dags/example_sensors.py
[2024-10-16T02:02:49.654+0000] {processor.py:925} INFO - DAG(s) 'example_sensors' retrieved from /home/airflow/.local/lib/python3.12/site-packages/airflow/example_dags/example_sensors.py
[2024-10-16T02:02:49.687+0000] {logging_mixin.py:190} INFO - [2024-10-16T02:02:49.687+0000] {dag.py:3239} INFO - Sync 1 DAGs
[2024-10-16T02:02:49.705+0000] {logging_mixin.py:190} INFO - [2024-10-16T02:02:49.705+0000] {dag.py:4180} INFO - Setting next_dagrun for example_sensors to None, run_after=None
[2024-10-16T02:02:49.729+0000] {processor.py:208} INFO - Processing /home/airflow/.local/lib/python3.12/site-packages/airflow/example_dags/example_sensors.py took 0.100 seconds
[2024-10-16T02:03:20.454+0000] {processor.py:186} INFO - Started process (PID=1764) to work on /home/airflow/.local/lib/python3.12/site-packages/airflow/example_dags/example_sensors.py
[2024-10-16T02:03:20.455+0000] {processor.py:914} INFO - Processing file /home/airflow/.local/lib/python3.12/site-packages/airflow/example_dags/example_sensors.py for tasks to queue
[2024-10-16T02:03:20.457+0000] {logging_mixin.py:190} INFO - [2024-10-16T02:03:20.457+0000] {dagbag.py:588} INFO - Filling up the DagBag from /home/airflow/.local/lib/python3.12/site-packages/airflow/example_dags/example_sensors.py
[2024-10-16T02:03:20.468+0000] {processor.py:925} INFO - DAG(s) 'example_sensors' retrieved from /home/airflow/.local/lib/python3.12/site-packages/airflow/example_dags/example_sensors.py
[2024-10-16T02:03:20.494+0000] {logging_mixin.py:190} INFO - [2024-10-16T02:03:20.494+0000] {dag.py:3239} INFO - Sync 1 DAGs
[2024-10-16T02:03:20.510+0000] {logging_mixin.py:190} INFO - [2024-10-16T02:03:20.510+0000] {dag.py:4180} INFO - Setting next_dagrun for example_sensors to None, run_after=None
[2024-10-16T02:03:20.534+0000] {processor.py:208} INFO - Processing /home/airflow/.local/lib/python3.12/site-packages/airflow/example_dags/example_sensors.py took 0.087 seconds
[2024-10-16T02:03:50.920+0000] {processor.py:186} INFO - Started process (PID=1826) to work on /home/airflow/.local/lib/python3.12/site-packages/airflow/example_dags/example_sensors.py
[2024-10-16T02:03:50.921+0000] {processor.py:914} INFO - Processing file /home/airflow/.local/lib/python3.12/site-packages/airflow/example_dags/example_sensors.py for tasks to queue
[2024-10-16T02:03:50.923+0000] {logging_mixin.py:190} INFO - [2024-10-16T02:03:50.923+0000] {dagbag.py:588} INFO - Filling up the DagBag from /home/airflow/.local/lib/python3.12/site-packages/airflow/example_dags/example_sensors.py
[2024-10-16T02:03:50.932+0000] {processor.py:925} INFO - DAG(s) 'example_sensors' retrieved from /home/airflow/.local/lib/python3.12/site-packages/airflow/example_dags/example_sensors.py
[2024-10-16T02:03:50.954+0000] {logging_mixin.py:190} INFO - [2024-10-16T02:03:50.954+0000] {dag.py:3239} INFO - Sync 1 DAGs
[2024-10-16T02:03:50.965+0000] {logging_mixin.py:190} INFO - [2024-10-16T02:03:50.965+0000] {dag.py:4180} INFO - Setting next_dagrun for example_sensors to None, run_after=None
[2024-10-16T02:03:50.982+0000] {processor.py:208} INFO - Processing /home/airflow/.local/lib/python3.12/site-packages/airflow/example_dags/example_sensors.py took 0.067 seconds
[2024-10-16T02:04:21.539+0000] {processor.py:186} INFO - Started process (PID=1888) to work on /home/airflow/.local/lib/python3.12/site-packages/airflow/example_dags/example_sensors.py
[2024-10-16T02:04:21.539+0000] {processor.py:914} INFO - Processing file /home/airflow/.local/lib/python3.12/site-packages/airflow/example_dags/example_sensors.py for tasks to queue
[2024-10-16T02:04:21.542+0000] {logging_mixin.py:190} INFO - [2024-10-16T02:04:21.542+0000] {dagbag.py:588} INFO - Filling up the DagBag from /home/airflow/.local/lib/python3.12/site-packages/airflow/example_dags/example_sensors.py
[2024-10-16T02:04:21.550+0000] {processor.py:925} INFO - DAG(s) 'example_sensors' retrieved from /home/airflow/.local/lib/python3.12/site-packages/airflow/example_dags/example_sensors.py
[2024-10-16T02:04:21.572+0000] {logging_mixin.py:190} INFO - [2024-10-16T02:04:21.571+0000] {dag.py:3239} INFO - Sync 1 DAGs
[2024-10-16T02:04:21.583+0000] {logging_mixin.py:190} INFO - [2024-10-16T02:04:21.583+0000] {dag.py:4180} INFO - Setting next_dagrun for example_sensors to None, run_after=None
[2024-10-16T02:04:21.602+0000] {processor.py:208} INFO - Processing /home/airflow/.local/lib/python3.12/site-packages/airflow/example_dags/example_sensors.py took 0.068 seconds
[2024-10-16T02:04:51.839+0000] {processor.py:186} INFO - Started process (PID=1950) to work on /home/airflow/.local/lib/python3.12/site-packages/airflow/example_dags/example_sensors.py
[2024-10-16T02:04:51.839+0000] {processor.py:914} INFO - Processing file /home/airflow/.local/lib/python3.12/site-packages/airflow/example_dags/example_sensors.py for tasks to queue
[2024-10-16T02:04:51.842+0000] {logging_mixin.py:190} INFO - [2024-10-16T02:04:51.841+0000] {dagbag.py:588} INFO - Filling up the DagBag from /home/airflow/.local/lib/python3.12/site-packages/airflow/example_dags/example_sensors.py
[2024-10-16T02:04:51.850+0000] {processor.py:925} INFO - DAG(s) 'example_sensors' retrieved from /home/airflow/.local/lib/python3.12/site-packages/airflow/example_dags/example_sensors.py
[2024-10-16T02:04:51.872+0000] {logging_mixin.py:190} INFO - [2024-10-16T02:04:51.871+0000] {dag.py:3239} INFO - Sync 1 DAGs
[2024-10-16T02:04:51.882+0000] {logging_mixin.py:190} INFO - [2024-10-16T02:04:51.882+0000] {dag.py:4180} INFO - Setting next_dagrun for example_sensors to None, run_after=None
[2024-10-16T02:04:51.898+0000] {processor.py:208} INFO - Processing /home/airflow/.local/lib/python3.12/site-packages/airflow/example_dags/example_sensors.py took 0.064 seconds
[2024-10-16T02:05:22.016+0000] {processor.py:186} INFO - Started process (PID=2012) to work on /home/airflow/.local/lib/python3.12/site-packages/airflow/example_dags/example_sensors.py
[2024-10-16T02:05:22.017+0000] {processor.py:914} INFO - Processing file /home/airflow/.local/lib/python3.12/site-packages/airflow/example_dags/example_sensors.py for tasks to queue
[2024-10-16T02:05:22.019+0000] {logging_mixin.py:190} INFO - [2024-10-16T02:05:22.019+0000] {dagbag.py:588} INFO - Filling up the DagBag from /home/airflow/.local/lib/python3.12/site-packages/airflow/example_dags/example_sensors.py
[2024-10-16T02:05:22.029+0000] {processor.py:925} INFO - DAG(s) 'example_sensors' retrieved from /home/airflow/.local/lib/python3.12/site-packages/airflow/example_dags/example_sensors.py
[2024-10-16T02:05:22.053+0000] {logging_mixin.py:190} INFO - [2024-10-16T02:05:22.052+0000] {dag.py:3239} INFO - Sync 1 DAGs
[2024-10-16T02:05:22.072+0000] {logging_mixin.py:190} INFO - [2024-10-16T02:05:22.071+0000] {dag.py:4180} INFO - Setting next_dagrun for example_sensors to None, run_after=None
[2024-10-16T02:05:22.088+0000] {processor.py:208} INFO - Processing /home/airflow/.local/lib/python3.12/site-packages/airflow/example_dags/example_sensors.py took 0.077 seconds
[2024-10-16T02:05:52.383+0000] {processor.py:186} INFO - Started process (PID=2074) to work on /home/airflow/.local/lib/python3.12/site-packages/airflow/example_dags/example_sensors.py
[2024-10-16T02:05:52.384+0000] {processor.py:914} INFO - Processing file /home/airflow/.local/lib/python3.12/site-packages/airflow/example_dags/example_sensors.py for tasks to queue
[2024-10-16T02:05:52.386+0000] {logging_mixin.py:190} INFO - [2024-10-16T02:05:52.386+0000] {dagbag.py:588} INFO - Filling up the DagBag from /home/airflow/.local/lib/python3.12/site-packages/airflow/example_dags/example_sensors.py
[2024-10-16T02:05:52.396+0000] {processor.py:925} INFO - DAG(s) 'example_sensors' retrieved from /home/airflow/.local/lib/python3.12/site-packages/airflow/example_dags/example_sensors.py
[2024-10-16T02:05:52.423+0000] {logging_mixin.py:190} INFO - [2024-10-16T02:05:52.422+0000] {dag.py:3239} INFO - Sync 1 DAGs
[2024-10-16T02:05:52.438+0000] {logging_mixin.py:190} INFO - [2024-10-16T02:05:52.437+0000] {dag.py:4180} INFO - Setting next_dagrun for example_sensors to None, run_after=None
[2024-10-16T02:05:52.462+0000] {processor.py:208} INFO - Processing /home/airflow/.local/lib/python3.12/site-packages/airflow/example_dags/example_sensors.py took 0.085 seconds
[2024-10-16T02:06:22.548+0000] {processor.py:186} INFO - Started process (PID=2136) to work on /home/airflow/.local/lib/python3.12/site-packages/airflow/example_dags/example_sensors.py
[2024-10-16T02:06:22.549+0000] {processor.py:914} INFO - Processing file /home/airflow/.local/lib/python3.12/site-packages/airflow/example_dags/example_sensors.py for tasks to queue
[2024-10-16T02:06:22.550+0000] {logging_mixin.py:190} INFO - [2024-10-16T02:06:22.550+0000] {dagbag.py:588} INFO - Filling up the DagBag from /home/airflow/.local/lib/python3.12/site-packages/airflow/example_dags/example_sensors.py
[2024-10-16T02:06:22.558+0000] {processor.py:925} INFO - DAG(s) 'example_sensors' retrieved from /home/airflow/.local/lib/python3.12/site-packages/airflow/example_dags/example_sensors.py
[2024-10-16T02:06:22.578+0000] {logging_mixin.py:190} INFO - [2024-10-16T02:06:22.577+0000] {dag.py:3239} INFO - Sync 1 DAGs
[2024-10-16T02:06:22.588+0000] {logging_mixin.py:190} INFO - [2024-10-16T02:06:22.588+0000] {dag.py:4180} INFO - Setting next_dagrun for example_sensors to None, run_after=None
[2024-10-16T02:06:22.603+0000] {processor.py:208} INFO - Processing /home/airflow/.local/lib/python3.12/site-packages/airflow/example_dags/example_sensors.py took 0.060 seconds
[2024-10-16T02:06:53.168+0000] {processor.py:186} INFO - Started process (PID=2198) to work on /home/airflow/.local/lib/python3.12/site-packages/airflow/example_dags/example_sensors.py
[2024-10-16T02:06:53.168+0000] {processor.py:914} INFO - Processing file /home/airflow/.local/lib/python3.12/site-packages/airflow/example_dags/example_sensors.py for tasks to queue
[2024-10-16T02:06:53.171+0000] {logging_mixin.py:190} INFO - [2024-10-16T02:06:53.170+0000] {dagbag.py:588} INFO - Filling up the DagBag from /home/airflow/.local/lib/python3.12/site-packages/airflow/example_dags/example_sensors.py
[2024-10-16T02:06:53.179+0000] {processor.py:925} INFO - DAG(s) 'example_sensors' retrieved from /home/airflow/.local/lib/python3.12/site-packages/airflow/example_dags/example_sensors.py
[2024-10-16T02:06:53.199+0000] {logging_mixin.py:190} INFO - [2024-10-16T02:06:53.198+0000] {dag.py:3239} INFO - Sync 1 DAGs
[2024-10-16T02:06:53.209+0000] {logging_mixin.py:190} INFO - [2024-10-16T02:06:53.209+0000] {dag.py:4180} INFO - Setting next_dagrun for example_sensors to None, run_after=None
[2024-10-16T02:06:53.224+0000] {processor.py:208} INFO - Processing /home/airflow/.local/lib/python3.12/site-packages/airflow/example_dags/example_sensors.py took 0.062 seconds
[2024-10-16T02:07:23.946+0000] {processor.py:186} INFO - Started process (PID=2260) to work on /home/airflow/.local/lib/python3.12/site-packages/airflow/example_dags/example_sensors.py
[2024-10-16T02:07:23.947+0000] {processor.py:914} INFO - Processing file /home/airflow/.local/lib/python3.12/site-packages/airflow/example_dags/example_sensors.py for tasks to queue
[2024-10-16T02:07:23.950+0000] {logging_mixin.py:190} INFO - [2024-10-16T02:07:23.950+0000] {dagbag.py:588} INFO - Filling up the DagBag from /home/airflow/.local/lib/python3.12/site-packages/airflow/example_dags/example_sensors.py
[2024-10-16T02:07:23.966+0000] {processor.py:925} INFO - DAG(s) 'example_sensors' retrieved from /home/airflow/.local/lib/python3.12/site-packages/airflow/example_dags/example_sensors.py
[2024-10-16T02:07:24.002+0000] {logging_mixin.py:190} INFO - [2024-10-16T02:07:24.001+0000] {dag.py:3239} INFO - Sync 1 DAGs
[2024-10-16T02:07:24.020+0000] {logging_mixin.py:190} INFO - [2024-10-16T02:07:24.020+0000] {dag.py:4180} INFO - Setting next_dagrun for example_sensors to None, run_after=None
[2024-10-16T02:07:24.047+0000] {processor.py:208} INFO - Processing /home/airflow/.local/lib/python3.12/site-packages/airflow/example_dags/example_sensors.py took 0.109 seconds
[2024-10-16T02:07:54.681+0000] {processor.py:186} INFO - Started process (PID=2322) to work on /home/airflow/.local/lib/python3.12/site-packages/airflow/example_dags/example_sensors.py
[2024-10-16T02:07:54.682+0000] {processor.py:914} INFO - Processing file /home/airflow/.local/lib/python3.12/site-packages/airflow/example_dags/example_sensors.py for tasks to queue
[2024-10-16T02:07:54.684+0000] {logging_mixin.py:190} INFO - [2024-10-16T02:07:54.684+0000] {dagbag.py:588} INFO - Filling up the DagBag from /home/airflow/.local/lib/python3.12/site-packages/airflow/example_dags/example_sensors.py
[2024-10-16T02:07:54.691+0000] {processor.py:925} INFO - DAG(s) 'example_sensors' retrieved from /home/airflow/.local/lib/python3.12/site-packages/airflow/example_dags/example_sensors.py
[2024-10-16T02:07:54.710+0000] {logging_mixin.py:190} INFO - [2024-10-16T02:07:54.710+0000] {dag.py:3239} INFO - Sync 1 DAGs
[2024-10-16T02:07:54.720+0000] {logging_mixin.py:190} INFO - [2024-10-16T02:07:54.720+0000] {dag.py:4180} INFO - Setting next_dagrun for example_sensors to None, run_after=None
[2024-10-16T02:07:54.736+0000] {processor.py:208} INFO - Processing /home/airflow/.local/lib/python3.12/site-packages/airflow/example_dags/example_sensors.py took 0.059 seconds
[2024-10-16T02:08:24.830+0000] {processor.py:186} INFO - Started process (PID=2384) to work on /home/airflow/.local/lib/python3.12/site-packages/airflow/example_dags/example_sensors.py
[2024-10-16T02:08:24.831+0000] {processor.py:914} INFO - Processing file /home/airflow/.local/lib/python3.12/site-packages/airflow/example_dags/example_sensors.py for tasks to queue
[2024-10-16T02:08:24.832+0000] {logging_mixin.py:190} INFO - [2024-10-16T02:08:24.832+0000] {dagbag.py:588} INFO - Filling up the DagBag from /home/airflow/.local/lib/python3.12/site-packages/airflow/example_dags/example_sensors.py
[2024-10-16T02:08:24.840+0000] {processor.py:925} INFO - DAG(s) 'example_sensors' retrieved from /home/airflow/.local/lib/python3.12/site-packages/airflow/example_dags/example_sensors.py
[2024-10-16T02:08:24.859+0000] {logging_mixin.py:190} INFO - [2024-10-16T02:08:24.859+0000] {dag.py:3239} INFO - Sync 1 DAGs
[2024-10-16T02:08:24.870+0000] {logging_mixin.py:190} INFO - [2024-10-16T02:08:24.870+0000] {dag.py:4180} INFO - Setting next_dagrun for example_sensors to None, run_after=None
[2024-10-16T02:08:24.884+0000] {processor.py:208} INFO - Processing /home/airflow/.local/lib/python3.12/site-packages/airflow/example_dags/example_sensors.py took 0.059 seconds
[2024-10-16T02:09:09.181+0000] {processor.py:186} INFO - Started process (PID=80) to work on /home/airflow/.local/lib/python3.12/site-packages/airflow/example_dags/example_sensors.py
[2024-10-16T02:09:09.183+0000] {processor.py:914} INFO - Processing file /home/airflow/.local/lib/python3.12/site-packages/airflow/example_dags/example_sensors.py for tasks to queue
[2024-10-16T02:09:09.186+0000] {logging_mixin.py:190} INFO - [2024-10-16T02:09:09.186+0000] {dagbag.py:588} INFO - Filling up the DagBag from /home/airflow/.local/lib/python3.12/site-packages/airflow/example_dags/example_sensors.py
[2024-10-16T02:09:09.202+0000] {processor.py:925} INFO - DAG(s) 'example_sensors' retrieved from /home/airflow/.local/lib/python3.12/site-packages/airflow/example_dags/example_sensors.py
[2024-10-16T02:09:09.242+0000] {logging_mixin.py:190} INFO - [2024-10-16T02:09:09.242+0000] {dag.py:3239} INFO - Sync 1 DAGs
[2024-10-16T02:09:09.262+0000] {logging_mixin.py:190} INFO - [2024-10-16T02:09:09.261+0000] {dag.py:4180} INFO - Setting next_dagrun for example_sensors to None, run_after=None
[2024-10-16T02:09:09.291+0000] {processor.py:208} INFO - Processing /home/airflow/.local/lib/python3.12/site-packages/airflow/example_dags/example_sensors.py took 0.118 seconds
[2024-10-16T02:09:39.906+0000] {processor.py:186} INFO - Started process (PID=151) to work on /home/airflow/.local/lib/python3.12/site-packages/airflow/example_dags/example_sensors.py
[2024-10-16T02:09:39.907+0000] {processor.py:914} INFO - Processing file /home/airflow/.local/lib/python3.12/site-packages/airflow/example_dags/example_sensors.py for tasks to queue
[2024-10-16T02:09:39.908+0000] {logging_mixin.py:190} INFO - [2024-10-16T02:09:39.908+0000] {dagbag.py:588} INFO - Filling up the DagBag from /home/airflow/.local/lib/python3.12/site-packages/airflow/example_dags/example_sensors.py
[2024-10-16T02:09:39.916+0000] {processor.py:925} INFO - DAG(s) 'example_sensors' retrieved from /home/airflow/.local/lib/python3.12/site-packages/airflow/example_dags/example_sensors.py
[2024-10-16T02:09:39.935+0000] {logging_mixin.py:190} INFO - [2024-10-16T02:09:39.935+0000] {dag.py:3239} INFO - Sync 1 DAGs
[2024-10-16T02:09:39.946+0000] {logging_mixin.py:190} INFO - [2024-10-16T02:09:39.946+0000] {dag.py:4180} INFO - Setting next_dagrun for example_sensors to None, run_after=None
[2024-10-16T02:09:39.959+0000] {processor.py:208} INFO - Processing /home/airflow/.local/lib/python3.12/site-packages/airflow/example_dags/example_sensors.py took 0.057 seconds
[2024-10-16T02:10:10.342+0000] {processor.py:186} INFO - Started process (PID=217) to work on /home/airflow/.local/lib/python3.12/site-packages/airflow/example_dags/example_sensors.py
[2024-10-16T02:10:10.343+0000] {processor.py:914} INFO - Processing file /home/airflow/.local/lib/python3.12/site-packages/airflow/example_dags/example_sensors.py for tasks to queue
[2024-10-16T02:10:10.345+0000] {logging_mixin.py:190} INFO - [2024-10-16T02:10:10.345+0000] {dagbag.py:588} INFO - Filling up the DagBag from /home/airflow/.local/lib/python3.12/site-packages/airflow/example_dags/example_sensors.py
[2024-10-16T02:10:10.354+0000] {processor.py:925} INFO - DAG(s) 'example_sensors' retrieved from /home/airflow/.local/lib/python3.12/site-packages/airflow/example_dags/example_sensors.py
[2024-10-16T02:10:10.376+0000] {logging_mixin.py:190} INFO - [2024-10-16T02:10:10.375+0000] {dag.py:3239} INFO - Sync 1 DAGs
[2024-10-16T02:10:10.387+0000] {logging_mixin.py:190} INFO - [2024-10-16T02:10:10.387+0000] {dag.py:4180} INFO - Setting next_dagrun for example_sensors to None, run_after=None
[2024-10-16T02:10:10.405+0000] {processor.py:208} INFO - Processing /home/airflow/.local/lib/python3.12/site-packages/airflow/example_dags/example_sensors.py took 0.068 seconds
[2024-10-16T02:10:40.635+0000] {processor.py:186} INFO - Started process (PID=282) to work on /home/airflow/.local/lib/python3.12/site-packages/airflow/example_dags/example_sensors.py
[2024-10-16T02:10:40.636+0000] {processor.py:914} INFO - Processing file /home/airflow/.local/lib/python3.12/site-packages/airflow/example_dags/example_sensors.py for tasks to queue
[2024-10-16T02:10:40.638+0000] {logging_mixin.py:190} INFO - [2024-10-16T02:10:40.638+0000] {dagbag.py:588} INFO - Filling up the DagBag from /home/airflow/.local/lib/python3.12/site-packages/airflow/example_dags/example_sensors.py
[2024-10-16T02:10:40.649+0000] {processor.py:925} INFO - DAG(s) 'example_sensors' retrieved from /home/airflow/.local/lib/python3.12/site-packages/airflow/example_dags/example_sensors.py
[2024-10-16T02:10:40.671+0000] {logging_mixin.py:190} INFO - [2024-10-16T02:10:40.671+0000] {dag.py:3239} INFO - Sync 1 DAGs
[2024-10-16T02:10:40.683+0000] {logging_mixin.py:190} INFO - [2024-10-16T02:10:40.682+0000] {dag.py:4180} INFO - Setting next_dagrun for example_sensors to None, run_after=None
[2024-10-16T02:10:40.699+0000] {processor.py:208} INFO - Processing /home/airflow/.local/lib/python3.12/site-packages/airflow/example_dags/example_sensors.py took 0.068 seconds
[2024-10-16T02:11:11.024+0000] {processor.py:186} INFO - Started process (PID=348) to work on /home/airflow/.local/lib/python3.12/site-packages/airflow/example_dags/example_sensors.py
[2024-10-16T02:11:11.025+0000] {processor.py:914} INFO - Processing file /home/airflow/.local/lib/python3.12/site-packages/airflow/example_dags/example_sensors.py for tasks to queue
[2024-10-16T02:11:11.026+0000] {logging_mixin.py:190} INFO - [2024-10-16T02:11:11.026+0000] {dagbag.py:588} INFO - Filling up the DagBag from /home/airflow/.local/lib/python3.12/site-packages/airflow/example_dags/example_sensors.py
[2024-10-16T02:11:11.034+0000] {processor.py:925} INFO - DAG(s) 'example_sensors' retrieved from /home/airflow/.local/lib/python3.12/site-packages/airflow/example_dags/example_sensors.py
[2024-10-16T02:11:11.054+0000] {logging_mixin.py:190} INFO - [2024-10-16T02:11:11.054+0000] {dag.py:3239} INFO - Sync 1 DAGs
[2024-10-16T02:11:11.064+0000] {logging_mixin.py:190} INFO - [2024-10-16T02:11:11.064+0000] {dag.py:4180} INFO - Setting next_dagrun for example_sensors to None, run_after=None
[2024-10-16T02:11:11.079+0000] {processor.py:208} INFO - Processing /home/airflow/.local/lib/python3.12/site-packages/airflow/example_dags/example_sensors.py took 0.061 seconds
[2024-10-16T02:11:48.290+0000] {processor.py:186} INFO - Started process (PID=86) to work on /home/airflow/.local/lib/python3.12/site-packages/airflow/example_dags/example_sensors.py
[2024-10-16T02:11:48.292+0000] {processor.py:914} INFO - Processing file /home/airflow/.local/lib/python3.12/site-packages/airflow/example_dags/example_sensors.py for tasks to queue
[2024-10-16T02:11:48.297+0000] {logging_mixin.py:190} INFO - [2024-10-16T02:11:48.296+0000] {dagbag.py:588} INFO - Filling up the DagBag from /home/airflow/.local/lib/python3.12/site-packages/airflow/example_dags/example_sensors.py
[2024-10-16T02:11:48.322+0000] {processor.py:925} INFO - DAG(s) 'example_sensors' retrieved from /home/airflow/.local/lib/python3.12/site-packages/airflow/example_dags/example_sensors.py
[2024-10-16T02:11:48.392+0000] {logging_mixin.py:190} INFO - [2024-10-16T02:11:48.391+0000] {dag.py:3239} INFO - Sync 1 DAGs
[2024-10-16T02:11:48.420+0000] {logging_mixin.py:190} INFO - [2024-10-16T02:11:48.420+0000] {dag.py:4180} INFO - Setting next_dagrun for example_sensors to None, run_after=None
[2024-10-16T02:11:48.458+0000] {processor.py:208} INFO - Processing /home/airflow/.local/lib/python3.12/site-packages/airflow/example_dags/example_sensors.py took 0.179 seconds
[2024-10-16T02:12:18.827+0000] {processor.py:186} INFO - Started process (PID=157) to work on /home/airflow/.local/lib/python3.12/site-packages/airflow/example_dags/example_sensors.py
[2024-10-16T02:12:18.828+0000] {processor.py:914} INFO - Processing file /home/airflow/.local/lib/python3.12/site-packages/airflow/example_dags/example_sensors.py for tasks to queue
[2024-10-16T02:12:18.830+0000] {logging_mixin.py:190} INFO - [2024-10-16T02:12:18.829+0000] {dagbag.py:588} INFO - Filling up the DagBag from /home/airflow/.local/lib/python3.12/site-packages/airflow/example_dags/example_sensors.py
[2024-10-16T02:12:18.839+0000] {processor.py:925} INFO - DAG(s) 'example_sensors' retrieved from /home/airflow/.local/lib/python3.12/site-packages/airflow/example_dags/example_sensors.py
[2024-10-16T02:12:18.862+0000] {logging_mixin.py:190} INFO - [2024-10-16T02:12:18.862+0000] {dag.py:3239} INFO - Sync 1 DAGs
[2024-10-16T02:12:18.873+0000] {logging_mixin.py:190} INFO - [2024-10-16T02:12:18.873+0000] {dag.py:4180} INFO - Setting next_dagrun for example_sensors to None, run_after=None
[2024-10-16T02:12:18.889+0000] {processor.py:208} INFO - Processing /home/airflow/.local/lib/python3.12/site-packages/airflow/example_dags/example_sensors.py took 0.067 seconds
[2024-10-16T02:12:49.158+0000] {processor.py:186} INFO - Started process (PID=226) to work on /home/airflow/.local/lib/python3.12/site-packages/airflow/example_dags/example_sensors.py
[2024-10-16T02:12:49.159+0000] {processor.py:914} INFO - Processing file /home/airflow/.local/lib/python3.12/site-packages/airflow/example_dags/example_sensors.py for tasks to queue
[2024-10-16T02:12:49.160+0000] {logging_mixin.py:190} INFO - [2024-10-16T02:12:49.160+0000] {dagbag.py:588} INFO - Filling up the DagBag from /home/airflow/.local/lib/python3.12/site-packages/airflow/example_dags/example_sensors.py
[2024-10-16T02:12:49.176+0000] {processor.py:925} INFO - DAG(s) 'example_sensors' retrieved from /home/airflow/.local/lib/python3.12/site-packages/airflow/example_dags/example_sensors.py
[2024-10-16T02:12:49.205+0000] {logging_mixin.py:190} INFO - [2024-10-16T02:12:49.205+0000] {dag.py:3239} INFO - Sync 1 DAGs
[2024-10-16T02:12:49.219+0000] {logging_mixin.py:190} INFO - [2024-10-16T02:12:49.218+0000] {dag.py:4180} INFO - Setting next_dagrun for example_sensors to None, run_after=None
[2024-10-16T02:12:49.236+0000] {processor.py:208} INFO - Processing /home/airflow/.local/lib/python3.12/site-packages/airflow/example_dags/example_sensors.py took 0.083 seconds
[2024-10-16T02:13:20.055+0000] {processor.py:186} INFO - Started process (PID=291) to work on /home/airflow/.local/lib/python3.12/site-packages/airflow/example_dags/example_sensors.py
[2024-10-16T02:13:20.056+0000] {processor.py:914} INFO - Processing file /home/airflow/.local/lib/python3.12/site-packages/airflow/example_dags/example_sensors.py for tasks to queue
[2024-10-16T02:13:20.057+0000] {logging_mixin.py:190} INFO - [2024-10-16T02:13:20.057+0000] {dagbag.py:588} INFO - Filling up the DagBag from /home/airflow/.local/lib/python3.12/site-packages/airflow/example_dags/example_sensors.py
[2024-10-16T02:13:20.067+0000] {processor.py:925} INFO - DAG(s) 'example_sensors' retrieved from /home/airflow/.local/lib/python3.12/site-packages/airflow/example_dags/example_sensors.py
[2024-10-16T02:13:20.092+0000] {logging_mixin.py:190} INFO - [2024-10-16T02:13:20.092+0000] {dag.py:3239} INFO - Sync 1 DAGs
[2024-10-16T02:13:20.104+0000] {logging_mixin.py:190} INFO - [2024-10-16T02:13:20.104+0000] {dag.py:4180} INFO - Setting next_dagrun for example_sensors to None, run_after=None
[2024-10-16T02:13:20.121+0000] {processor.py:208} INFO - Processing /home/airflow/.local/lib/python3.12/site-packages/airflow/example_dags/example_sensors.py took 0.070 seconds
[2024-10-16T02:13:50.675+0000] {processor.py:186} INFO - Started process (PID=356) to work on /home/airflow/.local/lib/python3.12/site-packages/airflow/example_dags/example_sensors.py
[2024-10-16T02:13:50.676+0000] {processor.py:914} INFO - Processing file /home/airflow/.local/lib/python3.12/site-packages/airflow/example_dags/example_sensors.py for tasks to queue
[2024-10-16T02:13:50.677+0000] {logging_mixin.py:190} INFO - [2024-10-16T02:13:50.677+0000] {dagbag.py:588} INFO - Filling up the DagBag from /home/airflow/.local/lib/python3.12/site-packages/airflow/example_dags/example_sensors.py
[2024-10-16T02:13:50.687+0000] {processor.py:925} INFO - DAG(s) 'example_sensors' retrieved from /home/airflow/.local/lib/python3.12/site-packages/airflow/example_dags/example_sensors.py
[2024-10-16T02:13:50.708+0000] {logging_mixin.py:190} INFO - [2024-10-16T02:13:50.708+0000] {dag.py:3239} INFO - Sync 1 DAGs
[2024-10-16T02:13:50.722+0000] {logging_mixin.py:190} INFO - [2024-10-16T02:13:50.722+0000] {dag.py:4180} INFO - Setting next_dagrun for example_sensors to None, run_after=None
[2024-10-16T02:13:50.739+0000] {processor.py:208} INFO - Processing /home/airflow/.local/lib/python3.12/site-packages/airflow/example_dags/example_sensors.py took 0.068 seconds
[2024-10-16T02:14:20.954+0000] {processor.py:186} INFO - Started process (PID=421) to work on /home/airflow/.local/lib/python3.12/site-packages/airflow/example_dags/example_sensors.py
[2024-10-16T02:14:20.954+0000] {processor.py:914} INFO - Processing file /home/airflow/.local/lib/python3.12/site-packages/airflow/example_dags/example_sensors.py for tasks to queue
[2024-10-16T02:14:20.955+0000] {logging_mixin.py:190} INFO - [2024-10-16T02:14:20.955+0000] {dagbag.py:588} INFO - Filling up the DagBag from /home/airflow/.local/lib/python3.12/site-packages/airflow/example_dags/example_sensors.py
[2024-10-16T02:14:20.964+0000] {processor.py:925} INFO - DAG(s) 'example_sensors' retrieved from /home/airflow/.local/lib/python3.12/site-packages/airflow/example_dags/example_sensors.py
[2024-10-16T02:14:20.982+0000] {logging_mixin.py:190} INFO - [2024-10-16T02:14:20.982+0000] {dag.py:3239} INFO - Sync 1 DAGs
[2024-10-16T02:14:20.993+0000] {logging_mixin.py:190} INFO - [2024-10-16T02:14:20.992+0000] {dag.py:4180} INFO - Setting next_dagrun for example_sensors to None, run_after=None
[2024-10-16T02:14:21.005+0000] {processor.py:208} INFO - Processing /home/airflow/.local/lib/python3.12/site-packages/airflow/example_dags/example_sensors.py took 0.056 seconds
[2024-10-16T02:14:51.255+0000] {processor.py:186} INFO - Started process (PID=486) to work on /home/airflow/.local/lib/python3.12/site-packages/airflow/example_dags/example_sensors.py
[2024-10-16T02:14:51.255+0000] {processor.py:914} INFO - Processing file /home/airflow/.local/lib/python3.12/site-packages/airflow/example_dags/example_sensors.py for tasks to queue
[2024-10-16T02:14:51.256+0000] {logging_mixin.py:190} INFO - [2024-10-16T02:14:51.256+0000] {dagbag.py:588} INFO - Filling up the DagBag from /home/airflow/.local/lib/python3.12/site-packages/airflow/example_dags/example_sensors.py
[2024-10-16T02:14:51.265+0000] {processor.py:925} INFO - DAG(s) 'example_sensors' retrieved from /home/airflow/.local/lib/python3.12/site-packages/airflow/example_dags/example_sensors.py
[2024-10-16T02:14:51.285+0000] {logging_mixin.py:190} INFO - [2024-10-16T02:14:51.285+0000] {dag.py:3239} INFO - Sync 1 DAGs
[2024-10-16T02:14:51.295+0000] {logging_mixin.py:190} INFO - [2024-10-16T02:14:51.295+0000] {dag.py:4180} INFO - Setting next_dagrun for example_sensors to None, run_after=None
[2024-10-16T02:14:51.310+0000] {processor.py:208} INFO - Processing /home/airflow/.local/lib/python3.12/site-packages/airflow/example_dags/example_sensors.py took 0.060 seconds
[2024-10-16T02:15:21.529+0000] {processor.py:186} INFO - Started process (PID=551) to work on /home/airflow/.local/lib/python3.12/site-packages/airflow/example_dags/example_sensors.py
[2024-10-16T02:15:21.531+0000] {processor.py:914} INFO - Processing file /home/airflow/.local/lib/python3.12/site-packages/airflow/example_dags/example_sensors.py for tasks to queue
[2024-10-16T02:15:21.532+0000] {logging_mixin.py:190} INFO - [2024-10-16T02:15:21.532+0000] {dagbag.py:588} INFO - Filling up the DagBag from /home/airflow/.local/lib/python3.12/site-packages/airflow/example_dags/example_sensors.py
[2024-10-16T02:15:21.541+0000] {processor.py:925} INFO - DAG(s) 'example_sensors' retrieved from /home/airflow/.local/lib/python3.12/site-packages/airflow/example_dags/example_sensors.py
[2024-10-16T02:15:21.567+0000] {logging_mixin.py:190} INFO - [2024-10-16T02:15:21.567+0000] {dag.py:3239} INFO - Sync 1 DAGs
[2024-10-16T02:15:21.578+0000] {logging_mixin.py:190} INFO - [2024-10-16T02:15:21.578+0000] {dag.py:4180} INFO - Setting next_dagrun for example_sensors to None, run_after=None
[2024-10-16T02:15:21.593+0000] {processor.py:208} INFO - Processing /home/airflow/.local/lib/python3.12/site-packages/airflow/example_dags/example_sensors.py took 0.071 seconds
[2024-10-16T02:17:23.471+0000] {processor.py:186} INFO - Started process (PID=98) to work on /home/airflow/.local/lib/python3.12/site-packages/airflow/example_dags/example_sensors.py
[2024-10-16T02:17:23.472+0000] {processor.py:914} INFO - Processing file /home/airflow/.local/lib/python3.12/site-packages/airflow/example_dags/example_sensors.py for tasks to queue
[2024-10-16T02:17:23.474+0000] {logging_mixin.py:190} INFO - [2024-10-16T02:17:23.474+0000] {dagbag.py:588} INFO - Filling up the DagBag from /home/airflow/.local/lib/python3.12/site-packages/airflow/example_dags/example_sensors.py
[2024-10-16T02:17:23.484+0000] {processor.py:925} INFO - DAG(s) 'example_sensors' retrieved from /home/airflow/.local/lib/python3.12/site-packages/airflow/example_dags/example_sensors.py
[2024-10-16T02:17:23.515+0000] {logging_mixin.py:190} INFO - [2024-10-16T02:17:23.515+0000] {dag.py:3239} INFO - Sync 1 DAGs
[2024-10-16T02:17:23.530+0000] {logging_mixin.py:190} INFO - [2024-10-16T02:17:23.530+0000] {dag.py:4180} INFO - Setting next_dagrun for example_sensors to None, run_after=None
[2024-10-16T02:17:23.553+0000] {processor.py:208} INFO - Processing /home/airflow/.local/lib/python3.12/site-packages/airflow/example_dags/example_sensors.py took 0.088 seconds
[2024-10-16T02:17:53.985+0000] {processor.py:186} INFO - Started process (PID=163) to work on /home/airflow/.local/lib/python3.12/site-packages/airflow/example_dags/example_sensors.py
[2024-10-16T02:17:53.986+0000] {processor.py:914} INFO - Processing file /home/airflow/.local/lib/python3.12/site-packages/airflow/example_dags/example_sensors.py for tasks to queue
[2024-10-16T02:17:53.988+0000] {logging_mixin.py:190} INFO - [2024-10-16T02:17:53.987+0000] {dagbag.py:588} INFO - Filling up the DagBag from /home/airflow/.local/lib/python3.12/site-packages/airflow/example_dags/example_sensors.py
[2024-10-16T02:17:53.996+0000] {processor.py:925} INFO - DAG(s) 'example_sensors' retrieved from /home/airflow/.local/lib/python3.12/site-packages/airflow/example_dags/example_sensors.py
[2024-10-16T02:17:54.023+0000] {logging_mixin.py:190} INFO - [2024-10-16T02:17:54.022+0000] {dag.py:3239} INFO - Sync 1 DAGs
[2024-10-16T02:17:54.035+0000] {logging_mixin.py:190} INFO - [2024-10-16T02:17:54.035+0000] {dag.py:4180} INFO - Setting next_dagrun for example_sensors to None, run_after=None
[2024-10-16T02:17:54.053+0000] {processor.py:208} INFO - Processing /home/airflow/.local/lib/python3.12/site-packages/airflow/example_dags/example_sensors.py took 0.073 seconds
[2024-10-16T02:18:24.729+0000] {processor.py:186} INFO - Started process (PID=228) to work on /home/airflow/.local/lib/python3.12/site-packages/airflow/example_dags/example_sensors.py
[2024-10-16T02:18:24.730+0000] {processor.py:914} INFO - Processing file /home/airflow/.local/lib/python3.12/site-packages/airflow/example_dags/example_sensors.py for tasks to queue
[2024-10-16T02:18:24.732+0000] {logging_mixin.py:190} INFO - [2024-10-16T02:18:24.732+0000] {dagbag.py:588} INFO - Filling up the DagBag from /home/airflow/.local/lib/python3.12/site-packages/airflow/example_dags/example_sensors.py
[2024-10-16T02:18:24.739+0000] {processor.py:925} INFO - DAG(s) 'example_sensors' retrieved from /home/airflow/.local/lib/python3.12/site-packages/airflow/example_dags/example_sensors.py
[2024-10-16T02:18:24.758+0000] {logging_mixin.py:190} INFO - [2024-10-16T02:18:24.758+0000] {dag.py:3239} INFO - Sync 1 DAGs
[2024-10-16T02:18:24.770+0000] {logging_mixin.py:190} INFO - [2024-10-16T02:18:24.769+0000] {dag.py:4180} INFO - Setting next_dagrun for example_sensors to None, run_after=None
[2024-10-16T02:18:24.783+0000] {processor.py:208} INFO - Processing /home/airflow/.local/lib/python3.12/site-packages/airflow/example_dags/example_sensors.py took 0.057 seconds
[2024-10-16T02:18:54.988+0000] {processor.py:186} INFO - Started process (PID=293) to work on /home/airflow/.local/lib/python3.12/site-packages/airflow/example_dags/example_sensors.py
[2024-10-16T02:18:54.989+0000] {processor.py:914} INFO - Processing file /home/airflow/.local/lib/python3.12/site-packages/airflow/example_dags/example_sensors.py for tasks to queue
[2024-10-16T02:18:54.991+0000] {logging_mixin.py:190} INFO - [2024-10-16T02:18:54.991+0000] {dagbag.py:588} INFO - Filling up the DagBag from /home/airflow/.local/lib/python3.12/site-packages/airflow/example_dags/example_sensors.py
[2024-10-16T02:18:54.999+0000] {processor.py:925} INFO - DAG(s) 'example_sensors' retrieved from /home/airflow/.local/lib/python3.12/site-packages/airflow/example_dags/example_sensors.py
[2024-10-16T02:18:55.021+0000] {logging_mixin.py:190} INFO - [2024-10-16T02:18:55.021+0000] {dag.py:3239} INFO - Sync 1 DAGs
[2024-10-16T02:18:55.032+0000] {logging_mixin.py:190} INFO - [2024-10-16T02:18:55.032+0000] {dag.py:4180} INFO - Setting next_dagrun for example_sensors to None, run_after=None
[2024-10-16T02:18:55.048+0000] {processor.py:208} INFO - Processing /home/airflow/.local/lib/python3.12/site-packages/airflow/example_dags/example_sensors.py took 0.065 seconds
[2024-10-16T02:19:25.168+0000] {processor.py:186} INFO - Started process (PID=358) to work on /home/airflow/.local/lib/python3.12/site-packages/airflow/example_dags/example_sensors.py
[2024-10-16T02:19:25.169+0000] {processor.py:914} INFO - Processing file /home/airflow/.local/lib/python3.12/site-packages/airflow/example_dags/example_sensors.py for tasks to queue
[2024-10-16T02:19:25.171+0000] {logging_mixin.py:190} INFO - [2024-10-16T02:19:25.171+0000] {dagbag.py:588} INFO - Filling up the DagBag from /home/airflow/.local/lib/python3.12/site-packages/airflow/example_dags/example_sensors.py
[2024-10-16T02:19:25.181+0000] {processor.py:925} INFO - DAG(s) 'example_sensors' retrieved from /home/airflow/.local/lib/python3.12/site-packages/airflow/example_dags/example_sensors.py
[2024-10-16T02:19:25.205+0000] {logging_mixin.py:190} INFO - [2024-10-16T02:19:25.205+0000] {dag.py:3239} INFO - Sync 1 DAGs
[2024-10-16T02:19:25.218+0000] {logging_mixin.py:190} INFO - [2024-10-16T02:19:25.217+0000] {dag.py:4180} INFO - Setting next_dagrun for example_sensors to None, run_after=None
[2024-10-16T02:19:25.232+0000] {processor.py:208} INFO - Processing /home/airflow/.local/lib/python3.12/site-packages/airflow/example_dags/example_sensors.py took 0.069 seconds
[2024-10-16T02:19:55.300+0000] {processor.py:186} INFO - Started process (PID=423) to work on /home/airflow/.local/lib/python3.12/site-packages/airflow/example_dags/example_sensors.py
[2024-10-16T02:19:55.301+0000] {processor.py:914} INFO - Processing file /home/airflow/.local/lib/python3.12/site-packages/airflow/example_dags/example_sensors.py for tasks to queue
[2024-10-16T02:19:55.302+0000] {logging_mixin.py:190} INFO - [2024-10-16T02:19:55.302+0000] {dagbag.py:588} INFO - Filling up the DagBag from /home/airflow/.local/lib/python3.12/site-packages/airflow/example_dags/example_sensors.py
[2024-10-16T02:19:55.310+0000] {processor.py:925} INFO - DAG(s) 'example_sensors' retrieved from /home/airflow/.local/lib/python3.12/site-packages/airflow/example_dags/example_sensors.py
[2024-10-16T02:19:55.329+0000] {logging_mixin.py:190} INFO - [2024-10-16T02:19:55.328+0000] {dag.py:3239} INFO - Sync 1 DAGs
[2024-10-16T02:19:55.339+0000] {logging_mixin.py:190} INFO - [2024-10-16T02:19:55.339+0000] {dag.py:4180} INFO - Setting next_dagrun for example_sensors to None, run_after=None
[2024-10-16T02:19:55.351+0000] {processor.py:208} INFO - Processing /home/airflow/.local/lib/python3.12/site-packages/airflow/example_dags/example_sensors.py took 0.055 seconds
[2024-10-16T02:20:25.563+0000] {processor.py:186} INFO - Started process (PID=487) to work on /home/airflow/.local/lib/python3.12/site-packages/airflow/example_dags/example_sensors.py
[2024-10-16T02:20:25.564+0000] {processor.py:914} INFO - Processing file /home/airflow/.local/lib/python3.12/site-packages/airflow/example_dags/example_sensors.py for tasks to queue
[2024-10-16T02:20:25.566+0000] {logging_mixin.py:190} INFO - [2024-10-16T02:20:25.566+0000] {dagbag.py:588} INFO - Filling up the DagBag from /home/airflow/.local/lib/python3.12/site-packages/airflow/example_dags/example_sensors.py
[2024-10-16T02:20:25.575+0000] {processor.py:925} INFO - DAG(s) 'example_sensors' retrieved from /home/airflow/.local/lib/python3.12/site-packages/airflow/example_dags/example_sensors.py
[2024-10-16T02:20:25.599+0000] {logging_mixin.py:190} INFO - [2024-10-16T02:20:25.599+0000] {dag.py:3239} INFO - Sync 1 DAGs
[2024-10-16T02:20:25.613+0000] {logging_mixin.py:190} INFO - [2024-10-16T02:20:25.612+0000] {dag.py:4180} INFO - Setting next_dagrun for example_sensors to None, run_after=None
[2024-10-16T02:20:25.631+0000] {processor.py:208} INFO - Processing /home/airflow/.local/lib/python3.12/site-packages/airflow/example_dags/example_sensors.py took 0.073 seconds
[2024-10-16T02:21:30.423+0000] {processor.py:186} INFO - Started process (PID=98) to work on /home/airflow/.local/lib/python3.12/site-packages/airflow/example_dags/example_sensors.py
[2024-10-16T02:21:30.424+0000] {processor.py:914} INFO - Processing file /home/airflow/.local/lib/python3.12/site-packages/airflow/example_dags/example_sensors.py for tasks to queue
[2024-10-16T02:21:30.426+0000] {logging_mixin.py:190} INFO - [2024-10-16T02:21:30.426+0000] {dagbag.py:588} INFO - Filling up the DagBag from /home/airflow/.local/lib/python3.12/site-packages/airflow/example_dags/example_sensors.py
[2024-10-16T02:21:30.437+0000] {processor.py:925} INFO - DAG(s) 'example_sensors' retrieved from /home/airflow/.local/lib/python3.12/site-packages/airflow/example_dags/example_sensors.py
[2024-10-16T02:21:30.458+0000] {logging_mixin.py:190} INFO - [2024-10-16T02:21:30.458+0000] {dag.py:3239} INFO - Sync 1 DAGs
[2024-10-16T02:21:30.469+0000] {logging_mixin.py:190} INFO - [2024-10-16T02:21:30.469+0000] {dag.py:4180} INFO - Setting next_dagrun for example_sensors to None, run_after=None
[2024-10-16T02:21:30.485+0000] {processor.py:208} INFO - Processing /home/airflow/.local/lib/python3.12/site-packages/airflow/example_dags/example_sensors.py took 0.067 seconds
[2024-10-16T02:22:00.990+0000] {processor.py:186} INFO - Started process (PID=163) to work on /home/airflow/.local/lib/python3.12/site-packages/airflow/example_dags/example_sensors.py
[2024-10-16T02:22:00.991+0000] {processor.py:914} INFO - Processing file /home/airflow/.local/lib/python3.12/site-packages/airflow/example_dags/example_sensors.py for tasks to queue
[2024-10-16T02:22:00.993+0000] {logging_mixin.py:190} INFO - [2024-10-16T02:22:00.993+0000] {dagbag.py:588} INFO - Filling up the DagBag from /home/airflow/.local/lib/python3.12/site-packages/airflow/example_dags/example_sensors.py
[2024-10-16T02:22:01.004+0000] {processor.py:925} INFO - DAG(s) 'example_sensors' retrieved from /home/airflow/.local/lib/python3.12/site-packages/airflow/example_dags/example_sensors.py
[2024-10-16T02:22:01.024+0000] {logging_mixin.py:190} INFO - [2024-10-16T02:22:01.024+0000] {dag.py:3239} INFO - Sync 1 DAGs
[2024-10-16T02:22:01.036+0000] {logging_mixin.py:190} INFO - [2024-10-16T02:22:01.036+0000] {dag.py:4180} INFO - Setting next_dagrun for example_sensors to None, run_after=None
[2024-10-16T02:22:01.051+0000] {processor.py:208} INFO - Processing /home/airflow/.local/lib/python3.12/site-packages/airflow/example_dags/example_sensors.py took 0.065 seconds
[2024-10-16T02:22:31.183+0000] {processor.py:186} INFO - Started process (PID=228) to work on /home/airflow/.local/lib/python3.12/site-packages/airflow/example_dags/example_sensors.py
[2024-10-16T02:22:31.184+0000] {processor.py:914} INFO - Processing file /home/airflow/.local/lib/python3.12/site-packages/airflow/example_dags/example_sensors.py for tasks to queue
[2024-10-16T02:22:31.185+0000] {logging_mixin.py:190} INFO - [2024-10-16T02:22:31.185+0000] {dagbag.py:588} INFO - Filling up the DagBag from /home/airflow/.local/lib/python3.12/site-packages/airflow/example_dags/example_sensors.py
[2024-10-16T02:22:31.195+0000] {processor.py:925} INFO - DAG(s) 'example_sensors' retrieved from /home/airflow/.local/lib/python3.12/site-packages/airflow/example_dags/example_sensors.py
[2024-10-16T02:22:31.214+0000] {logging_mixin.py:190} INFO - [2024-10-16T02:22:31.214+0000] {dag.py:3239} INFO - Sync 1 DAGs
[2024-10-16T02:22:31.227+0000] {logging_mixin.py:190} INFO - [2024-10-16T02:22:31.227+0000] {dag.py:4180} INFO - Setting next_dagrun for example_sensors to None, run_after=None
[2024-10-16T02:22:31.243+0000] {processor.py:208} INFO - Processing /home/airflow/.local/lib/python3.12/site-packages/airflow/example_dags/example_sensors.py took 0.065 seconds
[2024-10-16T02:23:01.555+0000] {processor.py:186} INFO - Started process (PID=293) to work on /home/airflow/.local/lib/python3.12/site-packages/airflow/example_dags/example_sensors.py
[2024-10-16T02:23:01.555+0000] {processor.py:914} INFO - Processing file /home/airflow/.local/lib/python3.12/site-packages/airflow/example_dags/example_sensors.py for tasks to queue
[2024-10-16T02:23:01.557+0000] {logging_mixin.py:190} INFO - [2024-10-16T02:23:01.557+0000] {dagbag.py:588} INFO - Filling up the DagBag from /home/airflow/.local/lib/python3.12/site-packages/airflow/example_dags/example_sensors.py
[2024-10-16T02:23:01.564+0000] {processor.py:925} INFO - DAG(s) 'example_sensors' retrieved from /home/airflow/.local/lib/python3.12/site-packages/airflow/example_dags/example_sensors.py
[2024-10-16T02:23:01.584+0000] {logging_mixin.py:190} INFO - [2024-10-16T02:23:01.584+0000] {dag.py:3239} INFO - Sync 1 DAGs
[2024-10-16T02:23:01.595+0000] {logging_mixin.py:190} INFO - [2024-10-16T02:23:01.595+0000] {dag.py:4180} INFO - Setting next_dagrun for example_sensors to None, run_after=None
[2024-10-16T02:23:01.611+0000] {processor.py:208} INFO - Processing /home/airflow/.local/lib/python3.12/site-packages/airflow/example_dags/example_sensors.py took 0.060 seconds
[2024-10-16T02:23:32.620+0000] {processor.py:186} INFO - Started process (PID=358) to work on /home/airflow/.local/lib/python3.12/site-packages/airflow/example_dags/example_sensors.py
[2024-10-16T02:23:32.621+0000] {processor.py:914} INFO - Processing file /home/airflow/.local/lib/python3.12/site-packages/airflow/example_dags/example_sensors.py for tasks to queue
[2024-10-16T02:23:32.623+0000] {logging_mixin.py:190} INFO - [2024-10-16T02:23:32.623+0000] {dagbag.py:588} INFO - Filling up the DagBag from /home/airflow/.local/lib/python3.12/site-packages/airflow/example_dags/example_sensors.py
[2024-10-16T02:23:32.631+0000] {processor.py:925} INFO - DAG(s) 'example_sensors' retrieved from /home/airflow/.local/lib/python3.12/site-packages/airflow/example_dags/example_sensors.py
[2024-10-16T02:23:32.651+0000] {logging_mixin.py:190} INFO - [2024-10-16T02:23:32.651+0000] {dag.py:3239} INFO - Sync 1 DAGs
[2024-10-16T02:23:32.662+0000] {logging_mixin.py:190} INFO - [2024-10-16T02:23:32.662+0000] {dag.py:4180} INFO - Setting next_dagrun for example_sensors to None, run_after=None
[2024-10-16T02:23:32.677+0000] {processor.py:208} INFO - Processing /home/airflow/.local/lib/python3.12/site-packages/airflow/example_dags/example_sensors.py took 0.062 seconds
[2024-10-16T02:24:02.891+0000] {processor.py:186} INFO - Started process (PID=423) to work on /home/airflow/.local/lib/python3.12/site-packages/airflow/example_dags/example_sensors.py
[2024-10-16T02:24:02.892+0000] {processor.py:914} INFO - Processing file /home/airflow/.local/lib/python3.12/site-packages/airflow/example_dags/example_sensors.py for tasks to queue
[2024-10-16T02:24:02.893+0000] {logging_mixin.py:190} INFO - [2024-10-16T02:24:02.893+0000] {dagbag.py:588} INFO - Filling up the DagBag from /home/airflow/.local/lib/python3.12/site-packages/airflow/example_dags/example_sensors.py
[2024-10-16T02:24:02.901+0000] {processor.py:925} INFO - DAG(s) 'example_sensors' retrieved from /home/airflow/.local/lib/python3.12/site-packages/airflow/example_dags/example_sensors.py
[2024-10-16T02:24:02.922+0000] {logging_mixin.py:190} INFO - [2024-10-16T02:24:02.921+0000] {dag.py:3239} INFO - Sync 1 DAGs
[2024-10-16T02:24:02.932+0000] {logging_mixin.py:190} INFO - [2024-10-16T02:24:02.932+0000] {dag.py:4180} INFO - Setting next_dagrun for example_sensors to None, run_after=None
[2024-10-16T02:24:02.947+0000] {processor.py:208} INFO - Processing /home/airflow/.local/lib/python3.12/site-packages/airflow/example_dags/example_sensors.py took 0.061 seconds
[2024-10-16T02:24:33.855+0000] {processor.py:186} INFO - Started process (PID=488) to work on /home/airflow/.local/lib/python3.12/site-packages/airflow/example_dags/example_sensors.py
[2024-10-16T02:24:33.856+0000] {processor.py:914} INFO - Processing file /home/airflow/.local/lib/python3.12/site-packages/airflow/example_dags/example_sensors.py for tasks to queue
[2024-10-16T02:24:33.857+0000] {logging_mixin.py:190} INFO - [2024-10-16T02:24:33.857+0000] {dagbag.py:588} INFO - Filling up the DagBag from /home/airflow/.local/lib/python3.12/site-packages/airflow/example_dags/example_sensors.py
[2024-10-16T02:24:33.865+0000] {processor.py:925} INFO - DAG(s) 'example_sensors' retrieved from /home/airflow/.local/lib/python3.12/site-packages/airflow/example_dags/example_sensors.py
[2024-10-16T02:24:33.890+0000] {logging_mixin.py:190} INFO - [2024-10-16T02:24:33.890+0000] {dag.py:3239} INFO - Sync 1 DAGs
[2024-10-16T02:24:33.903+0000] {logging_mixin.py:190} INFO - [2024-10-16T02:24:33.903+0000] {dag.py:4180} INFO - Setting next_dagrun for example_sensors to None, run_after=None
[2024-10-16T02:24:33.918+0000] {processor.py:208} INFO - Processing /home/airflow/.local/lib/python3.12/site-packages/airflow/example_dags/example_sensors.py took 0.067 seconds
[2024-10-16T02:25:04.849+0000] {processor.py:186} INFO - Started process (PID=553) to work on /home/airflow/.local/lib/python3.12/site-packages/airflow/example_dags/example_sensors.py
[2024-10-16T02:25:04.850+0000] {processor.py:914} INFO - Processing file /home/airflow/.local/lib/python3.12/site-packages/airflow/example_dags/example_sensors.py for tasks to queue
[2024-10-16T02:25:04.853+0000] {logging_mixin.py:190} INFO - [2024-10-16T02:25:04.852+0000] {dagbag.py:588} INFO - Filling up the DagBag from /home/airflow/.local/lib/python3.12/site-packages/airflow/example_dags/example_sensors.py
[2024-10-16T02:25:04.864+0000] {processor.py:925} INFO - DAG(s) 'example_sensors' retrieved from /home/airflow/.local/lib/python3.12/site-packages/airflow/example_dags/example_sensors.py
[2024-10-16T02:25:04.888+0000] {logging_mixin.py:190} INFO - [2024-10-16T02:25:04.888+0000] {dag.py:3239} INFO - Sync 1 DAGs
[2024-10-16T02:25:04.900+0000] {logging_mixin.py:190} INFO - [2024-10-16T02:25:04.900+0000] {dag.py:4180} INFO - Setting next_dagrun for example_sensors to None, run_after=None
[2024-10-16T02:25:04.915+0000] {processor.py:208} INFO - Processing /home/airflow/.local/lib/python3.12/site-packages/airflow/example_dags/example_sensors.py took 0.071 seconds
[2024-10-16T02:25:35.150+0000] {processor.py:186} INFO - Started process (PID=618) to work on /home/airflow/.local/lib/python3.12/site-packages/airflow/example_dags/example_sensors.py
[2024-10-16T02:25:35.151+0000] {processor.py:914} INFO - Processing file /home/airflow/.local/lib/python3.12/site-packages/airflow/example_dags/example_sensors.py for tasks to queue
[2024-10-16T02:25:35.152+0000] {logging_mixin.py:190} INFO - [2024-10-16T02:25:35.152+0000] {dagbag.py:588} INFO - Filling up the DagBag from /home/airflow/.local/lib/python3.12/site-packages/airflow/example_dags/example_sensors.py
[2024-10-16T02:25:35.160+0000] {processor.py:925} INFO - DAG(s) 'example_sensors' retrieved from /home/airflow/.local/lib/python3.12/site-packages/airflow/example_dags/example_sensors.py
[2024-10-16T02:25:35.179+0000] {logging_mixin.py:190} INFO - [2024-10-16T02:25:35.179+0000] {dag.py:3239} INFO - Sync 1 DAGs
[2024-10-16T02:25:35.190+0000] {logging_mixin.py:190} INFO - [2024-10-16T02:25:35.189+0000] {dag.py:4180} INFO - Setting next_dagrun for example_sensors to None, run_after=None
[2024-10-16T02:25:35.205+0000] {processor.py:208} INFO - Processing /home/airflow/.local/lib/python3.12/site-packages/airflow/example_dags/example_sensors.py took 0.059 seconds
[2024-10-16T02:26:05.617+0000] {processor.py:186} INFO - Started process (PID=683) to work on /home/airflow/.local/lib/python3.12/site-packages/airflow/example_dags/example_sensors.py
[2024-10-16T02:26:05.618+0000] {processor.py:914} INFO - Processing file /home/airflow/.local/lib/python3.12/site-packages/airflow/example_dags/example_sensors.py for tasks to queue
[2024-10-16T02:26:05.621+0000] {logging_mixin.py:190} INFO - [2024-10-16T02:26:05.620+0000] {dagbag.py:588} INFO - Filling up the DagBag from /home/airflow/.local/lib/python3.12/site-packages/airflow/example_dags/example_sensors.py
[2024-10-16T02:26:05.631+0000] {processor.py:925} INFO - DAG(s) 'example_sensors' retrieved from /home/airflow/.local/lib/python3.12/site-packages/airflow/example_dags/example_sensors.py
[2024-10-16T02:26:05.664+0000] {logging_mixin.py:190} INFO - [2024-10-16T02:26:05.664+0000] {dag.py:3239} INFO - Sync 1 DAGs
[2024-10-16T02:26:05.683+0000] {logging_mixin.py:190} INFO - [2024-10-16T02:26:05.682+0000] {dag.py:4180} INFO - Setting next_dagrun for example_sensors to None, run_after=None
[2024-10-16T02:26:05.701+0000] {processor.py:208} INFO - Processing /home/airflow/.local/lib/python3.12/site-packages/airflow/example_dags/example_sensors.py took 0.093 seconds
[2024-10-16T02:26:36.036+0000] {processor.py:186} INFO - Started process (PID=748) to work on /home/airflow/.local/lib/python3.12/site-packages/airflow/example_dags/example_sensors.py
[2024-10-16T02:26:36.038+0000] {processor.py:914} INFO - Processing file /home/airflow/.local/lib/python3.12/site-packages/airflow/example_dags/example_sensors.py for tasks to queue
[2024-10-16T02:26:36.041+0000] {logging_mixin.py:190} INFO - [2024-10-16T02:26:36.040+0000] {dagbag.py:588} INFO - Filling up the DagBag from /home/airflow/.local/lib/python3.12/site-packages/airflow/example_dags/example_sensors.py
[2024-10-16T02:26:36.057+0000] {processor.py:925} INFO - DAG(s) 'example_sensors' retrieved from /home/airflow/.local/lib/python3.12/site-packages/airflow/example_dags/example_sensors.py
[2024-10-16T02:26:36.092+0000] {logging_mixin.py:190} INFO - [2024-10-16T02:26:36.092+0000] {dag.py:3239} INFO - Sync 1 DAGs
[2024-10-16T02:26:36.112+0000] {logging_mixin.py:190} INFO - [2024-10-16T02:26:36.112+0000] {dag.py:4180} INFO - Setting next_dagrun for example_sensors to None, run_after=None
[2024-10-16T02:26:36.137+0000] {processor.py:208} INFO - Processing /home/airflow/.local/lib/python3.12/site-packages/airflow/example_dags/example_sensors.py took 0.110 seconds
[2024-10-16T02:27:06.361+0000] {processor.py:186} INFO - Started process (PID=813) to work on /home/airflow/.local/lib/python3.12/site-packages/airflow/example_dags/example_sensors.py
[2024-10-16T02:27:06.362+0000] {processor.py:914} INFO - Processing file /home/airflow/.local/lib/python3.12/site-packages/airflow/example_dags/example_sensors.py for tasks to queue
[2024-10-16T02:27:06.363+0000] {logging_mixin.py:190} INFO - [2024-10-16T02:27:06.363+0000] {dagbag.py:588} INFO - Filling up the DagBag from /home/airflow/.local/lib/python3.12/site-packages/airflow/example_dags/example_sensors.py
[2024-10-16T02:27:06.371+0000] {processor.py:925} INFO - DAG(s) 'example_sensors' retrieved from /home/airflow/.local/lib/python3.12/site-packages/airflow/example_dags/example_sensors.py
[2024-10-16T02:27:06.390+0000] {logging_mixin.py:190} INFO - [2024-10-16T02:27:06.390+0000] {dag.py:3239} INFO - Sync 1 DAGs
[2024-10-16T02:27:06.400+0000] {logging_mixin.py:190} INFO - [2024-10-16T02:27:06.400+0000] {dag.py:4180} INFO - Setting next_dagrun for example_sensors to None, run_after=None
[2024-10-16T02:27:06.416+0000] {processor.py:208} INFO - Processing /home/airflow/.local/lib/python3.12/site-packages/airflow/example_dags/example_sensors.py took 0.059 seconds
[2024-10-16T02:27:36.543+0000] {processor.py:186} INFO - Started process (PID=878) to work on /home/airflow/.local/lib/python3.12/site-packages/airflow/example_dags/example_sensors.py
[2024-10-16T02:27:36.543+0000] {processor.py:914} INFO - Processing file /home/airflow/.local/lib/python3.12/site-packages/airflow/example_dags/example_sensors.py for tasks to queue
[2024-10-16T02:27:36.546+0000] {logging_mixin.py:190} INFO - [2024-10-16T02:27:36.545+0000] {dagbag.py:588} INFO - Filling up the DagBag from /home/airflow/.local/lib/python3.12/site-packages/airflow/example_dags/example_sensors.py
[2024-10-16T02:27:36.554+0000] {processor.py:925} INFO - DAG(s) 'example_sensors' retrieved from /home/airflow/.local/lib/python3.12/site-packages/airflow/example_dags/example_sensors.py
[2024-10-16T02:27:36.578+0000] {logging_mixin.py:190} INFO - [2024-10-16T02:27:36.578+0000] {dag.py:3239} INFO - Sync 1 DAGs
[2024-10-16T02:27:36.591+0000] {logging_mixin.py:190} INFO - [2024-10-16T02:27:36.591+0000] {dag.py:4180} INFO - Setting next_dagrun for example_sensors to None, run_after=None
[2024-10-16T02:27:36.607+0000] {processor.py:208} INFO - Processing /home/airflow/.local/lib/python3.12/site-packages/airflow/example_dags/example_sensors.py took 0.069 seconds
[2024-10-16T02:28:07.533+0000] {processor.py:186} INFO - Started process (PID=943) to work on /home/airflow/.local/lib/python3.12/site-packages/airflow/example_dags/example_sensors.py
[2024-10-16T02:28:07.535+0000] {processor.py:914} INFO - Processing file /home/airflow/.local/lib/python3.12/site-packages/airflow/example_dags/example_sensors.py for tasks to queue
[2024-10-16T02:28:07.538+0000] {logging_mixin.py:190} INFO - [2024-10-16T02:28:07.538+0000] {dagbag.py:588} INFO - Filling up the DagBag from /home/airflow/.local/lib/python3.12/site-packages/airflow/example_dags/example_sensors.py
[2024-10-16T02:28:07.555+0000] {processor.py:925} INFO - DAG(s) 'example_sensors' retrieved from /home/airflow/.local/lib/python3.12/site-packages/airflow/example_dags/example_sensors.py
[2024-10-16T02:28:07.593+0000] {logging_mixin.py:190} INFO - [2024-10-16T02:28:07.593+0000] {dag.py:3239} INFO - Sync 1 DAGs
[2024-10-16T02:28:07.616+0000] {logging_mixin.py:190} INFO - [2024-10-16T02:28:07.615+0000] {dag.py:4180} INFO - Setting next_dagrun for example_sensors to None, run_after=None
[2024-10-16T02:28:07.645+0000] {processor.py:208} INFO - Processing /home/airflow/.local/lib/python3.12/site-packages/airflow/example_dags/example_sensors.py took 0.121 seconds
[2024-10-16T02:28:38.149+0000] {processor.py:186} INFO - Started process (PID=1008) to work on /home/airflow/.local/lib/python3.12/site-packages/airflow/example_dags/example_sensors.py
[2024-10-16T02:28:38.150+0000] {processor.py:914} INFO - Processing file /home/airflow/.local/lib/python3.12/site-packages/airflow/example_dags/example_sensors.py for tasks to queue
[2024-10-16T02:28:38.152+0000] {logging_mixin.py:190} INFO - [2024-10-16T02:28:38.152+0000] {dagbag.py:588} INFO - Filling up the DagBag from /home/airflow/.local/lib/python3.12/site-packages/airflow/example_dags/example_sensors.py
[2024-10-16T02:28:38.159+0000] {processor.py:925} INFO - DAG(s) 'example_sensors' retrieved from /home/airflow/.local/lib/python3.12/site-packages/airflow/example_dags/example_sensors.py
[2024-10-16T02:28:38.179+0000] {logging_mixin.py:190} INFO - [2024-10-16T02:28:38.179+0000] {dag.py:3239} INFO - Sync 1 DAGs
[2024-10-16T02:28:38.190+0000] {logging_mixin.py:190} INFO - [2024-10-16T02:28:38.190+0000] {dag.py:4180} INFO - Setting next_dagrun for example_sensors to None, run_after=None
[2024-10-16T02:28:38.204+0000] {processor.py:208} INFO - Processing /home/airflow/.local/lib/python3.12/site-packages/airflow/example_dags/example_sensors.py took 0.060 seconds
[2024-10-16T02:29:08.470+0000] {processor.py:186} INFO - Started process (PID=1073) to work on /home/airflow/.local/lib/python3.12/site-packages/airflow/example_dags/example_sensors.py
[2024-10-16T02:29:08.471+0000] {processor.py:914} INFO - Processing file /home/airflow/.local/lib/python3.12/site-packages/airflow/example_dags/example_sensors.py for tasks to queue
[2024-10-16T02:29:08.472+0000] {logging_mixin.py:190} INFO - [2024-10-16T02:29:08.472+0000] {dagbag.py:588} INFO - Filling up the DagBag from /home/airflow/.local/lib/python3.12/site-packages/airflow/example_dags/example_sensors.py
[2024-10-16T02:29:08.480+0000] {processor.py:925} INFO - DAG(s) 'example_sensors' retrieved from /home/airflow/.local/lib/python3.12/site-packages/airflow/example_dags/example_sensors.py
[2024-10-16T02:29:08.499+0000] {logging_mixin.py:190} INFO - [2024-10-16T02:29:08.499+0000] {dag.py:3239} INFO - Sync 1 DAGs
[2024-10-16T02:29:08.509+0000] {logging_mixin.py:190} INFO - [2024-10-16T02:29:08.509+0000] {dag.py:4180} INFO - Setting next_dagrun for example_sensors to None, run_after=None
[2024-10-16T02:29:08.527+0000] {processor.py:208} INFO - Processing /home/airflow/.local/lib/python3.12/site-packages/airflow/example_dags/example_sensors.py took 0.062 seconds
[2024-10-16T02:29:38.724+0000] {processor.py:186} INFO - Started process (PID=1138) to work on /home/airflow/.local/lib/python3.12/site-packages/airflow/example_dags/example_sensors.py
[2024-10-16T02:29:38.725+0000] {processor.py:914} INFO - Processing file /home/airflow/.local/lib/python3.12/site-packages/airflow/example_dags/example_sensors.py for tasks to queue
[2024-10-16T02:29:38.726+0000] {logging_mixin.py:190} INFO - [2024-10-16T02:29:38.726+0000] {dagbag.py:588} INFO - Filling up the DagBag from /home/airflow/.local/lib/python3.12/site-packages/airflow/example_dags/example_sensors.py
[2024-10-16T02:29:38.734+0000] {processor.py:925} INFO - DAG(s) 'example_sensors' retrieved from /home/airflow/.local/lib/python3.12/site-packages/airflow/example_dags/example_sensors.py
[2024-10-16T02:29:38.757+0000] {logging_mixin.py:190} INFO - [2024-10-16T02:29:38.756+0000] {dag.py:3239} INFO - Sync 1 DAGs
[2024-10-16T02:29:38.767+0000] {logging_mixin.py:190} INFO - [2024-10-16T02:29:38.767+0000] {dag.py:4180} INFO - Setting next_dagrun for example_sensors to None, run_after=None
[2024-10-16T02:29:38.783+0000] {processor.py:208} INFO - Processing /home/airflow/.local/lib/python3.12/site-packages/airflow/example_dags/example_sensors.py took 0.064 seconds
[2024-10-16T02:30:09.000+0000] {processor.py:186} INFO - Started process (PID=1203) to work on /home/airflow/.local/lib/python3.12/site-packages/airflow/example_dags/example_sensors.py
[2024-10-16T02:30:09.001+0000] {processor.py:914} INFO - Processing file /home/airflow/.local/lib/python3.12/site-packages/airflow/example_dags/example_sensors.py for tasks to queue
[2024-10-16T02:30:09.003+0000] {logging_mixin.py:190} INFO - [2024-10-16T02:30:09.003+0000] {dagbag.py:588} INFO - Filling up the DagBag from /home/airflow/.local/lib/python3.12/site-packages/airflow/example_dags/example_sensors.py
[2024-10-16T02:30:09.012+0000] {processor.py:925} INFO - DAG(s) 'example_sensors' retrieved from /home/airflow/.local/lib/python3.12/site-packages/airflow/example_dags/example_sensors.py
[2024-10-16T02:30:09.033+0000] {logging_mixin.py:190} INFO - [2024-10-16T02:30:09.033+0000] {dag.py:3239} INFO - Sync 1 DAGs
[2024-10-16T02:30:09.045+0000] {logging_mixin.py:190} INFO - [2024-10-16T02:30:09.045+0000] {dag.py:4180} INFO - Setting next_dagrun for example_sensors to None, run_after=None
[2024-10-16T02:30:09.060+0000] {processor.py:208} INFO - Processing /home/airflow/.local/lib/python3.12/site-packages/airflow/example_dags/example_sensors.py took 0.065 seconds
[2024-10-16T02:30:40.015+0000] {processor.py:186} INFO - Started process (PID=1269) to work on /home/airflow/.local/lib/python3.12/site-packages/airflow/example_dags/example_sensors.py
[2024-10-16T02:30:40.015+0000] {processor.py:914} INFO - Processing file /home/airflow/.local/lib/python3.12/site-packages/airflow/example_dags/example_sensors.py for tasks to queue
[2024-10-16T02:30:40.017+0000] {logging_mixin.py:190} INFO - [2024-10-16T02:30:40.017+0000] {dagbag.py:588} INFO - Filling up the DagBag from /home/airflow/.local/lib/python3.12/site-packages/airflow/example_dags/example_sensors.py
[2024-10-16T02:30:40.027+0000] {processor.py:925} INFO - DAG(s) 'example_sensors' retrieved from /home/airflow/.local/lib/python3.12/site-packages/airflow/example_dags/example_sensors.py
[2024-10-16T02:30:40.047+0000] {logging_mixin.py:190} INFO - [2024-10-16T02:30:40.047+0000] {dag.py:3239} INFO - Sync 1 DAGs
[2024-10-16T02:30:40.059+0000] {logging_mixin.py:190} INFO - [2024-10-16T02:30:40.059+0000] {dag.py:4180} INFO - Setting next_dagrun for example_sensors to None, run_after=None
[2024-10-16T02:30:40.075+0000] {processor.py:208} INFO - Processing /home/airflow/.local/lib/python3.12/site-packages/airflow/example_dags/example_sensors.py took 0.064 seconds
