[2024-10-16T01:49:36.128+0000] {processor.py:186} INFO - Started process (PID=104) to work on /home/airflow/.local/lib/python3.12/site-packages/airflow/example_dags/example_complex.py
[2024-10-16T01:49:36.129+0000] {processor.py:914} INFO - Processing file /home/airflow/.local/lib/python3.12/site-packages/airflow/example_dags/example_complex.py for tasks to queue
[2024-10-16T01:49:36.131+0000] {logging_mixin.py:190} INFO - [2024-10-16T01:49:36.131+0000] {dagbag.py:588} INFO - Filling up the DagBag from /home/airflow/.local/lib/python3.12/site-packages/airflow/example_dags/example_complex.py
[2024-10-16T01:49:36.144+0000] {processor.py:925} INFO - DAG(s) 'example_complex' retrieved from /home/airflow/.local/lib/python3.12/site-packages/airflow/example_dags/example_complex.py
[2024-10-16T01:49:36.265+0000] {logging_mixin.py:190} INFO - [2024-10-16T01:49:36.264+0000] {override.py:1900} INFO - Created Permission View: can edit on DAG:example_complex
[2024-10-16T01:49:36.276+0000] {logging_mixin.py:190} INFO - [2024-10-16T01:49:36.276+0000] {override.py:1900} INFO - Created Permission View: can delete on DAG:example_complex
[2024-10-16T01:49:36.285+0000] {logging_mixin.py:190} INFO - [2024-10-16T01:49:36.285+0000] {override.py:1900} INFO - Created Permission View: can read on DAG:example_complex
[2024-10-16T01:49:36.294+0000] {logging_mixin.py:190} INFO - [2024-10-16T01:49:36.294+0000] {override.py:1900} INFO - Created Permission View: can create on DAG Run:example_complex
[2024-10-16T01:49:36.302+0000] {logging_mixin.py:190} INFO - [2024-10-16T01:49:36.302+0000] {override.py:1900} INFO - Created Permission View: can delete on DAG Run:example_complex
[2024-10-16T01:49:36.309+0000] {logging_mixin.py:190} INFO - [2024-10-16T01:49:36.309+0000] {override.py:1900} INFO - Created Permission View: can read on DAG Run:example_complex
[2024-10-16T01:49:36.317+0000] {logging_mixin.py:190} INFO - [2024-10-16T01:49:36.317+0000] {override.py:1900} INFO - Created Permission View: menu access on DAG Run:example_complex
[2024-10-16T01:49:36.318+0000] {logging_mixin.py:190} INFO - [2024-10-16T01:49:36.318+0000] {dag.py:3239} INFO - Sync 1 DAGs
[2024-10-16T01:49:36.330+0000] {logging_mixin.py:190} INFO - [2024-10-16T01:49:36.329+0000] {dag.py:3262} INFO - Creating ORM DAG for example_complex
[2024-10-16T01:49:36.331+0000] {logging_mixin.py:190} INFO - [2024-10-16T01:49:36.330+0000] {dag.py:4180} INFO - Setting next_dagrun for example_complex to None, run_after=None
[2024-10-16T01:49:36.347+0000] {processor.py:208} INFO - Processing /home/airflow/.local/lib/python3.12/site-packages/airflow/example_dags/example_complex.py took 0.224 seconds
[2024-10-16T01:50:07.216+0000] {processor.py:186} INFO - Started process (PID=166) to work on /home/airflow/.local/lib/python3.12/site-packages/airflow/example_dags/example_complex.py
[2024-10-16T01:50:07.219+0000] {processor.py:914} INFO - Processing file /home/airflow/.local/lib/python3.12/site-packages/airflow/example_dags/example_complex.py for tasks to queue
[2024-10-16T01:50:07.227+0000] {logging_mixin.py:190} INFO - [2024-10-16T01:50:07.226+0000] {dagbag.py:588} INFO - Filling up the DagBag from /home/airflow/.local/lib/python3.12/site-packages/airflow/example_dags/example_complex.py
[2024-10-16T01:50:07.266+0000] {processor.py:925} INFO - DAG(s) 'example_complex' retrieved from /home/airflow/.local/lib/python3.12/site-packages/airflow/example_dags/example_complex.py
[2024-10-16T01:50:07.369+0000] {logging_mixin.py:190} INFO - [2024-10-16T01:50:07.368+0000] {dag.py:3239} INFO - Sync 1 DAGs
[2024-10-16T01:50:07.423+0000] {logging_mixin.py:190} INFO - [2024-10-16T01:50:07.423+0000] {dag.py:4180} INFO - Setting next_dagrun for example_complex to None, run_after=None
[2024-10-16T01:50:07.475+0000] {processor.py:208} INFO - Processing /home/airflow/.local/lib/python3.12/site-packages/airflow/example_dags/example_complex.py took 0.282 seconds
[2024-10-16T01:50:37.982+0000] {processor.py:186} INFO - Started process (PID=228) to work on /home/airflow/.local/lib/python3.12/site-packages/airflow/example_dags/example_complex.py
[2024-10-16T01:50:37.983+0000] {processor.py:914} INFO - Processing file /home/airflow/.local/lib/python3.12/site-packages/airflow/example_dags/example_complex.py for tasks to queue
[2024-10-16T01:50:37.985+0000] {logging_mixin.py:190} INFO - [2024-10-16T01:50:37.984+0000] {dagbag.py:588} INFO - Filling up the DagBag from /home/airflow/.local/lib/python3.12/site-packages/airflow/example_dags/example_complex.py
[2024-10-16T01:50:37.993+0000] {processor.py:925} INFO - DAG(s) 'example_complex' retrieved from /home/airflow/.local/lib/python3.12/site-packages/airflow/example_dags/example_complex.py
[2024-10-16T01:50:38.017+0000] {logging_mixin.py:190} INFO - [2024-10-16T01:50:38.017+0000] {dag.py:3239} INFO - Sync 1 DAGs
[2024-10-16T01:50:38.028+0000] {logging_mixin.py:190} INFO - [2024-10-16T01:50:38.028+0000] {dag.py:4180} INFO - Setting next_dagrun for example_complex to None, run_after=None
[2024-10-16T01:50:38.045+0000] {processor.py:208} INFO - Processing /home/airflow/.local/lib/python3.12/site-packages/airflow/example_dags/example_complex.py took 0.067 seconds
[2024-10-16T01:51:08.138+0000] {processor.py:186} INFO - Started process (PID=290) to work on /home/airflow/.local/lib/python3.12/site-packages/airflow/example_dags/example_complex.py
[2024-10-16T01:51:08.140+0000] {processor.py:914} INFO - Processing file /home/airflow/.local/lib/python3.12/site-packages/airflow/example_dags/example_complex.py for tasks to queue
[2024-10-16T01:51:08.142+0000] {logging_mixin.py:190} INFO - [2024-10-16T01:51:08.142+0000] {dagbag.py:588} INFO - Filling up the DagBag from /home/airflow/.local/lib/python3.12/site-packages/airflow/example_dags/example_complex.py
[2024-10-16T01:51:08.154+0000] {processor.py:925} INFO - DAG(s) 'example_complex' retrieved from /home/airflow/.local/lib/python3.12/site-packages/airflow/example_dags/example_complex.py
[2024-10-16T01:51:08.188+0000] {logging_mixin.py:190} INFO - [2024-10-16T01:51:08.188+0000] {dag.py:3239} INFO - Sync 1 DAGs
[2024-10-16T01:51:08.204+0000] {logging_mixin.py:190} INFO - [2024-10-16T01:51:08.203+0000] {dag.py:4180} INFO - Setting next_dagrun for example_complex to None, run_after=None
[2024-10-16T01:51:08.223+0000] {processor.py:208} INFO - Processing /home/airflow/.local/lib/python3.12/site-packages/airflow/example_dags/example_complex.py took 0.090 seconds
[2024-10-16T01:51:40.621+0000] {processor.py:186} INFO - Started process (PID=352) to work on /home/airflow/.local/lib/python3.12/site-packages/airflow/example_dags/example_complex.py
[2024-10-16T01:51:40.623+0000] {processor.py:914} INFO - Processing file /home/airflow/.local/lib/python3.12/site-packages/airflow/example_dags/example_complex.py for tasks to queue
[2024-10-16T01:51:40.628+0000] {logging_mixin.py:190} INFO - [2024-10-16T01:51:40.627+0000] {dagbag.py:588} INFO - Filling up the DagBag from /home/airflow/.local/lib/python3.12/site-packages/airflow/example_dags/example_complex.py
[2024-10-16T01:51:40.653+0000] {processor.py:925} INFO - DAG(s) 'example_complex' retrieved from /home/airflow/.local/lib/python3.12/site-packages/airflow/example_dags/example_complex.py
[2024-10-16T01:51:40.717+0000] {logging_mixin.py:190} INFO - [2024-10-16T01:51:40.717+0000] {dag.py:3239} INFO - Sync 1 DAGs
[2024-10-16T01:51:40.752+0000] {logging_mixin.py:190} INFO - [2024-10-16T01:51:40.751+0000] {dag.py:4180} INFO - Setting next_dagrun for example_complex to None, run_after=None
[2024-10-16T01:51:40.822+0000] {processor.py:208} INFO - Processing /home/airflow/.local/lib/python3.12/site-packages/airflow/example_dags/example_complex.py took 0.212 seconds
[2024-10-16T01:52:11.576+0000] {processor.py:186} INFO - Started process (PID=414) to work on /home/airflow/.local/lib/python3.12/site-packages/airflow/example_dags/example_complex.py
[2024-10-16T01:52:11.578+0000] {processor.py:914} INFO - Processing file /home/airflow/.local/lib/python3.12/site-packages/airflow/example_dags/example_complex.py for tasks to queue
[2024-10-16T01:52:11.580+0000] {logging_mixin.py:190} INFO - [2024-10-16T01:52:11.580+0000] {dagbag.py:588} INFO - Filling up the DagBag from /home/airflow/.local/lib/python3.12/site-packages/airflow/example_dags/example_complex.py
[2024-10-16T01:52:11.589+0000] {processor.py:925} INFO - DAG(s) 'example_complex' retrieved from /home/airflow/.local/lib/python3.12/site-packages/airflow/example_dags/example_complex.py
[2024-10-16T01:52:11.614+0000] {logging_mixin.py:190} INFO - [2024-10-16T01:52:11.614+0000] {dag.py:3239} INFO - Sync 1 DAGs
[2024-10-16T01:52:11.626+0000] {logging_mixin.py:190} INFO - [2024-10-16T01:52:11.626+0000] {dag.py:4180} INFO - Setting next_dagrun for example_complex to None, run_after=None
[2024-10-16T01:52:11.646+0000] {processor.py:208} INFO - Processing /home/airflow/.local/lib/python3.12/site-packages/airflow/example_dags/example_complex.py took 0.075 seconds
[2024-10-16T01:52:42.562+0000] {processor.py:186} INFO - Started process (PID=476) to work on /home/airflow/.local/lib/python3.12/site-packages/airflow/example_dags/example_complex.py
[2024-10-16T01:52:42.564+0000] {processor.py:914} INFO - Processing file /home/airflow/.local/lib/python3.12/site-packages/airflow/example_dags/example_complex.py for tasks to queue
[2024-10-16T01:52:42.565+0000] {logging_mixin.py:190} INFO - [2024-10-16T01:52:42.565+0000] {dagbag.py:588} INFO - Filling up the DagBag from /home/airflow/.local/lib/python3.12/site-packages/airflow/example_dags/example_complex.py
[2024-10-16T01:52:42.574+0000] {processor.py:925} INFO - DAG(s) 'example_complex' retrieved from /home/airflow/.local/lib/python3.12/site-packages/airflow/example_dags/example_complex.py
[2024-10-16T01:52:42.600+0000] {logging_mixin.py:190} INFO - [2024-10-16T01:52:42.600+0000] {dag.py:3239} INFO - Sync 1 DAGs
[2024-10-16T01:52:42.614+0000] {logging_mixin.py:190} INFO - [2024-10-16T01:52:42.613+0000] {dag.py:4180} INFO - Setting next_dagrun for example_complex to None, run_after=None
[2024-10-16T01:52:42.630+0000] {processor.py:208} INFO - Processing /home/airflow/.local/lib/python3.12/site-packages/airflow/example_dags/example_complex.py took 0.073 seconds
[2024-10-16T01:53:12.865+0000] {processor.py:186} INFO - Started process (PID=538) to work on /home/airflow/.local/lib/python3.12/site-packages/airflow/example_dags/example_complex.py
[2024-10-16T01:53:12.867+0000] {processor.py:914} INFO - Processing file /home/airflow/.local/lib/python3.12/site-packages/airflow/example_dags/example_complex.py for tasks to queue
[2024-10-16T01:53:12.869+0000] {logging_mixin.py:190} INFO - [2024-10-16T01:53:12.869+0000] {dagbag.py:588} INFO - Filling up the DagBag from /home/airflow/.local/lib/python3.12/site-packages/airflow/example_dags/example_complex.py
[2024-10-16T01:53:12.878+0000] {processor.py:925} INFO - DAG(s) 'example_complex' retrieved from /home/airflow/.local/lib/python3.12/site-packages/airflow/example_dags/example_complex.py
[2024-10-16T01:53:12.905+0000] {logging_mixin.py:190} INFO - [2024-10-16T01:53:12.905+0000] {dag.py:3239} INFO - Sync 1 DAGs
[2024-10-16T01:53:12.919+0000] {logging_mixin.py:190} INFO - [2024-10-16T01:53:12.919+0000] {dag.py:4180} INFO - Setting next_dagrun for example_complex to None, run_after=None
[2024-10-16T01:53:12.957+0000] {processor.py:208} INFO - Processing /home/airflow/.local/lib/python3.12/site-packages/airflow/example_dags/example_complex.py took 0.098 seconds
[2024-10-16T01:53:43.000+0000] {processor.py:186} INFO - Started process (PID=601) to work on /home/airflow/.local/lib/python3.12/site-packages/airflow/example_dags/example_complex.py
[2024-10-16T01:53:43.001+0000] {processor.py:914} INFO - Processing file /home/airflow/.local/lib/python3.12/site-packages/airflow/example_dags/example_complex.py for tasks to queue
[2024-10-16T01:53:43.003+0000] {logging_mixin.py:190} INFO - [2024-10-16T01:53:43.003+0000] {dagbag.py:588} INFO - Filling up the DagBag from /home/airflow/.local/lib/python3.12/site-packages/airflow/example_dags/example_complex.py
[2024-10-16T01:53:43.013+0000] {processor.py:925} INFO - DAG(s) 'example_complex' retrieved from /home/airflow/.local/lib/python3.12/site-packages/airflow/example_dags/example_complex.py
[2024-10-16T01:53:43.037+0000] {logging_mixin.py:190} INFO - [2024-10-16T01:53:43.037+0000] {dag.py:3239} INFO - Sync 1 DAGs
[2024-10-16T01:53:43.048+0000] {logging_mixin.py:190} INFO - [2024-10-16T01:53:43.048+0000] {dag.py:4180} INFO - Setting next_dagrun for example_complex to None, run_after=None
[2024-10-16T01:53:43.065+0000] {processor.py:208} INFO - Processing /home/airflow/.local/lib/python3.12/site-packages/airflow/example_dags/example_complex.py took 0.070 seconds
[2024-10-16T01:54:13.954+0000] {processor.py:186} INFO - Started process (PID=662) to work on /home/airflow/.local/lib/python3.12/site-packages/airflow/example_dags/example_complex.py
[2024-10-16T01:54:13.954+0000] {processor.py:914} INFO - Processing file /home/airflow/.local/lib/python3.12/site-packages/airflow/example_dags/example_complex.py for tasks to queue
[2024-10-16T01:54:13.956+0000] {logging_mixin.py:190} INFO - [2024-10-16T01:54:13.956+0000] {dagbag.py:588} INFO - Filling up the DagBag from /home/airflow/.local/lib/python3.12/site-packages/airflow/example_dags/example_complex.py
[2024-10-16T01:54:13.965+0000] {processor.py:925} INFO - DAG(s) 'example_complex' retrieved from /home/airflow/.local/lib/python3.12/site-packages/airflow/example_dags/example_complex.py
[2024-10-16T01:54:13.989+0000] {logging_mixin.py:190} INFO - [2024-10-16T01:54:13.989+0000] {dag.py:3239} INFO - Sync 1 DAGs
[2024-10-16T01:54:14.002+0000] {logging_mixin.py:190} INFO - [2024-10-16T01:54:14.001+0000] {dag.py:4180} INFO - Setting next_dagrun for example_complex to None, run_after=None
[2024-10-16T01:54:14.018+0000] {processor.py:208} INFO - Processing /home/airflow/.local/lib/python3.12/site-packages/airflow/example_dags/example_complex.py took 0.069 seconds
[2024-10-16T01:54:44.300+0000] {processor.py:186} INFO - Started process (PID=724) to work on /home/airflow/.local/lib/python3.12/site-packages/airflow/example_dags/example_complex.py
[2024-10-16T01:54:44.301+0000] {processor.py:914} INFO - Processing file /home/airflow/.local/lib/python3.12/site-packages/airflow/example_dags/example_complex.py for tasks to queue
[2024-10-16T01:54:44.303+0000] {logging_mixin.py:190} INFO - [2024-10-16T01:54:44.302+0000] {dagbag.py:588} INFO - Filling up the DagBag from /home/airflow/.local/lib/python3.12/site-packages/airflow/example_dags/example_complex.py
[2024-10-16T01:54:44.312+0000] {processor.py:925} INFO - DAG(s) 'example_complex' retrieved from /home/airflow/.local/lib/python3.12/site-packages/airflow/example_dags/example_complex.py
[2024-10-16T01:54:44.340+0000] {logging_mixin.py:190} INFO - [2024-10-16T01:54:44.339+0000] {dag.py:3239} INFO - Sync 1 DAGs
[2024-10-16T01:54:44.356+0000] {logging_mixin.py:190} INFO - [2024-10-16T01:54:44.355+0000] {dag.py:4180} INFO - Setting next_dagrun for example_complex to None, run_after=None
[2024-10-16T01:54:44.373+0000] {processor.py:208} INFO - Processing /home/airflow/.local/lib/python3.12/site-packages/airflow/example_dags/example_complex.py took 0.078 seconds
[2024-10-16T01:55:14.524+0000] {processor.py:186} INFO - Started process (PID=786) to work on /home/airflow/.local/lib/python3.12/site-packages/airflow/example_dags/example_complex.py
[2024-10-16T01:55:14.525+0000] {processor.py:914} INFO - Processing file /home/airflow/.local/lib/python3.12/site-packages/airflow/example_dags/example_complex.py for tasks to queue
[2024-10-16T01:55:14.527+0000] {logging_mixin.py:190} INFO - [2024-10-16T01:55:14.526+0000] {dagbag.py:588} INFO - Filling up the DagBag from /home/airflow/.local/lib/python3.12/site-packages/airflow/example_dags/example_complex.py
[2024-10-16T01:55:14.537+0000] {processor.py:925} INFO - DAG(s) 'example_complex' retrieved from /home/airflow/.local/lib/python3.12/site-packages/airflow/example_dags/example_complex.py
[2024-10-16T01:55:14.567+0000] {logging_mixin.py:190} INFO - [2024-10-16T01:55:14.567+0000] {dag.py:3239} INFO - Sync 1 DAGs
[2024-10-16T01:55:14.581+0000] {logging_mixin.py:190} INFO - [2024-10-16T01:55:14.581+0000] {dag.py:4180} INFO - Setting next_dagrun for example_complex to None, run_after=None
[2024-10-16T01:55:14.603+0000] {processor.py:208} INFO - Processing /home/airflow/.local/lib/python3.12/site-packages/airflow/example_dags/example_complex.py took 0.084 seconds
[2024-10-16T01:55:44.940+0000] {processor.py:186} INFO - Started process (PID=848) to work on /home/airflow/.local/lib/python3.12/site-packages/airflow/example_dags/example_complex.py
[2024-10-16T01:55:44.941+0000] {processor.py:914} INFO - Processing file /home/airflow/.local/lib/python3.12/site-packages/airflow/example_dags/example_complex.py for tasks to queue
[2024-10-16T01:55:44.943+0000] {logging_mixin.py:190} INFO - [2024-10-16T01:55:44.943+0000] {dagbag.py:588} INFO - Filling up the DagBag from /home/airflow/.local/lib/python3.12/site-packages/airflow/example_dags/example_complex.py
[2024-10-16T01:55:44.955+0000] {processor.py:925} INFO - DAG(s) 'example_complex' retrieved from /home/airflow/.local/lib/python3.12/site-packages/airflow/example_dags/example_complex.py
[2024-10-16T01:55:44.982+0000] {logging_mixin.py:190} INFO - [2024-10-16T01:55:44.982+0000] {dag.py:3239} INFO - Sync 1 DAGs
[2024-10-16T01:55:44.992+0000] {logging_mixin.py:190} INFO - [2024-10-16T01:55:44.992+0000] {dag.py:4180} INFO - Setting next_dagrun for example_complex to None, run_after=None
[2024-10-16T01:55:45.010+0000] {processor.py:208} INFO - Processing /home/airflow/.local/lib/python3.12/site-packages/airflow/example_dags/example_complex.py took 0.074 seconds
[2024-10-16T01:56:15.964+0000] {processor.py:186} INFO - Started process (PID=910) to work on /home/airflow/.local/lib/python3.12/site-packages/airflow/example_dags/example_complex.py
[2024-10-16T01:56:15.964+0000] {processor.py:914} INFO - Processing file /home/airflow/.local/lib/python3.12/site-packages/airflow/example_dags/example_complex.py for tasks to queue
[2024-10-16T01:56:15.966+0000] {logging_mixin.py:190} INFO - [2024-10-16T01:56:15.966+0000] {dagbag.py:588} INFO - Filling up the DagBag from /home/airflow/.local/lib/python3.12/site-packages/airflow/example_dags/example_complex.py
[2024-10-16T01:56:15.976+0000] {processor.py:925} INFO - DAG(s) 'example_complex' retrieved from /home/airflow/.local/lib/python3.12/site-packages/airflow/example_dags/example_complex.py
[2024-10-16T01:56:16.000+0000] {logging_mixin.py:190} INFO - [2024-10-16T01:56:15.999+0000] {dag.py:3239} INFO - Sync 1 DAGs
[2024-10-16T01:56:16.015+0000] {logging_mixin.py:190} INFO - [2024-10-16T01:56:16.015+0000] {dag.py:4180} INFO - Setting next_dagrun for example_complex to None, run_after=None
[2024-10-16T01:56:16.034+0000] {processor.py:208} INFO - Processing /home/airflow/.local/lib/python3.12/site-packages/airflow/example_dags/example_complex.py took 0.076 seconds
[2024-10-16T01:56:46.850+0000] {processor.py:186} INFO - Started process (PID=972) to work on /home/airflow/.local/lib/python3.12/site-packages/airflow/example_dags/example_complex.py
[2024-10-16T01:56:46.852+0000] {processor.py:914} INFO - Processing file /home/airflow/.local/lib/python3.12/site-packages/airflow/example_dags/example_complex.py for tasks to queue
[2024-10-16T01:56:46.855+0000] {logging_mixin.py:190} INFO - [2024-10-16T01:56:46.854+0000] {dagbag.py:588} INFO - Filling up the DagBag from /home/airflow/.local/lib/python3.12/site-packages/airflow/example_dags/example_complex.py
[2024-10-16T01:56:46.868+0000] {processor.py:925} INFO - DAG(s) 'example_complex' retrieved from /home/airflow/.local/lib/python3.12/site-packages/airflow/example_dags/example_complex.py
[2024-10-16T01:56:46.905+0000] {logging_mixin.py:190} INFO - [2024-10-16T01:56:46.905+0000] {dag.py:3239} INFO - Sync 1 DAGs
[2024-10-16T01:56:46.924+0000] {logging_mixin.py:190} INFO - [2024-10-16T01:56:46.923+0000] {dag.py:4180} INFO - Setting next_dagrun for example_complex to None, run_after=None
[2024-10-16T01:56:46.948+0000] {processor.py:208} INFO - Processing /home/airflow/.local/lib/python3.12/site-packages/airflow/example_dags/example_complex.py took 0.106 seconds
[2024-10-16T01:57:17.233+0000] {processor.py:186} INFO - Started process (PID=1034) to work on /home/airflow/.local/lib/python3.12/site-packages/airflow/example_dags/example_complex.py
[2024-10-16T01:57:17.234+0000] {processor.py:914} INFO - Processing file /home/airflow/.local/lib/python3.12/site-packages/airflow/example_dags/example_complex.py for tasks to queue
[2024-10-16T01:57:17.236+0000] {logging_mixin.py:190} INFO - [2024-10-16T01:57:17.236+0000] {dagbag.py:588} INFO - Filling up the DagBag from /home/airflow/.local/lib/python3.12/site-packages/airflow/example_dags/example_complex.py
[2024-10-16T01:57:17.245+0000] {processor.py:925} INFO - DAG(s) 'example_complex' retrieved from /home/airflow/.local/lib/python3.12/site-packages/airflow/example_dags/example_complex.py
[2024-10-16T01:57:17.271+0000] {logging_mixin.py:190} INFO - [2024-10-16T01:57:17.271+0000] {dag.py:3239} INFO - Sync 1 DAGs
[2024-10-16T01:57:17.282+0000] {logging_mixin.py:190} INFO - [2024-10-16T01:57:17.282+0000] {dag.py:4180} INFO - Setting next_dagrun for example_complex to None, run_after=None
[2024-10-16T01:57:17.299+0000] {processor.py:208} INFO - Processing /home/airflow/.local/lib/python3.12/site-packages/airflow/example_dags/example_complex.py took 0.070 seconds
[2024-10-16T01:57:47.478+0000] {processor.py:186} INFO - Started process (PID=1097) to work on /home/airflow/.local/lib/python3.12/site-packages/airflow/example_dags/example_complex.py
[2024-10-16T01:57:47.479+0000] {processor.py:914} INFO - Processing file /home/airflow/.local/lib/python3.12/site-packages/airflow/example_dags/example_complex.py for tasks to queue
[2024-10-16T01:57:47.481+0000] {logging_mixin.py:190} INFO - [2024-10-16T01:57:47.481+0000] {dagbag.py:588} INFO - Filling up the DagBag from /home/airflow/.local/lib/python3.12/site-packages/airflow/example_dags/example_complex.py
[2024-10-16T01:57:47.491+0000] {processor.py:925} INFO - DAG(s) 'example_complex' retrieved from /home/airflow/.local/lib/python3.12/site-packages/airflow/example_dags/example_complex.py
[2024-10-16T01:57:47.514+0000] {logging_mixin.py:190} INFO - [2024-10-16T01:57:47.514+0000] {dag.py:3239} INFO - Sync 1 DAGs
[2024-10-16T01:57:47.526+0000] {logging_mixin.py:190} INFO - [2024-10-16T01:57:47.526+0000] {dag.py:4180} INFO - Setting next_dagrun for example_complex to None, run_after=None
[2024-10-16T01:57:47.543+0000] {processor.py:208} INFO - Processing /home/airflow/.local/lib/python3.12/site-packages/airflow/example_dags/example_complex.py took 0.069 seconds
[2024-10-16T01:58:17.693+0000] {processor.py:186} INFO - Started process (PID=1159) to work on /home/airflow/.local/lib/python3.12/site-packages/airflow/example_dags/example_complex.py
[2024-10-16T01:58:17.694+0000] {processor.py:914} INFO - Processing file /home/airflow/.local/lib/python3.12/site-packages/airflow/example_dags/example_complex.py for tasks to queue
[2024-10-16T01:58:17.696+0000] {logging_mixin.py:190} INFO - [2024-10-16T01:58:17.696+0000] {dagbag.py:588} INFO - Filling up the DagBag from /home/airflow/.local/lib/python3.12/site-packages/airflow/example_dags/example_complex.py
[2024-10-16T01:58:17.706+0000] {processor.py:925} INFO - DAG(s) 'example_complex' retrieved from /home/airflow/.local/lib/python3.12/site-packages/airflow/example_dags/example_complex.py
[2024-10-16T01:58:17.731+0000] {logging_mixin.py:190} INFO - [2024-10-16T01:58:17.731+0000] {dag.py:3239} INFO - Sync 1 DAGs
[2024-10-16T01:58:17.741+0000] {logging_mixin.py:190} INFO - [2024-10-16T01:58:17.741+0000] {dag.py:4180} INFO - Setting next_dagrun for example_complex to None, run_after=None
[2024-10-16T01:58:17.760+0000] {processor.py:208} INFO - Processing /home/airflow/.local/lib/python3.12/site-packages/airflow/example_dags/example_complex.py took 0.071 seconds
[2024-10-16T01:58:48.545+0000] {processor.py:186} INFO - Started process (PID=1221) to work on /home/airflow/.local/lib/python3.12/site-packages/airflow/example_dags/example_complex.py
[2024-10-16T01:58:48.546+0000] {processor.py:914} INFO - Processing file /home/airflow/.local/lib/python3.12/site-packages/airflow/example_dags/example_complex.py for tasks to queue
[2024-10-16T01:58:48.548+0000] {logging_mixin.py:190} INFO - [2024-10-16T01:58:48.547+0000] {dagbag.py:588} INFO - Filling up the DagBag from /home/airflow/.local/lib/python3.12/site-packages/airflow/example_dags/example_complex.py
[2024-10-16T01:58:48.556+0000] {processor.py:925} INFO - DAG(s) 'example_complex' retrieved from /home/airflow/.local/lib/python3.12/site-packages/airflow/example_dags/example_complex.py
[2024-10-16T01:58:48.581+0000] {logging_mixin.py:190} INFO - [2024-10-16T01:58:48.580+0000] {dag.py:3239} INFO - Sync 1 DAGs
[2024-10-16T01:58:48.592+0000] {logging_mixin.py:190} INFO - [2024-10-16T01:58:48.592+0000] {dag.py:4180} INFO - Setting next_dagrun for example_complex to None, run_after=None
[2024-10-16T01:58:48.612+0000] {processor.py:208} INFO - Processing /home/airflow/.local/lib/python3.12/site-packages/airflow/example_dags/example_complex.py took 0.072 seconds
[2024-10-16T01:59:19.501+0000] {processor.py:186} INFO - Started process (PID=1283) to work on /home/airflow/.local/lib/python3.12/site-packages/airflow/example_dags/example_complex.py
[2024-10-16T01:59:19.501+0000] {processor.py:914} INFO - Processing file /home/airflow/.local/lib/python3.12/site-packages/airflow/example_dags/example_complex.py for tasks to queue
[2024-10-16T01:59:19.503+0000] {logging_mixin.py:190} INFO - [2024-10-16T01:59:19.503+0000] {dagbag.py:588} INFO - Filling up the DagBag from /home/airflow/.local/lib/python3.12/site-packages/airflow/example_dags/example_complex.py
[2024-10-16T01:59:19.513+0000] {processor.py:925} INFO - DAG(s) 'example_complex' retrieved from /home/airflow/.local/lib/python3.12/site-packages/airflow/example_dags/example_complex.py
[2024-10-16T01:59:19.538+0000] {logging_mixin.py:190} INFO - [2024-10-16T01:59:19.538+0000] {dag.py:3239} INFO - Sync 1 DAGs
[2024-10-16T01:59:19.550+0000] {logging_mixin.py:190} INFO - [2024-10-16T01:59:19.549+0000] {dag.py:4180} INFO - Setting next_dagrun for example_complex to None, run_after=None
[2024-10-16T01:59:19.566+0000] {processor.py:208} INFO - Processing /home/airflow/.local/lib/python3.12/site-packages/airflow/example_dags/example_complex.py took 0.069 seconds
[2024-10-16T01:59:49.963+0000] {processor.py:186} INFO - Started process (PID=1345) to work on /home/airflow/.local/lib/python3.12/site-packages/airflow/example_dags/example_complex.py
[2024-10-16T01:59:49.964+0000] {processor.py:914} INFO - Processing file /home/airflow/.local/lib/python3.12/site-packages/airflow/example_dags/example_complex.py for tasks to queue
[2024-10-16T01:59:49.966+0000] {logging_mixin.py:190} INFO - [2024-10-16T01:59:49.966+0000] {dagbag.py:588} INFO - Filling up the DagBag from /home/airflow/.local/lib/python3.12/site-packages/airflow/example_dags/example_complex.py
[2024-10-16T01:59:49.979+0000] {processor.py:925} INFO - DAG(s) 'example_complex' retrieved from /home/airflow/.local/lib/python3.12/site-packages/airflow/example_dags/example_complex.py
[2024-10-16T01:59:50.006+0000] {logging_mixin.py:190} INFO - [2024-10-16T01:59:50.005+0000] {dag.py:3239} INFO - Sync 1 DAGs
[2024-10-16T01:59:50.020+0000] {logging_mixin.py:190} INFO - [2024-10-16T01:59:50.020+0000] {dag.py:4180} INFO - Setting next_dagrun for example_complex to None, run_after=None
[2024-10-16T01:59:50.041+0000] {processor.py:208} INFO - Processing /home/airflow/.local/lib/python3.12/site-packages/airflow/example_dags/example_complex.py took 0.084 seconds
[2024-10-16T02:00:20.350+0000] {processor.py:186} INFO - Started process (PID=1407) to work on /home/airflow/.local/lib/python3.12/site-packages/airflow/example_dags/example_complex.py
[2024-10-16T02:00:20.352+0000] {processor.py:914} INFO - Processing file /home/airflow/.local/lib/python3.12/site-packages/airflow/example_dags/example_complex.py for tasks to queue
[2024-10-16T02:00:20.356+0000] {logging_mixin.py:190} INFO - [2024-10-16T02:00:20.355+0000] {dagbag.py:588} INFO - Filling up the DagBag from /home/airflow/.local/lib/python3.12/site-packages/airflow/example_dags/example_complex.py
[2024-10-16T02:00:20.374+0000] {processor.py:925} INFO - DAG(s) 'example_complex' retrieved from /home/airflow/.local/lib/python3.12/site-packages/airflow/example_dags/example_complex.py
[2024-10-16T02:00:20.416+0000] {logging_mixin.py:190} INFO - [2024-10-16T02:00:20.416+0000] {dag.py:3239} INFO - Sync 1 DAGs
[2024-10-16T02:00:20.437+0000] {logging_mixin.py:190} INFO - [2024-10-16T02:00:20.437+0000] {dag.py:4180} INFO - Setting next_dagrun for example_complex to None, run_after=None
[2024-10-16T02:00:20.467+0000] {processor.py:208} INFO - Processing /home/airflow/.local/lib/python3.12/site-packages/airflow/example_dags/example_complex.py took 0.126 seconds
[2024-10-16T02:00:51.098+0000] {processor.py:186} INFO - Started process (PID=1469) to work on /home/airflow/.local/lib/python3.12/site-packages/airflow/example_dags/example_complex.py
[2024-10-16T02:00:51.099+0000] {processor.py:914} INFO - Processing file /home/airflow/.local/lib/python3.12/site-packages/airflow/example_dags/example_complex.py for tasks to queue
[2024-10-16T02:00:51.104+0000] {logging_mixin.py:190} INFO - [2024-10-16T02:00:51.103+0000] {dagbag.py:588} INFO - Filling up the DagBag from /home/airflow/.local/lib/python3.12/site-packages/airflow/example_dags/example_complex.py
[2024-10-16T02:00:51.123+0000] {processor.py:925} INFO - DAG(s) 'example_complex' retrieved from /home/airflow/.local/lib/python3.12/site-packages/airflow/example_dags/example_complex.py
[2024-10-16T02:00:51.167+0000] {logging_mixin.py:190} INFO - [2024-10-16T02:00:51.166+0000] {dag.py:3239} INFO - Sync 1 DAGs
[2024-10-16T02:00:51.185+0000] {logging_mixin.py:190} INFO - [2024-10-16T02:00:51.184+0000] {dag.py:4180} INFO - Setting next_dagrun for example_complex to None, run_after=None
[2024-10-16T02:00:51.206+0000] {processor.py:208} INFO - Processing /home/airflow/.local/lib/python3.12/site-packages/airflow/example_dags/example_complex.py took 0.116 seconds
[2024-10-16T02:01:21.488+0000] {processor.py:186} INFO - Started process (PID=1531) to work on /home/airflow/.local/lib/python3.12/site-packages/airflow/example_dags/example_complex.py
[2024-10-16T02:01:21.490+0000] {processor.py:914} INFO - Processing file /home/airflow/.local/lib/python3.12/site-packages/airflow/example_dags/example_complex.py for tasks to queue
[2024-10-16T02:01:21.493+0000] {logging_mixin.py:190} INFO - [2024-10-16T02:01:21.492+0000] {dagbag.py:588} INFO - Filling up the DagBag from /home/airflow/.local/lib/python3.12/site-packages/airflow/example_dags/example_complex.py
[2024-10-16T02:01:21.509+0000] {processor.py:925} INFO - DAG(s) 'example_complex' retrieved from /home/airflow/.local/lib/python3.12/site-packages/airflow/example_dags/example_complex.py
[2024-10-16T02:01:21.553+0000] {logging_mixin.py:190} INFO - [2024-10-16T02:01:21.553+0000] {dag.py:3239} INFO - Sync 1 DAGs
[2024-10-16T02:01:21.573+0000] {logging_mixin.py:190} INFO - [2024-10-16T02:01:21.573+0000] {dag.py:4180} INFO - Setting next_dagrun for example_complex to None, run_after=None
[2024-10-16T02:01:21.599+0000] {processor.py:208} INFO - Processing /home/airflow/.local/lib/python3.12/site-packages/airflow/example_dags/example_complex.py took 0.119 seconds
[2024-10-16T02:01:52.599+0000] {processor.py:186} INFO - Started process (PID=1593) to work on /home/airflow/.local/lib/python3.12/site-packages/airflow/example_dags/example_complex.py
[2024-10-16T02:01:52.600+0000] {processor.py:914} INFO - Processing file /home/airflow/.local/lib/python3.12/site-packages/airflow/example_dags/example_complex.py for tasks to queue
[2024-10-16T02:01:52.602+0000] {logging_mixin.py:190} INFO - [2024-10-16T02:01:52.602+0000] {dagbag.py:588} INFO - Filling up the DagBag from /home/airflow/.local/lib/python3.12/site-packages/airflow/example_dags/example_complex.py
[2024-10-16T02:01:52.614+0000] {processor.py:925} INFO - DAG(s) 'example_complex' retrieved from /home/airflow/.local/lib/python3.12/site-packages/airflow/example_dags/example_complex.py
[2024-10-16T02:01:52.639+0000] {logging_mixin.py:190} INFO - [2024-10-16T02:01:52.639+0000] {dag.py:3239} INFO - Sync 1 DAGs
[2024-10-16T02:01:52.651+0000] {logging_mixin.py:190} INFO - [2024-10-16T02:01:52.651+0000] {dag.py:4180} INFO - Setting next_dagrun for example_complex to None, run_after=None
[2024-10-16T02:01:52.667+0000] {processor.py:208} INFO - Processing /home/airflow/.local/lib/python3.12/site-packages/airflow/example_dags/example_complex.py took 0.073 seconds
[2024-10-16T02:02:22.795+0000] {processor.py:186} INFO - Started process (PID=1655) to work on /home/airflow/.local/lib/python3.12/site-packages/airflow/example_dags/example_complex.py
[2024-10-16T02:02:22.796+0000] {processor.py:914} INFO - Processing file /home/airflow/.local/lib/python3.12/site-packages/airflow/example_dags/example_complex.py for tasks to queue
[2024-10-16T02:02:22.797+0000] {logging_mixin.py:190} INFO - [2024-10-16T02:02:22.797+0000] {dagbag.py:588} INFO - Filling up the DagBag from /home/airflow/.local/lib/python3.12/site-packages/airflow/example_dags/example_complex.py
[2024-10-16T02:02:22.806+0000] {processor.py:925} INFO - DAG(s) 'example_complex' retrieved from /home/airflow/.local/lib/python3.12/site-packages/airflow/example_dags/example_complex.py
[2024-10-16T02:02:22.831+0000] {logging_mixin.py:190} INFO - [2024-10-16T02:02:22.831+0000] {dag.py:3239} INFO - Sync 1 DAGs
[2024-10-16T02:02:22.842+0000] {logging_mixin.py:190} INFO - [2024-10-16T02:02:22.842+0000] {dag.py:4180} INFO - Setting next_dagrun for example_complex to None, run_after=None
[2024-10-16T02:02:22.857+0000] {processor.py:208} INFO - Processing /home/airflow/.local/lib/python3.12/site-packages/airflow/example_dags/example_complex.py took 0.067 seconds
[2024-10-16T02:02:53.021+0000] {processor.py:186} INFO - Started process (PID=1717) to work on /home/airflow/.local/lib/python3.12/site-packages/airflow/example_dags/example_complex.py
[2024-10-16T02:02:53.022+0000] {processor.py:914} INFO - Processing file /home/airflow/.local/lib/python3.12/site-packages/airflow/example_dags/example_complex.py for tasks to queue
[2024-10-16T02:02:53.026+0000] {logging_mixin.py:190} INFO - [2024-10-16T02:02:53.026+0000] {dagbag.py:588} INFO - Filling up the DagBag from /home/airflow/.local/lib/python3.12/site-packages/airflow/example_dags/example_complex.py
[2024-10-16T02:02:53.043+0000] {processor.py:925} INFO - DAG(s) 'example_complex' retrieved from /home/airflow/.local/lib/python3.12/site-packages/airflow/example_dags/example_complex.py
[2024-10-16T02:02:53.089+0000] {logging_mixin.py:190} INFO - [2024-10-16T02:02:53.088+0000] {dag.py:3239} INFO - Sync 1 DAGs
[2024-10-16T02:02:53.108+0000] {logging_mixin.py:190} INFO - [2024-10-16T02:02:53.108+0000] {dag.py:4180} INFO - Setting next_dagrun for example_complex to None, run_after=None
[2024-10-16T02:02:53.134+0000] {processor.py:208} INFO - Processing /home/airflow/.local/lib/python3.12/site-packages/airflow/example_dags/example_complex.py took 0.121 seconds
[2024-10-16T02:03:23.282+0000] {processor.py:186} INFO - Started process (PID=1779) to work on /home/airflow/.local/lib/python3.12/site-packages/airflow/example_dags/example_complex.py
[2024-10-16T02:03:23.283+0000] {processor.py:914} INFO - Processing file /home/airflow/.local/lib/python3.12/site-packages/airflow/example_dags/example_complex.py for tasks to queue
[2024-10-16T02:03:23.285+0000] {logging_mixin.py:190} INFO - [2024-10-16T02:03:23.285+0000] {dagbag.py:588} INFO - Filling up the DagBag from /home/airflow/.local/lib/python3.12/site-packages/airflow/example_dags/example_complex.py
[2024-10-16T02:03:23.298+0000] {processor.py:925} INFO - DAG(s) 'example_complex' retrieved from /home/airflow/.local/lib/python3.12/site-packages/airflow/example_dags/example_complex.py
[2024-10-16T02:03:23.329+0000] {logging_mixin.py:190} INFO - [2024-10-16T02:03:23.329+0000] {dag.py:3239} INFO - Sync 1 DAGs
[2024-10-16T02:03:23.342+0000] {logging_mixin.py:190} INFO - [2024-10-16T02:03:23.342+0000] {dag.py:4180} INFO - Setting next_dagrun for example_complex to None, run_after=None
[2024-10-16T02:03:23.359+0000] {processor.py:208} INFO - Processing /home/airflow/.local/lib/python3.12/site-packages/airflow/example_dags/example_complex.py took 0.083 seconds
[2024-10-16T02:03:53.813+0000] {processor.py:186} INFO - Started process (PID=1841) to work on /home/airflow/.local/lib/python3.12/site-packages/airflow/example_dags/example_complex.py
[2024-10-16T02:03:53.814+0000] {processor.py:914} INFO - Processing file /home/airflow/.local/lib/python3.12/site-packages/airflow/example_dags/example_complex.py for tasks to queue
[2024-10-16T02:03:53.817+0000] {logging_mixin.py:190} INFO - [2024-10-16T02:03:53.816+0000] {dagbag.py:588} INFO - Filling up the DagBag from /home/airflow/.local/lib/python3.12/site-packages/airflow/example_dags/example_complex.py
[2024-10-16T02:03:53.830+0000] {processor.py:925} INFO - DAG(s) 'example_complex' retrieved from /home/airflow/.local/lib/python3.12/site-packages/airflow/example_dags/example_complex.py
[2024-10-16T02:03:53.872+0000] {logging_mixin.py:190} INFO - [2024-10-16T02:03:53.872+0000] {dag.py:3239} INFO - Sync 1 DAGs
[2024-10-16T02:03:53.892+0000] {logging_mixin.py:190} INFO - [2024-10-16T02:03:53.892+0000] {dag.py:4180} INFO - Setting next_dagrun for example_complex to None, run_after=None
[2024-10-16T02:03:53.912+0000] {processor.py:208} INFO - Processing /home/airflow/.local/lib/python3.12/site-packages/airflow/example_dags/example_complex.py took 0.106 seconds
[2024-10-16T02:04:24.629+0000] {processor.py:186} INFO - Started process (PID=1903) to work on /home/airflow/.local/lib/python3.12/site-packages/airflow/example_dags/example_complex.py
[2024-10-16T02:04:24.630+0000] {processor.py:914} INFO - Processing file /home/airflow/.local/lib/python3.12/site-packages/airflow/example_dags/example_complex.py for tasks to queue
[2024-10-16T02:04:24.632+0000] {logging_mixin.py:190} INFO - [2024-10-16T02:04:24.632+0000] {dagbag.py:588} INFO - Filling up the DagBag from /home/airflow/.local/lib/python3.12/site-packages/airflow/example_dags/example_complex.py
[2024-10-16T02:04:24.642+0000] {processor.py:925} INFO - DAG(s) 'example_complex' retrieved from /home/airflow/.local/lib/python3.12/site-packages/airflow/example_dags/example_complex.py
[2024-10-16T02:04:24.670+0000] {logging_mixin.py:190} INFO - [2024-10-16T02:04:24.670+0000] {dag.py:3239} INFO - Sync 1 DAGs
[2024-10-16T02:04:24.682+0000] {logging_mixin.py:190} INFO - [2024-10-16T02:04:24.682+0000] {dag.py:4180} INFO - Setting next_dagrun for example_complex to None, run_after=None
[2024-10-16T02:04:24.697+0000] {processor.py:208} INFO - Processing /home/airflow/.local/lib/python3.12/site-packages/airflow/example_dags/example_complex.py took 0.073 seconds
[2024-10-16T02:04:55.677+0000] {processor.py:186} INFO - Started process (PID=1965) to work on /home/airflow/.local/lib/python3.12/site-packages/airflow/example_dags/example_complex.py
[2024-10-16T02:04:55.678+0000] {processor.py:914} INFO - Processing file /home/airflow/.local/lib/python3.12/site-packages/airflow/example_dags/example_complex.py for tasks to queue
[2024-10-16T02:04:55.680+0000] {logging_mixin.py:190} INFO - [2024-10-16T02:04:55.680+0000] {dagbag.py:588} INFO - Filling up the DagBag from /home/airflow/.local/lib/python3.12/site-packages/airflow/example_dags/example_complex.py
[2024-10-16T02:04:55.691+0000] {processor.py:925} INFO - DAG(s) 'example_complex' retrieved from /home/airflow/.local/lib/python3.12/site-packages/airflow/example_dags/example_complex.py
[2024-10-16T02:04:55.717+0000] {logging_mixin.py:190} INFO - [2024-10-16T02:04:55.716+0000] {dag.py:3239} INFO - Sync 1 DAGs
[2024-10-16T02:04:55.729+0000] {logging_mixin.py:190} INFO - [2024-10-16T02:04:55.729+0000] {dag.py:4180} INFO - Setting next_dagrun for example_complex to None, run_after=None
[2024-10-16T02:04:55.745+0000] {processor.py:208} INFO - Processing /home/airflow/.local/lib/python3.12/site-packages/airflow/example_dags/example_complex.py took 0.073 seconds
[2024-10-16T02:05:26.006+0000] {processor.py:186} INFO - Started process (PID=2027) to work on /home/airflow/.local/lib/python3.12/site-packages/airflow/example_dags/example_complex.py
[2024-10-16T02:05:26.007+0000] {processor.py:914} INFO - Processing file /home/airflow/.local/lib/python3.12/site-packages/airflow/example_dags/example_complex.py for tasks to queue
[2024-10-16T02:05:26.010+0000] {logging_mixin.py:190} INFO - [2024-10-16T02:05:26.010+0000] {dagbag.py:588} INFO - Filling up the DagBag from /home/airflow/.local/lib/python3.12/site-packages/airflow/example_dags/example_complex.py
[2024-10-16T02:05:26.027+0000] {processor.py:925} INFO - DAG(s) 'example_complex' retrieved from /home/airflow/.local/lib/python3.12/site-packages/airflow/example_dags/example_complex.py
[2024-10-16T02:05:26.067+0000] {logging_mixin.py:190} INFO - [2024-10-16T02:05:26.067+0000] {dag.py:3239} INFO - Sync 1 DAGs
[2024-10-16T02:05:26.091+0000] {logging_mixin.py:190} INFO - [2024-10-16T02:05:26.090+0000] {dag.py:4180} INFO - Setting next_dagrun for example_complex to None, run_after=None
[2024-10-16T02:05:26.113+0000] {processor.py:208} INFO - Processing /home/airflow/.local/lib/python3.12/site-packages/airflow/example_dags/example_complex.py took 0.115 seconds
[2024-10-16T02:05:56.208+0000] {processor.py:186} INFO - Started process (PID=2089) to work on /home/airflow/.local/lib/python3.12/site-packages/airflow/example_dags/example_complex.py
[2024-10-16T02:05:56.209+0000] {processor.py:914} INFO - Processing file /home/airflow/.local/lib/python3.12/site-packages/airflow/example_dags/example_complex.py for tasks to queue
[2024-10-16T02:05:56.212+0000] {logging_mixin.py:190} INFO - [2024-10-16T02:05:56.212+0000] {dagbag.py:588} INFO - Filling up the DagBag from /home/airflow/.local/lib/python3.12/site-packages/airflow/example_dags/example_complex.py
[2024-10-16T02:05:56.223+0000] {processor.py:925} INFO - DAG(s) 'example_complex' retrieved from /home/airflow/.local/lib/python3.12/site-packages/airflow/example_dags/example_complex.py
[2024-10-16T02:05:56.252+0000] {logging_mixin.py:190} INFO - [2024-10-16T02:05:56.252+0000] {dag.py:3239} INFO - Sync 1 DAGs
[2024-10-16T02:05:56.265+0000] {logging_mixin.py:190} INFO - [2024-10-16T02:05:56.264+0000] {dag.py:4180} INFO - Setting next_dagrun for example_complex to None, run_after=None
[2024-10-16T02:05:56.284+0000] {processor.py:208} INFO - Processing /home/airflow/.local/lib/python3.12/site-packages/airflow/example_dags/example_complex.py took 0.083 seconds
[2024-10-16T02:06:26.397+0000] {processor.py:186} INFO - Started process (PID=2150) to work on /home/airflow/.local/lib/python3.12/site-packages/airflow/example_dags/example_complex.py
[2024-10-16T02:06:26.398+0000] {processor.py:914} INFO - Processing file /home/airflow/.local/lib/python3.12/site-packages/airflow/example_dags/example_complex.py for tasks to queue
[2024-10-16T02:06:26.400+0000] {logging_mixin.py:190} INFO - [2024-10-16T02:06:26.400+0000] {dagbag.py:588} INFO - Filling up the DagBag from /home/airflow/.local/lib/python3.12/site-packages/airflow/example_dags/example_complex.py
[2024-10-16T02:06:26.409+0000] {processor.py:925} INFO - DAG(s) 'example_complex' retrieved from /home/airflow/.local/lib/python3.12/site-packages/airflow/example_dags/example_complex.py
[2024-10-16T02:06:26.438+0000] {logging_mixin.py:190} INFO - [2024-10-16T02:06:26.438+0000] {dag.py:3239} INFO - Sync 1 DAGs
[2024-10-16T02:06:26.449+0000] {logging_mixin.py:190} INFO - [2024-10-16T02:06:26.449+0000] {dag.py:4180} INFO - Setting next_dagrun for example_complex to None, run_after=None
[2024-10-16T02:06:26.465+0000] {processor.py:208} INFO - Processing /home/airflow/.local/lib/python3.12/site-packages/airflow/example_dags/example_complex.py took 0.073 seconds
[2024-10-16T02:06:56.728+0000] {processor.py:186} INFO - Started process (PID=2212) to work on /home/airflow/.local/lib/python3.12/site-packages/airflow/example_dags/example_complex.py
[2024-10-16T02:06:56.729+0000] {processor.py:914} INFO - Processing file /home/airflow/.local/lib/python3.12/site-packages/airflow/example_dags/example_complex.py for tasks to queue
[2024-10-16T02:06:56.731+0000] {logging_mixin.py:190} INFO - [2024-10-16T02:06:56.730+0000] {dagbag.py:588} INFO - Filling up the DagBag from /home/airflow/.local/lib/python3.12/site-packages/airflow/example_dags/example_complex.py
[2024-10-16T02:06:56.739+0000] {processor.py:925} INFO - DAG(s) 'example_complex' retrieved from /home/airflow/.local/lib/python3.12/site-packages/airflow/example_dags/example_complex.py
[2024-10-16T02:06:56.763+0000] {logging_mixin.py:190} INFO - [2024-10-16T02:06:56.763+0000] {dag.py:3239} INFO - Sync 1 DAGs
[2024-10-16T02:06:56.776+0000] {logging_mixin.py:190} INFO - [2024-10-16T02:06:56.775+0000] {dag.py:4180} INFO - Setting next_dagrun for example_complex to None, run_after=None
[2024-10-16T02:06:56.791+0000] {processor.py:208} INFO - Processing /home/airflow/.local/lib/python3.12/site-packages/airflow/example_dags/example_complex.py took 0.067 seconds
[2024-10-16T02:07:27.127+0000] {processor.py:186} INFO - Started process (PID=2274) to work on /home/airflow/.local/lib/python3.12/site-packages/airflow/example_dags/example_complex.py
[2024-10-16T02:07:27.129+0000] {processor.py:914} INFO - Processing file /home/airflow/.local/lib/python3.12/site-packages/airflow/example_dags/example_complex.py for tasks to queue
[2024-10-16T02:07:27.133+0000] {logging_mixin.py:190} INFO - [2024-10-16T02:07:27.133+0000] {dagbag.py:588} INFO - Filling up the DagBag from /home/airflow/.local/lib/python3.12/site-packages/airflow/example_dags/example_complex.py
[2024-10-16T02:07:27.164+0000] {processor.py:925} INFO - DAG(s) 'example_complex' retrieved from /home/airflow/.local/lib/python3.12/site-packages/airflow/example_dags/example_complex.py
[2024-10-16T02:07:27.229+0000] {logging_mixin.py:190} INFO - [2024-10-16T02:07:27.228+0000] {dag.py:3239} INFO - Sync 1 DAGs
[2024-10-16T02:07:27.259+0000] {logging_mixin.py:190} INFO - [2024-10-16T02:07:27.258+0000] {dag.py:4180} INFO - Setting next_dagrun for example_complex to None, run_after=None
[2024-10-16T02:07:27.295+0000] {processor.py:208} INFO - Processing /home/airflow/.local/lib/python3.12/site-packages/airflow/example_dags/example_complex.py took 0.178 seconds
[2024-10-16T02:07:57.407+0000] {processor.py:186} INFO - Started process (PID=2336) to work on /home/airflow/.local/lib/python3.12/site-packages/airflow/example_dags/example_complex.py
[2024-10-16T02:07:57.408+0000] {processor.py:914} INFO - Processing file /home/airflow/.local/lib/python3.12/site-packages/airflow/example_dags/example_complex.py for tasks to queue
[2024-10-16T02:07:57.409+0000] {logging_mixin.py:190} INFO - [2024-10-16T02:07:57.409+0000] {dagbag.py:588} INFO - Filling up the DagBag from /home/airflow/.local/lib/python3.12/site-packages/airflow/example_dags/example_complex.py
[2024-10-16T02:07:57.418+0000] {processor.py:925} INFO - DAG(s) 'example_complex' retrieved from /home/airflow/.local/lib/python3.12/site-packages/airflow/example_dags/example_complex.py
[2024-10-16T02:07:57.442+0000] {logging_mixin.py:190} INFO - [2024-10-16T02:07:57.442+0000] {dag.py:3239} INFO - Sync 1 DAGs
[2024-10-16T02:07:57.454+0000] {logging_mixin.py:190} INFO - [2024-10-16T02:07:57.454+0000] {dag.py:4180} INFO - Setting next_dagrun for example_complex to None, run_after=None
[2024-10-16T02:07:57.469+0000] {processor.py:208} INFO - Processing /home/airflow/.local/lib/python3.12/site-packages/airflow/example_dags/example_complex.py took 0.067 seconds
[2024-10-16T02:08:27.635+0000] {processor.py:186} INFO - Started process (PID=2398) to work on /home/airflow/.local/lib/python3.12/site-packages/airflow/example_dags/example_complex.py
[2024-10-16T02:08:27.636+0000] {processor.py:914} INFO - Processing file /home/airflow/.local/lib/python3.12/site-packages/airflow/example_dags/example_complex.py for tasks to queue
[2024-10-16T02:08:27.638+0000] {logging_mixin.py:190} INFO - [2024-10-16T02:08:27.638+0000] {dagbag.py:588} INFO - Filling up the DagBag from /home/airflow/.local/lib/python3.12/site-packages/airflow/example_dags/example_complex.py
[2024-10-16T02:08:27.648+0000] {processor.py:925} INFO - DAG(s) 'example_complex' retrieved from /home/airflow/.local/lib/python3.12/site-packages/airflow/example_dags/example_complex.py
[2024-10-16T02:08:27.678+0000] {logging_mixin.py:190} INFO - [2024-10-16T02:08:27.678+0000] {dag.py:3239} INFO - Sync 1 DAGs
[2024-10-16T02:08:27.689+0000] {logging_mixin.py:190} INFO - [2024-10-16T02:08:27.689+0000] {dag.py:4180} INFO - Setting next_dagrun for example_complex to None, run_after=None
[2024-10-16T02:08:27.703+0000] {processor.py:208} INFO - Processing /home/airflow/.local/lib/python3.12/site-packages/airflow/example_dags/example_complex.py took 0.073 seconds
[2024-10-16T02:09:11.029+0000] {processor.py:186} INFO - Started process (PID=100) to work on /home/airflow/.local/lib/python3.12/site-packages/airflow/example_dags/example_complex.py
[2024-10-16T02:09:11.031+0000] {processor.py:914} INFO - Processing file /home/airflow/.local/lib/python3.12/site-packages/airflow/example_dags/example_complex.py for tasks to queue
[2024-10-16T02:09:11.036+0000] {logging_mixin.py:190} INFO - [2024-10-16T02:09:11.035+0000] {dagbag.py:588} INFO - Filling up the DagBag from /home/airflow/.local/lib/python3.12/site-packages/airflow/example_dags/example_complex.py
[2024-10-16T02:09:11.062+0000] {processor.py:925} INFO - DAG(s) 'example_complex' retrieved from /home/airflow/.local/lib/python3.12/site-packages/airflow/example_dags/example_complex.py
[2024-10-16T02:09:11.118+0000] {logging_mixin.py:190} INFO - [2024-10-16T02:09:11.117+0000] {dag.py:3239} INFO - Sync 1 DAGs
[2024-10-16T02:09:11.143+0000] {logging_mixin.py:190} INFO - [2024-10-16T02:09:11.143+0000] {dag.py:4180} INFO - Setting next_dagrun for example_complex to None, run_after=None
[2024-10-16T02:09:11.174+0000] {processor.py:208} INFO - Processing /home/airflow/.local/lib/python3.12/site-packages/airflow/example_dags/example_complex.py took 0.154 seconds
[2024-10-16T02:09:41.571+0000] {processor.py:186} INFO - Started process (PID=165) to work on /home/airflow/.local/lib/python3.12/site-packages/airflow/example_dags/example_complex.py
[2024-10-16T02:09:41.572+0000] {processor.py:914} INFO - Processing file /home/airflow/.local/lib/python3.12/site-packages/airflow/example_dags/example_complex.py for tasks to queue
[2024-10-16T02:09:41.574+0000] {logging_mixin.py:190} INFO - [2024-10-16T02:09:41.574+0000] {dagbag.py:588} INFO - Filling up the DagBag from /home/airflow/.local/lib/python3.12/site-packages/airflow/example_dags/example_complex.py
[2024-10-16T02:09:41.582+0000] {processor.py:925} INFO - DAG(s) 'example_complex' retrieved from /home/airflow/.local/lib/python3.12/site-packages/airflow/example_dags/example_complex.py
[2024-10-16T02:09:41.605+0000] {logging_mixin.py:190} INFO - [2024-10-16T02:09:41.605+0000] {dag.py:3239} INFO - Sync 1 DAGs
[2024-10-16T02:09:41.616+0000] {logging_mixin.py:190} INFO - [2024-10-16T02:09:41.616+0000] {dag.py:4180} INFO - Setting next_dagrun for example_complex to None, run_after=None
[2024-10-16T02:09:41.630+0000] {processor.py:208} INFO - Processing /home/airflow/.local/lib/python3.12/site-packages/airflow/example_dags/example_complex.py took 0.063 seconds
[2024-10-16T02:10:12.236+0000] {processor.py:186} INFO - Started process (PID=232) to work on /home/airflow/.local/lib/python3.12/site-packages/airflow/example_dags/example_complex.py
[2024-10-16T02:10:12.237+0000] {processor.py:914} INFO - Processing file /home/airflow/.local/lib/python3.12/site-packages/airflow/example_dags/example_complex.py for tasks to queue
[2024-10-16T02:10:12.239+0000] {logging_mixin.py:190} INFO - [2024-10-16T02:10:12.238+0000] {dagbag.py:588} INFO - Filling up the DagBag from /home/airflow/.local/lib/python3.12/site-packages/airflow/example_dags/example_complex.py
[2024-10-16T02:10:12.248+0000] {processor.py:925} INFO - DAG(s) 'example_complex' retrieved from /home/airflow/.local/lib/python3.12/site-packages/airflow/example_dags/example_complex.py
[2024-10-16T02:10:12.273+0000] {logging_mixin.py:190} INFO - [2024-10-16T02:10:12.273+0000] {dag.py:3239} INFO - Sync 1 DAGs
[2024-10-16T02:10:12.284+0000] {logging_mixin.py:190} INFO - [2024-10-16T02:10:12.284+0000] {dag.py:4180} INFO - Setting next_dagrun for example_complex to None, run_after=None
[2024-10-16T02:10:12.299+0000] {processor.py:208} INFO - Processing /home/airflow/.local/lib/python3.12/site-packages/airflow/example_dags/example_complex.py took 0.067 seconds
[2024-10-16T02:10:43.391+0000] {processor.py:186} INFO - Started process (PID=297) to work on /home/airflow/.local/lib/python3.12/site-packages/airflow/example_dags/example_complex.py
[2024-10-16T02:10:43.392+0000] {processor.py:914} INFO - Processing file /home/airflow/.local/lib/python3.12/site-packages/airflow/example_dags/example_complex.py for tasks to queue
[2024-10-16T02:10:43.394+0000] {logging_mixin.py:190} INFO - [2024-10-16T02:10:43.394+0000] {dagbag.py:588} INFO - Filling up the DagBag from /home/airflow/.local/lib/python3.12/site-packages/airflow/example_dags/example_complex.py
[2024-10-16T02:10:43.403+0000] {processor.py:925} INFO - DAG(s) 'example_complex' retrieved from /home/airflow/.local/lib/python3.12/site-packages/airflow/example_dags/example_complex.py
[2024-10-16T02:10:43.428+0000] {logging_mixin.py:190} INFO - [2024-10-16T02:10:43.428+0000] {dag.py:3239} INFO - Sync 1 DAGs
[2024-10-16T02:10:43.439+0000] {logging_mixin.py:190} INFO - [2024-10-16T02:10:43.439+0000] {dag.py:4180} INFO - Setting next_dagrun for example_complex to None, run_after=None
[2024-10-16T02:10:43.455+0000] {processor.py:208} INFO - Processing /home/airflow/.local/lib/python3.12/site-packages/airflow/example_dags/example_complex.py took 0.068 seconds
[2024-10-16T02:11:13.800+0000] {processor.py:186} INFO - Started process (PID=363) to work on /home/airflow/.local/lib/python3.12/site-packages/airflow/example_dags/example_complex.py
[2024-10-16T02:11:13.801+0000] {processor.py:914} INFO - Processing file /home/airflow/.local/lib/python3.12/site-packages/airflow/example_dags/example_complex.py for tasks to queue
[2024-10-16T02:11:13.803+0000] {logging_mixin.py:190} INFO - [2024-10-16T02:11:13.803+0000] {dagbag.py:588} INFO - Filling up the DagBag from /home/airflow/.local/lib/python3.12/site-packages/airflow/example_dags/example_complex.py
[2024-10-16T02:11:13.812+0000] {processor.py:925} INFO - DAG(s) 'example_complex' retrieved from /home/airflow/.local/lib/python3.12/site-packages/airflow/example_dags/example_complex.py
[2024-10-16T02:11:13.837+0000] {logging_mixin.py:190} INFO - [2024-10-16T02:11:13.837+0000] {dag.py:3239} INFO - Sync 1 DAGs
[2024-10-16T02:11:13.848+0000] {logging_mixin.py:190} INFO - [2024-10-16T02:11:13.848+0000] {dag.py:4180} INFO - Setting next_dagrun for example_complex to None, run_after=None
[2024-10-16T02:11:13.863+0000] {processor.py:208} INFO - Processing /home/airflow/.local/lib/python3.12/site-packages/airflow/example_dags/example_complex.py took 0.067 seconds
[2024-10-16T02:11:49.926+0000] {processor.py:186} INFO - Started process (PID=106) to work on /home/airflow/.local/lib/python3.12/site-packages/airflow/example_dags/example_complex.py
[2024-10-16T02:11:49.927+0000] {processor.py:914} INFO - Processing file /home/airflow/.local/lib/python3.12/site-packages/airflow/example_dags/example_complex.py for tasks to queue
[2024-10-16T02:11:49.930+0000] {logging_mixin.py:190} INFO - [2024-10-16T02:11:49.930+0000] {dagbag.py:588} INFO - Filling up the DagBag from /home/airflow/.local/lib/python3.12/site-packages/airflow/example_dags/example_complex.py
[2024-10-16T02:11:49.947+0000] {processor.py:925} INFO - DAG(s) 'example_complex' retrieved from /home/airflow/.local/lib/python3.12/site-packages/airflow/example_dags/example_complex.py
[2024-10-16T02:11:49.993+0000] {logging_mixin.py:190} INFO - [2024-10-16T02:11:49.992+0000] {dag.py:3239} INFO - Sync 1 DAGs
[2024-10-16T02:11:50.013+0000] {logging_mixin.py:190} INFO - [2024-10-16T02:11:50.013+0000] {dag.py:4180} INFO - Setting next_dagrun for example_complex to None, run_after=None
[2024-10-16T02:11:50.039+0000] {processor.py:208} INFO - Processing /home/airflow/.local/lib/python3.12/site-packages/airflow/example_dags/example_complex.py took 0.120 seconds
[2024-10-16T02:12:20.580+0000] {processor.py:186} INFO - Started process (PID=171) to work on /home/airflow/.local/lib/python3.12/site-packages/airflow/example_dags/example_complex.py
[2024-10-16T02:12:20.581+0000] {processor.py:914} INFO - Processing file /home/airflow/.local/lib/python3.12/site-packages/airflow/example_dags/example_complex.py for tasks to queue
[2024-10-16T02:12:20.583+0000] {logging_mixin.py:190} INFO - [2024-10-16T02:12:20.583+0000] {dagbag.py:588} INFO - Filling up the DagBag from /home/airflow/.local/lib/python3.12/site-packages/airflow/example_dags/example_complex.py
[2024-10-16T02:12:20.597+0000] {processor.py:925} INFO - DAG(s) 'example_complex' retrieved from /home/airflow/.local/lib/python3.12/site-packages/airflow/example_dags/example_complex.py
[2024-10-16T02:12:20.628+0000] {logging_mixin.py:190} INFO - [2024-10-16T02:12:20.628+0000] {dag.py:3239} INFO - Sync 1 DAGs
[2024-10-16T02:12:20.641+0000] {logging_mixin.py:190} INFO - [2024-10-16T02:12:20.641+0000] {dag.py:4180} INFO - Setting next_dagrun for example_complex to None, run_after=None
[2024-10-16T02:12:20.656+0000] {processor.py:208} INFO - Processing /home/airflow/.local/lib/python3.12/site-packages/airflow/example_dags/example_complex.py took 0.083 seconds
[2024-10-16T02:12:50.894+0000] {processor.py:186} INFO - Started process (PID=240) to work on /home/airflow/.local/lib/python3.12/site-packages/airflow/example_dags/example_complex.py
[2024-10-16T02:12:50.895+0000] {processor.py:914} INFO - Processing file /home/airflow/.local/lib/python3.12/site-packages/airflow/example_dags/example_complex.py for tasks to queue
[2024-10-16T02:12:50.896+0000] {logging_mixin.py:190} INFO - [2024-10-16T02:12:50.895+0000] {dagbag.py:588} INFO - Filling up the DagBag from /home/airflow/.local/lib/python3.12/site-packages/airflow/example_dags/example_complex.py
[2024-10-16T02:12:50.904+0000] {processor.py:925} INFO - DAG(s) 'example_complex' retrieved from /home/airflow/.local/lib/python3.12/site-packages/airflow/example_dags/example_complex.py
[2024-10-16T02:12:50.928+0000] {logging_mixin.py:190} INFO - [2024-10-16T02:12:50.928+0000] {dag.py:3239} INFO - Sync 1 DAGs
[2024-10-16T02:12:50.940+0000] {logging_mixin.py:190} INFO - [2024-10-16T02:12:50.940+0000] {dag.py:4180} INFO - Setting next_dagrun for example_complex to None, run_after=None
[2024-10-16T02:12:50.955+0000] {processor.py:208} INFO - Processing /home/airflow/.local/lib/python3.12/site-packages/airflow/example_dags/example_complex.py took 0.065 seconds
[2024-10-16T02:13:21.731+0000] {processor.py:186} INFO - Started process (PID=305) to work on /home/airflow/.local/lib/python3.12/site-packages/airflow/example_dags/example_complex.py
[2024-10-16T02:13:21.732+0000] {processor.py:914} INFO - Processing file /home/airflow/.local/lib/python3.12/site-packages/airflow/example_dags/example_complex.py for tasks to queue
[2024-10-16T02:13:21.733+0000] {logging_mixin.py:190} INFO - [2024-10-16T02:13:21.733+0000] {dagbag.py:588} INFO - Filling up the DagBag from /home/airflow/.local/lib/python3.12/site-packages/airflow/example_dags/example_complex.py
[2024-10-16T02:13:21.742+0000] {processor.py:925} INFO - DAG(s) 'example_complex' retrieved from /home/airflow/.local/lib/python3.12/site-packages/airflow/example_dags/example_complex.py
[2024-10-16T02:13:21.769+0000] {logging_mixin.py:190} INFO - [2024-10-16T02:13:21.769+0000] {dag.py:3239} INFO - Sync 1 DAGs
[2024-10-16T02:13:21.780+0000] {logging_mixin.py:190} INFO - [2024-10-16T02:13:21.780+0000] {dag.py:4180} INFO - Setting next_dagrun for example_complex to None, run_after=None
[2024-10-16T02:13:21.794+0000] {processor.py:208} INFO - Processing /home/airflow/.local/lib/python3.12/site-packages/airflow/example_dags/example_complex.py took 0.067 seconds
[2024-10-16T02:13:52.321+0000] {processor.py:186} INFO - Started process (PID=370) to work on /home/airflow/.local/lib/python3.12/site-packages/airflow/example_dags/example_complex.py
[2024-10-16T02:13:52.322+0000] {processor.py:914} INFO - Processing file /home/airflow/.local/lib/python3.12/site-packages/airflow/example_dags/example_complex.py for tasks to queue
[2024-10-16T02:13:52.323+0000] {logging_mixin.py:190} INFO - [2024-10-16T02:13:52.323+0000] {dagbag.py:588} INFO - Filling up the DagBag from /home/airflow/.local/lib/python3.12/site-packages/airflow/example_dags/example_complex.py
[2024-10-16T02:13:52.332+0000] {processor.py:925} INFO - DAG(s) 'example_complex' retrieved from /home/airflow/.local/lib/python3.12/site-packages/airflow/example_dags/example_complex.py
[2024-10-16T02:13:52.355+0000] {logging_mixin.py:190} INFO - [2024-10-16T02:13:52.355+0000] {dag.py:3239} INFO - Sync 1 DAGs
[2024-10-16T02:13:52.366+0000] {logging_mixin.py:190} INFO - [2024-10-16T02:13:52.366+0000] {dag.py:4180} INFO - Setting next_dagrun for example_complex to None, run_after=None
[2024-10-16T02:13:52.382+0000] {processor.py:208} INFO - Processing /home/airflow/.local/lib/python3.12/site-packages/airflow/example_dags/example_complex.py took 0.065 seconds
[2024-10-16T02:14:22.622+0000] {processor.py:186} INFO - Started process (PID=435) to work on /home/airflow/.local/lib/python3.12/site-packages/airflow/example_dags/example_complex.py
[2024-10-16T02:14:22.623+0000] {processor.py:914} INFO - Processing file /home/airflow/.local/lib/python3.12/site-packages/airflow/example_dags/example_complex.py for tasks to queue
[2024-10-16T02:14:22.623+0000] {logging_mixin.py:190} INFO - [2024-10-16T02:14:22.623+0000] {dagbag.py:588} INFO - Filling up the DagBag from /home/airflow/.local/lib/python3.12/site-packages/airflow/example_dags/example_complex.py
[2024-10-16T02:14:22.632+0000] {processor.py:925} INFO - DAG(s) 'example_complex' retrieved from /home/airflow/.local/lib/python3.12/site-packages/airflow/example_dags/example_complex.py
[2024-10-16T02:14:22.656+0000] {logging_mixin.py:190} INFO - [2024-10-16T02:14:22.656+0000] {dag.py:3239} INFO - Sync 1 DAGs
[2024-10-16T02:14:22.668+0000] {logging_mixin.py:190} INFO - [2024-10-16T02:14:22.668+0000] {dag.py:4180} INFO - Setting next_dagrun for example_complex to None, run_after=None
[2024-10-16T02:14:22.684+0000] {processor.py:208} INFO - Processing /home/airflow/.local/lib/python3.12/site-packages/airflow/example_dags/example_complex.py took 0.067 seconds
[2024-10-16T02:14:52.941+0000] {processor.py:186} INFO - Started process (PID=500) to work on /home/airflow/.local/lib/python3.12/site-packages/airflow/example_dags/example_complex.py
[2024-10-16T02:14:52.942+0000] {processor.py:914} INFO - Processing file /home/airflow/.local/lib/python3.12/site-packages/airflow/example_dags/example_complex.py for tasks to queue
[2024-10-16T02:14:52.943+0000] {logging_mixin.py:190} INFO - [2024-10-16T02:14:52.943+0000] {dagbag.py:588} INFO - Filling up the DagBag from /home/airflow/.local/lib/python3.12/site-packages/airflow/example_dags/example_complex.py
[2024-10-16T02:14:52.952+0000] {processor.py:925} INFO - DAG(s) 'example_complex' retrieved from /home/airflow/.local/lib/python3.12/site-packages/airflow/example_dags/example_complex.py
[2024-10-16T02:14:52.976+0000] {logging_mixin.py:190} INFO - [2024-10-16T02:14:52.976+0000] {dag.py:3239} INFO - Sync 1 DAGs
[2024-10-16T02:14:52.988+0000] {logging_mixin.py:190} INFO - [2024-10-16T02:14:52.988+0000] {dag.py:4180} INFO - Setting next_dagrun for example_complex to None, run_after=None
[2024-10-16T02:14:53.001+0000] {processor.py:208} INFO - Processing /home/airflow/.local/lib/python3.12/site-packages/airflow/example_dags/example_complex.py took 0.064 seconds
[2024-10-16T02:15:23.383+0000] {processor.py:186} INFO - Started process (PID=565) to work on /home/airflow/.local/lib/python3.12/site-packages/airflow/example_dags/example_complex.py
[2024-10-16T02:15:23.384+0000] {processor.py:914} INFO - Processing file /home/airflow/.local/lib/python3.12/site-packages/airflow/example_dags/example_complex.py for tasks to queue
[2024-10-16T02:15:23.387+0000] {logging_mixin.py:190} INFO - [2024-10-16T02:15:23.386+0000] {dagbag.py:588} INFO - Filling up the DagBag from /home/airflow/.local/lib/python3.12/site-packages/airflow/example_dags/example_complex.py
[2024-10-16T02:15:23.403+0000] {processor.py:925} INFO - DAG(s) 'example_complex' retrieved from /home/airflow/.local/lib/python3.12/site-packages/airflow/example_dags/example_complex.py
[2024-10-16T02:15:23.677+0000] {logging_mixin.py:190} INFO - [2024-10-16T02:15:23.676+0000] {process_utils.py:266} INFO - Waiting up to 5 seconds for processes to exit...
[2024-10-16T02:17:24.495+0000] {processor.py:186} INFO - Started process (PID=112) to work on /home/airflow/.local/lib/python3.12/site-packages/airflow/example_dags/example_complex.py
[2024-10-16T02:17:24.496+0000] {processor.py:914} INFO - Processing file /home/airflow/.local/lib/python3.12/site-packages/airflow/example_dags/example_complex.py for tasks to queue
[2024-10-16T02:17:24.499+0000] {logging_mixin.py:190} INFO - [2024-10-16T02:17:24.499+0000] {dagbag.py:588} INFO - Filling up the DagBag from /home/airflow/.local/lib/python3.12/site-packages/airflow/example_dags/example_complex.py
[2024-10-16T02:17:24.513+0000] {processor.py:925} INFO - DAG(s) 'example_complex' retrieved from /home/airflow/.local/lib/python3.12/site-packages/airflow/example_dags/example_complex.py
[2024-10-16T02:17:24.557+0000] {logging_mixin.py:190} INFO - [2024-10-16T02:17:24.557+0000] {dag.py:3239} INFO - Sync 1 DAGs
[2024-10-16T02:17:24.576+0000] {logging_mixin.py:190} INFO - [2024-10-16T02:17:24.575+0000] {dag.py:4180} INFO - Setting next_dagrun for example_complex to None, run_after=None
[2024-10-16T02:17:24.601+0000] {processor.py:208} INFO - Processing /home/airflow/.local/lib/python3.12/site-packages/airflow/example_dags/example_complex.py took 0.111 seconds
[2024-10-16T02:17:54.846+0000] {processor.py:186} INFO - Started process (PID=177) to work on /home/airflow/.local/lib/python3.12/site-packages/airflow/example_dags/example_complex.py
[2024-10-16T02:17:54.847+0000] {processor.py:914} INFO - Processing file /home/airflow/.local/lib/python3.12/site-packages/airflow/example_dags/example_complex.py for tasks to queue
[2024-10-16T02:17:54.849+0000] {logging_mixin.py:190} INFO - [2024-10-16T02:17:54.849+0000] {dagbag.py:588} INFO - Filling up the DagBag from /home/airflow/.local/lib/python3.12/site-packages/airflow/example_dags/example_complex.py
[2024-10-16T02:17:54.859+0000] {processor.py:925} INFO - DAG(s) 'example_complex' retrieved from /home/airflow/.local/lib/python3.12/site-packages/airflow/example_dags/example_complex.py
[2024-10-16T02:17:54.883+0000] {logging_mixin.py:190} INFO - [2024-10-16T02:17:54.883+0000] {dag.py:3239} INFO - Sync 1 DAGs
[2024-10-16T02:17:54.894+0000] {logging_mixin.py:190} INFO - [2024-10-16T02:17:54.894+0000] {dag.py:4180} INFO - Setting next_dagrun for example_complex to None, run_after=None
[2024-10-16T02:17:54.909+0000] {processor.py:208} INFO - Processing /home/airflow/.local/lib/python3.12/site-packages/airflow/example_dags/example_complex.py took 0.068 seconds
[2024-10-16T02:18:25.390+0000] {processor.py:186} INFO - Started process (PID=242) to work on /home/airflow/.local/lib/python3.12/site-packages/airflow/example_dags/example_complex.py
[2024-10-16T02:18:25.391+0000] {processor.py:914} INFO - Processing file /home/airflow/.local/lib/python3.12/site-packages/airflow/example_dags/example_complex.py for tasks to queue
[2024-10-16T02:18:25.393+0000] {logging_mixin.py:190} INFO - [2024-10-16T02:18:25.392+0000] {dagbag.py:588} INFO - Filling up the DagBag from /home/airflow/.local/lib/python3.12/site-packages/airflow/example_dags/example_complex.py
[2024-10-16T02:18:25.401+0000] {processor.py:925} INFO - DAG(s) 'example_complex' retrieved from /home/airflow/.local/lib/python3.12/site-packages/airflow/example_dags/example_complex.py
[2024-10-16T02:18:25.424+0000] {logging_mixin.py:190} INFO - [2024-10-16T02:18:25.424+0000] {dag.py:3239} INFO - Sync 1 DAGs
[2024-10-16T02:18:25.435+0000] {logging_mixin.py:190} INFO - [2024-10-16T02:18:25.435+0000] {dag.py:4180} INFO - Setting next_dagrun for example_complex to None, run_after=None
[2024-10-16T02:18:25.448+0000] {processor.py:208} INFO - Processing /home/airflow/.local/lib/python3.12/site-packages/airflow/example_dags/example_complex.py took 0.062 seconds
[2024-10-16T02:18:55.655+0000] {processor.py:186} INFO - Started process (PID=307) to work on /home/airflow/.local/lib/python3.12/site-packages/airflow/example_dags/example_complex.py
[2024-10-16T02:18:55.656+0000] {processor.py:914} INFO - Processing file /home/airflow/.local/lib/python3.12/site-packages/airflow/example_dags/example_complex.py for tasks to queue
[2024-10-16T02:18:55.658+0000] {logging_mixin.py:190} INFO - [2024-10-16T02:18:55.657+0000] {dagbag.py:588} INFO - Filling up the DagBag from /home/airflow/.local/lib/python3.12/site-packages/airflow/example_dags/example_complex.py
[2024-10-16T02:18:55.666+0000] {processor.py:925} INFO - DAG(s) 'example_complex' retrieved from /home/airflow/.local/lib/python3.12/site-packages/airflow/example_dags/example_complex.py
[2024-10-16T02:18:55.691+0000] {logging_mixin.py:190} INFO - [2024-10-16T02:18:55.691+0000] {dag.py:3239} INFO - Sync 1 DAGs
[2024-10-16T02:18:55.703+0000] {logging_mixin.py:190} INFO - [2024-10-16T02:18:55.703+0000] {dag.py:4180} INFO - Setting next_dagrun for example_complex to None, run_after=None
[2024-10-16T02:18:55.719+0000] {processor.py:208} INFO - Processing /home/airflow/.local/lib/python3.12/site-packages/airflow/example_dags/example_complex.py took 0.069 seconds
[2024-10-16T02:19:26.050+0000] {processor.py:186} INFO - Started process (PID=372) to work on /home/airflow/.local/lib/python3.12/site-packages/airflow/example_dags/example_complex.py
[2024-10-16T02:19:26.050+0000] {processor.py:914} INFO - Processing file /home/airflow/.local/lib/python3.12/site-packages/airflow/example_dags/example_complex.py for tasks to queue
[2024-10-16T02:19:26.052+0000] {logging_mixin.py:190} INFO - [2024-10-16T02:19:26.052+0000] {dagbag.py:588} INFO - Filling up the DagBag from /home/airflow/.local/lib/python3.12/site-packages/airflow/example_dags/example_complex.py
[2024-10-16T02:19:26.062+0000] {processor.py:925} INFO - DAG(s) 'example_complex' retrieved from /home/airflow/.local/lib/python3.12/site-packages/airflow/example_dags/example_complex.py
[2024-10-16T02:19:26.087+0000] {logging_mixin.py:190} INFO - [2024-10-16T02:19:26.087+0000] {dag.py:3239} INFO - Sync 1 DAGs
[2024-10-16T02:19:26.099+0000] {logging_mixin.py:190} INFO - [2024-10-16T02:19:26.098+0000] {dag.py:4180} INFO - Setting next_dagrun for example_complex to None, run_after=None
[2024-10-16T02:19:26.113+0000] {processor.py:208} INFO - Processing /home/airflow/.local/lib/python3.12/site-packages/airflow/example_dags/example_complex.py took 0.068 seconds
[2024-10-16T02:19:57.028+0000] {processor.py:186} INFO - Started process (PID=437) to work on /home/airflow/.local/lib/python3.12/site-packages/airflow/example_dags/example_complex.py
[2024-10-16T02:19:57.029+0000] {processor.py:914} INFO - Processing file /home/airflow/.local/lib/python3.12/site-packages/airflow/example_dags/example_complex.py for tasks to queue
[2024-10-16T02:19:57.032+0000] {logging_mixin.py:190} INFO - [2024-10-16T02:19:57.031+0000] {dagbag.py:588} INFO - Filling up the DagBag from /home/airflow/.local/lib/python3.12/site-packages/airflow/example_dags/example_complex.py
[2024-10-16T02:19:57.041+0000] {processor.py:925} INFO - DAG(s) 'example_complex' retrieved from /home/airflow/.local/lib/python3.12/site-packages/airflow/example_dags/example_complex.py
[2024-10-16T02:19:57.066+0000] {logging_mixin.py:190} INFO - [2024-10-16T02:19:57.066+0000] {dag.py:3239} INFO - Sync 1 DAGs
[2024-10-16T02:19:57.079+0000] {logging_mixin.py:190} INFO - [2024-10-16T02:19:57.078+0000] {dag.py:4180} INFO - Setting next_dagrun for example_complex to None, run_after=None
[2024-10-16T02:19:57.096+0000] {processor.py:208} INFO - Processing /home/airflow/.local/lib/python3.12/site-packages/airflow/example_dags/example_complex.py took 0.072 seconds
[2024-10-16T02:20:27.423+0000] {processor.py:186} INFO - Started process (PID=502) to work on /home/airflow/.local/lib/python3.12/site-packages/airflow/example_dags/example_complex.py
[2024-10-16T02:20:27.424+0000] {processor.py:914} INFO - Processing file /home/airflow/.local/lib/python3.12/site-packages/airflow/example_dags/example_complex.py for tasks to queue
[2024-10-16T02:20:27.426+0000] {logging_mixin.py:190} INFO - [2024-10-16T02:20:27.426+0000] {dagbag.py:588} INFO - Filling up the DagBag from /home/airflow/.local/lib/python3.12/site-packages/airflow/example_dags/example_complex.py
[2024-10-16T02:20:27.435+0000] {processor.py:925} INFO - DAG(s) 'example_complex' retrieved from /home/airflow/.local/lib/python3.12/site-packages/airflow/example_dags/example_complex.py
[2024-10-16T02:20:27.459+0000] {logging_mixin.py:190} INFO - [2024-10-16T02:20:27.459+0000] {dag.py:3239} INFO - Sync 1 DAGs
[2024-10-16T02:20:27.470+0000] {logging_mixin.py:190} INFO - [2024-10-16T02:20:27.469+0000] {dag.py:4180} INFO - Setting next_dagrun for example_complex to None, run_after=None
[2024-10-16T02:20:27.482+0000] {processor.py:208} INFO - Processing /home/airflow/.local/lib/python3.12/site-packages/airflow/example_dags/example_complex.py took 0.064 seconds
[2024-10-16T02:21:31.309+0000] {processor.py:186} INFO - Started process (PID=112) to work on /home/airflow/.local/lib/python3.12/site-packages/airflow/example_dags/example_complex.py
[2024-10-16T02:21:31.310+0000] {processor.py:914} INFO - Processing file /home/airflow/.local/lib/python3.12/site-packages/airflow/example_dags/example_complex.py for tasks to queue
[2024-10-16T02:21:31.312+0000] {logging_mixin.py:190} INFO - [2024-10-16T02:21:31.311+0000] {dagbag.py:588} INFO - Filling up the DagBag from /home/airflow/.local/lib/python3.12/site-packages/airflow/example_dags/example_complex.py
[2024-10-16T02:21:31.322+0000] {processor.py:925} INFO - DAG(s) 'example_complex' retrieved from /home/airflow/.local/lib/python3.12/site-packages/airflow/example_dags/example_complex.py
[2024-10-16T02:21:31.352+0000] {logging_mixin.py:190} INFO - [2024-10-16T02:21:31.351+0000] {dag.py:3239} INFO - Sync 1 DAGs
[2024-10-16T02:21:31.366+0000] {logging_mixin.py:190} INFO - [2024-10-16T02:21:31.365+0000] {dag.py:4180} INFO - Setting next_dagrun for example_complex to None, run_after=None
[2024-10-16T02:21:31.383+0000] {processor.py:208} INFO - Processing /home/airflow/.local/lib/python3.12/site-packages/airflow/example_dags/example_complex.py took 0.079 seconds
[2024-10-16T02:22:01.711+0000] {processor.py:186} INFO - Started process (PID=177) to work on /home/airflow/.local/lib/python3.12/site-packages/airflow/example_dags/example_complex.py
[2024-10-16T02:22:01.712+0000] {processor.py:914} INFO - Processing file /home/airflow/.local/lib/python3.12/site-packages/airflow/example_dags/example_complex.py for tasks to queue
[2024-10-16T02:22:01.713+0000] {logging_mixin.py:190} INFO - [2024-10-16T02:22:01.713+0000] {dagbag.py:588} INFO - Filling up the DagBag from /home/airflow/.local/lib/python3.12/site-packages/airflow/example_dags/example_complex.py
[2024-10-16T02:22:01.722+0000] {processor.py:925} INFO - DAG(s) 'example_complex' retrieved from /home/airflow/.local/lib/python3.12/site-packages/airflow/example_dags/example_complex.py
[2024-10-16T02:22:01.746+0000] {logging_mixin.py:190} INFO - [2024-10-16T02:22:01.746+0000] {dag.py:3239} INFO - Sync 1 DAGs
[2024-10-16T02:22:01.758+0000] {logging_mixin.py:190} INFO - [2024-10-16T02:22:01.758+0000] {dag.py:4180} INFO - Setting next_dagrun for example_complex to None, run_after=None
[2024-10-16T02:22:01.773+0000] {processor.py:208} INFO - Processing /home/airflow/.local/lib/python3.12/site-packages/airflow/example_dags/example_complex.py took 0.066 seconds
[2024-10-16T02:22:31.863+0000] {processor.py:186} INFO - Started process (PID=242) to work on /home/airflow/.local/lib/python3.12/site-packages/airflow/example_dags/example_complex.py
[2024-10-16T02:22:31.864+0000] {processor.py:914} INFO - Processing file /home/airflow/.local/lib/python3.12/site-packages/airflow/example_dags/example_complex.py for tasks to queue
[2024-10-16T02:22:31.866+0000] {logging_mixin.py:190} INFO - [2024-10-16T02:22:31.866+0000] {dagbag.py:588} INFO - Filling up the DagBag from /home/airflow/.local/lib/python3.12/site-packages/airflow/example_dags/example_complex.py
[2024-10-16T02:22:31.874+0000] {processor.py:925} INFO - DAG(s) 'example_complex' retrieved from /home/airflow/.local/lib/python3.12/site-packages/airflow/example_dags/example_complex.py
[2024-10-16T02:22:31.900+0000] {logging_mixin.py:190} INFO - [2024-10-16T02:22:31.900+0000] {dag.py:3239} INFO - Sync 1 DAGs
[2024-10-16T02:22:31.911+0000] {logging_mixin.py:190} INFO - [2024-10-16T02:22:31.911+0000] {dag.py:4180} INFO - Setting next_dagrun for example_complex to None, run_after=None
[2024-10-16T02:22:31.926+0000] {processor.py:208} INFO - Processing /home/airflow/.local/lib/python3.12/site-packages/airflow/example_dags/example_complex.py took 0.067 seconds
[2024-10-16T02:23:02.226+0000] {processor.py:186} INFO - Started process (PID=307) to work on /home/airflow/.local/lib/python3.12/site-packages/airflow/example_dags/example_complex.py
[2024-10-16T02:23:02.227+0000] {processor.py:914} INFO - Processing file /home/airflow/.local/lib/python3.12/site-packages/airflow/example_dags/example_complex.py for tasks to queue
[2024-10-16T02:23:02.228+0000] {logging_mixin.py:190} INFO - [2024-10-16T02:23:02.228+0000] {dagbag.py:588} INFO - Filling up the DagBag from /home/airflow/.local/lib/python3.12/site-packages/airflow/example_dags/example_complex.py
[2024-10-16T02:23:02.237+0000] {processor.py:925} INFO - DAG(s) 'example_complex' retrieved from /home/airflow/.local/lib/python3.12/site-packages/airflow/example_dags/example_complex.py
[2024-10-16T02:23:02.261+0000] {logging_mixin.py:190} INFO - [2024-10-16T02:23:02.261+0000] {dag.py:3239} INFO - Sync 1 DAGs
[2024-10-16T02:23:02.271+0000] {logging_mixin.py:190} INFO - [2024-10-16T02:23:02.271+0000] {dag.py:4180} INFO - Setting next_dagrun for example_complex to None, run_after=None
[2024-10-16T02:23:02.285+0000] {processor.py:208} INFO - Processing /home/airflow/.local/lib/python3.12/site-packages/airflow/example_dags/example_complex.py took 0.064 seconds
[2024-10-16T02:23:33.327+0000] {processor.py:186} INFO - Started process (PID=372) to work on /home/airflow/.local/lib/python3.12/site-packages/airflow/example_dags/example_complex.py
[2024-10-16T02:23:33.328+0000] {processor.py:914} INFO - Processing file /home/airflow/.local/lib/python3.12/site-packages/airflow/example_dags/example_complex.py for tasks to queue
[2024-10-16T02:23:33.330+0000] {logging_mixin.py:190} INFO - [2024-10-16T02:23:33.330+0000] {dagbag.py:588} INFO - Filling up the DagBag from /home/airflow/.local/lib/python3.12/site-packages/airflow/example_dags/example_complex.py
[2024-10-16T02:23:33.341+0000] {processor.py:925} INFO - DAG(s) 'example_complex' retrieved from /home/airflow/.local/lib/python3.12/site-packages/airflow/example_dags/example_complex.py
[2024-10-16T02:23:33.368+0000] {logging_mixin.py:190} INFO - [2024-10-16T02:23:33.368+0000] {dag.py:3239} INFO - Sync 1 DAGs
[2024-10-16T02:23:33.380+0000] {logging_mixin.py:190} INFO - [2024-10-16T02:23:33.380+0000] {dag.py:4180} INFO - Setting next_dagrun for example_complex to None, run_after=None
[2024-10-16T02:23:33.395+0000] {processor.py:208} INFO - Processing /home/airflow/.local/lib/python3.12/site-packages/airflow/example_dags/example_complex.py took 0.073 seconds
[2024-10-16T02:24:03.555+0000] {processor.py:186} INFO - Started process (PID=437) to work on /home/airflow/.local/lib/python3.12/site-packages/airflow/example_dags/example_complex.py
[2024-10-16T02:24:03.556+0000] {processor.py:914} INFO - Processing file /home/airflow/.local/lib/python3.12/site-packages/airflow/example_dags/example_complex.py for tasks to queue
[2024-10-16T02:24:03.558+0000] {logging_mixin.py:190} INFO - [2024-10-16T02:24:03.558+0000] {dagbag.py:588} INFO - Filling up the DagBag from /home/airflow/.local/lib/python3.12/site-packages/airflow/example_dags/example_complex.py
[2024-10-16T02:24:03.566+0000] {processor.py:925} INFO - DAG(s) 'example_complex' retrieved from /home/airflow/.local/lib/python3.12/site-packages/airflow/example_dags/example_complex.py
[2024-10-16T02:24:03.590+0000] {logging_mixin.py:190} INFO - [2024-10-16T02:24:03.590+0000] {dag.py:3239} INFO - Sync 1 DAGs
[2024-10-16T02:24:03.601+0000] {logging_mixin.py:190} INFO - [2024-10-16T02:24:03.601+0000] {dag.py:4180} INFO - Setting next_dagrun for example_complex to None, run_after=None
[2024-10-16T02:24:03.616+0000] {processor.py:208} INFO - Processing /home/airflow/.local/lib/python3.12/site-packages/airflow/example_dags/example_complex.py took 0.064 seconds
[2024-10-16T02:24:34.444+0000] {processor.py:186} INFO - Started process (PID=502) to work on /home/airflow/.local/lib/python3.12/site-packages/airflow/example_dags/example_complex.py
[2024-10-16T02:24:34.445+0000] {processor.py:914} INFO - Processing file /home/airflow/.local/lib/python3.12/site-packages/airflow/example_dags/example_complex.py for tasks to queue
[2024-10-16T02:24:34.447+0000] {logging_mixin.py:190} INFO - [2024-10-16T02:24:34.447+0000] {dagbag.py:588} INFO - Filling up the DagBag from /home/airflow/.local/lib/python3.12/site-packages/airflow/example_dags/example_complex.py
[2024-10-16T02:24:34.455+0000] {processor.py:925} INFO - DAG(s) 'example_complex' retrieved from /home/airflow/.local/lib/python3.12/site-packages/airflow/example_dags/example_complex.py
[2024-10-16T02:24:34.479+0000] {logging_mixin.py:190} INFO - [2024-10-16T02:24:34.479+0000] {dag.py:3239} INFO - Sync 1 DAGs
[2024-10-16T02:24:34.490+0000] {logging_mixin.py:190} INFO - [2024-10-16T02:24:34.490+0000] {dag.py:4180} INFO - Setting next_dagrun for example_complex to None, run_after=None
[2024-10-16T02:24:34.504+0000] {processor.py:208} INFO - Processing /home/airflow/.local/lib/python3.12/site-packages/airflow/example_dags/example_complex.py took 0.064 seconds
[2024-10-16T02:25:05.651+0000] {processor.py:186} INFO - Started process (PID=567) to work on /home/airflow/.local/lib/python3.12/site-packages/airflow/example_dags/example_complex.py
[2024-10-16T02:25:05.652+0000] {processor.py:914} INFO - Processing file /home/airflow/.local/lib/python3.12/site-packages/airflow/example_dags/example_complex.py for tasks to queue
[2024-10-16T02:25:05.654+0000] {logging_mixin.py:190} INFO - [2024-10-16T02:25:05.653+0000] {dagbag.py:588} INFO - Filling up the DagBag from /home/airflow/.local/lib/python3.12/site-packages/airflow/example_dags/example_complex.py
[2024-10-16T02:25:05.664+0000] {processor.py:925} INFO - DAG(s) 'example_complex' retrieved from /home/airflow/.local/lib/python3.12/site-packages/airflow/example_dags/example_complex.py
[2024-10-16T02:25:05.692+0000] {logging_mixin.py:190} INFO - [2024-10-16T02:25:05.692+0000] {dag.py:3239} INFO - Sync 1 DAGs
[2024-10-16T02:25:05.703+0000] {logging_mixin.py:190} INFO - [2024-10-16T02:25:05.703+0000] {dag.py:4180} INFO - Setting next_dagrun for example_complex to None, run_after=None
[2024-10-16T02:25:05.717+0000] {processor.py:208} INFO - Processing /home/airflow/.local/lib/python3.12/site-packages/airflow/example_dags/example_complex.py took 0.073 seconds
[2024-10-16T02:25:35.763+0000] {processor.py:186} INFO - Started process (PID=632) to work on /home/airflow/.local/lib/python3.12/site-packages/airflow/example_dags/example_complex.py
[2024-10-16T02:25:35.764+0000] {processor.py:914} INFO - Processing file /home/airflow/.local/lib/python3.12/site-packages/airflow/example_dags/example_complex.py for tasks to queue
[2024-10-16T02:25:35.766+0000] {logging_mixin.py:190} INFO - [2024-10-16T02:25:35.765+0000] {dagbag.py:588} INFO - Filling up the DagBag from /home/airflow/.local/lib/python3.12/site-packages/airflow/example_dags/example_complex.py
[2024-10-16T02:25:35.774+0000] {processor.py:925} INFO - DAG(s) 'example_complex' retrieved from /home/airflow/.local/lib/python3.12/site-packages/airflow/example_dags/example_complex.py
[2024-10-16T02:25:35.801+0000] {logging_mixin.py:190} INFO - [2024-10-16T02:25:35.800+0000] {dag.py:3239} INFO - Sync 1 DAGs
[2024-10-16T02:25:35.811+0000] {logging_mixin.py:190} INFO - [2024-10-16T02:25:35.811+0000] {dag.py:4180} INFO - Setting next_dagrun for example_complex to None, run_after=None
[2024-10-16T02:25:35.826+0000] {processor.py:208} INFO - Processing /home/airflow/.local/lib/python3.12/site-packages/airflow/example_dags/example_complex.py took 0.067 seconds
[2024-10-16T02:26:06.395+0000] {processor.py:186} INFO - Started process (PID=697) to work on /home/airflow/.local/lib/python3.12/site-packages/airflow/example_dags/example_complex.py
[2024-10-16T02:26:06.396+0000] {processor.py:914} INFO - Processing file /home/airflow/.local/lib/python3.12/site-packages/airflow/example_dags/example_complex.py for tasks to queue
[2024-10-16T02:26:06.398+0000] {logging_mixin.py:190} INFO - [2024-10-16T02:26:06.398+0000] {dagbag.py:588} INFO - Filling up the DagBag from /home/airflow/.local/lib/python3.12/site-packages/airflow/example_dags/example_complex.py
[2024-10-16T02:26:06.409+0000] {processor.py:925} INFO - DAG(s) 'example_complex' retrieved from /home/airflow/.local/lib/python3.12/site-packages/airflow/example_dags/example_complex.py
[2024-10-16T02:26:06.439+0000] {logging_mixin.py:190} INFO - [2024-10-16T02:26:06.439+0000] {dag.py:3239} INFO - Sync 1 DAGs
[2024-10-16T02:26:06.452+0000] {logging_mixin.py:190} INFO - [2024-10-16T02:26:06.452+0000] {dag.py:4180} INFO - Setting next_dagrun for example_complex to None, run_after=None
[2024-10-16T02:26:06.469+0000] {processor.py:208} INFO - Processing /home/airflow/.local/lib/python3.12/site-packages/airflow/example_dags/example_complex.py took 0.079 seconds
[2024-10-16T02:26:37.322+0000] {processor.py:186} INFO - Started process (PID=762) to work on /home/airflow/.local/lib/python3.12/site-packages/airflow/example_dags/example_complex.py
[2024-10-16T02:26:37.324+0000] {processor.py:914} INFO - Processing file /home/airflow/.local/lib/python3.12/site-packages/airflow/example_dags/example_complex.py for tasks to queue
[2024-10-16T02:26:37.327+0000] {logging_mixin.py:190} INFO - [2024-10-16T02:26:37.327+0000] {dagbag.py:588} INFO - Filling up the DagBag from /home/airflow/.local/lib/python3.12/site-packages/airflow/example_dags/example_complex.py
[2024-10-16T02:26:37.350+0000] {processor.py:925} INFO - DAG(s) 'example_complex' retrieved from /home/airflow/.local/lib/python3.12/site-packages/airflow/example_dags/example_complex.py
[2024-10-16T02:26:37.404+0000] {logging_mixin.py:190} INFO - [2024-10-16T02:26:37.403+0000] {dag.py:3239} INFO - Sync 1 DAGs
[2024-10-16T02:26:37.438+0000] {logging_mixin.py:190} INFO - [2024-10-16T02:26:37.438+0000] {dag.py:4180} INFO - Setting next_dagrun for example_complex to None, run_after=None
[2024-10-16T02:26:37.473+0000] {processor.py:208} INFO - Processing /home/airflow/.local/lib/python3.12/site-packages/airflow/example_dags/example_complex.py took 0.159 seconds
[2024-10-16T02:27:07.958+0000] {processor.py:186} INFO - Started process (PID=827) to work on /home/airflow/.local/lib/python3.12/site-packages/airflow/example_dags/example_complex.py
[2024-10-16T02:27:07.960+0000] {processor.py:914} INFO - Processing file /home/airflow/.local/lib/python3.12/site-packages/airflow/example_dags/example_complex.py for tasks to queue
[2024-10-16T02:27:07.962+0000] {logging_mixin.py:190} INFO - [2024-10-16T02:27:07.962+0000] {dagbag.py:588} INFO - Filling up the DagBag from /home/airflow/.local/lib/python3.12/site-packages/airflow/example_dags/example_complex.py
[2024-10-16T02:27:07.971+0000] {processor.py:925} INFO - DAG(s) 'example_complex' retrieved from /home/airflow/.local/lib/python3.12/site-packages/airflow/example_dags/example_complex.py
[2024-10-16T02:27:07.997+0000] {logging_mixin.py:190} INFO - [2024-10-16T02:27:07.997+0000] {dag.py:3239} INFO - Sync 1 DAGs
[2024-10-16T02:27:08.008+0000] {logging_mixin.py:190} INFO - [2024-10-16T02:27:08.008+0000] {dag.py:4180} INFO - Setting next_dagrun for example_complex to None, run_after=None
[2024-10-16T02:27:08.021+0000] {processor.py:208} INFO - Processing /home/airflow/.local/lib/python3.12/site-packages/airflow/example_dags/example_complex.py took 0.067 seconds
[2024-10-16T02:27:38.189+0000] {processor.py:186} INFO - Started process (PID=892) to work on /home/airflow/.local/lib/python3.12/site-packages/airflow/example_dags/example_complex.py
[2024-10-16T02:27:38.190+0000] {processor.py:914} INFO - Processing file /home/airflow/.local/lib/python3.12/site-packages/airflow/example_dags/example_complex.py for tasks to queue
[2024-10-16T02:27:38.192+0000] {logging_mixin.py:190} INFO - [2024-10-16T02:27:38.192+0000] {dagbag.py:588} INFO - Filling up the DagBag from /home/airflow/.local/lib/python3.12/site-packages/airflow/example_dags/example_complex.py
[2024-10-16T02:27:38.204+0000] {processor.py:925} INFO - DAG(s) 'example_complex' retrieved from /home/airflow/.local/lib/python3.12/site-packages/airflow/example_dags/example_complex.py
[2024-10-16T02:27:38.228+0000] {logging_mixin.py:190} INFO - [2024-10-16T02:27:38.227+0000] {dag.py:3239} INFO - Sync 1 DAGs
[2024-10-16T02:27:38.238+0000] {logging_mixin.py:190} INFO - [2024-10-16T02:27:38.238+0000] {dag.py:4180} INFO - Setting next_dagrun for example_complex to None, run_after=None
[2024-10-16T02:27:38.252+0000] {processor.py:208} INFO - Processing /home/airflow/.local/lib/python3.12/site-packages/airflow/example_dags/example_complex.py took 0.067 seconds
[2024-10-16T02:28:08.770+0000] {processor.py:186} INFO - Started process (PID=957) to work on /home/airflow/.local/lib/python3.12/site-packages/airflow/example_dags/example_complex.py
[2024-10-16T02:28:08.771+0000] {processor.py:914} INFO - Processing file /home/airflow/.local/lib/python3.12/site-packages/airflow/example_dags/example_complex.py for tasks to queue
[2024-10-16T02:28:08.774+0000] {logging_mixin.py:190} INFO - [2024-10-16T02:28:08.774+0000] {dagbag.py:588} INFO - Filling up the DagBag from /home/airflow/.local/lib/python3.12/site-packages/airflow/example_dags/example_complex.py
[2024-10-16T02:28:08.790+0000] {processor.py:925} INFO - DAG(s) 'example_complex' retrieved from /home/airflow/.local/lib/python3.12/site-packages/airflow/example_dags/example_complex.py
[2024-10-16T02:28:08.832+0000] {logging_mixin.py:190} INFO - [2024-10-16T02:28:08.832+0000] {dag.py:3239} INFO - Sync 1 DAGs
[2024-10-16T02:28:08.850+0000] {logging_mixin.py:190} INFO - [2024-10-16T02:28:08.850+0000] {dag.py:4180} INFO - Setting next_dagrun for example_complex to None, run_after=None
[2024-10-16T02:28:08.876+0000] {processor.py:208} INFO - Processing /home/airflow/.local/lib/python3.12/site-packages/airflow/example_dags/example_complex.py took 0.114 seconds
[2024-10-16T02:28:38.916+0000] {processor.py:186} INFO - Started process (PID=1022) to work on /home/airflow/.local/lib/python3.12/site-packages/airflow/example_dags/example_complex.py
[2024-10-16T02:28:38.916+0000] {processor.py:914} INFO - Processing file /home/airflow/.local/lib/python3.12/site-packages/airflow/example_dags/example_complex.py for tasks to queue
[2024-10-16T02:28:38.918+0000] {logging_mixin.py:190} INFO - [2024-10-16T02:28:38.918+0000] {dagbag.py:588} INFO - Filling up the DagBag from /home/airflow/.local/lib/python3.12/site-packages/airflow/example_dags/example_complex.py
[2024-10-16T02:28:38.927+0000] {processor.py:925} INFO - DAG(s) 'example_complex' retrieved from /home/airflow/.local/lib/python3.12/site-packages/airflow/example_dags/example_complex.py
[2024-10-16T02:28:38.949+0000] {logging_mixin.py:190} INFO - [2024-10-16T02:28:38.949+0000] {dag.py:3239} INFO - Sync 1 DAGs
[2024-10-16T02:28:38.959+0000] {logging_mixin.py:190} INFO - [2024-10-16T02:28:38.959+0000] {dag.py:4180} INFO - Setting next_dagrun for example_complex to None, run_after=None
[2024-10-16T02:28:38.973+0000] {processor.py:208} INFO - Processing /home/airflow/.local/lib/python3.12/site-packages/airflow/example_dags/example_complex.py took 0.061 seconds
[2024-10-16T02:29:09.279+0000] {processor.py:186} INFO - Started process (PID=1087) to work on /home/airflow/.local/lib/python3.12/site-packages/airflow/example_dags/example_complex.py
[2024-10-16T02:29:09.279+0000] {processor.py:914} INFO - Processing file /home/airflow/.local/lib/python3.12/site-packages/airflow/example_dags/example_complex.py for tasks to queue
[2024-10-16T02:29:09.281+0000] {logging_mixin.py:190} INFO - [2024-10-16T02:29:09.281+0000] {dagbag.py:588} INFO - Filling up the DagBag from /home/airflow/.local/lib/python3.12/site-packages/airflow/example_dags/example_complex.py
[2024-10-16T02:29:09.290+0000] {processor.py:925} INFO - DAG(s) 'example_complex' retrieved from /home/airflow/.local/lib/python3.12/site-packages/airflow/example_dags/example_complex.py
[2024-10-16T02:29:09.315+0000] {logging_mixin.py:190} INFO - [2024-10-16T02:29:09.315+0000] {dag.py:3239} INFO - Sync 1 DAGs
[2024-10-16T02:29:09.328+0000] {logging_mixin.py:190} INFO - [2024-10-16T02:29:09.328+0000] {dag.py:4180} INFO - Setting next_dagrun for example_complex to None, run_after=None
[2024-10-16T02:29:09.345+0000] {processor.py:208} INFO - Processing /home/airflow/.local/lib/python3.12/site-packages/airflow/example_dags/example_complex.py took 0.070 seconds
[2024-10-16T02:29:39.452+0000] {processor.py:186} INFO - Started process (PID=1152) to work on /home/airflow/.local/lib/python3.12/site-packages/airflow/example_dags/example_complex.py
[2024-10-16T02:29:39.453+0000] {processor.py:914} INFO - Processing file /home/airflow/.local/lib/python3.12/site-packages/airflow/example_dags/example_complex.py for tasks to queue
[2024-10-16T02:29:39.455+0000] {logging_mixin.py:190} INFO - [2024-10-16T02:29:39.455+0000] {dagbag.py:588} INFO - Filling up the DagBag from /home/airflow/.local/lib/python3.12/site-packages/airflow/example_dags/example_complex.py
[2024-10-16T02:29:39.464+0000] {processor.py:925} INFO - DAG(s) 'example_complex' retrieved from /home/airflow/.local/lib/python3.12/site-packages/airflow/example_dags/example_complex.py
[2024-10-16T02:29:39.487+0000] {logging_mixin.py:190} INFO - [2024-10-16T02:29:39.486+0000] {dag.py:3239} INFO - Sync 1 DAGs
[2024-10-16T02:29:39.497+0000] {logging_mixin.py:190} INFO - [2024-10-16T02:29:39.497+0000] {dag.py:4180} INFO - Setting next_dagrun for example_complex to None, run_after=None
[2024-10-16T02:29:39.512+0000] {processor.py:208} INFO - Processing /home/airflow/.local/lib/python3.12/site-packages/airflow/example_dags/example_complex.py took 0.064 seconds
[2024-10-16T02:30:09.638+0000] {processor.py:186} INFO - Started process (PID=1217) to work on /home/airflow/.local/lib/python3.12/site-packages/airflow/example_dags/example_complex.py
[2024-10-16T02:30:09.639+0000] {processor.py:914} INFO - Processing file /home/airflow/.local/lib/python3.12/site-packages/airflow/example_dags/example_complex.py for tasks to queue
[2024-10-16T02:30:09.641+0000] {logging_mixin.py:190} INFO - [2024-10-16T02:30:09.640+0000] {dagbag.py:588} INFO - Filling up the DagBag from /home/airflow/.local/lib/python3.12/site-packages/airflow/example_dags/example_complex.py
[2024-10-16T02:30:09.650+0000] {processor.py:925} INFO - DAG(s) 'example_complex' retrieved from /home/airflow/.local/lib/python3.12/site-packages/airflow/example_dags/example_complex.py
[2024-10-16T02:30:09.674+0000] {logging_mixin.py:190} INFO - [2024-10-16T02:30:09.674+0000] {dag.py:3239} INFO - Sync 1 DAGs
[2024-10-16T02:30:09.686+0000] {logging_mixin.py:190} INFO - [2024-10-16T02:30:09.686+0000] {dag.py:4180} INFO - Setting next_dagrun for example_complex to None, run_after=None
[2024-10-16T02:30:09.700+0000] {processor.py:208} INFO - Processing /home/airflow/.local/lib/python3.12/site-packages/airflow/example_dags/example_complex.py took 0.066 seconds
[2024-10-16T02:30:40.786+0000] {processor.py:186} INFO - Started process (PID=1283) to work on /home/airflow/.local/lib/python3.12/site-packages/airflow/example_dags/example_complex.py
[2024-10-16T02:30:40.787+0000] {processor.py:914} INFO - Processing file /home/airflow/.local/lib/python3.12/site-packages/airflow/example_dags/example_complex.py for tasks to queue
[2024-10-16T02:30:40.788+0000] {logging_mixin.py:190} INFO - [2024-10-16T02:30:40.788+0000] {dagbag.py:588} INFO - Filling up the DagBag from /home/airflow/.local/lib/python3.12/site-packages/airflow/example_dags/example_complex.py
[2024-10-16T02:30:40.797+0000] {processor.py:925} INFO - DAG(s) 'example_complex' retrieved from /home/airflow/.local/lib/python3.12/site-packages/airflow/example_dags/example_complex.py
[2024-10-16T02:30:40.820+0000] {logging_mixin.py:190} INFO - [2024-10-16T02:30:40.820+0000] {dag.py:3239} INFO - Sync 1 DAGs
[2024-10-16T02:30:40.831+0000] {logging_mixin.py:190} INFO - [2024-10-16T02:30:40.831+0000] {dag.py:4180} INFO - Setting next_dagrun for example_complex to None, run_after=None
[2024-10-16T02:30:40.845+0000] {processor.py:208} INFO - Processing /home/airflow/.local/lib/python3.12/site-packages/airflow/example_dags/example_complex.py took 0.063 seconds
