[2024-10-16T01:49:30.624+0000] {processor.py:186} INFO - Started process (PID=64) to work on /home/airflow/.local/lib/python3.12/site-packages/airflow/example_dags/tutorial.py
[2024-10-16T01:49:30.626+0000] {processor.py:914} INFO - Processing file /home/airflow/.local/lib/python3.12/site-packages/airflow/example_dags/tutorial.py for tasks to queue
[2024-10-16T01:49:30.629+0000] {logging_mixin.py:190} INFO - [2024-10-16T01:49:30.628+0000] {dagbag.py:588} INFO - Filling up the DagBag from /home/airflow/.local/lib/python3.12/site-packages/airflow/example_dags/tutorial.py
[2024-10-16T01:49:30.649+0000] {processor.py:925} INFO - DAG(s) 'tutorial' retrieved from /home/airflow/.local/lib/python3.12/site-packages/airflow/example_dags/tutorial.py
[2024-10-16T01:49:30.896+0000] {logging_mixin.py:190} INFO - [2024-10-16T01:49:30.896+0000] {override.py:1900} INFO - Created Permission View: can edit on DAG:tutorial
[2024-10-16T01:49:30.907+0000] {logging_mixin.py:190} INFO - [2024-10-16T01:49:30.906+0000] {override.py:1900} INFO - Created Permission View: can delete on DAG:tutorial
[2024-10-16T01:49:30.914+0000] {logging_mixin.py:190} INFO - [2024-10-16T01:49:30.914+0000] {override.py:1900} INFO - Created Permission View: can read on DAG:tutorial
[2024-10-16T01:49:30.924+0000] {logging_mixin.py:190} INFO - [2024-10-16T01:49:30.924+0000] {override.py:1900} INFO - Created Permission View: can create on DAG Run:tutorial
[2024-10-16T01:49:30.931+0000] {logging_mixin.py:190} INFO - [2024-10-16T01:49:30.931+0000] {override.py:1900} INFO - Created Permission View: can delete on DAG Run:tutorial
[2024-10-16T01:49:30.939+0000] {logging_mixin.py:190} INFO - [2024-10-16T01:49:30.938+0000] {override.py:1900} INFO - Created Permission View: can read on DAG Run:tutorial
[2024-10-16T01:49:30.946+0000] {logging_mixin.py:190} INFO - [2024-10-16T01:49:30.945+0000] {override.py:1900} INFO - Created Permission View: menu access on DAG Run:tutorial
[2024-10-16T01:49:30.946+0000] {logging_mixin.py:190} INFO - [2024-10-16T01:49:30.946+0000] {dag.py:3239} INFO - Sync 1 DAGs
[2024-10-16T01:49:30.959+0000] {logging_mixin.py:190} INFO - [2024-10-16T01:49:30.959+0000] {dag.py:3262} INFO - Creating ORM DAG for tutorial
[2024-10-16T01:49:30.968+0000] {logging_mixin.py:190} INFO - [2024-10-16T01:49:30.968+0000] {dag.py:4180} INFO - Setting next_dagrun for tutorial to 2024-10-15 00:00:00+00:00, run_after=2024-10-16 00:00:00+00:00
[2024-10-16T01:49:30.983+0000] {processor.py:208} INFO - Processing /home/airflow/.local/lib/python3.12/site-packages/airflow/example_dags/tutorial.py took 0.364 seconds
[2024-10-16T01:50:01.131+0000] {processor.py:186} INFO - Started process (PID=126) to work on /home/airflow/.local/lib/python3.12/site-packages/airflow/example_dags/tutorial.py
[2024-10-16T01:50:01.133+0000] {processor.py:914} INFO - Processing file /home/airflow/.local/lib/python3.12/site-packages/airflow/example_dags/tutorial.py for tasks to queue
[2024-10-16T01:50:01.136+0000] {logging_mixin.py:190} INFO - [2024-10-16T01:50:01.136+0000] {dagbag.py:588} INFO - Filling up the DagBag from /home/airflow/.local/lib/python3.12/site-packages/airflow/example_dags/tutorial.py
[2024-10-16T01:50:01.145+0000] {processor.py:925} INFO - DAG(s) 'tutorial' retrieved from /home/airflow/.local/lib/python3.12/site-packages/airflow/example_dags/tutorial.py
[2024-10-16T01:50:01.173+0000] {logging_mixin.py:190} INFO - [2024-10-16T01:50:01.173+0000] {dag.py:3239} INFO - Sync 1 DAGs
[2024-10-16T01:50:01.203+0000] {logging_mixin.py:190} INFO - [2024-10-16T01:50:01.203+0000] {dag.py:4180} INFO - Setting next_dagrun for tutorial to 2024-10-15 00:00:00+00:00, run_after=2024-10-16 00:00:00+00:00
[2024-10-16T01:50:01.230+0000] {processor.py:208} INFO - Processing /home/airflow/.local/lib/python3.12/site-packages/airflow/example_dags/tutorial.py took 0.106 seconds
[2024-10-16T01:50:31.286+0000] {processor.py:186} INFO - Started process (PID=188) to work on /home/airflow/.local/lib/python3.12/site-packages/airflow/example_dags/tutorial.py
[2024-10-16T01:50:31.287+0000] {processor.py:914} INFO - Processing file /home/airflow/.local/lib/python3.12/site-packages/airflow/example_dags/tutorial.py for tasks to queue
[2024-10-16T01:50:31.289+0000] {logging_mixin.py:190} INFO - [2024-10-16T01:50:31.289+0000] {dagbag.py:588} INFO - Filling up the DagBag from /home/airflow/.local/lib/python3.12/site-packages/airflow/example_dags/tutorial.py
[2024-10-16T01:50:31.295+0000] {processor.py:925} INFO - DAG(s) 'tutorial' retrieved from /home/airflow/.local/lib/python3.12/site-packages/airflow/example_dags/tutorial.py
[2024-10-16T01:50:31.312+0000] {logging_mixin.py:190} INFO - [2024-10-16T01:50:31.311+0000] {dag.py:3239} INFO - Sync 1 DAGs
[2024-10-16T01:50:31.332+0000] {logging_mixin.py:190} INFO - [2024-10-16T01:50:31.332+0000] {dag.py:4180} INFO - Setting next_dagrun for tutorial to 2024-10-15 00:00:00+00:00, run_after=2024-10-16 00:00:00+00:00
[2024-10-16T01:50:31.349+0000] {processor.py:208} INFO - Processing /home/airflow/.local/lib/python3.12/site-packages/airflow/example_dags/tutorial.py took 0.067 seconds
[2024-10-16T01:51:02.144+0000] {processor.py:186} INFO - Started process (PID=250) to work on /home/airflow/.local/lib/python3.12/site-packages/airflow/example_dags/tutorial.py
[2024-10-16T01:51:02.144+0000] {processor.py:914} INFO - Processing file /home/airflow/.local/lib/python3.12/site-packages/airflow/example_dags/tutorial.py for tasks to queue
[2024-10-16T01:51:02.147+0000] {logging_mixin.py:190} INFO - [2024-10-16T01:51:02.147+0000] {dagbag.py:588} INFO - Filling up the DagBag from /home/airflow/.local/lib/python3.12/site-packages/airflow/example_dags/tutorial.py
[2024-10-16T01:51:02.153+0000] {processor.py:925} INFO - DAG(s) 'tutorial' retrieved from /home/airflow/.local/lib/python3.12/site-packages/airflow/example_dags/tutorial.py
[2024-10-16T01:51:02.170+0000] {logging_mixin.py:190} INFO - [2024-10-16T01:51:02.170+0000] {dag.py:3239} INFO - Sync 1 DAGs
[2024-10-16T01:51:02.189+0000] {logging_mixin.py:190} INFO - [2024-10-16T01:51:02.189+0000] {dag.py:4180} INFO - Setting next_dagrun for tutorial to 2024-10-15 00:00:00+00:00, run_after=2024-10-16 00:00:00+00:00
[2024-10-16T01:51:02.207+0000] {processor.py:208} INFO - Processing /home/airflow/.local/lib/python3.12/site-packages/airflow/example_dags/tutorial.py took 0.070 seconds
[2024-10-16T01:51:32.954+0000] {processor.py:186} INFO - Started process (PID=312) to work on /home/airflow/.local/lib/python3.12/site-packages/airflow/example_dags/tutorial.py
[2024-10-16T01:51:32.956+0000] {processor.py:914} INFO - Processing file /home/airflow/.local/lib/python3.12/site-packages/airflow/example_dags/tutorial.py for tasks to queue
[2024-10-16T01:51:32.964+0000] {logging_mixin.py:190} INFO - [2024-10-16T01:51:32.962+0000] {dagbag.py:588} INFO - Filling up the DagBag from /home/airflow/.local/lib/python3.12/site-packages/airflow/example_dags/tutorial.py
[2024-10-16T01:51:32.984+0000] {processor.py:925} INFO - DAG(s) 'tutorial' retrieved from /home/airflow/.local/lib/python3.12/site-packages/airflow/example_dags/tutorial.py
[2024-10-16T01:51:33.035+0000] {logging_mixin.py:190} INFO - [2024-10-16T01:51:33.034+0000] {dag.py:3239} INFO - Sync 1 DAGs
[2024-10-16T01:51:33.098+0000] {logging_mixin.py:190} INFO - [2024-10-16T01:51:33.097+0000] {dag.py:4180} INFO - Setting next_dagrun for tutorial to 2024-10-15 00:00:00+00:00, run_after=2024-10-16 00:00:00+00:00
[2024-10-16T01:51:33.152+0000] {processor.py:208} INFO - Processing /home/airflow/.local/lib/python3.12/site-packages/airflow/example_dags/tutorial.py took 0.214 seconds
[2024-10-16T01:52:03.553+0000] {processor.py:186} INFO - Started process (PID=374) to work on /home/airflow/.local/lib/python3.12/site-packages/airflow/example_dags/tutorial.py
[2024-10-16T01:52:03.554+0000] {processor.py:914} INFO - Processing file /home/airflow/.local/lib/python3.12/site-packages/airflow/example_dags/tutorial.py for tasks to queue
[2024-10-16T01:52:03.556+0000] {logging_mixin.py:190} INFO - [2024-10-16T01:52:03.556+0000] {dagbag.py:588} INFO - Filling up the DagBag from /home/airflow/.local/lib/python3.12/site-packages/airflow/example_dags/tutorial.py
[2024-10-16T01:52:03.562+0000] {processor.py:925} INFO - DAG(s) 'tutorial' retrieved from /home/airflow/.local/lib/python3.12/site-packages/airflow/example_dags/tutorial.py
[2024-10-16T01:52:03.576+0000] {logging_mixin.py:190} INFO - [2024-10-16T01:52:03.576+0000] {dag.py:3239} INFO - Sync 1 DAGs
[2024-10-16T01:52:03.593+0000] {logging_mixin.py:190} INFO - [2024-10-16T01:52:03.593+0000] {dag.py:4180} INFO - Setting next_dagrun for tutorial to 2024-10-15 00:00:00+00:00, run_after=2024-10-16 00:00:00+00:00
[2024-10-16T01:52:03.610+0000] {processor.py:208} INFO - Processing /home/airflow/.local/lib/python3.12/site-packages/airflow/example_dags/tutorial.py took 0.061 seconds
[2024-10-16T01:52:33.955+0000] {processor.py:186} INFO - Started process (PID=436) to work on /home/airflow/.local/lib/python3.12/site-packages/airflow/example_dags/tutorial.py
[2024-10-16T01:52:33.956+0000] {processor.py:914} INFO - Processing file /home/airflow/.local/lib/python3.12/site-packages/airflow/example_dags/tutorial.py for tasks to queue
[2024-10-16T01:52:33.959+0000] {logging_mixin.py:190} INFO - [2024-10-16T01:52:33.958+0000] {dagbag.py:588} INFO - Filling up the DagBag from /home/airflow/.local/lib/python3.12/site-packages/airflow/example_dags/tutorial.py
[2024-10-16T01:52:33.964+0000] {processor.py:925} INFO - DAG(s) 'tutorial' retrieved from /home/airflow/.local/lib/python3.12/site-packages/airflow/example_dags/tutorial.py
[2024-10-16T01:52:33.980+0000] {logging_mixin.py:190} INFO - [2024-10-16T01:52:33.980+0000] {dag.py:3239} INFO - Sync 1 DAGs
[2024-10-16T01:52:34.000+0000] {logging_mixin.py:190} INFO - [2024-10-16T01:52:34.000+0000] {dag.py:4180} INFO - Setting next_dagrun for tutorial to 2024-10-15 00:00:00+00:00, run_after=2024-10-16 00:00:00+00:00
[2024-10-16T01:52:34.016+0000] {processor.py:208} INFO - Processing /home/airflow/.local/lib/python3.12/site-packages/airflow/example_dags/tutorial.py took 0.065 seconds
[2024-10-16T01:53:04.991+0000] {processor.py:186} INFO - Started process (PID=504) to work on /home/airflow/.local/lib/python3.12/site-packages/airflow/example_dags/tutorial.py
[2024-10-16T01:53:04.992+0000] {processor.py:914} INFO - Processing file /home/airflow/.local/lib/python3.12/site-packages/airflow/example_dags/tutorial.py for tasks to queue
[2024-10-16T01:53:04.994+0000] {logging_mixin.py:190} INFO - [2024-10-16T01:53:04.994+0000] {dagbag.py:588} INFO - Filling up the DagBag from /home/airflow/.local/lib/python3.12/site-packages/airflow/example_dags/tutorial.py
[2024-10-16T01:53:05.000+0000] {processor.py:925} INFO - DAG(s) 'tutorial' retrieved from /home/airflow/.local/lib/python3.12/site-packages/airflow/example_dags/tutorial.py
[2024-10-16T01:53:05.016+0000] {logging_mixin.py:190} INFO - [2024-10-16T01:53:05.015+0000] {dag.py:3239} INFO - Sync 1 DAGs
[2024-10-16T01:53:05.032+0000] {logging_mixin.py:190} INFO - [2024-10-16T01:53:05.032+0000] {dag.py:4180} INFO - Setting next_dagrun for tutorial to 2024-10-15 00:00:00+00:00, run_after=2024-10-16 00:00:00+00:00
[2024-10-16T01:53:05.046+0000] {processor.py:208} INFO - Processing /home/airflow/.local/lib/python3.12/site-packages/airflow/example_dags/tutorial.py took 0.059 seconds
[2024-10-16T01:53:35.327+0000] {processor.py:186} INFO - Started process (PID=566) to work on /home/airflow/.local/lib/python3.12/site-packages/airflow/example_dags/tutorial.py
[2024-10-16T01:53:35.328+0000] {processor.py:914} INFO - Processing file /home/airflow/.local/lib/python3.12/site-packages/airflow/example_dags/tutorial.py for tasks to queue
[2024-10-16T01:53:35.330+0000] {logging_mixin.py:190} INFO - [2024-10-16T01:53:35.330+0000] {dagbag.py:588} INFO - Filling up the DagBag from /home/airflow/.local/lib/python3.12/site-packages/airflow/example_dags/tutorial.py
[2024-10-16T01:53:35.337+0000] {processor.py:925} INFO - DAG(s) 'tutorial' retrieved from /home/airflow/.local/lib/python3.12/site-packages/airflow/example_dags/tutorial.py
[2024-10-16T01:53:35.352+0000] {logging_mixin.py:190} INFO - [2024-10-16T01:53:35.352+0000] {dag.py:3239} INFO - Sync 1 DAGs
[2024-10-16T01:53:35.370+0000] {logging_mixin.py:190} INFO - [2024-10-16T01:53:35.370+0000] {dag.py:4180} INFO - Setting next_dagrun for tutorial to 2024-10-15 00:00:00+00:00, run_after=2024-10-16 00:00:00+00:00
[2024-10-16T01:53:35.386+0000] {processor.py:208} INFO - Processing /home/airflow/.local/lib/python3.12/site-packages/airflow/example_dags/tutorial.py took 0.064 seconds
[2024-10-16T01:54:06.277+0000] {processor.py:186} INFO - Started process (PID=628) to work on /home/airflow/.local/lib/python3.12/site-packages/airflow/example_dags/tutorial.py
[2024-10-16T01:54:06.278+0000] {processor.py:914} INFO - Processing file /home/airflow/.local/lib/python3.12/site-packages/airflow/example_dags/tutorial.py for tasks to queue
[2024-10-16T01:54:06.280+0000] {logging_mixin.py:190} INFO - [2024-10-16T01:54:06.280+0000] {dagbag.py:588} INFO - Filling up the DagBag from /home/airflow/.local/lib/python3.12/site-packages/airflow/example_dags/tutorial.py
[2024-10-16T01:54:06.286+0000] {processor.py:925} INFO - DAG(s) 'tutorial' retrieved from /home/airflow/.local/lib/python3.12/site-packages/airflow/example_dags/tutorial.py
[2024-10-16T01:54:06.301+0000] {logging_mixin.py:190} INFO - [2024-10-16T01:54:06.301+0000] {dag.py:3239} INFO - Sync 1 DAGs
[2024-10-16T01:54:06.318+0000] {logging_mixin.py:190} INFO - [2024-10-16T01:54:06.318+0000] {dag.py:4180} INFO - Setting next_dagrun for tutorial to 2024-10-15 00:00:00+00:00, run_after=2024-10-16 00:00:00+00:00
[2024-10-16T01:54:06.333+0000] {processor.py:208} INFO - Processing /home/airflow/.local/lib/python3.12/site-packages/airflow/example_dags/tutorial.py took 0.060 seconds
[2024-10-16T01:54:37.236+0000] {processor.py:186} INFO - Started process (PID=690) to work on /home/airflow/.local/lib/python3.12/site-packages/airflow/example_dags/tutorial.py
[2024-10-16T01:54:37.238+0000] {processor.py:914} INFO - Processing file /home/airflow/.local/lib/python3.12/site-packages/airflow/example_dags/tutorial.py for tasks to queue
[2024-10-16T01:54:37.242+0000] {logging_mixin.py:190} INFO - [2024-10-16T01:54:37.241+0000] {dagbag.py:588} INFO - Filling up the DagBag from /home/airflow/.local/lib/python3.12/site-packages/airflow/example_dags/tutorial.py
[2024-10-16T01:54:37.252+0000] {processor.py:925} INFO - DAG(s) 'tutorial' retrieved from /home/airflow/.local/lib/python3.12/site-packages/airflow/example_dags/tutorial.py
[2024-10-16T01:54:37.277+0000] {logging_mixin.py:190} INFO - [2024-10-16T01:54:37.277+0000] {dag.py:3239} INFO - Sync 1 DAGs
[2024-10-16T01:54:37.313+0000] {logging_mixin.py:190} INFO - [2024-10-16T01:54:37.312+0000] {dag.py:4180} INFO - Setting next_dagrun for tutorial to 2024-10-15 00:00:00+00:00, run_after=2024-10-16 00:00:00+00:00
[2024-10-16T01:54:37.338+0000] {processor.py:208} INFO - Processing /home/airflow/.local/lib/python3.12/site-packages/airflow/example_dags/tutorial.py took 0.110 seconds
[2024-10-16T01:55:07.505+0000] {processor.py:186} INFO - Started process (PID=752) to work on /home/airflow/.local/lib/python3.12/site-packages/airflow/example_dags/tutorial.py
[2024-10-16T01:55:07.506+0000] {processor.py:914} INFO - Processing file /home/airflow/.local/lib/python3.12/site-packages/airflow/example_dags/tutorial.py for tasks to queue
[2024-10-16T01:55:07.509+0000] {logging_mixin.py:190} INFO - [2024-10-16T01:55:07.508+0000] {dagbag.py:588} INFO - Filling up the DagBag from /home/airflow/.local/lib/python3.12/site-packages/airflow/example_dags/tutorial.py
[2024-10-16T01:55:07.515+0000] {processor.py:925} INFO - DAG(s) 'tutorial' retrieved from /home/airflow/.local/lib/python3.12/site-packages/airflow/example_dags/tutorial.py
[2024-10-16T01:55:07.533+0000] {logging_mixin.py:190} INFO - [2024-10-16T01:55:07.532+0000] {dag.py:3239} INFO - Sync 1 DAGs
[2024-10-16T01:55:07.554+0000] {logging_mixin.py:190} INFO - [2024-10-16T01:55:07.553+0000] {dag.py:4180} INFO - Setting next_dagrun for tutorial to 2024-10-15 00:00:00+00:00, run_after=2024-10-16 00:00:00+00:00
[2024-10-16T01:55:07.574+0000] {processor.py:208} INFO - Processing /home/airflow/.local/lib/python3.12/site-packages/airflow/example_dags/tutorial.py took 0.074 seconds
[2024-10-16T01:55:38.057+0000] {processor.py:186} INFO - Started process (PID=814) to work on /home/airflow/.local/lib/python3.12/site-packages/airflow/example_dags/tutorial.py
[2024-10-16T01:55:38.058+0000] {processor.py:914} INFO - Processing file /home/airflow/.local/lib/python3.12/site-packages/airflow/example_dags/tutorial.py for tasks to queue
[2024-10-16T01:55:38.060+0000] {logging_mixin.py:190} INFO - [2024-10-16T01:55:38.060+0000] {dagbag.py:588} INFO - Filling up the DagBag from /home/airflow/.local/lib/python3.12/site-packages/airflow/example_dags/tutorial.py
[2024-10-16T01:55:38.066+0000] {processor.py:925} INFO - DAG(s) 'tutorial' retrieved from /home/airflow/.local/lib/python3.12/site-packages/airflow/example_dags/tutorial.py
[2024-10-16T01:55:38.079+0000] {logging_mixin.py:190} INFO - [2024-10-16T01:55:38.079+0000] {dag.py:3239} INFO - Sync 1 DAGs
[2024-10-16T01:55:38.097+0000] {logging_mixin.py:190} INFO - [2024-10-16T01:55:38.097+0000] {dag.py:4180} INFO - Setting next_dagrun for tutorial to 2024-10-15 00:00:00+00:00, run_after=2024-10-16 00:00:00+00:00
[2024-10-16T01:55:38.119+0000] {processor.py:208} INFO - Processing /home/airflow/.local/lib/python3.12/site-packages/airflow/example_dags/tutorial.py took 0.067 seconds
[2024-10-16T01:56:08.224+0000] {processor.py:186} INFO - Started process (PID=876) to work on /home/airflow/.local/lib/python3.12/site-packages/airflow/example_dags/tutorial.py
[2024-10-16T01:56:08.225+0000] {processor.py:914} INFO - Processing file /home/airflow/.local/lib/python3.12/site-packages/airflow/example_dags/tutorial.py for tasks to queue
[2024-10-16T01:56:08.226+0000] {logging_mixin.py:190} INFO - [2024-10-16T01:56:08.226+0000] {dagbag.py:588} INFO - Filling up the DagBag from /home/airflow/.local/lib/python3.12/site-packages/airflow/example_dags/tutorial.py
[2024-10-16T01:56:08.232+0000] {processor.py:925} INFO - DAG(s) 'tutorial' retrieved from /home/airflow/.local/lib/python3.12/site-packages/airflow/example_dags/tutorial.py
[2024-10-16T01:56:08.245+0000] {logging_mixin.py:190} INFO - [2024-10-16T01:56:08.245+0000] {dag.py:3239} INFO - Sync 1 DAGs
[2024-10-16T01:56:08.262+0000] {logging_mixin.py:190} INFO - [2024-10-16T01:56:08.262+0000] {dag.py:4180} INFO - Setting next_dagrun for tutorial to 2024-10-15 00:00:00+00:00, run_after=2024-10-16 00:00:00+00:00
[2024-10-16T01:56:08.282+0000] {processor.py:208} INFO - Processing /home/airflow/.local/lib/python3.12/site-packages/airflow/example_dags/tutorial.py took 0.062 seconds
[2024-10-16T01:56:38.990+0000] {processor.py:186} INFO - Started process (PID=938) to work on /home/airflow/.local/lib/python3.12/site-packages/airflow/example_dags/tutorial.py
[2024-10-16T01:56:38.991+0000] {processor.py:914} INFO - Processing file /home/airflow/.local/lib/python3.12/site-packages/airflow/example_dags/tutorial.py for tasks to queue
[2024-10-16T01:56:38.993+0000] {logging_mixin.py:190} INFO - [2024-10-16T01:56:38.993+0000] {dagbag.py:588} INFO - Filling up the DagBag from /home/airflow/.local/lib/python3.12/site-packages/airflow/example_dags/tutorial.py
[2024-10-16T01:56:39.000+0000] {processor.py:925} INFO - DAG(s) 'tutorial' retrieved from /home/airflow/.local/lib/python3.12/site-packages/airflow/example_dags/tutorial.py
[2024-10-16T01:56:39.020+0000] {logging_mixin.py:190} INFO - [2024-10-16T01:56:39.020+0000] {dag.py:3239} INFO - Sync 1 DAGs
[2024-10-16T01:56:39.046+0000] {logging_mixin.py:190} INFO - [2024-10-16T01:56:39.046+0000] {dag.py:4180} INFO - Setting next_dagrun for tutorial to 2024-10-15 00:00:00+00:00, run_after=2024-10-16 00:00:00+00:00
[2024-10-16T01:56:39.068+0000] {processor.py:208} INFO - Processing /home/airflow/.local/lib/python3.12/site-packages/airflow/example_dags/tutorial.py took 0.084 seconds
[2024-10-16T01:57:09.529+0000] {processor.py:186} INFO - Started process (PID=1000) to work on /home/airflow/.local/lib/python3.12/site-packages/airflow/example_dags/tutorial.py
[2024-10-16T01:57:09.530+0000] {processor.py:914} INFO - Processing file /home/airflow/.local/lib/python3.12/site-packages/airflow/example_dags/tutorial.py for tasks to queue
[2024-10-16T01:57:09.532+0000] {logging_mixin.py:190} INFO - [2024-10-16T01:57:09.531+0000] {dagbag.py:588} INFO - Filling up the DagBag from /home/airflow/.local/lib/python3.12/site-packages/airflow/example_dags/tutorial.py
[2024-10-16T01:57:09.538+0000] {processor.py:925} INFO - DAG(s) 'tutorial' retrieved from /home/airflow/.local/lib/python3.12/site-packages/airflow/example_dags/tutorial.py
[2024-10-16T01:57:09.552+0000] {logging_mixin.py:190} INFO - [2024-10-16T01:57:09.552+0000] {dag.py:3239} INFO - Sync 1 DAGs
[2024-10-16T01:57:09.570+0000] {logging_mixin.py:190} INFO - [2024-10-16T01:57:09.570+0000] {dag.py:4180} INFO - Setting next_dagrun for tutorial to 2024-10-15 00:00:00+00:00, run_after=2024-10-16 00:00:00+00:00
[2024-10-16T01:57:09.586+0000] {processor.py:208} INFO - Processing /home/airflow/.local/lib/python3.12/site-packages/airflow/example_dags/tutorial.py took 0.062 seconds
[2024-10-16T01:57:39.814+0000] {processor.py:186} INFO - Started process (PID=1063) to work on /home/airflow/.local/lib/python3.12/site-packages/airflow/example_dags/tutorial.py
[2024-10-16T01:57:39.815+0000] {processor.py:914} INFO - Processing file /home/airflow/.local/lib/python3.12/site-packages/airflow/example_dags/tutorial.py for tasks to queue
[2024-10-16T01:57:39.817+0000] {logging_mixin.py:190} INFO - [2024-10-16T01:57:39.817+0000] {dagbag.py:588} INFO - Filling up the DagBag from /home/airflow/.local/lib/python3.12/site-packages/airflow/example_dags/tutorial.py
[2024-10-16T01:57:39.822+0000] {processor.py:925} INFO - DAG(s) 'tutorial' retrieved from /home/airflow/.local/lib/python3.12/site-packages/airflow/example_dags/tutorial.py
[2024-10-16T01:57:39.838+0000] {logging_mixin.py:190} INFO - [2024-10-16T01:57:39.838+0000] {dag.py:3239} INFO - Sync 1 DAGs
[2024-10-16T01:57:39.855+0000] {logging_mixin.py:190} INFO - [2024-10-16T01:57:39.855+0000] {dag.py:4180} INFO - Setting next_dagrun for tutorial to 2024-10-15 00:00:00+00:00, run_after=2024-10-16 00:00:00+00:00
[2024-10-16T01:57:39.868+0000] {processor.py:208} INFO - Processing /home/airflow/.local/lib/python3.12/site-packages/airflow/example_dags/tutorial.py took 0.059 seconds
[2024-10-16T01:58:10.830+0000] {processor.py:186} INFO - Started process (PID=1125) to work on /home/airflow/.local/lib/python3.12/site-packages/airflow/example_dags/tutorial.py
[2024-10-16T01:58:10.830+0000] {processor.py:914} INFO - Processing file /home/airflow/.local/lib/python3.12/site-packages/airflow/example_dags/tutorial.py for tasks to queue
[2024-10-16T01:58:10.832+0000] {logging_mixin.py:190} INFO - [2024-10-16T01:58:10.832+0000] {dagbag.py:588} INFO - Filling up the DagBag from /home/airflow/.local/lib/python3.12/site-packages/airflow/example_dags/tutorial.py
[2024-10-16T01:58:10.838+0000] {processor.py:925} INFO - DAG(s) 'tutorial' retrieved from /home/airflow/.local/lib/python3.12/site-packages/airflow/example_dags/tutorial.py
[2024-10-16T01:58:10.852+0000] {logging_mixin.py:190} INFO - [2024-10-16T01:58:10.851+0000] {dag.py:3239} INFO - Sync 1 DAGs
[2024-10-16T01:58:10.867+0000] {logging_mixin.py:190} INFO - [2024-10-16T01:58:10.867+0000] {dag.py:4180} INFO - Setting next_dagrun for tutorial to 2024-10-15 00:00:00+00:00, run_after=2024-10-16 00:00:00+00:00
[2024-10-16T01:58:10.883+0000] {processor.py:208} INFO - Processing /home/airflow/.local/lib/python3.12/site-packages/airflow/example_dags/tutorial.py took 0.058 seconds
[2024-10-16T01:58:40.914+0000] {processor.py:186} INFO - Started process (PID=1187) to work on /home/airflow/.local/lib/python3.12/site-packages/airflow/example_dags/tutorial.py
[2024-10-16T01:58:40.915+0000] {processor.py:914} INFO - Processing file /home/airflow/.local/lib/python3.12/site-packages/airflow/example_dags/tutorial.py for tasks to queue
[2024-10-16T01:58:40.917+0000] {logging_mixin.py:190} INFO - [2024-10-16T01:58:40.917+0000] {dagbag.py:588} INFO - Filling up the DagBag from /home/airflow/.local/lib/python3.12/site-packages/airflow/example_dags/tutorial.py
[2024-10-16T01:58:40.923+0000] {processor.py:925} INFO - DAG(s) 'tutorial' retrieved from /home/airflow/.local/lib/python3.12/site-packages/airflow/example_dags/tutorial.py
[2024-10-16T01:58:40.938+0000] {logging_mixin.py:190} INFO - [2024-10-16T01:58:40.938+0000] {dag.py:3239} INFO - Sync 1 DAGs
[2024-10-16T01:58:40.962+0000] {logging_mixin.py:190} INFO - [2024-10-16T01:58:40.962+0000] {dag.py:4180} INFO - Setting next_dagrun for tutorial to 2024-10-15 00:00:00+00:00, run_after=2024-10-16 00:00:00+00:00
[2024-10-16T01:58:40.983+0000] {processor.py:208} INFO - Processing /home/airflow/.local/lib/python3.12/site-packages/airflow/example_dags/tutorial.py took 0.073 seconds
[2024-10-16T01:59:11.841+0000] {processor.py:186} INFO - Started process (PID=1249) to work on /home/airflow/.local/lib/python3.12/site-packages/airflow/example_dags/tutorial.py
[2024-10-16T01:59:11.841+0000] {processor.py:914} INFO - Processing file /home/airflow/.local/lib/python3.12/site-packages/airflow/example_dags/tutorial.py for tasks to queue
[2024-10-16T01:59:11.843+0000] {logging_mixin.py:190} INFO - [2024-10-16T01:59:11.843+0000] {dagbag.py:588} INFO - Filling up the DagBag from /home/airflow/.local/lib/python3.12/site-packages/airflow/example_dags/tutorial.py
[2024-10-16T01:59:11.849+0000] {processor.py:925} INFO - DAG(s) 'tutorial' retrieved from /home/airflow/.local/lib/python3.12/site-packages/airflow/example_dags/tutorial.py
[2024-10-16T01:59:11.863+0000] {logging_mixin.py:190} INFO - [2024-10-16T01:59:11.863+0000] {dag.py:3239} INFO - Sync 1 DAGs
[2024-10-16T01:59:11.881+0000] {logging_mixin.py:190} INFO - [2024-10-16T01:59:11.881+0000] {dag.py:4180} INFO - Setting next_dagrun for tutorial to 2024-10-15 00:00:00+00:00, run_after=2024-10-16 00:00:00+00:00
[2024-10-16T01:59:11.896+0000] {processor.py:208} INFO - Processing /home/airflow/.local/lib/python3.12/site-packages/airflow/example_dags/tutorial.py took 0.061 seconds
[2024-10-16T01:59:42.859+0000] {processor.py:186} INFO - Started process (PID=1311) to work on /home/airflow/.local/lib/python3.12/site-packages/airflow/example_dags/tutorial.py
[2024-10-16T01:59:42.860+0000] {processor.py:914} INFO - Processing file /home/airflow/.local/lib/python3.12/site-packages/airflow/example_dags/tutorial.py for tasks to queue
[2024-10-16T01:59:42.864+0000] {logging_mixin.py:190} INFO - [2024-10-16T01:59:42.864+0000] {dagbag.py:588} INFO - Filling up the DagBag from /home/airflow/.local/lib/python3.12/site-packages/airflow/example_dags/tutorial.py
[2024-10-16T01:59:42.875+0000] {processor.py:925} INFO - DAG(s) 'tutorial' retrieved from /home/airflow/.local/lib/python3.12/site-packages/airflow/example_dags/tutorial.py
[2024-10-16T01:59:42.898+0000] {logging_mixin.py:190} INFO - [2024-10-16T01:59:42.897+0000] {dag.py:3239} INFO - Sync 1 DAGs
[2024-10-16T01:59:42.926+0000] {logging_mixin.py:190} INFO - [2024-10-16T01:59:42.926+0000] {dag.py:4180} INFO - Setting next_dagrun for tutorial to 2024-10-15 00:00:00+00:00, run_after=2024-10-16 00:00:00+00:00
[2024-10-16T01:59:42.956+0000] {processor.py:208} INFO - Processing /home/airflow/.local/lib/python3.12/site-packages/airflow/example_dags/tutorial.py took 0.105 seconds
[2024-10-16T02:00:13.289+0000] {processor.py:186} INFO - Started process (PID=1373) to work on /home/airflow/.local/lib/python3.12/site-packages/airflow/example_dags/tutorial.py
[2024-10-16T02:00:13.290+0000] {processor.py:914} INFO - Processing file /home/airflow/.local/lib/python3.12/site-packages/airflow/example_dags/tutorial.py for tasks to queue
[2024-10-16T02:00:13.292+0000] {logging_mixin.py:190} INFO - [2024-10-16T02:00:13.292+0000] {dagbag.py:588} INFO - Filling up the DagBag from /home/airflow/.local/lib/python3.12/site-packages/airflow/example_dags/tutorial.py
[2024-10-16T02:00:13.298+0000] {processor.py:925} INFO - DAG(s) 'tutorial' retrieved from /home/airflow/.local/lib/python3.12/site-packages/airflow/example_dags/tutorial.py
[2024-10-16T02:00:13.315+0000] {logging_mixin.py:190} INFO - [2024-10-16T02:00:13.315+0000] {dag.py:3239} INFO - Sync 1 DAGs
[2024-10-16T02:00:13.336+0000] {logging_mixin.py:190} INFO - [2024-10-16T02:00:13.336+0000] {dag.py:4180} INFO - Setting next_dagrun for tutorial to 2024-10-15 00:00:00+00:00, run_after=2024-10-16 00:00:00+00:00
[2024-10-16T02:00:13.354+0000] {processor.py:208} INFO - Processing /home/airflow/.local/lib/python3.12/site-packages/airflow/example_dags/tutorial.py took 0.070 seconds
[2024-10-16T02:00:43.861+0000] {processor.py:186} INFO - Started process (PID=1435) to work on /home/airflow/.local/lib/python3.12/site-packages/airflow/example_dags/tutorial.py
[2024-10-16T02:00:43.862+0000] {processor.py:914} INFO - Processing file /home/airflow/.local/lib/python3.12/site-packages/airflow/example_dags/tutorial.py for tasks to queue
[2024-10-16T02:00:43.864+0000] {logging_mixin.py:190} INFO - [2024-10-16T02:00:43.863+0000] {dagbag.py:588} INFO - Filling up the DagBag from /home/airflow/.local/lib/python3.12/site-packages/airflow/example_dags/tutorial.py
[2024-10-16T02:00:43.869+0000] {processor.py:925} INFO - DAG(s) 'tutorial' retrieved from /home/airflow/.local/lib/python3.12/site-packages/airflow/example_dags/tutorial.py
[2024-10-16T02:00:43.887+0000] {logging_mixin.py:190} INFO - [2024-10-16T02:00:43.886+0000] {dag.py:3239} INFO - Sync 1 DAGs
[2024-10-16T02:00:43.903+0000] {logging_mixin.py:190} INFO - [2024-10-16T02:00:43.903+0000] {dag.py:4180} INFO - Setting next_dagrun for tutorial to 2024-10-15 00:00:00+00:00, run_after=2024-10-16 00:00:00+00:00
[2024-10-16T02:00:43.917+0000] {processor.py:208} INFO - Processing /home/airflow/.local/lib/python3.12/site-packages/airflow/example_dags/tutorial.py took 0.061 seconds
[2024-10-16T02:01:14.355+0000] {processor.py:186} INFO - Started process (PID=1497) to work on /home/airflow/.local/lib/python3.12/site-packages/airflow/example_dags/tutorial.py
[2024-10-16T02:01:14.356+0000] {processor.py:914} INFO - Processing file /home/airflow/.local/lib/python3.12/site-packages/airflow/example_dags/tutorial.py for tasks to queue
[2024-10-16T02:01:14.358+0000] {logging_mixin.py:190} INFO - [2024-10-16T02:01:14.358+0000] {dagbag.py:588} INFO - Filling up the DagBag from /home/airflow/.local/lib/python3.12/site-packages/airflow/example_dags/tutorial.py
[2024-10-16T02:01:14.366+0000] {processor.py:925} INFO - DAG(s) 'tutorial' retrieved from /home/airflow/.local/lib/python3.12/site-packages/airflow/example_dags/tutorial.py
[2024-10-16T02:01:14.388+0000] {logging_mixin.py:190} INFO - [2024-10-16T02:01:14.387+0000] {dag.py:3239} INFO - Sync 1 DAGs
[2024-10-16T02:01:14.412+0000] {logging_mixin.py:190} INFO - [2024-10-16T02:01:14.412+0000] {dag.py:4180} INFO - Setting next_dagrun for tutorial to 2024-10-15 00:00:00+00:00, run_after=2024-10-16 00:00:00+00:00
[2024-10-16T02:01:14.432+0000] {processor.py:208} INFO - Processing /home/airflow/.local/lib/python3.12/site-packages/airflow/example_dags/tutorial.py took 0.084 seconds
[2024-10-16T02:01:44.727+0000] {processor.py:186} INFO - Started process (PID=1559) to work on /home/airflow/.local/lib/python3.12/site-packages/airflow/example_dags/tutorial.py
[2024-10-16T02:01:44.728+0000] {processor.py:914} INFO - Processing file /home/airflow/.local/lib/python3.12/site-packages/airflow/example_dags/tutorial.py for tasks to queue
[2024-10-16T02:01:44.730+0000] {logging_mixin.py:190} INFO - [2024-10-16T02:01:44.729+0000] {dagbag.py:588} INFO - Filling up the DagBag from /home/airflow/.local/lib/python3.12/site-packages/airflow/example_dags/tutorial.py
[2024-10-16T02:01:44.735+0000] {processor.py:925} INFO - DAG(s) 'tutorial' retrieved from /home/airflow/.local/lib/python3.12/site-packages/airflow/example_dags/tutorial.py
[2024-10-16T02:01:44.749+0000] {logging_mixin.py:190} INFO - [2024-10-16T02:01:44.749+0000] {dag.py:3239} INFO - Sync 1 DAGs
[2024-10-16T02:01:44.768+0000] {logging_mixin.py:190} INFO - [2024-10-16T02:01:44.768+0000] {dag.py:4180} INFO - Setting next_dagrun for tutorial to 2024-10-15 00:00:00+00:00, run_after=2024-10-16 00:00:00+00:00
[2024-10-16T02:01:44.782+0000] {processor.py:208} INFO - Processing /home/airflow/.local/lib/python3.12/site-packages/airflow/example_dags/tutorial.py took 0.059 seconds
[2024-10-16T02:02:14.917+0000] {processor.py:186} INFO - Started process (PID=1621) to work on /home/airflow/.local/lib/python3.12/site-packages/airflow/example_dags/tutorial.py
[2024-10-16T02:02:14.918+0000] {processor.py:914} INFO - Processing file /home/airflow/.local/lib/python3.12/site-packages/airflow/example_dags/tutorial.py for tasks to queue
[2024-10-16T02:02:14.920+0000] {logging_mixin.py:190} INFO - [2024-10-16T02:02:14.920+0000] {dagbag.py:588} INFO - Filling up the DagBag from /home/airflow/.local/lib/python3.12/site-packages/airflow/example_dags/tutorial.py
[2024-10-16T02:02:14.927+0000] {processor.py:925} INFO - DAG(s) 'tutorial' retrieved from /home/airflow/.local/lib/python3.12/site-packages/airflow/example_dags/tutorial.py
[2024-10-16T02:02:14.943+0000] {logging_mixin.py:190} INFO - [2024-10-16T02:02:14.943+0000] {dag.py:3239} INFO - Sync 1 DAGs
[2024-10-16T02:02:14.963+0000] {logging_mixin.py:190} INFO - [2024-10-16T02:02:14.963+0000] {dag.py:4180} INFO - Setting next_dagrun for tutorial to 2024-10-15 00:00:00+00:00, run_after=2024-10-16 00:00:00+00:00
[2024-10-16T02:02:14.977+0000] {processor.py:208} INFO - Processing /home/airflow/.local/lib/python3.12/site-packages/airflow/example_dags/tutorial.py took 0.066 seconds
[2024-10-16T02:02:45.019+0000] {processor.py:186} INFO - Started process (PID=1683) to work on /home/airflow/.local/lib/python3.12/site-packages/airflow/example_dags/tutorial.py
[2024-10-16T02:02:45.021+0000] {processor.py:914} INFO - Processing file /home/airflow/.local/lib/python3.12/site-packages/airflow/example_dags/tutorial.py for tasks to queue
[2024-10-16T02:02:45.023+0000] {logging_mixin.py:190} INFO - [2024-10-16T02:02:45.023+0000] {dagbag.py:588} INFO - Filling up the DagBag from /home/airflow/.local/lib/python3.12/site-packages/airflow/example_dags/tutorial.py
[2024-10-16T02:02:45.032+0000] {processor.py:925} INFO - DAG(s) 'tutorial' retrieved from /home/airflow/.local/lib/python3.12/site-packages/airflow/example_dags/tutorial.py
[2024-10-16T02:02:45.055+0000] {logging_mixin.py:190} INFO - [2024-10-16T02:02:45.054+0000] {dag.py:3239} INFO - Sync 1 DAGs
[2024-10-16T02:02:45.083+0000] {logging_mixin.py:190} INFO - [2024-10-16T02:02:45.082+0000] {dag.py:4180} INFO - Setting next_dagrun for tutorial to 2024-10-15 00:00:00+00:00, run_after=2024-10-16 00:00:00+00:00
[2024-10-16T02:02:45.106+0000] {processor.py:208} INFO - Processing /home/airflow/.local/lib/python3.12/site-packages/airflow/example_dags/tutorial.py took 0.094 seconds
[2024-10-16T02:03:15.555+0000] {processor.py:186} INFO - Started process (PID=1745) to work on /home/airflow/.local/lib/python3.12/site-packages/airflow/example_dags/tutorial.py
[2024-10-16T02:03:15.556+0000] {processor.py:914} INFO - Processing file /home/airflow/.local/lib/python3.12/site-packages/airflow/example_dags/tutorial.py for tasks to queue
[2024-10-16T02:03:15.559+0000] {logging_mixin.py:190} INFO - [2024-10-16T02:03:15.558+0000] {dagbag.py:588} INFO - Filling up the DagBag from /home/airflow/.local/lib/python3.12/site-packages/airflow/example_dags/tutorial.py
[2024-10-16T02:03:15.566+0000] {processor.py:925} INFO - DAG(s) 'tutorial' retrieved from /home/airflow/.local/lib/python3.12/site-packages/airflow/example_dags/tutorial.py
[2024-10-16T02:03:15.588+0000] {logging_mixin.py:190} INFO - [2024-10-16T02:03:15.588+0000] {dag.py:3239} INFO - Sync 1 DAGs
[2024-10-16T02:03:15.614+0000] {logging_mixin.py:190} INFO - [2024-10-16T02:03:15.614+0000] {dag.py:4180} INFO - Setting next_dagrun for tutorial to 2024-10-15 00:00:00+00:00, run_after=2024-10-16 00:00:00+00:00
[2024-10-16T02:03:15.630+0000] {processor.py:208} INFO - Processing /home/airflow/.local/lib/python3.12/site-packages/airflow/example_dags/tutorial.py took 0.083 seconds
[2024-10-16T02:03:46.084+0000] {processor.py:186} INFO - Started process (PID=1807) to work on /home/airflow/.local/lib/python3.12/site-packages/airflow/example_dags/tutorial.py
[2024-10-16T02:03:46.086+0000] {processor.py:914} INFO - Processing file /home/airflow/.local/lib/python3.12/site-packages/airflow/example_dags/tutorial.py for tasks to queue
[2024-10-16T02:03:46.088+0000] {logging_mixin.py:190} INFO - [2024-10-16T02:03:46.087+0000] {dagbag.py:588} INFO - Filling up the DagBag from /home/airflow/.local/lib/python3.12/site-packages/airflow/example_dags/tutorial.py
[2024-10-16T02:03:46.094+0000] {processor.py:925} INFO - DAG(s) 'tutorial' retrieved from /home/airflow/.local/lib/python3.12/site-packages/airflow/example_dags/tutorial.py
[2024-10-16T02:03:46.110+0000] {logging_mixin.py:190} INFO - [2024-10-16T02:03:46.110+0000] {dag.py:3239} INFO - Sync 1 DAGs
[2024-10-16T02:03:46.130+0000] {logging_mixin.py:190} INFO - [2024-10-16T02:03:46.129+0000] {dag.py:4180} INFO - Setting next_dagrun for tutorial to 2024-10-15 00:00:00+00:00, run_after=2024-10-16 00:00:00+00:00
[2024-10-16T02:03:46.144+0000] {processor.py:208} INFO - Processing /home/airflow/.local/lib/python3.12/site-packages/airflow/example_dags/tutorial.py took 0.064 seconds
[2024-10-16T02:04:16.661+0000] {processor.py:186} INFO - Started process (PID=1869) to work on /home/airflow/.local/lib/python3.12/site-packages/airflow/example_dags/tutorial.py
[2024-10-16T02:04:16.661+0000] {processor.py:914} INFO - Processing file /home/airflow/.local/lib/python3.12/site-packages/airflow/example_dags/tutorial.py for tasks to queue
[2024-10-16T02:04:16.663+0000] {logging_mixin.py:190} INFO - [2024-10-16T02:04:16.663+0000] {dagbag.py:588} INFO - Filling up the DagBag from /home/airflow/.local/lib/python3.12/site-packages/airflow/example_dags/tutorial.py
[2024-10-16T02:04:16.669+0000] {processor.py:925} INFO - DAG(s) 'tutorial' retrieved from /home/airflow/.local/lib/python3.12/site-packages/airflow/example_dags/tutorial.py
[2024-10-16T02:04:16.685+0000] {logging_mixin.py:190} INFO - [2024-10-16T02:04:16.684+0000] {dag.py:3239} INFO - Sync 1 DAGs
[2024-10-16T02:04:16.705+0000] {logging_mixin.py:190} INFO - [2024-10-16T02:04:16.704+0000] {dag.py:4180} INFO - Setting next_dagrun for tutorial to 2024-10-15 00:00:00+00:00, run_after=2024-10-16 00:00:00+00:00
[2024-10-16T02:04:16.719+0000] {processor.py:208} INFO - Processing /home/airflow/.local/lib/python3.12/site-packages/airflow/example_dags/tutorial.py took 0.063 seconds
[2024-10-16T02:04:46.969+0000] {processor.py:186} INFO - Started process (PID=1931) to work on /home/airflow/.local/lib/python3.12/site-packages/airflow/example_dags/tutorial.py
[2024-10-16T02:04:46.970+0000] {processor.py:914} INFO - Processing file /home/airflow/.local/lib/python3.12/site-packages/airflow/example_dags/tutorial.py for tasks to queue
[2024-10-16T02:04:46.971+0000] {logging_mixin.py:190} INFO - [2024-10-16T02:04:46.971+0000] {dagbag.py:588} INFO - Filling up the DagBag from /home/airflow/.local/lib/python3.12/site-packages/airflow/example_dags/tutorial.py
[2024-10-16T02:04:46.977+0000] {processor.py:925} INFO - DAG(s) 'tutorial' retrieved from /home/airflow/.local/lib/python3.12/site-packages/airflow/example_dags/tutorial.py
[2024-10-16T02:04:46.993+0000] {logging_mixin.py:190} INFO - [2024-10-16T02:04:46.993+0000] {dag.py:3239} INFO - Sync 1 DAGs
[2024-10-16T02:04:47.010+0000] {logging_mixin.py:190} INFO - [2024-10-16T02:04:47.010+0000] {dag.py:4180} INFO - Setting next_dagrun for tutorial to 2024-10-15 00:00:00+00:00, run_after=2024-10-16 00:00:00+00:00
[2024-10-16T02:04:47.024+0000] {processor.py:208} INFO - Processing /home/airflow/.local/lib/python3.12/site-packages/airflow/example_dags/tutorial.py took 0.059 seconds
[2024-10-16T02:05:17.145+0000] {processor.py:186} INFO - Started process (PID=1993) to work on /home/airflow/.local/lib/python3.12/site-packages/airflow/example_dags/tutorial.py
[2024-10-16T02:05:17.146+0000] {processor.py:914} INFO - Processing file /home/airflow/.local/lib/python3.12/site-packages/airflow/example_dags/tutorial.py for tasks to queue
[2024-10-16T02:05:17.148+0000] {logging_mixin.py:190} INFO - [2024-10-16T02:05:17.148+0000] {dagbag.py:588} INFO - Filling up the DagBag from /home/airflow/.local/lib/python3.12/site-packages/airflow/example_dags/tutorial.py
[2024-10-16T02:05:17.153+0000] {processor.py:925} INFO - DAG(s) 'tutorial' retrieved from /home/airflow/.local/lib/python3.12/site-packages/airflow/example_dags/tutorial.py
[2024-10-16T02:05:17.168+0000] {logging_mixin.py:190} INFO - [2024-10-16T02:05:17.168+0000] {dag.py:3239} INFO - Sync 1 DAGs
[2024-10-16T02:05:17.190+0000] {logging_mixin.py:190} INFO - [2024-10-16T02:05:17.190+0000] {dag.py:4180} INFO - Setting next_dagrun for tutorial to 2024-10-15 00:00:00+00:00, run_after=2024-10-16 00:00:00+00:00
[2024-10-16T02:05:17.203+0000] {processor.py:208} INFO - Processing /home/airflow/.local/lib/python3.12/site-packages/airflow/example_dags/tutorial.py took 0.062 seconds
[2024-10-16T02:05:47.503+0000] {processor.py:186} INFO - Started process (PID=2055) to work on /home/airflow/.local/lib/python3.12/site-packages/airflow/example_dags/tutorial.py
[2024-10-16T02:05:47.504+0000] {processor.py:914} INFO - Processing file /home/airflow/.local/lib/python3.12/site-packages/airflow/example_dags/tutorial.py for tasks to queue
[2024-10-16T02:05:47.505+0000] {logging_mixin.py:190} INFO - [2024-10-16T02:05:47.505+0000] {dagbag.py:588} INFO - Filling up the DagBag from /home/airflow/.local/lib/python3.12/site-packages/airflow/example_dags/tutorial.py
[2024-10-16T02:05:47.510+0000] {processor.py:925} INFO - DAG(s) 'tutorial' retrieved from /home/airflow/.local/lib/python3.12/site-packages/airflow/example_dags/tutorial.py
[2024-10-16T02:05:47.526+0000] {logging_mixin.py:190} INFO - [2024-10-16T02:05:47.526+0000] {dag.py:3239} INFO - Sync 1 DAGs
[2024-10-16T02:05:47.544+0000] {logging_mixin.py:190} INFO - [2024-10-16T02:05:47.544+0000] {dag.py:4180} INFO - Setting next_dagrun for tutorial to 2024-10-15 00:00:00+00:00, run_after=2024-10-16 00:00:00+00:00
[2024-10-16T02:05:47.559+0000] {processor.py:208} INFO - Processing /home/airflow/.local/lib/python3.12/site-packages/airflow/example_dags/tutorial.py took 0.061 seconds
[2024-10-16T02:06:17.659+0000] {processor.py:186} INFO - Started process (PID=2117) to work on /home/airflow/.local/lib/python3.12/site-packages/airflow/example_dags/tutorial.py
[2024-10-16T02:06:17.660+0000] {processor.py:914} INFO - Processing file /home/airflow/.local/lib/python3.12/site-packages/airflow/example_dags/tutorial.py for tasks to queue
[2024-10-16T02:06:17.662+0000] {logging_mixin.py:190} INFO - [2024-10-16T02:06:17.662+0000] {dagbag.py:588} INFO - Filling up the DagBag from /home/airflow/.local/lib/python3.12/site-packages/airflow/example_dags/tutorial.py
[2024-10-16T02:06:17.667+0000] {processor.py:925} INFO - DAG(s) 'tutorial' retrieved from /home/airflow/.local/lib/python3.12/site-packages/airflow/example_dags/tutorial.py
[2024-10-16T02:06:17.682+0000] {logging_mixin.py:190} INFO - [2024-10-16T02:06:17.682+0000] {dag.py:3239} INFO - Sync 1 DAGs
[2024-10-16T02:06:17.698+0000] {logging_mixin.py:190} INFO - [2024-10-16T02:06:17.697+0000] {dag.py:4180} INFO - Setting next_dagrun for tutorial to 2024-10-15 00:00:00+00:00, run_after=2024-10-16 00:00:00+00:00
[2024-10-16T02:06:17.713+0000] {processor.py:208} INFO - Processing /home/airflow/.local/lib/python3.12/site-packages/airflow/example_dags/tutorial.py took 0.059 seconds
[2024-10-16T02:06:48.332+0000] {processor.py:186} INFO - Started process (PID=2179) to work on /home/airflow/.local/lib/python3.12/site-packages/airflow/example_dags/tutorial.py
[2024-10-16T02:06:48.333+0000] {processor.py:914} INFO - Processing file /home/airflow/.local/lib/python3.12/site-packages/airflow/example_dags/tutorial.py for tasks to queue
[2024-10-16T02:06:48.335+0000] {logging_mixin.py:190} INFO - [2024-10-16T02:06:48.335+0000] {dagbag.py:588} INFO - Filling up the DagBag from /home/airflow/.local/lib/python3.12/site-packages/airflow/example_dags/tutorial.py
[2024-10-16T02:06:48.341+0000] {processor.py:925} INFO - DAG(s) 'tutorial' retrieved from /home/airflow/.local/lib/python3.12/site-packages/airflow/example_dags/tutorial.py
[2024-10-16T02:06:48.357+0000] {logging_mixin.py:190} INFO - [2024-10-16T02:06:48.357+0000] {dag.py:3239} INFO - Sync 1 DAGs
[2024-10-16T02:06:48.377+0000] {logging_mixin.py:190} INFO - [2024-10-16T02:06:48.377+0000] {dag.py:4180} INFO - Setting next_dagrun for tutorial to 2024-10-15 00:00:00+00:00, run_after=2024-10-16 00:00:00+00:00
[2024-10-16T02:06:48.390+0000] {processor.py:208} INFO - Processing /home/airflow/.local/lib/python3.12/site-packages/airflow/example_dags/tutorial.py took 0.063 seconds
[2024-10-16T02:07:18.650+0000] {processor.py:186} INFO - Started process (PID=2241) to work on /home/airflow/.local/lib/python3.12/site-packages/airflow/example_dags/tutorial.py
[2024-10-16T02:07:18.651+0000] {processor.py:914} INFO - Processing file /home/airflow/.local/lib/python3.12/site-packages/airflow/example_dags/tutorial.py for tasks to queue
[2024-10-16T02:07:18.652+0000] {logging_mixin.py:190} INFO - [2024-10-16T02:07:18.652+0000] {dagbag.py:588} INFO - Filling up the DagBag from /home/airflow/.local/lib/python3.12/site-packages/airflow/example_dags/tutorial.py
[2024-10-16T02:07:18.658+0000] {processor.py:925} INFO - DAG(s) 'tutorial' retrieved from /home/airflow/.local/lib/python3.12/site-packages/airflow/example_dags/tutorial.py
[2024-10-16T02:07:18.672+0000] {logging_mixin.py:190} INFO - [2024-10-16T02:07:18.672+0000] {dag.py:3239} INFO - Sync 1 DAGs
[2024-10-16T02:07:18.690+0000] {logging_mixin.py:190} INFO - [2024-10-16T02:07:18.690+0000] {dag.py:4180} INFO - Setting next_dagrun for tutorial to 2024-10-15 00:00:00+00:00, run_after=2024-10-16 00:00:00+00:00
[2024-10-16T02:07:18.709+0000] {processor.py:208} INFO - Processing /home/airflow/.local/lib/python3.12/site-packages/airflow/example_dags/tutorial.py took 0.064 seconds
[2024-10-16T02:07:48.797+0000] {processor.py:186} INFO - Started process (PID=2303) to work on /home/airflow/.local/lib/python3.12/site-packages/airflow/example_dags/tutorial.py
[2024-10-16T02:07:48.798+0000] {processor.py:914} INFO - Processing file /home/airflow/.local/lib/python3.12/site-packages/airflow/example_dags/tutorial.py for tasks to queue
[2024-10-16T02:07:48.800+0000] {logging_mixin.py:190} INFO - [2024-10-16T02:07:48.799+0000] {dagbag.py:588} INFO - Filling up the DagBag from /home/airflow/.local/lib/python3.12/site-packages/airflow/example_dags/tutorial.py
[2024-10-16T02:07:48.805+0000] {processor.py:925} INFO - DAG(s) 'tutorial' retrieved from /home/airflow/.local/lib/python3.12/site-packages/airflow/example_dags/tutorial.py
[2024-10-16T02:07:48.820+0000] {logging_mixin.py:190} INFO - [2024-10-16T02:07:48.820+0000] {dag.py:3239} INFO - Sync 1 DAGs
[2024-10-16T02:07:48.840+0000] {logging_mixin.py:190} INFO - [2024-10-16T02:07:48.840+0000] {dag.py:4180} INFO - Setting next_dagrun for tutorial to 2024-10-15 00:00:00+00:00, run_after=2024-10-16 00:00:00+00:00
[2024-10-16T02:07:48.856+0000] {processor.py:208} INFO - Processing /home/airflow/.local/lib/python3.12/site-packages/airflow/example_dags/tutorial.py took 0.064 seconds
[2024-10-16T02:08:19.144+0000] {processor.py:186} INFO - Started process (PID=2365) to work on /home/airflow/.local/lib/python3.12/site-packages/airflow/example_dags/tutorial.py
[2024-10-16T02:08:19.145+0000] {processor.py:914} INFO - Processing file /home/airflow/.local/lib/python3.12/site-packages/airflow/example_dags/tutorial.py for tasks to queue
[2024-10-16T02:08:19.146+0000] {logging_mixin.py:190} INFO - [2024-10-16T02:08:19.146+0000] {dagbag.py:588} INFO - Filling up the DagBag from /home/airflow/.local/lib/python3.12/site-packages/airflow/example_dags/tutorial.py
[2024-10-16T02:08:19.152+0000] {processor.py:925} INFO - DAG(s) 'tutorial' retrieved from /home/airflow/.local/lib/python3.12/site-packages/airflow/example_dags/tutorial.py
[2024-10-16T02:08:19.168+0000] {logging_mixin.py:190} INFO - [2024-10-16T02:08:19.168+0000] {dag.py:3239} INFO - Sync 1 DAGs
[2024-10-16T02:08:19.187+0000] {logging_mixin.py:190} INFO - [2024-10-16T02:08:19.186+0000] {dag.py:4180} INFO - Setting next_dagrun for tutorial to 2024-10-15 00:00:00+00:00, run_after=2024-10-16 00:00:00+00:00
[2024-10-16T02:08:19.200+0000] {processor.py:208} INFO - Processing /home/airflow/.local/lib/python3.12/site-packages/airflow/example_dags/tutorial.py took 0.061 seconds
[2024-10-16T02:09:06.796+0000] {processor.py:186} INFO - Started process (PID=60) to work on /home/airflow/.local/lib/python3.12/site-packages/airflow/example_dags/tutorial.py
[2024-10-16T02:09:06.798+0000] {processor.py:914} INFO - Processing file /home/airflow/.local/lib/python3.12/site-packages/airflow/example_dags/tutorial.py for tasks to queue
[2024-10-16T02:09:06.802+0000] {logging_mixin.py:190} INFO - [2024-10-16T02:09:06.801+0000] {dagbag.py:588} INFO - Filling up the DagBag from /home/airflow/.local/lib/python3.12/site-packages/airflow/example_dags/tutorial.py
[2024-10-16T02:09:06.813+0000] {processor.py:925} INFO - DAG(s) 'tutorial' retrieved from /home/airflow/.local/lib/python3.12/site-packages/airflow/example_dags/tutorial.py
[2024-10-16T02:09:06.849+0000] {logging_mixin.py:190} INFO - [2024-10-16T02:09:06.848+0000] {dag.py:3239} INFO - Sync 1 DAGs
[2024-10-16T02:09:06.898+0000] {logging_mixin.py:190} INFO - [2024-10-16T02:09:06.897+0000] {dag.py:4180} INFO - Setting next_dagrun for tutorial to 2024-10-15 00:00:00+00:00, run_after=2024-10-16 00:00:00+00:00
[2024-10-16T02:09:06.938+0000] {processor.py:208} INFO - Processing /home/airflow/.local/lib/python3.12/site-packages/airflow/example_dags/tutorial.py took 0.151 seconds
[2024-10-16T02:09:36.996+0000] {processor.py:186} INFO - Started process (PID=125) to work on /home/airflow/.local/lib/python3.12/site-packages/airflow/example_dags/tutorial.py
[2024-10-16T02:09:36.996+0000] {processor.py:914} INFO - Processing file /home/airflow/.local/lib/python3.12/site-packages/airflow/example_dags/tutorial.py for tasks to queue
[2024-10-16T02:09:36.998+0000] {logging_mixin.py:190} INFO - [2024-10-16T02:09:36.998+0000] {dagbag.py:588} INFO - Filling up the DagBag from /home/airflow/.local/lib/python3.12/site-packages/airflow/example_dags/tutorial.py
[2024-10-16T02:09:37.004+0000] {processor.py:925} INFO - DAG(s) 'tutorial' retrieved from /home/airflow/.local/lib/python3.12/site-packages/airflow/example_dags/tutorial.py
[2024-10-16T02:09:37.020+0000] {logging_mixin.py:190} INFO - [2024-10-16T02:09:37.020+0000] {dag.py:3239} INFO - Sync 1 DAGs
[2024-10-16T02:09:37.038+0000] {logging_mixin.py:190} INFO - [2024-10-16T02:09:37.038+0000] {dag.py:4180} INFO - Setting next_dagrun for tutorial to 2024-10-15 00:00:00+00:00, run_after=2024-10-16 00:00:00+00:00
[2024-10-16T02:09:37.053+0000] {processor.py:208} INFO - Processing /home/airflow/.local/lib/python3.12/site-packages/airflow/example_dags/tutorial.py took 0.062 seconds
[2024-10-16T02:10:07.119+0000] {processor.py:186} INFO - Started process (PID=190) to work on /home/airflow/.local/lib/python3.12/site-packages/airflow/example_dags/tutorial.py
[2024-10-16T02:10:07.119+0000] {processor.py:914} INFO - Processing file /home/airflow/.local/lib/python3.12/site-packages/airflow/example_dags/tutorial.py for tasks to queue
[2024-10-16T02:10:07.121+0000] {logging_mixin.py:190} INFO - [2024-10-16T02:10:07.121+0000] {dagbag.py:588} INFO - Filling up the DagBag from /home/airflow/.local/lib/python3.12/site-packages/airflow/example_dags/tutorial.py
[2024-10-16T02:10:07.126+0000] {processor.py:925} INFO - DAG(s) 'tutorial' retrieved from /home/airflow/.local/lib/python3.12/site-packages/airflow/example_dags/tutorial.py
[2024-10-16T02:10:07.142+0000] {logging_mixin.py:190} INFO - [2024-10-16T02:10:07.141+0000] {dag.py:3239} INFO - Sync 1 DAGs
[2024-10-16T02:10:07.158+0000] {logging_mixin.py:190} INFO - [2024-10-16T02:10:07.158+0000] {dag.py:4180} INFO - Setting next_dagrun for tutorial to 2024-10-15 00:00:00+00:00, run_after=2024-10-16 00:00:00+00:00
[2024-10-16T02:10:07.172+0000] {processor.py:208} INFO - Processing /home/airflow/.local/lib/python3.12/site-packages/airflow/example_dags/tutorial.py took 0.058 seconds
[2024-10-16T02:10:37.743+0000] {processor.py:186} INFO - Started process (PID=256) to work on /home/airflow/.local/lib/python3.12/site-packages/airflow/example_dags/tutorial.py
[2024-10-16T02:10:37.744+0000] {processor.py:914} INFO - Processing file /home/airflow/.local/lib/python3.12/site-packages/airflow/example_dags/tutorial.py for tasks to queue
[2024-10-16T02:10:37.747+0000] {logging_mixin.py:190} INFO - [2024-10-16T02:10:37.746+0000] {dagbag.py:588} INFO - Filling up the DagBag from /home/airflow/.local/lib/python3.12/site-packages/airflow/example_dags/tutorial.py
[2024-10-16T02:10:37.753+0000] {processor.py:925} INFO - DAG(s) 'tutorial' retrieved from /home/airflow/.local/lib/python3.12/site-packages/airflow/example_dags/tutorial.py
[2024-10-16T02:10:37.769+0000] {logging_mixin.py:190} INFO - [2024-10-16T02:10:37.769+0000] {dag.py:3239} INFO - Sync 1 DAGs
[2024-10-16T02:10:37.786+0000] {logging_mixin.py:190} INFO - [2024-10-16T02:10:37.786+0000] {dag.py:4180} INFO - Setting next_dagrun for tutorial to 2024-10-15 00:00:00+00:00, run_after=2024-10-16 00:00:00+00:00
[2024-10-16T02:10:37.801+0000] {processor.py:208} INFO - Processing /home/airflow/.local/lib/python3.12/site-packages/airflow/example_dags/tutorial.py took 0.062 seconds
[2024-10-16T02:11:08.113+0000] {processor.py:186} INFO - Started process (PID=322) to work on /home/airflow/.local/lib/python3.12/site-packages/airflow/example_dags/tutorial.py
[2024-10-16T02:11:08.114+0000] {processor.py:914} INFO - Processing file /home/airflow/.local/lib/python3.12/site-packages/airflow/example_dags/tutorial.py for tasks to queue
[2024-10-16T02:11:08.116+0000] {logging_mixin.py:190} INFO - [2024-10-16T02:11:08.116+0000] {dagbag.py:588} INFO - Filling up the DagBag from /home/airflow/.local/lib/python3.12/site-packages/airflow/example_dags/tutorial.py
[2024-10-16T02:11:08.121+0000] {processor.py:925} INFO - DAG(s) 'tutorial' retrieved from /home/airflow/.local/lib/python3.12/site-packages/airflow/example_dags/tutorial.py
[2024-10-16T02:11:08.136+0000] {logging_mixin.py:190} INFO - [2024-10-16T02:11:08.136+0000] {dag.py:3239} INFO - Sync 1 DAGs
[2024-10-16T02:11:08.152+0000] {logging_mixin.py:190} INFO - [2024-10-16T02:11:08.152+0000] {dag.py:4180} INFO - Setting next_dagrun for tutorial to 2024-10-15 00:00:00+00:00, run_after=2024-10-16 00:00:00+00:00
[2024-10-16T02:11:08.165+0000] {processor.py:208} INFO - Processing /home/airflow/.local/lib/python3.12/site-packages/airflow/example_dags/tutorial.py took 0.056 seconds
[2024-10-16T02:11:45.992+0000] {processor.py:186} INFO - Started process (PID=66) to work on /home/airflow/.local/lib/python3.12/site-packages/airflow/example_dags/tutorial.py
[2024-10-16T02:11:45.994+0000] {processor.py:914} INFO - Processing file /home/airflow/.local/lib/python3.12/site-packages/airflow/example_dags/tutorial.py for tasks to queue
[2024-10-16T02:11:45.997+0000] {logging_mixin.py:190} INFO - [2024-10-16T02:11:45.996+0000] {dagbag.py:588} INFO - Filling up the DagBag from /home/airflow/.local/lib/python3.12/site-packages/airflow/example_dags/tutorial.py
[2024-10-16T02:11:46.006+0000] {processor.py:925} INFO - DAG(s) 'tutorial' retrieved from /home/airflow/.local/lib/python3.12/site-packages/airflow/example_dags/tutorial.py
[2024-10-16T02:11:46.035+0000] {logging_mixin.py:190} INFO - [2024-10-16T02:11:46.034+0000] {dag.py:3239} INFO - Sync 1 DAGs
[2024-10-16T02:11:46.068+0000] {logging_mixin.py:190} INFO - [2024-10-16T02:11:46.068+0000] {dag.py:4180} INFO - Setting next_dagrun for tutorial to 2024-10-15 00:00:00+00:00, run_after=2024-10-16 00:00:00+00:00
[2024-10-16T02:11:46.091+0000] {processor.py:208} INFO - Processing /home/airflow/.local/lib/python3.12/site-packages/airflow/example_dags/tutorial.py took 0.106 seconds
[2024-10-16T02:12:16.686+0000] {processor.py:186} INFO - Started process (PID=131) to work on /home/airflow/.local/lib/python3.12/site-packages/airflow/example_dags/tutorial.py
[2024-10-16T02:12:16.687+0000] {processor.py:914} INFO - Processing file /home/airflow/.local/lib/python3.12/site-packages/airflow/example_dags/tutorial.py for tasks to queue
[2024-10-16T02:12:16.689+0000] {logging_mixin.py:190} INFO - [2024-10-16T02:12:16.689+0000] {dagbag.py:588} INFO - Filling up the DagBag from /home/airflow/.local/lib/python3.12/site-packages/airflow/example_dags/tutorial.py
[2024-10-16T02:12:16.695+0000] {processor.py:925} INFO - DAG(s) 'tutorial' retrieved from /home/airflow/.local/lib/python3.12/site-packages/airflow/example_dags/tutorial.py
[2024-10-16T02:12:16.711+0000] {logging_mixin.py:190} INFO - [2024-10-16T02:12:16.711+0000] {dag.py:3239} INFO - Sync 1 DAGs
[2024-10-16T02:12:16.729+0000] {logging_mixin.py:190} INFO - [2024-10-16T02:12:16.729+0000] {dag.py:4180} INFO - Setting next_dagrun for tutorial to 2024-10-15 00:00:00+00:00, run_after=2024-10-16 00:00:00+00:00
[2024-10-16T02:12:16.744+0000] {processor.py:208} INFO - Processing /home/airflow/.local/lib/python3.12/site-packages/airflow/example_dags/tutorial.py took 0.062 seconds
[2024-10-16T02:12:46.928+0000] {processor.py:186} INFO - Started process (PID=196) to work on /home/airflow/.local/lib/python3.12/site-packages/airflow/example_dags/tutorial.py
[2024-10-16T02:12:46.928+0000] {processor.py:914} INFO - Processing file /home/airflow/.local/lib/python3.12/site-packages/airflow/example_dags/tutorial.py for tasks to queue
[2024-10-16T02:12:46.929+0000] {logging_mixin.py:190} INFO - [2024-10-16T02:12:46.929+0000] {dagbag.py:588} INFO - Filling up the DagBag from /home/airflow/.local/lib/python3.12/site-packages/airflow/example_dags/tutorial.py
[2024-10-16T02:12:46.936+0000] {processor.py:925} INFO - DAG(s) 'tutorial' retrieved from /home/airflow/.local/lib/python3.12/site-packages/airflow/example_dags/tutorial.py
[2024-10-16T02:12:46.951+0000] {logging_mixin.py:190} INFO - [2024-10-16T02:12:46.951+0000] {dag.py:3239} INFO - Sync 1 DAGs
[2024-10-16T02:12:46.971+0000] {logging_mixin.py:190} INFO - [2024-10-16T02:12:46.971+0000] {dag.py:4180} INFO - Setting next_dagrun for tutorial to 2024-10-15 00:00:00+00:00, run_after=2024-10-16 00:00:00+00:00
[2024-10-16T02:12:46.984+0000] {processor.py:208} INFO - Processing /home/airflow/.local/lib/python3.12/site-packages/airflow/example_dags/tutorial.py took 0.061 seconds
[2024-10-16T02:13:17.962+0000] {processor.py:186} INFO - Started process (PID=265) to work on /home/airflow/.local/lib/python3.12/site-packages/airflow/example_dags/tutorial.py
[2024-10-16T02:13:17.963+0000] {processor.py:914} INFO - Processing file /home/airflow/.local/lib/python3.12/site-packages/airflow/example_dags/tutorial.py for tasks to queue
[2024-10-16T02:13:17.964+0000] {logging_mixin.py:190} INFO - [2024-10-16T02:13:17.963+0000] {dagbag.py:588} INFO - Filling up the DagBag from /home/airflow/.local/lib/python3.12/site-packages/airflow/example_dags/tutorial.py
[2024-10-16T02:13:17.969+0000] {processor.py:925} INFO - DAG(s) 'tutorial' retrieved from /home/airflow/.local/lib/python3.12/site-packages/airflow/example_dags/tutorial.py
[2024-10-16T02:13:17.983+0000] {logging_mixin.py:190} INFO - [2024-10-16T02:13:17.983+0000] {dag.py:3239} INFO - Sync 1 DAGs
[2024-10-16T02:13:18.001+0000] {logging_mixin.py:190} INFO - [2024-10-16T02:13:18.001+0000] {dag.py:4180} INFO - Setting next_dagrun for tutorial to 2024-10-15 00:00:00+00:00, run_after=2024-10-16 00:00:00+00:00
[2024-10-16T02:13:18.015+0000] {processor.py:208} INFO - Processing /home/airflow/.local/lib/python3.12/site-packages/airflow/example_dags/tutorial.py took 0.057 seconds
[2024-10-16T02:13:48.335+0000] {processor.py:186} INFO - Started process (PID=330) to work on /home/airflow/.local/lib/python3.12/site-packages/airflow/example_dags/tutorial.py
[2024-10-16T02:13:48.336+0000] {processor.py:914} INFO - Processing file /home/airflow/.local/lib/python3.12/site-packages/airflow/example_dags/tutorial.py for tasks to queue
[2024-10-16T02:13:48.337+0000] {logging_mixin.py:190} INFO - [2024-10-16T02:13:48.337+0000] {dagbag.py:588} INFO - Filling up the DagBag from /home/airflow/.local/lib/python3.12/site-packages/airflow/example_dags/tutorial.py
[2024-10-16T02:13:48.343+0000] {processor.py:925} INFO - DAG(s) 'tutorial' retrieved from /home/airflow/.local/lib/python3.12/site-packages/airflow/example_dags/tutorial.py
[2024-10-16T02:13:48.357+0000] {logging_mixin.py:190} INFO - [2024-10-16T02:13:48.357+0000] {dag.py:3239} INFO - Sync 1 DAGs
[2024-10-16T02:13:48.373+0000] {logging_mixin.py:190} INFO - [2024-10-16T02:13:48.373+0000] {dag.py:4180} INFO - Setting next_dagrun for tutorial to 2024-10-15 00:00:00+00:00, run_after=2024-10-16 00:00:00+00:00
[2024-10-16T02:13:48.386+0000] {processor.py:208} INFO - Processing /home/airflow/.local/lib/python3.12/site-packages/airflow/example_dags/tutorial.py took 0.056 seconds
[2024-10-16T02:14:18.913+0000] {processor.py:186} INFO - Started process (PID=401) to work on /home/airflow/.local/lib/python3.12/site-packages/airflow/example_dags/tutorial.py
[2024-10-16T02:14:18.914+0000] {processor.py:914} INFO - Processing file /home/airflow/.local/lib/python3.12/site-packages/airflow/example_dags/tutorial.py for tasks to queue
[2024-10-16T02:14:18.915+0000] {logging_mixin.py:190} INFO - [2024-10-16T02:14:18.915+0000] {dagbag.py:588} INFO - Filling up the DagBag from /home/airflow/.local/lib/python3.12/site-packages/airflow/example_dags/tutorial.py
[2024-10-16T02:14:18.923+0000] {processor.py:925} INFO - DAG(s) 'tutorial' retrieved from /home/airflow/.local/lib/python3.12/site-packages/airflow/example_dags/tutorial.py
[2024-10-16T02:14:18.936+0000] {logging_mixin.py:190} INFO - [2024-10-16T02:14:18.936+0000] {dag.py:3239} INFO - Sync 1 DAGs
[2024-10-16T02:14:18.952+0000] {logging_mixin.py:190} INFO - [2024-10-16T02:14:18.952+0000] {dag.py:4180} INFO - Setting next_dagrun for tutorial to 2024-10-15 00:00:00+00:00, run_after=2024-10-16 00:00:00+00:00
[2024-10-16T02:14:18.965+0000] {processor.py:208} INFO - Processing /home/airflow/.local/lib/python3.12/site-packages/airflow/example_dags/tutorial.py took 0.056 seconds
[2024-10-16T02:14:49.163+0000] {processor.py:186} INFO - Started process (PID=466) to work on /home/airflow/.local/lib/python3.12/site-packages/airflow/example_dags/tutorial.py
[2024-10-16T02:14:49.164+0000] {processor.py:914} INFO - Processing file /home/airflow/.local/lib/python3.12/site-packages/airflow/example_dags/tutorial.py for tasks to queue
[2024-10-16T02:14:49.165+0000] {logging_mixin.py:190} INFO - [2024-10-16T02:14:49.165+0000] {dagbag.py:588} INFO - Filling up the DagBag from /home/airflow/.local/lib/python3.12/site-packages/airflow/example_dags/tutorial.py
[2024-10-16T02:14:49.172+0000] {processor.py:925} INFO - DAG(s) 'tutorial' retrieved from /home/airflow/.local/lib/python3.12/site-packages/airflow/example_dags/tutorial.py
[2024-10-16T02:14:49.187+0000] {logging_mixin.py:190} INFO - [2024-10-16T02:14:49.187+0000] {dag.py:3239} INFO - Sync 1 DAGs
[2024-10-16T02:14:49.206+0000] {logging_mixin.py:190} INFO - [2024-10-16T02:14:49.205+0000] {dag.py:4180} INFO - Setting next_dagrun for tutorial to 2024-10-15 00:00:00+00:00, run_after=2024-10-16 00:00:00+00:00
[2024-10-16T02:14:49.221+0000] {processor.py:208} INFO - Processing /home/airflow/.local/lib/python3.12/site-packages/airflow/example_dags/tutorial.py took 0.063 seconds
[2024-10-16T02:15:19.473+0000] {processor.py:186} INFO - Started process (PID=531) to work on /home/airflow/.local/lib/python3.12/site-packages/airflow/example_dags/tutorial.py
[2024-10-16T02:15:19.474+0000] {processor.py:914} INFO - Processing file /home/airflow/.local/lib/python3.12/site-packages/airflow/example_dags/tutorial.py for tasks to queue
[2024-10-16T02:15:19.475+0000] {logging_mixin.py:190} INFO - [2024-10-16T02:15:19.474+0000] {dagbag.py:588} INFO - Filling up the DagBag from /home/airflow/.local/lib/python3.12/site-packages/airflow/example_dags/tutorial.py
[2024-10-16T02:15:19.481+0000] {processor.py:925} INFO - DAG(s) 'tutorial' retrieved from /home/airflow/.local/lib/python3.12/site-packages/airflow/example_dags/tutorial.py
[2024-10-16T02:15:19.497+0000] {logging_mixin.py:190} INFO - [2024-10-16T02:15:19.497+0000] {dag.py:3239} INFO - Sync 1 DAGs
[2024-10-16T02:15:19.513+0000] {logging_mixin.py:190} INFO - [2024-10-16T02:15:19.512+0000] {dag.py:4180} INFO - Setting next_dagrun for tutorial to 2024-10-15 00:00:00+00:00, run_after=2024-10-16 00:00:00+00:00
[2024-10-16T02:15:19.526+0000] {processor.py:208} INFO - Processing /home/airflow/.local/lib/python3.12/site-packages/airflow/example_dags/tutorial.py took 0.057 seconds
[2024-10-16T02:17:19.201+0000] {processor.py:186} INFO - Started process (PID=78) to work on /home/airflow/.local/lib/python3.12/site-packages/airflow/example_dags/tutorial.py
[2024-10-16T02:17:19.213+0000] {processor.py:914} INFO - Processing file /home/airflow/.local/lib/python3.12/site-packages/airflow/example_dags/tutorial.py for tasks to queue
[2024-10-16T02:17:19.222+0000] {logging_mixin.py:190} INFO - [2024-10-16T02:17:19.221+0000] {dagbag.py:588} INFO - Filling up the DagBag from /home/airflow/.local/lib/python3.12/site-packages/airflow/example_dags/tutorial.py
[2024-10-16T02:17:19.300+0000] {processor.py:925} INFO - DAG(s) 'tutorial' retrieved from /home/airflow/.local/lib/python3.12/site-packages/airflow/example_dags/tutorial.py
[2024-10-16T02:17:19.471+0000] {logging_mixin.py:190} INFO - [2024-10-16T02:17:19.470+0000] {dag.py:3239} INFO - Sync 1 DAGs
[2024-10-16T02:17:19.641+0000] {logging_mixin.py:190} INFO - [2024-10-16T02:17:19.640+0000] {dag.py:4180} INFO - Setting next_dagrun for tutorial to 2024-10-15 00:00:00+00:00, run_after=2024-10-16 00:00:00+00:00
[2024-10-16T02:17:19.758+0000] {processor.py:208} INFO - Processing /home/airflow/.local/lib/python3.12/site-packages/airflow/example_dags/tutorial.py took 0.596 seconds
[2024-10-16T02:17:49.982+0000] {processor.py:186} INFO - Started process (PID=143) to work on /home/airflow/.local/lib/python3.12/site-packages/airflow/example_dags/tutorial.py
[2024-10-16T02:17:49.983+0000] {processor.py:914} INFO - Processing file /home/airflow/.local/lib/python3.12/site-packages/airflow/example_dags/tutorial.py for tasks to queue
[2024-10-16T02:17:49.986+0000] {logging_mixin.py:190} INFO - [2024-10-16T02:17:49.986+0000] {dagbag.py:588} INFO - Filling up the DagBag from /home/airflow/.local/lib/python3.12/site-packages/airflow/example_dags/tutorial.py
[2024-10-16T02:17:49.992+0000] {processor.py:925} INFO - DAG(s) 'tutorial' retrieved from /home/airflow/.local/lib/python3.12/site-packages/airflow/example_dags/tutorial.py
[2024-10-16T02:17:50.009+0000] {logging_mixin.py:190} INFO - [2024-10-16T02:17:50.009+0000] {dag.py:3239} INFO - Sync 1 DAGs
[2024-10-16T02:17:50.028+0000] {logging_mixin.py:190} INFO - [2024-10-16T02:17:50.028+0000] {dag.py:4180} INFO - Setting next_dagrun for tutorial to 2024-10-15 00:00:00+00:00, run_after=2024-10-16 00:00:00+00:00
[2024-10-16T02:17:50.042+0000] {processor.py:208} INFO - Processing /home/airflow/.local/lib/python3.12/site-packages/airflow/example_dags/tutorial.py took 0.065 seconds
[2024-10-16T02:18:20.862+0000] {processor.py:186} INFO - Started process (PID=208) to work on /home/airflow/.local/lib/python3.12/site-packages/airflow/example_dags/tutorial.py
[2024-10-16T02:18:20.863+0000] {processor.py:914} INFO - Processing file /home/airflow/.local/lib/python3.12/site-packages/airflow/example_dags/tutorial.py for tasks to queue
[2024-10-16T02:18:20.865+0000] {logging_mixin.py:190} INFO - [2024-10-16T02:18:20.865+0000] {dagbag.py:588} INFO - Filling up the DagBag from /home/airflow/.local/lib/python3.12/site-packages/airflow/example_dags/tutorial.py
[2024-10-16T02:18:20.872+0000] {processor.py:925} INFO - DAG(s) 'tutorial' retrieved from /home/airflow/.local/lib/python3.12/site-packages/airflow/example_dags/tutorial.py
[2024-10-16T02:18:20.889+0000] {logging_mixin.py:190} INFO - [2024-10-16T02:18:20.889+0000] {dag.py:3239} INFO - Sync 1 DAGs
[2024-10-16T02:18:20.904+0000] {logging_mixin.py:190} INFO - [2024-10-16T02:18:20.904+0000] {dag.py:4180} INFO - Setting next_dagrun for tutorial to 2024-10-15 00:00:00+00:00, run_after=2024-10-16 00:00:00+00:00
[2024-10-16T02:18:20.919+0000] {processor.py:208} INFO - Processing /home/airflow/.local/lib/python3.12/site-packages/airflow/example_dags/tutorial.py took 0.062 seconds
[2024-10-16T02:18:51.814+0000] {processor.py:186} INFO - Started process (PID=273) to work on /home/airflow/.local/lib/python3.12/site-packages/airflow/example_dags/tutorial.py
[2024-10-16T02:18:51.815+0000] {processor.py:914} INFO - Processing file /home/airflow/.local/lib/python3.12/site-packages/airflow/example_dags/tutorial.py for tasks to queue
[2024-10-16T02:18:51.817+0000] {logging_mixin.py:190} INFO - [2024-10-16T02:18:51.817+0000] {dagbag.py:588} INFO - Filling up the DagBag from /home/airflow/.local/lib/python3.12/site-packages/airflow/example_dags/tutorial.py
[2024-10-16T02:18:51.823+0000] {processor.py:925} INFO - DAG(s) 'tutorial' retrieved from /home/airflow/.local/lib/python3.12/site-packages/airflow/example_dags/tutorial.py
[2024-10-16T02:18:51.839+0000] {logging_mixin.py:190} INFO - [2024-10-16T02:18:51.839+0000] {dag.py:3239} INFO - Sync 1 DAGs
[2024-10-16T02:18:51.860+0000] {logging_mixin.py:190} INFO - [2024-10-16T02:18:51.860+0000] {dag.py:4180} INFO - Setting next_dagrun for tutorial to 2024-10-15 00:00:00+00:00, run_after=2024-10-16 00:00:00+00:00
[2024-10-16T02:18:51.875+0000] {processor.py:208} INFO - Processing /home/airflow/.local/lib/python3.12/site-packages/airflow/example_dags/tutorial.py took 0.066 seconds
[2024-10-16T02:19:22.095+0000] {processor.py:186} INFO - Started process (PID=338) to work on /home/airflow/.local/lib/python3.12/site-packages/airflow/example_dags/tutorial.py
[2024-10-16T02:19:22.096+0000] {processor.py:914} INFO - Processing file /home/airflow/.local/lib/python3.12/site-packages/airflow/example_dags/tutorial.py for tasks to queue
[2024-10-16T02:19:22.097+0000] {logging_mixin.py:190} INFO - [2024-10-16T02:19:22.097+0000] {dagbag.py:588} INFO - Filling up the DagBag from /home/airflow/.local/lib/python3.12/site-packages/airflow/example_dags/tutorial.py
[2024-10-16T02:19:22.103+0000] {processor.py:925} INFO - DAG(s) 'tutorial' retrieved from /home/airflow/.local/lib/python3.12/site-packages/airflow/example_dags/tutorial.py
[2024-10-16T02:19:22.119+0000] {logging_mixin.py:190} INFO - [2024-10-16T02:19:22.119+0000] {dag.py:3239} INFO - Sync 1 DAGs
[2024-10-16T02:19:22.137+0000] {logging_mixin.py:190} INFO - [2024-10-16T02:19:22.137+0000] {dag.py:4180} INFO - Setting next_dagrun for tutorial to 2024-10-15 00:00:00+00:00, run_after=2024-10-16 00:00:00+00:00
[2024-10-16T02:19:22.151+0000] {processor.py:208} INFO - Processing /home/airflow/.local/lib/python3.12/site-packages/airflow/example_dags/tutorial.py took 0.061 seconds
[2024-10-16T02:19:52.389+0000] {processor.py:186} INFO - Started process (PID=403) to work on /home/airflow/.local/lib/python3.12/site-packages/airflow/example_dags/tutorial.py
[2024-10-16T02:19:52.389+0000] {processor.py:914} INFO - Processing file /home/airflow/.local/lib/python3.12/site-packages/airflow/example_dags/tutorial.py for tasks to queue
[2024-10-16T02:19:52.391+0000] {logging_mixin.py:190} INFO - [2024-10-16T02:19:52.391+0000] {dagbag.py:588} INFO - Filling up the DagBag from /home/airflow/.local/lib/python3.12/site-packages/airflow/example_dags/tutorial.py
[2024-10-16T02:19:52.397+0000] {processor.py:925} INFO - DAG(s) 'tutorial' retrieved from /home/airflow/.local/lib/python3.12/site-packages/airflow/example_dags/tutorial.py
[2024-10-16T02:19:52.414+0000] {logging_mixin.py:190} INFO - [2024-10-16T02:19:52.413+0000] {dag.py:3239} INFO - Sync 1 DAGs
[2024-10-16T02:19:52.428+0000] {logging_mixin.py:190} INFO - [2024-10-16T02:19:52.428+0000] {dag.py:4180} INFO - Setting next_dagrun for tutorial to 2024-10-15 00:00:00+00:00, run_after=2024-10-16 00:00:00+00:00
[2024-10-16T02:19:52.443+0000] {processor.py:208} INFO - Processing /home/airflow/.local/lib/python3.12/site-packages/airflow/example_dags/tutorial.py took 0.059 seconds
[2024-10-16T02:20:22.643+0000] {processor.py:186} INFO - Started process (PID=468) to work on /home/airflow/.local/lib/python3.12/site-packages/airflow/example_dags/tutorial.py
[2024-10-16T02:20:22.644+0000] {processor.py:914} INFO - Processing file /home/airflow/.local/lib/python3.12/site-packages/airflow/example_dags/tutorial.py for tasks to queue
[2024-10-16T02:20:22.646+0000] {logging_mixin.py:190} INFO - [2024-10-16T02:20:22.646+0000] {dagbag.py:588} INFO - Filling up the DagBag from /home/airflow/.local/lib/python3.12/site-packages/airflow/example_dags/tutorial.py
[2024-10-16T02:20:22.652+0000] {processor.py:925} INFO - DAG(s) 'tutorial' retrieved from /home/airflow/.local/lib/python3.12/site-packages/airflow/example_dags/tutorial.py
[2024-10-16T02:20:22.667+0000] {logging_mixin.py:190} INFO - [2024-10-16T02:20:22.666+0000] {dag.py:3239} INFO - Sync 1 DAGs
[2024-10-16T02:20:22.684+0000] {logging_mixin.py:190} INFO - [2024-10-16T02:20:22.684+0000] {dag.py:4180} INFO - Setting next_dagrun for tutorial to 2024-10-15 00:00:00+00:00, run_after=2024-10-16 00:00:00+00:00
[2024-10-16T02:20:22.699+0000] {processor.py:208} INFO - Processing /home/airflow/.local/lib/python3.12/site-packages/airflow/example_dags/tutorial.py took 0.060 seconds
[2024-10-16T02:21:29.302+0000] {processor.py:186} INFO - Started process (PID=72) to work on /home/airflow/.local/lib/python3.12/site-packages/airflow/example_dags/tutorial.py
[2024-10-16T02:21:29.303+0000] {processor.py:914} INFO - Processing file /home/airflow/.local/lib/python3.12/site-packages/airflow/example_dags/tutorial.py for tasks to queue
[2024-10-16T02:21:29.305+0000] {logging_mixin.py:190} INFO - [2024-10-16T02:21:29.305+0000] {dagbag.py:588} INFO - Filling up the DagBag from /home/airflow/.local/lib/python3.12/site-packages/airflow/example_dags/tutorial.py
[2024-10-16T02:21:29.312+0000] {processor.py:925} INFO - DAG(s) 'tutorial' retrieved from /home/airflow/.local/lib/python3.12/site-packages/airflow/example_dags/tutorial.py
[2024-10-16T02:21:29.332+0000] {logging_mixin.py:190} INFO - [2024-10-16T02:21:29.331+0000] {dag.py:3239} INFO - Sync 1 DAGs
[2024-10-16T02:21:29.351+0000] {logging_mixin.py:190} INFO - [2024-10-16T02:21:29.351+0000] {dag.py:4180} INFO - Setting next_dagrun for tutorial to 2024-10-15 00:00:00+00:00, run_after=2024-10-16 00:00:00+00:00
[2024-10-16T02:21:29.370+0000] {processor.py:208} INFO - Processing /home/airflow/.local/lib/python3.12/site-packages/airflow/example_dags/tutorial.py took 0.073 seconds
[2024-10-16T02:21:59.979+0000] {processor.py:186} INFO - Started process (PID=137) to work on /home/airflow/.local/lib/python3.12/site-packages/airflow/example_dags/tutorial.py
[2024-10-16T02:21:59.980+0000] {processor.py:914} INFO - Processing file /home/airflow/.local/lib/python3.12/site-packages/airflow/example_dags/tutorial.py for tasks to queue
[2024-10-16T02:21:59.982+0000] {logging_mixin.py:190} INFO - [2024-10-16T02:21:59.981+0000] {dagbag.py:588} INFO - Filling up the DagBag from /home/airflow/.local/lib/python3.12/site-packages/airflow/example_dags/tutorial.py
[2024-10-16T02:21:59.987+0000] {processor.py:925} INFO - DAG(s) 'tutorial' retrieved from /home/airflow/.local/lib/python3.12/site-packages/airflow/example_dags/tutorial.py
[2024-10-16T02:22:00.003+0000] {logging_mixin.py:190} INFO - [2024-10-16T02:22:00.002+0000] {dag.py:3239} INFO - Sync 1 DAGs
[2024-10-16T02:22:00.021+0000] {logging_mixin.py:190} INFO - [2024-10-16T02:22:00.021+0000] {dag.py:4180} INFO - Setting next_dagrun for tutorial to 2024-10-15 00:00:00+00:00, run_after=2024-10-16 00:00:00+00:00
[2024-10-16T02:22:00.036+0000] {processor.py:208} INFO - Processing /home/airflow/.local/lib/python3.12/site-packages/airflow/example_dags/tutorial.py took 0.062 seconds
[2024-10-16T02:22:30.241+0000] {processor.py:186} INFO - Started process (PID=202) to work on /home/airflow/.local/lib/python3.12/site-packages/airflow/example_dags/tutorial.py
[2024-10-16T02:22:30.242+0000] {processor.py:914} INFO - Processing file /home/airflow/.local/lib/python3.12/site-packages/airflow/example_dags/tutorial.py for tasks to queue
[2024-10-16T02:22:30.244+0000] {logging_mixin.py:190} INFO - [2024-10-16T02:22:30.244+0000] {dagbag.py:588} INFO - Filling up the DagBag from /home/airflow/.local/lib/python3.12/site-packages/airflow/example_dags/tutorial.py
[2024-10-16T02:22:30.250+0000] {processor.py:925} INFO - DAG(s) 'tutorial' retrieved from /home/airflow/.local/lib/python3.12/site-packages/airflow/example_dags/tutorial.py
[2024-10-16T02:22:30.264+0000] {logging_mixin.py:190} INFO - [2024-10-16T02:22:30.264+0000] {dag.py:3239} INFO - Sync 1 DAGs
[2024-10-16T02:22:30.281+0000] {logging_mixin.py:190} INFO - [2024-10-16T02:22:30.280+0000] {dag.py:4180} INFO - Setting next_dagrun for tutorial to 2024-10-15 00:00:00+00:00, run_after=2024-10-16 00:00:00+00:00
[2024-10-16T02:22:30.293+0000] {processor.py:208} INFO - Processing /home/airflow/.local/lib/python3.12/site-packages/airflow/example_dags/tutorial.py took 0.056 seconds
[2024-10-16T02:23:00.488+0000] {processor.py:186} INFO - Started process (PID=273) to work on /home/airflow/.local/lib/python3.12/site-packages/airflow/example_dags/tutorial.py
[2024-10-16T02:23:00.489+0000] {processor.py:914} INFO - Processing file /home/airflow/.local/lib/python3.12/site-packages/airflow/example_dags/tutorial.py for tasks to queue
[2024-10-16T02:23:00.491+0000] {logging_mixin.py:190} INFO - [2024-10-16T02:23:00.490+0000] {dagbag.py:588} INFO - Filling up the DagBag from /home/airflow/.local/lib/python3.12/site-packages/airflow/example_dags/tutorial.py
[2024-10-16T02:23:00.497+0000] {processor.py:925} INFO - DAG(s) 'tutorial' retrieved from /home/airflow/.local/lib/python3.12/site-packages/airflow/example_dags/tutorial.py
[2024-10-16T02:23:00.513+0000] {logging_mixin.py:190} INFO - [2024-10-16T02:23:00.513+0000] {dag.py:3239} INFO - Sync 1 DAGs
[2024-10-16T02:23:00.532+0000] {logging_mixin.py:190} INFO - [2024-10-16T02:23:00.532+0000] {dag.py:4180} INFO - Setting next_dagrun for tutorial to 2024-10-15 00:00:00+00:00, run_after=2024-10-16 00:00:00+00:00
[2024-10-16T02:23:00.546+0000] {processor.py:208} INFO - Processing /home/airflow/.local/lib/python3.12/site-packages/airflow/example_dags/tutorial.py took 0.063 seconds
[2024-10-16T02:23:30.690+0000] {processor.py:186} INFO - Started process (PID=338) to work on /home/airflow/.local/lib/python3.12/site-packages/airflow/example_dags/tutorial.py
[2024-10-16T02:23:30.690+0000] {processor.py:914} INFO - Processing file /home/airflow/.local/lib/python3.12/site-packages/airflow/example_dags/tutorial.py for tasks to queue
[2024-10-16T02:23:30.693+0000] {logging_mixin.py:190} INFO - [2024-10-16T02:23:30.692+0000] {dagbag.py:588} INFO - Filling up the DagBag from /home/airflow/.local/lib/python3.12/site-packages/airflow/example_dags/tutorial.py
[2024-10-16T02:23:30.698+0000] {processor.py:925} INFO - DAG(s) 'tutorial' retrieved from /home/airflow/.local/lib/python3.12/site-packages/airflow/example_dags/tutorial.py
[2024-10-16T02:23:30.712+0000] {logging_mixin.py:190} INFO - [2024-10-16T02:23:30.711+0000] {dag.py:3239} INFO - Sync 1 DAGs
[2024-10-16T02:23:30.727+0000] {logging_mixin.py:190} INFO - [2024-10-16T02:23:30.726+0000] {dag.py:4180} INFO - Setting next_dagrun for tutorial to 2024-10-15 00:00:00+00:00, run_after=2024-10-16 00:00:00+00:00
[2024-10-16T02:23:30.740+0000] {processor.py:208} INFO - Processing /home/airflow/.local/lib/python3.12/site-packages/airflow/example_dags/tutorial.py took 0.055 seconds
[2024-10-16T02:24:00.942+0000] {processor.py:186} INFO - Started process (PID=403) to work on /home/airflow/.local/lib/python3.12/site-packages/airflow/example_dags/tutorial.py
[2024-10-16T02:24:00.943+0000] {processor.py:914} INFO - Processing file /home/airflow/.local/lib/python3.12/site-packages/airflow/example_dags/tutorial.py for tasks to queue
[2024-10-16T02:24:00.945+0000] {logging_mixin.py:190} INFO - [2024-10-16T02:24:00.945+0000] {dagbag.py:588} INFO - Filling up the DagBag from /home/airflow/.local/lib/python3.12/site-packages/airflow/example_dags/tutorial.py
[2024-10-16T02:24:00.950+0000] {processor.py:925} INFO - DAG(s) 'tutorial' retrieved from /home/airflow/.local/lib/python3.12/site-packages/airflow/example_dags/tutorial.py
[2024-10-16T02:24:00.965+0000] {logging_mixin.py:190} INFO - [2024-10-16T02:24:00.964+0000] {dag.py:3239} INFO - Sync 1 DAGs
[2024-10-16T02:24:00.982+0000] {logging_mixin.py:190} INFO - [2024-10-16T02:24:00.982+0000] {dag.py:4180} INFO - Setting next_dagrun for tutorial to 2024-10-15 00:00:00+00:00, run_after=2024-10-16 00:00:00+00:00
[2024-10-16T02:24:00.995+0000] {processor.py:208} INFO - Processing /home/airflow/.local/lib/python3.12/site-packages/airflow/example_dags/tutorial.py took 0.056 seconds
[2024-10-16T02:24:31.937+0000] {processor.py:186} INFO - Started process (PID=468) to work on /home/airflow/.local/lib/python3.12/site-packages/airflow/example_dags/tutorial.py
[2024-10-16T02:24:31.938+0000] {processor.py:914} INFO - Processing file /home/airflow/.local/lib/python3.12/site-packages/airflow/example_dags/tutorial.py for tasks to queue
[2024-10-16T02:24:31.939+0000] {logging_mixin.py:190} INFO - [2024-10-16T02:24:31.939+0000] {dagbag.py:588} INFO - Filling up the DagBag from /home/airflow/.local/lib/python3.12/site-packages/airflow/example_dags/tutorial.py
[2024-10-16T02:24:31.945+0000] {processor.py:925} INFO - DAG(s) 'tutorial' retrieved from /home/airflow/.local/lib/python3.12/site-packages/airflow/example_dags/tutorial.py
[2024-10-16T02:24:31.959+0000] {logging_mixin.py:190} INFO - [2024-10-16T02:24:31.958+0000] {dag.py:3239} INFO - Sync 1 DAGs
[2024-10-16T02:24:31.975+0000] {logging_mixin.py:190} INFO - [2024-10-16T02:24:31.974+0000] {dag.py:4180} INFO - Setting next_dagrun for tutorial to 2024-10-15 00:00:00+00:00, run_after=2024-10-16 00:00:00+00:00
[2024-10-16T02:24:31.988+0000] {processor.py:208} INFO - Processing /home/airflow/.local/lib/python3.12/site-packages/airflow/example_dags/tutorial.py took 0.055 seconds
[2024-10-16T02:25:02.842+0000] {processor.py:186} INFO - Started process (PID=533) to work on /home/airflow/.local/lib/python3.12/site-packages/airflow/example_dags/tutorial.py
[2024-10-16T02:25:02.842+0000] {processor.py:914} INFO - Processing file /home/airflow/.local/lib/python3.12/site-packages/airflow/example_dags/tutorial.py for tasks to queue
[2024-10-16T02:25:02.844+0000] {logging_mixin.py:190} INFO - [2024-10-16T02:25:02.844+0000] {dagbag.py:588} INFO - Filling up the DagBag from /home/airflow/.local/lib/python3.12/site-packages/airflow/example_dags/tutorial.py
[2024-10-16T02:25:02.850+0000] {processor.py:925} INFO - DAG(s) 'tutorial' retrieved from /home/airflow/.local/lib/python3.12/site-packages/airflow/example_dags/tutorial.py
[2024-10-16T02:25:02.864+0000] {logging_mixin.py:190} INFO - [2024-10-16T02:25:02.864+0000] {dag.py:3239} INFO - Sync 1 DAGs
[2024-10-16T02:25:02.880+0000] {logging_mixin.py:190} INFO - [2024-10-16T02:25:02.880+0000] {dag.py:4180} INFO - Setting next_dagrun for tutorial to 2024-10-15 00:00:00+00:00, run_after=2024-10-16 00:00:00+00:00
[2024-10-16T02:25:02.895+0000] {processor.py:208} INFO - Processing /home/airflow/.local/lib/python3.12/site-packages/airflow/example_dags/tutorial.py took 0.057 seconds
[2024-10-16T02:25:33.210+0000] {processor.py:186} INFO - Started process (PID=598) to work on /home/airflow/.local/lib/python3.12/site-packages/airflow/example_dags/tutorial.py
[2024-10-16T02:25:33.210+0000] {processor.py:914} INFO - Processing file /home/airflow/.local/lib/python3.12/site-packages/airflow/example_dags/tutorial.py for tasks to queue
[2024-10-16T02:25:33.213+0000] {logging_mixin.py:190} INFO - [2024-10-16T02:25:33.212+0000] {dagbag.py:588} INFO - Filling up the DagBag from /home/airflow/.local/lib/python3.12/site-packages/airflow/example_dags/tutorial.py
[2024-10-16T02:25:33.218+0000] {processor.py:925} INFO - DAG(s) 'tutorial' retrieved from /home/airflow/.local/lib/python3.12/site-packages/airflow/example_dags/tutorial.py
[2024-10-16T02:25:33.233+0000] {logging_mixin.py:190} INFO - [2024-10-16T02:25:33.233+0000] {dag.py:3239} INFO - Sync 1 DAGs
[2024-10-16T02:25:33.249+0000] {logging_mixin.py:190} INFO - [2024-10-16T02:25:33.249+0000] {dag.py:4180} INFO - Setting next_dagrun for tutorial to 2024-10-15 00:00:00+00:00, run_after=2024-10-16 00:00:00+00:00
[2024-10-16T02:25:33.264+0000] {processor.py:208} INFO - Processing /home/airflow/.local/lib/python3.12/site-packages/airflow/example_dags/tutorial.py took 0.058 seconds
[2024-10-16T02:26:03.530+0000] {processor.py:186} INFO - Started process (PID=663) to work on /home/airflow/.local/lib/python3.12/site-packages/airflow/example_dags/tutorial.py
[2024-10-16T02:26:03.532+0000] {processor.py:914} INFO - Processing file /home/airflow/.local/lib/python3.12/site-packages/airflow/example_dags/tutorial.py for tasks to queue
[2024-10-16T02:26:03.534+0000] {logging_mixin.py:190} INFO - [2024-10-16T02:26:03.533+0000] {dagbag.py:588} INFO - Filling up the DagBag from /home/airflow/.local/lib/python3.12/site-packages/airflow/example_dags/tutorial.py
[2024-10-16T02:26:03.540+0000] {processor.py:925} INFO - DAG(s) 'tutorial' retrieved from /home/airflow/.local/lib/python3.12/site-packages/airflow/example_dags/tutorial.py
[2024-10-16T02:26:03.556+0000] {logging_mixin.py:190} INFO - [2024-10-16T02:26:03.556+0000] {dag.py:3239} INFO - Sync 1 DAGs
[2024-10-16T02:26:03.574+0000] {logging_mixin.py:190} INFO - [2024-10-16T02:26:03.574+0000] {dag.py:4180} INFO - Setting next_dagrun for tutorial to 2024-10-15 00:00:00+00:00, run_after=2024-10-16 00:00:00+00:00
[2024-10-16T02:26:03.587+0000] {processor.py:208} INFO - Processing /home/airflow/.local/lib/python3.12/site-packages/airflow/example_dags/tutorial.py took 0.061 seconds
[2024-10-16T02:26:33.801+0000] {processor.py:186} INFO - Started process (PID=728) to work on /home/airflow/.local/lib/python3.12/site-packages/airflow/example_dags/tutorial.py
[2024-10-16T02:26:33.802+0000] {processor.py:914} INFO - Processing file /home/airflow/.local/lib/python3.12/site-packages/airflow/example_dags/tutorial.py for tasks to queue
[2024-10-16T02:26:33.807+0000] {logging_mixin.py:190} INFO - [2024-10-16T02:26:33.806+0000] {dagbag.py:588} INFO - Filling up the DagBag from /home/airflow/.local/lib/python3.12/site-packages/airflow/example_dags/tutorial.py
[2024-10-16T02:26:33.818+0000] {processor.py:925} INFO - DAG(s) 'tutorial' retrieved from /home/airflow/.local/lib/python3.12/site-packages/airflow/example_dags/tutorial.py
[2024-10-16T02:26:33.844+0000] {logging_mixin.py:190} INFO - [2024-10-16T02:26:33.844+0000] {dag.py:3239} INFO - Sync 1 DAGs
[2024-10-16T02:26:33.876+0000] {logging_mixin.py:190} INFO - [2024-10-16T02:26:33.876+0000] {dag.py:4180} INFO - Setting next_dagrun for tutorial to 2024-10-15 00:00:00+00:00, run_after=2024-10-16 00:00:00+00:00
[2024-10-16T02:26:33.904+0000] {processor.py:208} INFO - Processing /home/airflow/.local/lib/python3.12/site-packages/airflow/example_dags/tutorial.py took 0.111 seconds
[2024-10-16T02:27:04.281+0000] {processor.py:186} INFO - Started process (PID=793) to work on /home/airflow/.local/lib/python3.12/site-packages/airflow/example_dags/tutorial.py
[2024-10-16T02:27:04.283+0000] {processor.py:914} INFO - Processing file /home/airflow/.local/lib/python3.12/site-packages/airflow/example_dags/tutorial.py for tasks to queue
[2024-10-16T02:27:04.286+0000] {logging_mixin.py:190} INFO - [2024-10-16T02:27:04.285+0000] {dagbag.py:588} INFO - Filling up the DagBag from /home/airflow/.local/lib/python3.12/site-packages/airflow/example_dags/tutorial.py
[2024-10-16T02:27:04.297+0000] {processor.py:925} INFO - DAG(s) 'tutorial' retrieved from /home/airflow/.local/lib/python3.12/site-packages/airflow/example_dags/tutorial.py
[2024-10-16T02:27:04.325+0000] {logging_mixin.py:190} INFO - [2024-10-16T02:27:04.324+0000] {dag.py:3239} INFO - Sync 1 DAGs
[2024-10-16T02:27:04.356+0000] {logging_mixin.py:190} INFO - [2024-10-16T02:27:04.356+0000] {dag.py:4180} INFO - Setting next_dagrun for tutorial to 2024-10-15 00:00:00+00:00, run_after=2024-10-16 00:00:00+00:00
[2024-10-16T02:27:04.376+0000] {processor.py:208} INFO - Processing /home/airflow/.local/lib/python3.12/site-packages/airflow/example_dags/tutorial.py took 0.103 seconds
[2024-10-16T02:27:34.417+0000] {processor.py:186} INFO - Started process (PID=858) to work on /home/airflow/.local/lib/python3.12/site-packages/airflow/example_dags/tutorial.py
[2024-10-16T02:27:34.418+0000] {processor.py:914} INFO - Processing file /home/airflow/.local/lib/python3.12/site-packages/airflow/example_dags/tutorial.py for tasks to queue
[2024-10-16T02:27:34.419+0000] {logging_mixin.py:190} INFO - [2024-10-16T02:27:34.419+0000] {dagbag.py:588} INFO - Filling up the DagBag from /home/airflow/.local/lib/python3.12/site-packages/airflow/example_dags/tutorial.py
[2024-10-16T02:27:34.425+0000] {processor.py:925} INFO - DAG(s) 'tutorial' retrieved from /home/airflow/.local/lib/python3.12/site-packages/airflow/example_dags/tutorial.py
[2024-10-16T02:27:34.438+0000] {logging_mixin.py:190} INFO - [2024-10-16T02:27:34.438+0000] {dag.py:3239} INFO - Sync 1 DAGs
[2024-10-16T02:27:34.456+0000] {logging_mixin.py:190} INFO - [2024-10-16T02:27:34.456+0000] {dag.py:4180} INFO - Setting next_dagrun for tutorial to 2024-10-15 00:00:00+00:00, run_after=2024-10-16 00:00:00+00:00
[2024-10-16T02:27:34.469+0000] {processor.py:208} INFO - Processing /home/airflow/.local/lib/python3.12/site-packages/airflow/example_dags/tutorial.py took 0.056 seconds
[2024-10-16T02:28:04.768+0000] {processor.py:186} INFO - Started process (PID=923) to work on /home/airflow/.local/lib/python3.12/site-packages/airflow/example_dags/tutorial.py
[2024-10-16T02:28:04.769+0000] {processor.py:914} INFO - Processing file /home/airflow/.local/lib/python3.12/site-packages/airflow/example_dags/tutorial.py for tasks to queue
[2024-10-16T02:28:04.772+0000] {logging_mixin.py:190} INFO - [2024-10-16T02:28:04.772+0000] {dagbag.py:588} INFO - Filling up the DagBag from /home/airflow/.local/lib/python3.12/site-packages/airflow/example_dags/tutorial.py
[2024-10-16T02:28:04.781+0000] {processor.py:925} INFO - DAG(s) 'tutorial' retrieved from /home/airflow/.local/lib/python3.12/site-packages/airflow/example_dags/tutorial.py
[2024-10-16T02:28:04.804+0000] {logging_mixin.py:190} INFO - [2024-10-16T02:28:04.804+0000] {dag.py:3239} INFO - Sync 1 DAGs
[2024-10-16T02:28:04.835+0000] {logging_mixin.py:190} INFO - [2024-10-16T02:28:04.835+0000] {dag.py:4180} INFO - Setting next_dagrun for tutorial to 2024-10-15 00:00:00+00:00, run_after=2024-10-16 00:00:00+00:00
[2024-10-16T02:28:04.858+0000] {processor.py:208} INFO - Processing /home/airflow/.local/lib/python3.12/site-packages/airflow/example_dags/tutorial.py took 0.097 seconds
[2024-10-16T02:28:35.141+0000] {processor.py:186} INFO - Started process (PID=988) to work on /home/airflow/.local/lib/python3.12/site-packages/airflow/example_dags/tutorial.py
[2024-10-16T02:28:35.141+0000] {processor.py:914} INFO - Processing file /home/airflow/.local/lib/python3.12/site-packages/airflow/example_dags/tutorial.py for tasks to queue
[2024-10-16T02:28:35.143+0000] {logging_mixin.py:190} INFO - [2024-10-16T02:28:35.143+0000] {dagbag.py:588} INFO - Filling up the DagBag from /home/airflow/.local/lib/python3.12/site-packages/airflow/example_dags/tutorial.py
[2024-10-16T02:28:35.148+0000] {processor.py:925} INFO - DAG(s) 'tutorial' retrieved from /home/airflow/.local/lib/python3.12/site-packages/airflow/example_dags/tutorial.py
[2024-10-16T02:28:35.163+0000] {logging_mixin.py:190} INFO - [2024-10-16T02:28:35.163+0000] {dag.py:3239} INFO - Sync 1 DAGs
[2024-10-16T02:28:35.178+0000] {logging_mixin.py:190} INFO - [2024-10-16T02:28:35.178+0000] {dag.py:4180} INFO - Setting next_dagrun for tutorial to 2024-10-15 00:00:00+00:00, run_after=2024-10-16 00:00:00+00:00
[2024-10-16T02:28:35.193+0000] {processor.py:208} INFO - Processing /home/airflow/.local/lib/python3.12/site-packages/airflow/example_dags/tutorial.py took 0.057 seconds
[2024-10-16T02:29:05.430+0000] {processor.py:186} INFO - Started process (PID=1053) to work on /home/airflow/.local/lib/python3.12/site-packages/airflow/example_dags/tutorial.py
[2024-10-16T02:29:05.431+0000] {processor.py:914} INFO - Processing file /home/airflow/.local/lib/python3.12/site-packages/airflow/example_dags/tutorial.py for tasks to queue
[2024-10-16T02:29:05.432+0000] {logging_mixin.py:190} INFO - [2024-10-16T02:29:05.432+0000] {dagbag.py:588} INFO - Filling up the DagBag from /home/airflow/.local/lib/python3.12/site-packages/airflow/example_dags/tutorial.py
[2024-10-16T02:29:05.437+0000] {processor.py:925} INFO - DAG(s) 'tutorial' retrieved from /home/airflow/.local/lib/python3.12/site-packages/airflow/example_dags/tutorial.py
[2024-10-16T02:29:05.453+0000] {logging_mixin.py:190} INFO - [2024-10-16T02:29:05.453+0000] {dag.py:3239} INFO - Sync 1 DAGs
[2024-10-16T02:29:05.470+0000] {logging_mixin.py:190} INFO - [2024-10-16T02:29:05.470+0000] {dag.py:4180} INFO - Setting next_dagrun for tutorial to 2024-10-15 00:00:00+00:00, run_after=2024-10-16 00:00:00+00:00
[2024-10-16T02:29:05.485+0000] {processor.py:208} INFO - Processing /home/airflow/.local/lib/python3.12/site-packages/airflow/example_dags/tutorial.py took 0.060 seconds
[2024-10-16T02:29:35.755+0000] {processor.py:186} INFO - Started process (PID=1118) to work on /home/airflow/.local/lib/python3.12/site-packages/airflow/example_dags/tutorial.py
[2024-10-16T02:29:35.755+0000] {processor.py:914} INFO - Processing file /home/airflow/.local/lib/python3.12/site-packages/airflow/example_dags/tutorial.py for tasks to queue
[2024-10-16T02:29:35.757+0000] {logging_mixin.py:190} INFO - [2024-10-16T02:29:35.757+0000] {dagbag.py:588} INFO - Filling up the DagBag from /home/airflow/.local/lib/python3.12/site-packages/airflow/example_dags/tutorial.py
[2024-10-16T02:29:35.763+0000] {processor.py:925} INFO - DAG(s) 'tutorial' retrieved from /home/airflow/.local/lib/python3.12/site-packages/airflow/example_dags/tutorial.py
[2024-10-16T02:29:35.779+0000] {logging_mixin.py:190} INFO - [2024-10-16T02:29:35.778+0000] {dag.py:3239} INFO - Sync 1 DAGs
[2024-10-16T02:29:35.796+0000] {logging_mixin.py:190} INFO - [2024-10-16T02:29:35.796+0000] {dag.py:4180} INFO - Setting next_dagrun for tutorial to 2024-10-15 00:00:00+00:00, run_after=2024-10-16 00:00:00+00:00
[2024-10-16T02:29:35.811+0000] {processor.py:208} INFO - Processing /home/airflow/.local/lib/python3.12/site-packages/airflow/example_dags/tutorial.py took 0.061 seconds
[2024-10-16T02:30:05.892+0000] {processor.py:186} INFO - Started process (PID=1183) to work on /home/airflow/.local/lib/python3.12/site-packages/airflow/example_dags/tutorial.py
[2024-10-16T02:30:05.892+0000] {processor.py:914} INFO - Processing file /home/airflow/.local/lib/python3.12/site-packages/airflow/example_dags/tutorial.py for tasks to queue
[2024-10-16T02:30:05.894+0000] {logging_mixin.py:190} INFO - [2024-10-16T02:30:05.894+0000] {dagbag.py:588} INFO - Filling up the DagBag from /home/airflow/.local/lib/python3.12/site-packages/airflow/example_dags/tutorial.py
[2024-10-16T02:30:05.900+0000] {processor.py:925} INFO - DAG(s) 'tutorial' retrieved from /home/airflow/.local/lib/python3.12/site-packages/airflow/example_dags/tutorial.py
[2024-10-16T02:30:05.916+0000] {logging_mixin.py:190} INFO - [2024-10-16T02:30:05.916+0000] {dag.py:3239} INFO - Sync 1 DAGs
[2024-10-16T02:30:05.947+0000] {logging_mixin.py:190} INFO - [2024-10-16T02:30:05.946+0000] {dag.py:4180} INFO - Setting next_dagrun for tutorial to 2024-10-15 00:00:00+00:00, run_after=2024-10-16 00:00:00+00:00
[2024-10-16T02:30:05.963+0000] {processor.py:208} INFO - Processing /home/airflow/.local/lib/python3.12/site-packages/airflow/example_dags/tutorial.py took 0.076 seconds
[2024-10-16T02:30:36.059+0000] {processor.py:186} INFO - Started process (PID=1249) to work on /home/airflow/.local/lib/python3.12/site-packages/airflow/example_dags/tutorial.py
[2024-10-16T02:30:36.060+0000] {processor.py:914} INFO - Processing file /home/airflow/.local/lib/python3.12/site-packages/airflow/example_dags/tutorial.py for tasks to queue
[2024-10-16T02:30:36.062+0000] {logging_mixin.py:190} INFO - [2024-10-16T02:30:36.062+0000] {dagbag.py:588} INFO - Filling up the DagBag from /home/airflow/.local/lib/python3.12/site-packages/airflow/example_dags/tutorial.py
[2024-10-16T02:30:36.067+0000] {processor.py:925} INFO - DAG(s) 'tutorial' retrieved from /home/airflow/.local/lib/python3.12/site-packages/airflow/example_dags/tutorial.py
[2024-10-16T02:30:36.080+0000] {logging_mixin.py:190} INFO - [2024-10-16T02:30:36.080+0000] {dag.py:3239} INFO - Sync 1 DAGs
[2024-10-16T02:30:36.095+0000] {logging_mixin.py:190} INFO - [2024-10-16T02:30:36.095+0000] {dag.py:4180} INFO - Setting next_dagrun for tutorial to 2024-10-15 00:00:00+00:00, run_after=2024-10-16 00:00:00+00:00
[2024-10-16T02:30:36.108+0000] {processor.py:208} INFO - Processing /home/airflow/.local/lib/python3.12/site-packages/airflow/example_dags/tutorial.py took 0.053 seconds
