[2024-10-16T02:09:05.774+0000] {processor.py:186} INFO - Started process (PID=57) to work on /opt/airflow/dags/child.py
[2024-10-16T02:09:05.776+0000] {processor.py:914} INFO - Processing file /opt/airflow/dags/child.py for tasks to queue
[2024-10-16T02:09:05.780+0000] {logging_mixin.py:190} INFO - [2024-10-16T02:09:05.779+0000] {dagbag.py:588} INFO - Filling up the DagBag from /opt/airflow/dags/child.py
[2024-10-16T02:09:05.842+0000] {processor.py:925} INFO - DAG(s) 'child' retrieved from /opt/airflow/dags/child.py
[2024-10-16T02:09:06.024+0000] {logging_mixin.py:190} INFO - [2024-10-16T02:09:06.022+0000] {override.py:1900} INFO - Created Permission View: can delete on DAG:child
[2024-10-16T02:09:06.042+0000] {logging_mixin.py:190} INFO - [2024-10-16T02:09:06.041+0000] {override.py:1900} INFO - Created Permission View: can edit on DAG:child
[2024-10-16T02:09:06.054+0000] {logging_mixin.py:190} INFO - [2024-10-16T02:09:06.054+0000] {override.py:1900} INFO - Created Permission View: can read on DAG:child
[2024-10-16T02:09:06.069+0000] {logging_mixin.py:190} INFO - [2024-10-16T02:09:06.068+0000] {override.py:1900} INFO - Created Permission View: can delete on DAG Run:child
[2024-10-16T02:09:06.081+0000] {logging_mixin.py:190} INFO - [2024-10-16T02:09:06.081+0000] {override.py:1900} INFO - Created Permission View: menu access on DAG Run:child
[2024-10-16T02:09:06.094+0000] {logging_mixin.py:190} INFO - [2024-10-16T02:09:06.093+0000] {override.py:1900} INFO - Created Permission View: can read on DAG Run:child
[2024-10-16T02:09:06.106+0000] {logging_mixin.py:190} INFO - [2024-10-16T02:09:06.105+0000] {override.py:1900} INFO - Created Permission View: can create on DAG Run:child
[2024-10-16T02:09:06.107+0000] {logging_mixin.py:190} INFO - [2024-10-16T02:09:06.106+0000] {dag.py:3239} INFO - Sync 1 DAGs
[2024-10-16T02:09:06.131+0000] {logging_mixin.py:190} INFO - [2024-10-16T02:09:06.131+0000] {dag.py:3262} INFO - Creating ORM DAG for child
[2024-10-16T02:09:06.150+0000] {logging_mixin.py:190} INFO - [2024-10-16T02:09:06.150+0000] {dag.py:4180} INFO - Setting next_dagrun for child to 2024-10-15 00:00:00+00:00, run_after=2024-10-16 00:00:00+00:00
[2024-10-16T02:09:06.181+0000] {processor.py:208} INFO - Processing /opt/airflow/dags/child.py took 0.415 seconds
[2024-10-16T02:09:36.801+0000] {processor.py:186} INFO - Started process (PID=122) to work on /opt/airflow/dags/child.py
[2024-10-16T02:09:36.801+0000] {processor.py:914} INFO - Processing file /opt/airflow/dags/child.py for tasks to queue
[2024-10-16T02:09:36.803+0000] {logging_mixin.py:190} INFO - [2024-10-16T02:09:36.803+0000] {dagbag.py:588} INFO - Filling up the DagBag from /opt/airflow/dags/child.py
[2024-10-16T02:09:36.821+0000] {processor.py:925} INFO - DAG(s) 'child' retrieved from /opt/airflow/dags/child.py
[2024-10-16T02:09:36.835+0000] {logging_mixin.py:190} INFO - [2024-10-16T02:09:36.835+0000] {dag.py:3239} INFO - Sync 1 DAGs
[2024-10-16T02:09:36.852+0000] {logging_mixin.py:190} INFO - [2024-10-16T02:09:36.852+0000] {dag.py:4180} INFO - Setting next_dagrun for child to 2024-10-15 00:00:00+00:00, run_after=2024-10-16 00:00:00+00:00
[2024-10-16T02:09:36.869+0000] {processor.py:208} INFO - Processing /opt/airflow/dags/child.py took 0.073 seconds
[2024-10-16T02:10:07.015+0000] {processor.py:186} INFO - Started process (PID=188) to work on /opt/airflow/dags/child.py
[2024-10-16T02:10:07.016+0000] {processor.py:914} INFO - Processing file /opt/airflow/dags/child.py for tasks to queue
[2024-10-16T02:10:07.018+0000] {logging_mixin.py:190} INFO - [2024-10-16T02:10:07.018+0000] {dagbag.py:588} INFO - Filling up the DagBag from /opt/airflow/dags/child.py
[2024-10-16T02:10:07.034+0000] {processor.py:925} INFO - DAG(s) 'child' retrieved from /opt/airflow/dags/child.py
[2024-10-16T02:10:07.051+0000] {logging_mixin.py:190} INFO - [2024-10-16T02:10:07.051+0000] {dag.py:3239} INFO - Sync 1 DAGs
[2024-10-16T02:10:07.073+0000] {logging_mixin.py:190} INFO - [2024-10-16T02:10:07.073+0000] {dag.py:4180} INFO - Setting next_dagrun for child to 2024-10-15 00:00:00+00:00, run_after=2024-10-16 00:00:00+00:00
[2024-10-16T02:10:07.087+0000] {processor.py:208} INFO - Processing /opt/airflow/dags/child.py took 0.077 seconds
[2024-10-16T02:10:37.643+0000] {processor.py:186} INFO - Started process (PID=254) to work on /opt/airflow/dags/child.py
[2024-10-16T02:10:37.643+0000] {processor.py:914} INFO - Processing file /opt/airflow/dags/child.py for tasks to queue
[2024-10-16T02:10:37.645+0000] {logging_mixin.py:190} INFO - [2024-10-16T02:10:37.645+0000] {dagbag.py:588} INFO - Filling up the DagBag from /opt/airflow/dags/child.py
[2024-10-16T02:10:37.662+0000] {processor.py:925} INFO - DAG(s) 'child' retrieved from /opt/airflow/dags/child.py
[2024-10-16T02:10:37.677+0000] {logging_mixin.py:190} INFO - [2024-10-16T02:10:37.677+0000] {dag.py:3239} INFO - Sync 1 DAGs
[2024-10-16T02:10:37.697+0000] {logging_mixin.py:190} INFO - [2024-10-16T02:10:37.697+0000] {dag.py:4180} INFO - Setting next_dagrun for child to 2024-10-15 00:00:00+00:00, run_after=2024-10-16 00:00:00+00:00
[2024-10-16T02:10:37.713+0000] {processor.py:208} INFO - Processing /opt/airflow/dags/child.py took 0.075 seconds
[2024-10-16T02:11:07.924+0000] {processor.py:186} INFO - Started process (PID=320) to work on /opt/airflow/dags/child.py
[2024-10-16T02:11:07.924+0000] {processor.py:914} INFO - Processing file /opt/airflow/dags/child.py for tasks to queue
[2024-10-16T02:11:07.926+0000] {logging_mixin.py:190} INFO - [2024-10-16T02:11:07.926+0000] {dagbag.py:588} INFO - Filling up the DagBag from /opt/airflow/dags/child.py
[2024-10-16T02:11:07.941+0000] {processor.py:925} INFO - DAG(s) 'child' retrieved from /opt/airflow/dags/child.py
[2024-10-16T02:11:07.954+0000] {logging_mixin.py:190} INFO - [2024-10-16T02:11:07.954+0000] {dag.py:3239} INFO - Sync 1 DAGs
[2024-10-16T02:11:07.973+0000] {logging_mixin.py:190} INFO - [2024-10-16T02:11:07.972+0000] {dag.py:4180} INFO - Setting next_dagrun for child to 2024-10-15 00:00:00+00:00, run_after=2024-10-16 00:00:00+00:00
[2024-10-16T02:11:07.989+0000] {processor.py:208} INFO - Processing /opt/airflow/dags/child.py took 0.070 seconds
[2024-10-16T02:11:45.612+0000] {processor.py:186} INFO - Started process (PID=64) to work on /opt/airflow/dags/child.py
[2024-10-16T02:11:45.614+0000] {processor.py:914} INFO - Processing file /opt/airflow/dags/child.py for tasks to queue
[2024-10-16T02:11:45.616+0000] {logging_mixin.py:190} INFO - [2024-10-16T02:11:45.616+0000] {dagbag.py:588} INFO - Filling up the DagBag from /opt/airflow/dags/child.py
[2024-10-16T02:11:45.647+0000] {processor.py:925} INFO - DAG(s) 'child' retrieved from /opt/airflow/dags/child.py
[2024-10-16T02:11:45.677+0000] {logging_mixin.py:190} INFO - [2024-10-16T02:11:45.677+0000] {dag.py:3239} INFO - Sync 1 DAGs
[2024-10-16T02:11:45.718+0000] {logging_mixin.py:190} INFO - [2024-10-16T02:11:45.718+0000] {dag.py:4180} INFO - Setting next_dagrun for child to 2024-10-15 00:00:00+00:00, run_after=2024-10-16 00:00:00+00:00
[2024-10-16T02:11:45.748+0000] {processor.py:208} INFO - Processing /opt/airflow/dags/child.py took 0.144 seconds
[2024-10-16T02:12:16.489+0000] {processor.py:186} INFO - Started process (PID=129) to work on /opt/airflow/dags/child.py
[2024-10-16T02:12:16.489+0000] {processor.py:914} INFO - Processing file /opt/airflow/dags/child.py for tasks to queue
[2024-10-16T02:12:16.491+0000] {logging_mixin.py:190} INFO - [2024-10-16T02:12:16.491+0000] {dagbag.py:588} INFO - Filling up the DagBag from /opt/airflow/dags/child.py
[2024-10-16T02:12:16.512+0000] {processor.py:925} INFO - DAG(s) 'child' retrieved from /opt/airflow/dags/child.py
[2024-10-16T02:12:16.528+0000] {logging_mixin.py:190} INFO - [2024-10-16T02:12:16.528+0000] {dag.py:3239} INFO - Sync 1 DAGs
[2024-10-16T02:12:16.548+0000] {logging_mixin.py:190} INFO - [2024-10-16T02:12:16.548+0000] {dag.py:4180} INFO - Setting next_dagrun for child to 2024-10-15 00:00:00+00:00, run_after=2024-10-16 00:00:00+00:00
[2024-10-16T02:12:16.564+0000] {processor.py:208} INFO - Processing /opt/airflow/dags/child.py took 0.081 seconds
[2024-10-16T02:12:46.730+0000] {processor.py:186} INFO - Started process (PID=194) to work on /opt/airflow/dags/child.py
[2024-10-16T02:12:46.731+0000] {processor.py:914} INFO - Processing file /opt/airflow/dags/child.py for tasks to queue
[2024-10-16T02:12:46.732+0000] {logging_mixin.py:190} INFO - [2024-10-16T02:12:46.732+0000] {dagbag.py:588} INFO - Filling up the DagBag from /opt/airflow/dags/child.py
[2024-10-16T02:12:46.749+0000] {processor.py:925} INFO - DAG(s) 'child' retrieved from /opt/airflow/dags/child.py
[2024-10-16T02:12:46.766+0000] {logging_mixin.py:190} INFO - [2024-10-16T02:12:46.765+0000] {dag.py:3239} INFO - Sync 1 DAGs
[2024-10-16T02:12:46.789+0000] {logging_mixin.py:190} INFO - [2024-10-16T02:12:46.789+0000] {dag.py:4180} INFO - Setting next_dagrun for child to 2024-10-15 00:00:00+00:00, run_after=2024-10-16 00:00:00+00:00
[2024-10-16T02:12:46.806+0000] {processor.py:208} INFO - Processing /opt/airflow/dags/child.py took 0.082 seconds
[2024-10-16T02:13:17.753+0000] {processor.py:186} INFO - Started process (PID=263) to work on /opt/airflow/dags/child.py
[2024-10-16T02:13:17.753+0000] {processor.py:914} INFO - Processing file /opt/airflow/dags/child.py for tasks to queue
[2024-10-16T02:13:17.755+0000] {logging_mixin.py:190} INFO - [2024-10-16T02:13:17.755+0000] {dagbag.py:588} INFO - Filling up the DagBag from /opt/airflow/dags/child.py
[2024-10-16T02:13:17.770+0000] {processor.py:925} INFO - DAG(s) 'child' retrieved from /opt/airflow/dags/child.py
[2024-10-16T02:13:17.784+0000] {logging_mixin.py:190} INFO - [2024-10-16T02:13:17.784+0000] {dag.py:3239} INFO - Sync 1 DAGs
[2024-10-16T02:13:17.803+0000] {logging_mixin.py:190} INFO - [2024-10-16T02:13:17.802+0000] {dag.py:4180} INFO - Setting next_dagrun for child to 2024-10-16 00:00:00+00:00, run_after=2024-10-17 00:00:00+00:00
[2024-10-16T02:13:17.819+0000] {processor.py:208} INFO - Processing /opt/airflow/dags/child.py took 0.071 seconds
[2024-10-16T02:13:48.231+0000] {processor.py:186} INFO - Started process (PID=328) to work on /opt/airflow/dags/child.py
[2024-10-16T02:13:48.232+0000] {processor.py:914} INFO - Processing file /opt/airflow/dags/child.py for tasks to queue
[2024-10-16T02:13:48.233+0000] {logging_mixin.py:190} INFO - [2024-10-16T02:13:48.232+0000] {dagbag.py:588} INFO - Filling up the DagBag from /opt/airflow/dags/child.py
[2024-10-16T02:13:48.248+0000] {processor.py:925} INFO - DAG(s) 'child' retrieved from /opt/airflow/dags/child.py
[2024-10-16T02:13:48.262+0000] {logging_mixin.py:190} INFO - [2024-10-16T02:13:48.262+0000] {dag.py:3239} INFO - Sync 1 DAGs
[2024-10-16T02:13:48.280+0000] {logging_mixin.py:190} INFO - [2024-10-16T02:13:48.280+0000] {dag.py:4180} INFO - Setting next_dagrun for child to 2024-10-16 00:00:00+00:00, run_after=2024-10-17 00:00:00+00:00
[2024-10-16T02:13:48.295+0000] {processor.py:208} INFO - Processing /opt/airflow/dags/child.py took 0.068 seconds
[2024-10-16T02:14:18.710+0000] {processor.py:186} INFO - Started process (PID=399) to work on /opt/airflow/dags/child.py
[2024-10-16T02:14:18.711+0000] {processor.py:914} INFO - Processing file /opt/airflow/dags/child.py for tasks to queue
[2024-10-16T02:14:18.712+0000] {logging_mixin.py:190} INFO - [2024-10-16T02:14:18.712+0000] {dagbag.py:588} INFO - Filling up the DagBag from /opt/airflow/dags/child.py
[2024-10-16T02:14:18.728+0000] {processor.py:925} INFO - DAG(s) 'child' retrieved from /opt/airflow/dags/child.py
[2024-10-16T02:14:18.743+0000] {logging_mixin.py:190} INFO - [2024-10-16T02:14:18.743+0000] {dag.py:3239} INFO - Sync 1 DAGs
[2024-10-16T02:14:18.765+0000] {logging_mixin.py:190} INFO - [2024-10-16T02:14:18.764+0000] {dag.py:4180} INFO - Setting next_dagrun for child to 2024-10-16 00:00:00+00:00, run_after=2024-10-17 00:00:00+00:00
[2024-10-16T02:14:18.783+0000] {processor.py:208} INFO - Processing /opt/airflow/dags/child.py took 0.077 seconds
[2024-10-16T02:14:48.966+0000] {processor.py:186} INFO - Started process (PID=464) to work on /opt/airflow/dags/child.py
[2024-10-16T02:14:48.967+0000] {processor.py:914} INFO - Processing file /opt/airflow/dags/child.py for tasks to queue
[2024-10-16T02:14:48.967+0000] {logging_mixin.py:190} INFO - [2024-10-16T02:14:48.967+0000] {dagbag.py:588} INFO - Filling up the DagBag from /opt/airflow/dags/child.py
[2024-10-16T02:14:48.982+0000] {processor.py:925} INFO - DAG(s) 'child' retrieved from /opt/airflow/dags/child.py
[2024-10-16T02:14:48.996+0000] {logging_mixin.py:190} INFO - [2024-10-16T02:14:48.995+0000] {dag.py:3239} INFO - Sync 1 DAGs
[2024-10-16T02:14:49.015+0000] {logging_mixin.py:190} INFO - [2024-10-16T02:14:49.014+0000] {dag.py:4180} INFO - Setting next_dagrun for child to 2024-10-16 00:00:00+00:00, run_after=2024-10-17 00:00:00+00:00
[2024-10-16T02:14:49.030+0000] {processor.py:208} INFO - Processing /opt/airflow/dags/child.py took 0.069 seconds
[2024-10-16T02:15:19.374+0000] {processor.py:186} INFO - Started process (PID=529) to work on /opt/airflow/dags/child.py
[2024-10-16T02:15:19.375+0000] {processor.py:914} INFO - Processing file /opt/airflow/dags/child.py for tasks to queue
[2024-10-16T02:15:19.376+0000] {logging_mixin.py:190} INFO - [2024-10-16T02:15:19.375+0000] {dagbag.py:588} INFO - Filling up the DagBag from /opt/airflow/dags/child.py
[2024-10-16T02:15:19.389+0000] {processor.py:925} INFO - DAG(s) 'child' retrieved from /opt/airflow/dags/child.py
[2024-10-16T02:15:19.401+0000] {logging_mixin.py:190} INFO - [2024-10-16T02:15:19.401+0000] {dag.py:3239} INFO - Sync 1 DAGs
[2024-10-16T02:15:19.417+0000] {logging_mixin.py:190} INFO - [2024-10-16T02:15:19.417+0000] {dag.py:4180} INFO - Setting next_dagrun for child to 2024-10-16 00:00:00+00:00, run_after=2024-10-17 00:00:00+00:00
[2024-10-16T02:15:19.430+0000] {processor.py:208} INFO - Processing /opt/airflow/dags/child.py took 0.061 seconds
[2024-10-16T02:17:18.096+0000] {processor.py:186} INFO - Started process (PID=70) to work on /opt/airflow/dags/child.py
[2024-10-16T02:17:18.098+0000] {processor.py:914} INFO - Processing file /opt/airflow/dags/child.py for tasks to queue
[2024-10-16T02:17:18.104+0000] {logging_mixin.py:190} INFO - [2024-10-16T02:17:18.103+0000] {dagbag.py:588} INFO - Filling up the DagBag from /opt/airflow/dags/child.py
[2024-10-16T02:17:18.150+0000] {processor.py:925} INFO - DAG(s) 'child' retrieved from /opt/airflow/dags/child.py
[2024-10-16T02:17:18.202+0000] {logging_mixin.py:190} INFO - [2024-10-16T02:17:18.201+0000] {dag.py:3239} INFO - Sync 1 DAGs
[2024-10-16T02:17:18.286+0000] {logging_mixin.py:190} INFO - [2024-10-16T02:17:18.286+0000] {dag.py:4180} INFO - Setting next_dagrun for child to 2024-10-16 00:00:00+00:00, run_after=2024-10-17 00:00:00+00:00
[2024-10-16T02:17:18.335+0000] {processor.py:208} INFO - Processing /opt/airflow/dags/child.py took 0.252 seconds
[2024-10-16T02:17:48.865+0000] {processor.py:186} INFO - Started process (PID=141) to work on /opt/airflow/dags/child.py
[2024-10-16T02:17:48.866+0000] {processor.py:914} INFO - Processing file /opt/airflow/dags/child.py for tasks to queue
[2024-10-16T02:17:48.867+0000] {logging_mixin.py:190} INFO - [2024-10-16T02:17:48.867+0000] {dagbag.py:588} INFO - Filling up the DagBag from /opt/airflow/dags/child.py
[2024-10-16T02:17:48.881+0000] {processor.py:925} INFO - DAG(s) 'child' retrieved from /opt/airflow/dags/child.py
[2024-10-16T02:17:48.895+0000] {logging_mixin.py:190} INFO - [2024-10-16T02:17:48.895+0000] {dag.py:3239} INFO - Sync 1 DAGs
[2024-10-16T02:17:48.913+0000] {logging_mixin.py:190} INFO - [2024-10-16T02:17:48.913+0000] {dag.py:4180} INFO - Setting next_dagrun for child to 2024-10-16 00:00:00+00:00, run_after=2024-10-17 00:00:00+00:00
[2024-10-16T02:17:48.928+0000] {processor.py:208} INFO - Processing /opt/airflow/dags/child.py took 0.068 seconds
[2024-10-16T02:18:19.759+0000] {processor.py:186} INFO - Started process (PID=206) to work on /opt/airflow/dags/child.py
[2024-10-16T02:18:19.759+0000] {processor.py:914} INFO - Processing file /opt/airflow/dags/child.py for tasks to queue
[2024-10-16T02:18:19.761+0000] {logging_mixin.py:190} INFO - [2024-10-16T02:18:19.760+0000] {dagbag.py:588} INFO - Filling up the DagBag from /opt/airflow/dags/child.py
[2024-10-16T02:18:19.773+0000] {processor.py:925} INFO - DAG(s) 'child' retrieved from /opt/airflow/dags/child.py
[2024-10-16T02:18:19.785+0000] {logging_mixin.py:190} INFO - [2024-10-16T02:18:19.785+0000] {dag.py:3239} INFO - Sync 1 DAGs
[2024-10-16T02:18:19.801+0000] {logging_mixin.py:190} INFO - [2024-10-16T02:18:19.801+0000] {dag.py:4180} INFO - Setting next_dagrun for child to 2024-10-16 00:00:00+00:00, run_after=2024-10-17 00:00:00+00:00
[2024-10-16T02:18:19.817+0000] {processor.py:208} INFO - Processing /opt/airflow/dags/child.py took 0.063 seconds
[2024-10-16T02:18:50.679+0000] {processor.py:186} INFO - Started process (PID=271) to work on /opt/airflow/dags/child.py
[2024-10-16T02:18:50.680+0000] {processor.py:914} INFO - Processing file /opt/airflow/dags/child.py for tasks to queue
[2024-10-16T02:18:50.684+0000] {logging_mixin.py:190} INFO - [2024-10-16T02:18:50.683+0000] {dagbag.py:588} INFO - Filling up the DagBag from /opt/airflow/dags/child.py
[2024-10-16T02:18:50.701+0000] {processor.py:925} INFO - DAG(s) 'child' retrieved from /opt/airflow/dags/child.py
[2024-10-16T02:18:50.718+0000] {logging_mixin.py:190} INFO - [2024-10-16T02:18:50.718+0000] {dag.py:3239} INFO - Sync 1 DAGs
[2024-10-16T02:18:50.741+0000] {logging_mixin.py:190} INFO - [2024-10-16T02:18:50.741+0000] {dag.py:4180} INFO - Setting next_dagrun for child to 2024-10-16 00:00:00+00:00, run_after=2024-10-17 00:00:00+00:00
[2024-10-16T02:18:50.765+0000] {processor.py:208} INFO - Processing /opt/airflow/dags/child.py took 0.094 seconds
[2024-10-16T02:19:20.983+0000] {processor.py:186} INFO - Started process (PID=336) to work on /opt/airflow/dags/child.py
[2024-10-16T02:19:20.984+0000] {processor.py:914} INFO - Processing file /opt/airflow/dags/child.py for tasks to queue
[2024-10-16T02:19:20.986+0000] {logging_mixin.py:190} INFO - [2024-10-16T02:19:20.986+0000] {dagbag.py:588} INFO - Filling up the DagBag from /opt/airflow/dags/child.py
[2024-10-16T02:19:21.002+0000] {processor.py:925} INFO - DAG(s) 'child' retrieved from /opt/airflow/dags/child.py
[2024-10-16T02:19:21.017+0000] {logging_mixin.py:190} INFO - [2024-10-16T02:19:21.017+0000] {dag.py:3239} INFO - Sync 1 DAGs
[2024-10-16T02:19:21.036+0000] {logging_mixin.py:190} INFO - [2024-10-16T02:19:21.036+0000] {dag.py:4180} INFO - Setting next_dagrun for child to 2024-10-16 00:00:00+00:00, run_after=2024-10-17 00:00:00+00:00
[2024-10-16T02:19:21.052+0000] {processor.py:208} INFO - Processing /opt/airflow/dags/child.py took 0.073 seconds
[2024-10-16T02:19:51.286+0000] {processor.py:186} INFO - Started process (PID=401) to work on /opt/airflow/dags/child.py
[2024-10-16T02:19:51.287+0000] {processor.py:914} INFO - Processing file /opt/airflow/dags/child.py for tasks to queue
[2024-10-16T02:19:51.288+0000] {logging_mixin.py:190} INFO - [2024-10-16T02:19:51.288+0000] {dagbag.py:588} INFO - Filling up the DagBag from /opt/airflow/dags/child.py
[2024-10-16T02:19:51.302+0000] {processor.py:925} INFO - DAG(s) 'child' retrieved from /opt/airflow/dags/child.py
[2024-10-16T02:19:51.314+0000] {logging_mixin.py:190} INFO - [2024-10-16T02:19:51.314+0000] {dag.py:3239} INFO - Sync 1 DAGs
[2024-10-16T02:19:51.333+0000] {logging_mixin.py:190} INFO - [2024-10-16T02:19:51.332+0000] {dag.py:4180} INFO - Setting next_dagrun for child to 2024-10-16 00:00:00+00:00, run_after=2024-10-17 00:00:00+00:00
[2024-10-16T02:19:51.346+0000] {processor.py:208} INFO - Processing /opt/airflow/dags/child.py took 0.064 seconds
[2024-10-16T02:20:21.533+0000] {processor.py:186} INFO - Started process (PID=466) to work on /opt/airflow/dags/child.py
[2024-10-16T02:20:21.534+0000] {processor.py:914} INFO - Processing file /opt/airflow/dags/child.py for tasks to queue
[2024-10-16T02:20:21.536+0000] {logging_mixin.py:190} INFO - [2024-10-16T02:20:21.535+0000] {dagbag.py:588} INFO - Filling up the DagBag from /opt/airflow/dags/child.py
[2024-10-16T02:20:21.549+0000] {processor.py:925} INFO - DAG(s) 'child' retrieved from /opt/airflow/dags/child.py
[2024-10-16T02:20:21.563+0000] {logging_mixin.py:190} INFO - [2024-10-16T02:20:21.563+0000] {dag.py:3239} INFO - Sync 1 DAGs
[2024-10-16T02:20:21.580+0000] {logging_mixin.py:190} INFO - [2024-10-16T02:20:21.580+0000] {dag.py:4180} INFO - Setting next_dagrun for child to 2024-10-16 00:00:00+00:00, run_after=2024-10-17 00:00:00+00:00
[2024-10-16T02:20:21.595+0000] {processor.py:208} INFO - Processing /opt/airflow/dags/child.py took 0.067 seconds
[2024-10-16T02:20:38.632+0000] {processor.py:186} INFO - Started process (PID=524) to work on /opt/airflow/dags/child.py
[2024-10-16T02:20:38.633+0000] {processor.py:914} INFO - Processing file /opt/airflow/dags/child.py for tasks to queue
[2024-10-16T02:20:38.635+0000] {logging_mixin.py:190} INFO - [2024-10-16T02:20:38.635+0000] {dagbag.py:588} INFO - Filling up the DagBag from /opt/airflow/dags/child.py
[2024-10-16T02:20:38.656+0000] {processor.py:925} INFO - DAG(s) 'child' retrieved from /opt/airflow/dags/child.py
[2024-10-16T02:20:38.671+0000] {logging_mixin.py:190} INFO - [2024-10-16T02:20:38.671+0000] {taskinstance.py:3312} ERROR - {'DAG Id': 'child', 'Task Id': 'wait_for_parent', 'Run Id': 'manual__2024-10-16T02:12:47.543240+00:00', 'Hostname': '39781b2b00b9', 'External Executor Id': '16f0445d-268c-4a8c-b610-b383b5cad8ab'}
[2024-10-16T02:20:38.696+0000] {logging_mixin.py:190} INFO - Task instance in failure state
[2024-10-16T02:20:38.696+0000] {logging_mixin.py:190} INFO - Task start:2024-10-16 02:12:49.428220+00:00 end:2024-10-16 02:20:38.677161+00:00 duration:469.248941
[2024-10-16T02:20:38.697+0000] {logging_mixin.py:190} INFO - Task:<Task(ExternalTaskSensor): wait_for_parent> dag:<DAG: child> dagrun:<DagRun child @ 2024-10-16 02:12:47.543240+00:00: manual__2024-10-16T02:12:47.543240+00:00, state:running, queued_at: 2024-10-16 02:12:47.777212+00:00. externally triggered: True>
[2024-10-16T02:20:38.697+0000] {logging_mixin.py:190} INFO - Failure caused by {'DAG Id': 'child', 'Task Id': 'wait_for_parent', 'Run Id': 'manual__2024-10-16T02:12:47.543240+00:00', 'Hostname': '39781b2b00b9', 'External Executor Id': '16f0445d-268c-4a8c-b610-b383b5cad8ab'}
[2024-10-16T02:20:38.698+0000] {logging_mixin.py:190} INFO - [2024-10-16T02:20:38.697+0000] {taskinstance.py:1225} INFO - Marking task as FAILED. dag_id=child, task_id=wait_for_parent, run_id=manual__2024-10-16T02:12:47.543240+00:00, execution_date=20241016T021247, start_date=20241016T021249, end_date=20241016T022038
[2024-10-16T02:20:38.710+0000] {logging_mixin.py:190} INFO - [2024-10-16T02:20:38.709+0000] {processor.py:876} INFO - Executed callback for <TaskInstance: child.wait_for_parent manual__2024-10-16T02:12:47.543240+00:00 [failed]> in state failed
[2024-10-16T02:20:38.719+0000] {logging_mixin.py:190} INFO - [2024-10-16T02:20:38.719+0000] {dag.py:3239} INFO - Sync 1 DAGs
[2024-10-16T02:20:38.736+0000] {logging_mixin.py:190} INFO - [2024-10-16T02:20:38.736+0000] {dag.py:4180} INFO - Setting next_dagrun for child to 2024-10-16 00:00:00+00:00, run_after=2024-10-17 00:00:00+00:00
[2024-10-16T02:20:38.752+0000] {processor.py:208} INFO - Processing /opt/airflow/dags/child.py took 0.126 seconds
[2024-10-16T02:21:28.888+0000] {processor.py:186} INFO - Started process (PID=70) to work on /opt/airflow/dags/child.py
[2024-10-16T02:21:28.889+0000] {processor.py:914} INFO - Processing file /opt/airflow/dags/child.py for tasks to queue
[2024-10-16T02:21:28.893+0000] {logging_mixin.py:190} INFO - [2024-10-16T02:21:28.893+0000] {dagbag.py:588} INFO - Filling up the DagBag from /opt/airflow/dags/child.py
[2024-10-16T02:21:28.925+0000] {processor.py:925} INFO - DAG(s) 'child' retrieved from /opt/airflow/dags/child.py
[2024-10-16T02:21:28.962+0000] {logging_mixin.py:190} INFO - [2024-10-16T02:21:28.962+0000] {dag.py:3239} INFO - Sync 1 DAGs
[2024-10-16T02:21:29.010+0000] {logging_mixin.py:190} INFO - [2024-10-16T02:21:29.009+0000] {dag.py:4180} INFO - Setting next_dagrun for child to 2024-10-16 00:00:00+00:00, run_after=2024-10-17 00:00:00+00:00
[2024-10-16T02:21:29.043+0000] {processor.py:208} INFO - Processing /opt/airflow/dags/child.py took 0.164 seconds
[2024-10-16T02:21:38.724+0000] {processor.py:186} INFO - Started process (PID=134) to work on /opt/airflow/dags/child.py
[2024-10-16T02:21:38.725+0000] {processor.py:914} INFO - Processing file /opt/airflow/dags/child.py for tasks to queue
[2024-10-16T02:21:38.727+0000] {logging_mixin.py:190} INFO - [2024-10-16T02:21:38.727+0000] {dagbag.py:588} INFO - Filling up the DagBag from /opt/airflow/dags/child.py
[2024-10-16T02:21:38.741+0000] {processor.py:925} INFO - DAG(s) 'child' retrieved from /opt/airflow/dags/child.py
[2024-10-16T02:21:38.755+0000] {logging_mixin.py:190} INFO - [2024-10-16T02:21:38.754+0000] {taskinstance.py:3312} ERROR - {'DAG Id': 'child', 'Task Id': 'wait_for_parent', 'Run Id': 'manual__2024-10-16T02:13:30.965161+00:00', 'Hostname': '39781b2b00b9', 'External Executor Id': 'd53146a4-fead-4b5f-a64c-2acba635cadc'}
[2024-10-16T02:21:38.774+0000] {logging_mixin.py:190} INFO - Task instance in failure state
[2024-10-16T02:21:38.774+0000] {logging_mixin.py:190} INFO - Task start:2024-10-16 02:13:33.462407+00:00 end:2024-10-16 02:21:38.759325+00:00 duration:485.296918
[2024-10-16T02:21:38.775+0000] {logging_mixin.py:190} INFO - Task:<Task(ExternalTaskSensor): wait_for_parent> dag:<DAG: child> dagrun:<DagRun child @ 2024-10-16 02:13:30.965161+00:00: manual__2024-10-16T02:13:30.965161+00:00, state:running, queued_at: 2024-10-16 02:13:30.974637+00:00. externally triggered: True>
[2024-10-16T02:21:38.775+0000] {logging_mixin.py:190} INFO - Failure caused by {'DAG Id': 'child', 'Task Id': 'wait_for_parent', 'Run Id': 'manual__2024-10-16T02:13:30.965161+00:00', 'Hostname': '39781b2b00b9', 'External Executor Id': 'd53146a4-fead-4b5f-a64c-2acba635cadc'}
[2024-10-16T02:21:38.775+0000] {logging_mixin.py:190} INFO - [2024-10-16T02:21:38.775+0000] {taskinstance.py:1225} INFO - Marking task as FAILED. dag_id=child, task_id=wait_for_parent, run_id=manual__2024-10-16T02:13:30.965161+00:00, execution_date=20241016T021330, start_date=20241016T021333, end_date=20241016T022138
[2024-10-16T02:21:38.783+0000] {logging_mixin.py:190} INFO - [2024-10-16T02:21:38.783+0000] {processor.py:876} INFO - Executed callback for <TaskInstance: child.wait_for_parent manual__2024-10-16T02:13:30.965161+00:00 [failed]> in state failed
[2024-10-16T02:21:38.790+0000] {logging_mixin.py:190} INFO - [2024-10-16T02:21:38.790+0000] {dag.py:3239} INFO - Sync 1 DAGs
[2024-10-16T02:21:38.804+0000] {logging_mixin.py:190} INFO - [2024-10-16T02:21:38.804+0000] {dag.py:4180} INFO - Setting next_dagrun for child to 2024-10-16 00:00:00+00:00, run_after=2024-10-17 00:00:00+00:00
[2024-10-16T02:21:38.814+0000] {processor.py:208} INFO - Processing /opt/airflow/dags/child.py took 0.095 seconds
[2024-10-16T02:22:08.947+0000] {processor.py:186} INFO - Started process (PID=199) to work on /opt/airflow/dags/child.py
[2024-10-16T02:22:08.948+0000] {processor.py:914} INFO - Processing file /opt/airflow/dags/child.py for tasks to queue
[2024-10-16T02:22:08.950+0000] {logging_mixin.py:190} INFO - [2024-10-16T02:22:08.950+0000] {dagbag.py:588} INFO - Filling up the DagBag from /opt/airflow/dags/child.py
[2024-10-16T02:22:08.963+0000] {processor.py:925} INFO - DAG(s) 'child' retrieved from /opt/airflow/dags/child.py
[2024-10-16T02:22:08.975+0000] {logging_mixin.py:190} INFO - [2024-10-16T02:22:08.975+0000] {dag.py:3239} INFO - Sync 1 DAGs
[2024-10-16T02:22:08.992+0000] {logging_mixin.py:190} INFO - [2024-10-16T02:22:08.991+0000] {dag.py:4180} INFO - Setting next_dagrun for child to 2024-10-16 00:00:00+00:00, run_after=2024-10-17 00:00:00+00:00
[2024-10-16T02:22:09.004+0000] {processor.py:208} INFO - Processing /opt/airflow/dags/child.py took 0.060 seconds
[2024-10-16T02:22:39.192+0000] {processor.py:186} INFO - Started process (PID=264) to work on /opt/airflow/dags/child.py
[2024-10-16T02:22:39.193+0000] {processor.py:914} INFO - Processing file /opt/airflow/dags/child.py for tasks to queue
[2024-10-16T02:22:39.195+0000] {logging_mixin.py:190} INFO - [2024-10-16T02:22:39.195+0000] {dagbag.py:588} INFO - Filling up the DagBag from /opt/airflow/dags/child.py
[2024-10-16T02:22:39.207+0000] {processor.py:925} INFO - DAG(s) 'child' retrieved from /opt/airflow/dags/child.py
[2024-10-16T02:22:39.222+0000] {logging_mixin.py:190} INFO - [2024-10-16T02:22:39.222+0000] {dag.py:3239} INFO - Sync 1 DAGs
[2024-10-16T02:22:39.240+0000] {logging_mixin.py:190} INFO - [2024-10-16T02:22:39.240+0000] {dag.py:4180} INFO - Setting next_dagrun for child to 2024-10-16 00:00:00+00:00, run_after=2024-10-17 00:00:00+00:00
[2024-10-16T02:22:39.259+0000] {processor.py:208} INFO - Processing /opt/airflow/dags/child.py took 0.070 seconds
[2024-10-16T02:23:09.417+0000] {processor.py:186} INFO - Started process (PID=329) to work on /opt/airflow/dags/child.py
[2024-10-16T02:23:09.417+0000] {processor.py:914} INFO - Processing file /opt/airflow/dags/child.py for tasks to queue
[2024-10-16T02:23:09.419+0000] {logging_mixin.py:190} INFO - [2024-10-16T02:23:09.419+0000] {dagbag.py:588} INFO - Filling up the DagBag from /opt/airflow/dags/child.py
[2024-10-16T02:23:09.433+0000] {processor.py:925} INFO - DAG(s) 'child' retrieved from /opt/airflow/dags/child.py
[2024-10-16T02:23:09.446+0000] {logging_mixin.py:190} INFO - [2024-10-16T02:23:09.446+0000] {dag.py:3239} INFO - Sync 1 DAGs
[2024-10-16T02:23:09.465+0000] {logging_mixin.py:190} INFO - [2024-10-16T02:23:09.465+0000] {dag.py:4180} INFO - Setting next_dagrun for child to 2024-10-16 00:00:00+00:00, run_after=2024-10-17 00:00:00+00:00
[2024-10-16T02:23:09.480+0000] {processor.py:208} INFO - Processing /opt/airflow/dags/child.py took 0.067 seconds
[2024-10-16T02:23:39.667+0000] {processor.py:186} INFO - Started process (PID=394) to work on /opt/airflow/dags/child.py
[2024-10-16T02:23:39.668+0000] {processor.py:914} INFO - Processing file /opt/airflow/dags/child.py for tasks to queue
[2024-10-16T02:23:39.669+0000] {logging_mixin.py:190} INFO - [2024-10-16T02:23:39.669+0000] {dagbag.py:588} INFO - Filling up the DagBag from /opt/airflow/dags/child.py
[2024-10-16T02:23:39.685+0000] {processor.py:925} INFO - DAG(s) 'child' retrieved from /opt/airflow/dags/child.py
[2024-10-16T02:23:39.698+0000] {logging_mixin.py:190} INFO - [2024-10-16T02:23:39.698+0000] {dag.py:3239} INFO - Sync 1 DAGs
[2024-10-16T02:23:39.714+0000] {logging_mixin.py:190} INFO - [2024-10-16T02:23:39.714+0000] {dag.py:4180} INFO - Setting next_dagrun for child to 2024-10-16 00:00:00+00:00, run_after=2024-10-17 00:00:00+00:00
[2024-10-16T02:23:39.729+0000] {processor.py:208} INFO - Processing /opt/airflow/dags/child.py took 0.066 seconds
[2024-10-16T02:24:10.651+0000] {processor.py:186} INFO - Started process (PID=459) to work on /opt/airflow/dags/child.py
[2024-10-16T02:24:10.652+0000] {processor.py:914} INFO - Processing file /opt/airflow/dags/child.py for tasks to queue
[2024-10-16T02:24:10.654+0000] {logging_mixin.py:190} INFO - [2024-10-16T02:24:10.654+0000] {dagbag.py:588} INFO - Filling up the DagBag from /opt/airflow/dags/child.py
[2024-10-16T02:24:10.669+0000] {processor.py:925} INFO - DAG(s) 'child' retrieved from /opt/airflow/dags/child.py
[2024-10-16T02:24:10.685+0000] {logging_mixin.py:190} INFO - [2024-10-16T02:24:10.684+0000] {dag.py:3239} INFO - Sync 1 DAGs
[2024-10-16T02:24:10.704+0000] {logging_mixin.py:190} INFO - [2024-10-16T02:24:10.704+0000] {dag.py:4180} INFO - Setting next_dagrun for child to 2024-10-16 00:00:00+00:00, run_after=2024-10-17 00:00:00+00:00
[2024-10-16T02:24:10.720+0000] {processor.py:208} INFO - Processing /opt/airflow/dags/child.py took 0.073 seconds
[2024-10-16T02:24:41.539+0000] {processor.py:186} INFO - Started process (PID=524) to work on /opt/airflow/dags/child.py
[2024-10-16T02:24:41.540+0000] {processor.py:914} INFO - Processing file /opt/airflow/dags/child.py for tasks to queue
[2024-10-16T02:24:41.542+0000] {logging_mixin.py:190} INFO - [2024-10-16T02:24:41.542+0000] {dagbag.py:588} INFO - Filling up the DagBag from /opt/airflow/dags/child.py
[2024-10-16T02:24:41.556+0000] {processor.py:925} INFO - DAG(s) 'child' retrieved from /opt/airflow/dags/child.py
[2024-10-16T02:24:41.570+0000] {logging_mixin.py:190} INFO - [2024-10-16T02:24:41.570+0000] {dag.py:3239} INFO - Sync 1 DAGs
[2024-10-16T02:24:41.588+0000] {logging_mixin.py:190} INFO - [2024-10-16T02:24:41.588+0000] {dag.py:4180} INFO - Setting next_dagrun for child to 2024-10-16 00:00:00+00:00, run_after=2024-10-17 00:00:00+00:00
[2024-10-16T02:24:41.604+0000] {processor.py:208} INFO - Processing /opt/airflow/dags/child.py took 0.068 seconds
[2024-10-16T02:25:11.948+0000] {processor.py:186} INFO - Started process (PID=589) to work on /opt/airflow/dags/child.py
[2024-10-16T02:25:11.949+0000] {processor.py:914} INFO - Processing file /opt/airflow/dags/child.py for tasks to queue
[2024-10-16T02:25:11.951+0000] {logging_mixin.py:190} INFO - [2024-10-16T02:25:11.951+0000] {dagbag.py:588} INFO - Filling up the DagBag from /opt/airflow/dags/child.py
[2024-10-16T02:25:11.968+0000] {processor.py:925} INFO - DAG(s) 'child' retrieved from /opt/airflow/dags/child.py
[2024-10-16T02:25:11.983+0000] {logging_mixin.py:190} INFO - [2024-10-16T02:25:11.983+0000] {dag.py:3239} INFO - Sync 1 DAGs
[2024-10-16T02:25:12.003+0000] {logging_mixin.py:190} INFO - [2024-10-16T02:25:12.002+0000] {dag.py:4180} INFO - Setting next_dagrun for child to 2024-10-16 00:00:00+00:00, run_after=2024-10-17 00:00:00+00:00
[2024-10-16T02:25:12.016+0000] {processor.py:208} INFO - Processing /opt/airflow/dags/child.py took 0.072 seconds
[2024-10-16T02:25:42.235+0000] {processor.py:186} INFO - Started process (PID=654) to work on /opt/airflow/dags/child.py
[2024-10-16T02:25:42.236+0000] {processor.py:914} INFO - Processing file /opt/airflow/dags/child.py for tasks to queue
[2024-10-16T02:25:42.239+0000] {logging_mixin.py:190} INFO - [2024-10-16T02:25:42.238+0000] {dagbag.py:588} INFO - Filling up the DagBag from /opt/airflow/dags/child.py
[2024-10-16T02:25:42.253+0000] {processor.py:925} INFO - DAG(s) 'child' retrieved from /opt/airflow/dags/child.py
[2024-10-16T02:25:42.267+0000] {logging_mixin.py:190} INFO - [2024-10-16T02:25:42.267+0000] {dag.py:3239} INFO - Sync 1 DAGs
[2024-10-16T02:25:42.288+0000] {logging_mixin.py:190} INFO - [2024-10-16T02:25:42.288+0000] {dag.py:4180} INFO - Setting next_dagrun for child to 2024-10-16 00:00:00+00:00, run_after=2024-10-17 00:00:00+00:00
[2024-10-16T02:25:42.305+0000] {processor.py:208} INFO - Processing /opt/airflow/dags/child.py took 0.075 seconds
[2024-10-16T02:26:12.378+0000] {processor.py:186} INFO - Started process (PID=719) to work on /opt/airflow/dags/child.py
[2024-10-16T02:26:12.379+0000] {processor.py:914} INFO - Processing file /opt/airflow/dags/child.py for tasks to queue
[2024-10-16T02:26:12.386+0000] {logging_mixin.py:190} INFO - [2024-10-16T02:26:12.385+0000] {dagbag.py:588} INFO - Filling up the DagBag from /opt/airflow/dags/child.py
[2024-10-16T02:26:12.417+0000] {processor.py:925} INFO - DAG(s) 'child' retrieved from /opt/airflow/dags/child.py
[2024-10-16T02:26:12.445+0000] {logging_mixin.py:190} INFO - [2024-10-16T02:26:12.445+0000] {dag.py:3239} INFO - Sync 1 DAGs
[2024-10-16T02:26:12.474+0000] {logging_mixin.py:190} INFO - [2024-10-16T02:26:12.473+0000] {dag.py:4180} INFO - Setting next_dagrun for child to 2024-10-16 00:00:00+00:00, run_after=2024-10-17 00:00:00+00:00
[2024-10-16T02:26:12.490+0000] {processor.py:208} INFO - Processing /opt/airflow/dags/child.py took 0.120 seconds
[2024-10-16T02:26:42.767+0000] {processor.py:186} INFO - Started process (PID=784) to work on /opt/airflow/dags/child.py
[2024-10-16T02:26:42.768+0000] {processor.py:914} INFO - Processing file /opt/airflow/dags/child.py for tasks to queue
[2024-10-16T02:26:42.770+0000] {logging_mixin.py:190} INFO - [2024-10-16T02:26:42.769+0000] {dagbag.py:588} INFO - Filling up the DagBag from /opt/airflow/dags/child.py
[2024-10-16T02:26:42.789+0000] {processor.py:925} INFO - DAG(s) 'child' retrieved from /opt/airflow/dags/child.py
[2024-10-16T02:26:42.808+0000] {logging_mixin.py:190} INFO - [2024-10-16T02:26:42.808+0000] {dag.py:3239} INFO - Sync 1 DAGs
[2024-10-16T02:26:42.830+0000] {logging_mixin.py:190} INFO - [2024-10-16T02:26:42.829+0000] {dag.py:4180} INFO - Setting next_dagrun for child to 2024-10-16 00:00:00+00:00, run_after=2024-10-17 00:00:00+00:00
[2024-10-16T02:26:42.848+0000] {processor.py:208} INFO - Processing /opt/airflow/dags/child.py took 0.087 seconds
[2024-10-16T02:27:13.142+0000] {processor.py:186} INFO - Started process (PID=849) to work on /opt/airflow/dags/child.py
[2024-10-16T02:27:13.143+0000] {processor.py:914} INFO - Processing file /opt/airflow/dags/child.py for tasks to queue
[2024-10-16T02:27:13.145+0000] {logging_mixin.py:190} INFO - [2024-10-16T02:27:13.145+0000] {dagbag.py:588} INFO - Filling up the DagBag from /opt/airflow/dags/child.py
[2024-10-16T02:27:13.157+0000] {processor.py:925} INFO - DAG(s) 'child' retrieved from /opt/airflow/dags/child.py
[2024-10-16T02:27:13.170+0000] {logging_mixin.py:190} INFO - [2024-10-16T02:27:13.169+0000] {dag.py:3239} INFO - Sync 1 DAGs
[2024-10-16T02:27:13.187+0000] {logging_mixin.py:190} INFO - [2024-10-16T02:27:13.187+0000] {dag.py:4180} INFO - Setting next_dagrun for child to 2024-10-16 00:00:00+00:00, run_after=2024-10-17 00:00:00+00:00
[2024-10-16T02:27:13.201+0000] {processor.py:208} INFO - Processing /opt/airflow/dags/child.py took 0.063 seconds
[2024-10-16T02:27:43.412+0000] {processor.py:186} INFO - Started process (PID=914) to work on /opt/airflow/dags/child.py
[2024-10-16T02:27:43.413+0000] {processor.py:914} INFO - Processing file /opt/airflow/dags/child.py for tasks to queue
[2024-10-16T02:27:43.415+0000] {logging_mixin.py:190} INFO - [2024-10-16T02:27:43.415+0000] {dagbag.py:588} INFO - Filling up the DagBag from /opt/airflow/dags/child.py
[2024-10-16T02:27:43.435+0000] {processor.py:925} INFO - DAG(s) 'child' retrieved from /opt/airflow/dags/child.py
[2024-10-16T02:27:43.453+0000] {logging_mixin.py:190} INFO - [2024-10-16T02:27:43.453+0000] {dag.py:3239} INFO - Sync 1 DAGs
[2024-10-16T02:27:43.477+0000] {logging_mixin.py:190} INFO - [2024-10-16T02:27:43.477+0000] {dag.py:4180} INFO - Setting next_dagrun for child to 2024-10-16 00:00:00+00:00, run_after=2024-10-17 00:00:00+00:00
[2024-10-16T02:27:43.496+0000] {processor.py:208} INFO - Processing /opt/airflow/dags/child.py took 0.089 seconds
[2024-10-16T02:28:13.778+0000] {processor.py:186} INFO - Started process (PID=979) to work on /opt/airflow/dags/child.py
[2024-10-16T02:28:13.780+0000] {processor.py:914} INFO - Processing file /opt/airflow/dags/child.py for tasks to queue
[2024-10-16T02:28:13.783+0000] {logging_mixin.py:190} INFO - [2024-10-16T02:28:13.782+0000] {dagbag.py:588} INFO - Filling up the DagBag from /opt/airflow/dags/child.py
[2024-10-16T02:28:13.810+0000] {processor.py:925} INFO - DAG(s) 'child' retrieved from /opt/airflow/dags/child.py
[2024-10-16T02:28:13.836+0000] {logging_mixin.py:190} INFO - [2024-10-16T02:28:13.835+0000] {dag.py:3239} INFO - Sync 1 DAGs
[2024-10-16T02:28:13.873+0000] {logging_mixin.py:190} INFO - [2024-10-16T02:28:13.873+0000] {dag.py:4180} INFO - Setting next_dagrun for child to 2024-10-16 00:00:00+00:00, run_after=2024-10-17 00:00:00+00:00
[2024-10-16T02:28:13.904+0000] {processor.py:208} INFO - Processing /opt/airflow/dags/child.py took 0.133 seconds
[2024-10-16T02:28:44.156+0000] {processor.py:186} INFO - Started process (PID=1044) to work on /opt/airflow/dags/child.py
[2024-10-16T02:28:44.157+0000] {processor.py:914} INFO - Processing file /opt/airflow/dags/child.py for tasks to queue
[2024-10-16T02:28:44.159+0000] {logging_mixin.py:190} INFO - [2024-10-16T02:28:44.159+0000] {dagbag.py:588} INFO - Filling up the DagBag from /opt/airflow/dags/child.py
[2024-10-16T02:28:44.180+0000] {processor.py:925} INFO - DAG(s) 'child' retrieved from /opt/airflow/dags/child.py
[2024-10-16T02:28:44.204+0000] {logging_mixin.py:190} INFO - [2024-10-16T02:28:44.204+0000] {dag.py:3239} INFO - Sync 1 DAGs
[2024-10-16T02:28:44.226+0000] {logging_mixin.py:190} INFO - [2024-10-16T02:28:44.226+0000] {dag.py:4180} INFO - Setting next_dagrun for child to 2024-10-16 00:00:00+00:00, run_after=2024-10-17 00:00:00+00:00
[2024-10-16T02:28:44.244+0000] {processor.py:208} INFO - Processing /opt/airflow/dags/child.py took 0.093 seconds
[2024-10-16T02:29:14.444+0000] {processor.py:186} INFO - Started process (PID=1109) to work on /opt/airflow/dags/child.py
[2024-10-16T02:29:14.445+0000] {processor.py:914} INFO - Processing file /opt/airflow/dags/child.py for tasks to queue
[2024-10-16T02:29:14.447+0000] {logging_mixin.py:190} INFO - [2024-10-16T02:29:14.447+0000] {dagbag.py:588} INFO - Filling up the DagBag from /opt/airflow/dags/child.py
[2024-10-16T02:29:14.463+0000] {processor.py:925} INFO - DAG(s) 'child' retrieved from /opt/airflow/dags/child.py
[2024-10-16T02:29:14.477+0000] {logging_mixin.py:190} INFO - [2024-10-16T02:29:14.477+0000] {dag.py:3239} INFO - Sync 1 DAGs
[2024-10-16T02:29:14.496+0000] {logging_mixin.py:190} INFO - [2024-10-16T02:29:14.496+0000] {dag.py:4180} INFO - Setting next_dagrun for child to 2024-10-16 00:00:00+00:00, run_after=2024-10-17 00:00:00+00:00
[2024-10-16T02:29:14.511+0000] {processor.py:208} INFO - Processing /opt/airflow/dags/child.py took 0.071 seconds
[2024-10-16T02:29:44.558+0000] {processor.py:186} INFO - Started process (PID=1174) to work on /opt/airflow/dags/child.py
[2024-10-16T02:29:44.558+0000] {processor.py:914} INFO - Processing file /opt/airflow/dags/child.py for tasks to queue
[2024-10-16T02:29:44.560+0000] {logging_mixin.py:190} INFO - [2024-10-16T02:29:44.560+0000] {dagbag.py:588} INFO - Filling up the DagBag from /opt/airflow/dags/child.py
[2024-10-16T02:29:44.574+0000] {processor.py:925} INFO - DAG(s) 'child' retrieved from /opt/airflow/dags/child.py
[2024-10-16T02:29:44.587+0000] {logging_mixin.py:190} INFO - [2024-10-16T02:29:44.587+0000] {dag.py:3239} INFO - Sync 1 DAGs
[2024-10-16T02:29:44.604+0000] {logging_mixin.py:190} INFO - [2024-10-16T02:29:44.603+0000] {dag.py:4180} INFO - Setting next_dagrun for child to 2024-10-16 00:00:00+00:00, run_after=2024-10-17 00:00:00+00:00
[2024-10-16T02:29:44.617+0000] {processor.py:208} INFO - Processing /opt/airflow/dags/child.py took 0.064 seconds
[2024-10-16T02:30:14.775+0000] {processor.py:186} INFO - Started process (PID=1239) to work on /opt/airflow/dags/child.py
[2024-10-16T02:30:14.776+0000] {processor.py:914} INFO - Processing file /opt/airflow/dags/child.py for tasks to queue
[2024-10-16T02:30:14.778+0000] {logging_mixin.py:190} INFO - [2024-10-16T02:30:14.778+0000] {dagbag.py:588} INFO - Filling up the DagBag from /opt/airflow/dags/child.py
[2024-10-16T02:30:14.792+0000] {processor.py:925} INFO - DAG(s) 'child' retrieved from /opt/airflow/dags/child.py
[2024-10-16T02:30:14.804+0000] {logging_mixin.py:190} INFO - [2024-10-16T02:30:14.804+0000] {dag.py:3239} INFO - Sync 1 DAGs
[2024-10-16T02:30:14.822+0000] {logging_mixin.py:190} INFO - [2024-10-16T02:30:14.822+0000] {dag.py:4180} INFO - Setting next_dagrun for child to 2024-10-16 00:00:00+00:00, run_after=2024-10-17 00:00:00+00:00
[2024-10-16T02:30:14.836+0000] {processor.py:208} INFO - Processing /opt/airflow/dags/child.py took 0.065 seconds
[2024-10-16T02:30:44.961+0000] {processor.py:186} INFO - Started process (PID=1305) to work on /opt/airflow/dags/child.py
[2024-10-16T02:30:44.962+0000] {processor.py:914} INFO - Processing file /opt/airflow/dags/child.py for tasks to queue
[2024-10-16T02:30:44.964+0000] {logging_mixin.py:190} INFO - [2024-10-16T02:30:44.963+0000] {dagbag.py:588} INFO - Filling up the DagBag from /opt/airflow/dags/child.py
[2024-10-16T02:30:44.976+0000] {processor.py:925} INFO - DAG(s) 'child' retrieved from /opt/airflow/dags/child.py
[2024-10-16T02:30:44.988+0000] {logging_mixin.py:190} INFO - [2024-10-16T02:30:44.988+0000] {dag.py:3239} INFO - Sync 1 DAGs
[2024-10-16T02:30:45.003+0000] {logging_mixin.py:190} INFO - [2024-10-16T02:30:45.003+0000] {dag.py:4180} INFO - Setting next_dagrun for child to 2024-10-16 00:00:00+00:00, run_after=2024-10-17 00:00:00+00:00
[2024-10-16T02:30:45.016+0000] {processor.py:208} INFO - Processing /opt/airflow/dags/child.py took 0.059 seconds
