[2024-10-16T02:09:06.256+0000] {processor.py:186} INFO - Started process (PID=59) to work on /opt/airflow/dags/parent_success.py
[2024-10-16T02:09:06.258+0000] {processor.py:914} INFO - Processing file /opt/airflow/dags/parent_success.py for tasks to queue
[2024-10-16T02:09:06.263+0000] {logging_mixin.py:190} INFO - [2024-10-16T02:09:06.263+0000] {dagbag.py:588} INFO - Filling up the DagBag from /opt/airflow/dags/parent_success.py
[2024-10-16T02:09:06.320+0000] {processor.py:925} INFO - DAG(s) 'parent_success' retrieved from /opt/airflow/dags/parent_success.py
[2024-10-16T02:09:06.554+0000] {logging_mixin.py:190} INFO - [2024-10-16T02:09:06.552+0000] {override.py:1900} INFO - Created Permission View: can delete on DAG:parent_success
[2024-10-16T02:09:06.576+0000] {logging_mixin.py:190} INFO - [2024-10-16T02:09:06.575+0000] {override.py:1900} INFO - Created Permission View: can edit on DAG:parent_success
[2024-10-16T02:09:06.590+0000] {logging_mixin.py:190} INFO - [2024-10-16T02:09:06.589+0000] {override.py:1900} INFO - Created Permission View: can read on DAG:parent_success
[2024-10-16T02:09:06.605+0000] {logging_mixin.py:190} INFO - [2024-10-16T02:09:06.605+0000] {override.py:1900} INFO - Created Permission View: can delete on DAG Run:parent_success
[2024-10-16T02:09:06.621+0000] {logging_mixin.py:190} INFO - [2024-10-16T02:09:06.621+0000] {override.py:1900} INFO - Created Permission View: menu access on DAG Run:parent_success
[2024-10-16T02:09:06.634+0000] {logging_mixin.py:190} INFO - [2024-10-16T02:09:06.634+0000] {override.py:1900} INFO - Created Permission View: can read on DAG Run:parent_success
[2024-10-16T02:09:06.646+0000] {logging_mixin.py:190} INFO - [2024-10-16T02:09:06.646+0000] {override.py:1900} INFO - Created Permission View: can create on DAG Run:parent_success
[2024-10-16T02:09:06.648+0000] {logging_mixin.py:190} INFO - [2024-10-16T02:09:06.647+0000] {dag.py:3239} INFO - Sync 1 DAGs
[2024-10-16T02:09:06.670+0000] {logging_mixin.py:190} INFO - [2024-10-16T02:09:06.670+0000] {dag.py:3262} INFO - Creating ORM DAG for parent_success
[2024-10-16T02:09:06.690+0000] {logging_mixin.py:190} INFO - [2024-10-16T02:09:06.690+0000] {dag.py:4180} INFO - Setting next_dagrun for parent_success to 2024-10-15 00:00:00+00:00, run_after=2024-10-16 00:00:00+00:00
[2024-10-16T02:09:06.722+0000] {processor.py:208} INFO - Processing /opt/airflow/dags/parent_success.py took 0.476 seconds
[2024-10-16T02:09:36.900+0000] {processor.py:186} INFO - Started process (PID=124) to work on /opt/airflow/dags/parent_success.py
[2024-10-16T02:09:36.901+0000] {processor.py:914} INFO - Processing file /opt/airflow/dags/parent_success.py for tasks to queue
[2024-10-16T02:09:36.903+0000] {logging_mixin.py:190} INFO - [2024-10-16T02:09:36.902+0000] {dagbag.py:588} INFO - Filling up the DagBag from /opt/airflow/dags/parent_success.py
[2024-10-16T02:09:36.917+0000] {processor.py:925} INFO - DAG(s) 'parent_success' retrieved from /opt/airflow/dags/parent_success.py
[2024-10-16T02:09:36.930+0000] {logging_mixin.py:190} INFO - [2024-10-16T02:09:36.930+0000] {dag.py:3239} INFO - Sync 1 DAGs
[2024-10-16T02:09:36.947+0000] {logging_mixin.py:190} INFO - [2024-10-16T02:09:36.947+0000] {dag.py:4180} INFO - Setting next_dagrun for parent_success to 2024-10-15 00:00:00+00:00, run_after=2024-10-16 00:00:00+00:00
[2024-10-16T02:09:36.962+0000] {processor.py:208} INFO - Processing /opt/airflow/dags/parent_success.py took 0.066 seconds
[2024-10-16T02:10:07.020+0000] {processor.py:186} INFO - Started process (PID=189) to work on /opt/airflow/dags/parent_success.py
[2024-10-16T02:10:07.021+0000] {processor.py:914} INFO - Processing file /opt/airflow/dags/parent_success.py for tasks to queue
[2024-10-16T02:10:07.023+0000] {logging_mixin.py:190} INFO - [2024-10-16T02:10:07.023+0000] {dagbag.py:588} INFO - Filling up the DagBag from /opt/airflow/dags/parent_success.py
[2024-10-16T02:10:07.039+0000] {processor.py:925} INFO - DAG(s) 'parent_success' retrieved from /opt/airflow/dags/parent_success.py
[2024-10-16T02:10:07.056+0000] {logging_mixin.py:190} INFO - [2024-10-16T02:10:07.055+0000] {dag.py:3239} INFO - Sync 1 DAGs
[2024-10-16T02:10:07.075+0000] {logging_mixin.py:190} INFO - [2024-10-16T02:10:07.075+0000] {dag.py:4180} INFO - Setting next_dagrun for parent_success to 2024-10-16 00:00:00+00:00, run_after=2024-10-17 00:00:00+00:00
[2024-10-16T02:10:07.089+0000] {processor.py:208} INFO - Processing /opt/airflow/dags/parent_success.py took 0.073 seconds
[2024-10-16T02:10:37.648+0000] {processor.py:186} INFO - Started process (PID=255) to work on /opt/airflow/dags/parent_success.py
[2024-10-16T02:10:37.649+0000] {processor.py:914} INFO - Processing file /opt/airflow/dags/parent_success.py for tasks to queue
[2024-10-16T02:10:37.651+0000] {logging_mixin.py:190} INFO - [2024-10-16T02:10:37.651+0000] {dagbag.py:588} INFO - Filling up the DagBag from /opt/airflow/dags/parent_success.py
[2024-10-16T02:10:37.666+0000] {processor.py:925} INFO - DAG(s) 'parent_success' retrieved from /opt/airflow/dags/parent_success.py
[2024-10-16T02:10:37.678+0000] {logging_mixin.py:190} INFO - [2024-10-16T02:10:37.678+0000] {dag.py:3239} INFO - Sync 1 DAGs
[2024-10-16T02:10:37.697+0000] {logging_mixin.py:190} INFO - [2024-10-16T02:10:37.697+0000] {dag.py:4180} INFO - Setting next_dagrun for parent_success to 2024-10-16 00:00:00+00:00, run_after=2024-10-17 00:00:00+00:00
[2024-10-16T02:10:37.713+0000] {processor.py:208} INFO - Processing /opt/airflow/dags/parent_success.py took 0.069 seconds
[2024-10-16T02:11:08.017+0000] {processor.py:186} INFO - Started process (PID=321) to work on /opt/airflow/dags/parent_success.py
[2024-10-16T02:11:08.018+0000] {processor.py:914} INFO - Processing file /opt/airflow/dags/parent_success.py for tasks to queue
[2024-10-16T02:11:08.019+0000] {logging_mixin.py:190} INFO - [2024-10-16T02:11:08.019+0000] {dagbag.py:588} INFO - Filling up the DagBag from /opt/airflow/dags/parent_success.py
[2024-10-16T02:11:08.036+0000] {processor.py:925} INFO - DAG(s) 'parent_success' retrieved from /opt/airflow/dags/parent_success.py
[2024-10-16T02:11:08.052+0000] {logging_mixin.py:190} INFO - [2024-10-16T02:11:08.052+0000] {dag.py:3239} INFO - Sync 1 DAGs
[2024-10-16T02:11:08.071+0000] {logging_mixin.py:190} INFO - [2024-10-16T02:11:08.071+0000] {dag.py:4180} INFO - Setting next_dagrun for parent_success to 2024-10-16 00:00:00+00:00, run_after=2024-10-17 00:00:00+00:00
[2024-10-16T02:11:08.087+0000] {processor.py:208} INFO - Processing /opt/airflow/dags/parent_success.py took 0.075 seconds
[2024-10-16T02:11:45.795+0000] {processor.py:186} INFO - Started process (PID=65) to work on /opt/airflow/dags/parent_success.py
[2024-10-16T02:11:45.796+0000] {processor.py:914} INFO - Processing file /opt/airflow/dags/parent_success.py for tasks to queue
[2024-10-16T02:11:45.800+0000] {logging_mixin.py:190} INFO - [2024-10-16T02:11:45.799+0000] {dagbag.py:588} INFO - Filling up the DagBag from /opt/airflow/dags/parent_success.py
[2024-10-16T02:11:45.839+0000] {processor.py:925} INFO - DAG(s) 'parent_success' retrieved from /opt/airflow/dags/parent_success.py
[2024-10-16T02:11:45.866+0000] {logging_mixin.py:190} INFO - [2024-10-16T02:11:45.866+0000] {dag.py:3239} INFO - Sync 1 DAGs
[2024-10-16T02:11:45.904+0000] {logging_mixin.py:190} INFO - [2024-10-16T02:11:45.904+0000] {dag.py:4180} INFO - Setting next_dagrun for parent_success to 2024-10-16 00:00:00+00:00, run_after=2024-10-17 00:00:00+00:00
[2024-10-16T02:11:45.931+0000] {processor.py:208} INFO - Processing /opt/airflow/dags/parent_success.py took 0.145 seconds
[2024-10-16T02:12:16.588+0000] {processor.py:186} INFO - Started process (PID=130) to work on /opt/airflow/dags/parent_success.py
[2024-10-16T02:12:16.589+0000] {processor.py:914} INFO - Processing file /opt/airflow/dags/parent_success.py for tasks to queue
[2024-10-16T02:12:16.590+0000] {logging_mixin.py:190} INFO - [2024-10-16T02:12:16.590+0000] {dagbag.py:588} INFO - Filling up the DagBag from /opt/airflow/dags/parent_success.py
[2024-10-16T02:12:16.606+0000] {processor.py:925} INFO - DAG(s) 'parent_success' retrieved from /opt/airflow/dags/parent_success.py
[2024-10-16T02:12:16.620+0000] {logging_mixin.py:190} INFO - [2024-10-16T02:12:16.620+0000] {dag.py:3239} INFO - Sync 1 DAGs
[2024-10-16T02:12:16.638+0000] {logging_mixin.py:190} INFO - [2024-10-16T02:12:16.638+0000] {dag.py:4180} INFO - Setting next_dagrun for parent_success to 2024-10-16 00:00:00+00:00, run_after=2024-10-17 00:00:00+00:00
[2024-10-16T02:12:16.654+0000] {processor.py:208} INFO - Processing /opt/airflow/dags/parent_success.py took 0.070 seconds
[2024-10-16T02:12:46.833+0000] {processor.py:186} INFO - Started process (PID=195) to work on /opt/airflow/dags/parent_success.py
[2024-10-16T02:12:46.834+0000] {processor.py:914} INFO - Processing file /opt/airflow/dags/parent_success.py for tasks to queue
[2024-10-16T02:12:46.835+0000] {logging_mixin.py:190} INFO - [2024-10-16T02:12:46.835+0000] {dagbag.py:588} INFO - Filling up the DagBag from /opt/airflow/dags/parent_success.py
[2024-10-16T02:12:46.852+0000] {processor.py:925} INFO - DAG(s) 'parent_success' retrieved from /opt/airflow/dags/parent_success.py
[2024-10-16T02:12:46.865+0000] {logging_mixin.py:190} INFO - [2024-10-16T02:12:46.865+0000] {dag.py:3239} INFO - Sync 1 DAGs
[2024-10-16T02:12:46.883+0000] {logging_mixin.py:190} INFO - [2024-10-16T02:12:46.883+0000] {dag.py:4180} INFO - Setting next_dagrun for parent_success to 2024-10-16 00:00:00+00:00, run_after=2024-10-17 00:00:00+00:00
[2024-10-16T02:12:46.897+0000] {processor.py:208} INFO - Processing /opt/airflow/dags/parent_success.py took 0.069 seconds
[2024-10-16T02:13:17.852+0000] {processor.py:186} INFO - Started process (PID=264) to work on /opt/airflow/dags/parent_success.py
[2024-10-16T02:13:17.853+0000] {processor.py:914} INFO - Processing file /opt/airflow/dags/parent_success.py for tasks to queue
[2024-10-16T02:13:17.854+0000] {logging_mixin.py:190} INFO - [2024-10-16T02:13:17.853+0000] {dagbag.py:588} INFO - Filling up the DagBag from /opt/airflow/dags/parent_success.py
[2024-10-16T02:13:17.868+0000] {processor.py:925} INFO - DAG(s) 'parent_success' retrieved from /opt/airflow/dags/parent_success.py
[2024-10-16T02:13:17.882+0000] {logging_mixin.py:190} INFO - [2024-10-16T02:13:17.882+0000] {dag.py:3239} INFO - Sync 1 DAGs
[2024-10-16T02:13:17.902+0000] {logging_mixin.py:190} INFO - [2024-10-16T02:13:17.902+0000] {dag.py:4180} INFO - Setting next_dagrun for parent_success to 2024-10-16 00:00:00+00:00, run_after=2024-10-17 00:00:00+00:00
[2024-10-16T02:13:17.919+0000] {processor.py:208} INFO - Processing /opt/airflow/dags/parent_success.py took 0.071 seconds
[2024-10-16T02:13:48.325+0000] {processor.py:186} INFO - Started process (PID=329) to work on /opt/airflow/dags/parent_success.py
[2024-10-16T02:13:48.326+0000] {processor.py:914} INFO - Processing file /opt/airflow/dags/parent_success.py for tasks to queue
[2024-10-16T02:13:48.327+0000] {logging_mixin.py:190} INFO - [2024-10-16T02:13:48.326+0000] {dagbag.py:588} INFO - Filling up the DagBag from /opt/airflow/dags/parent_success.py
[2024-10-16T02:13:48.340+0000] {processor.py:925} INFO - DAG(s) 'parent_success' retrieved from /opt/airflow/dags/parent_success.py
[2024-10-16T02:13:48.354+0000] {logging_mixin.py:190} INFO - [2024-10-16T02:13:48.353+0000] {dag.py:3239} INFO - Sync 1 DAGs
[2024-10-16T02:13:48.371+0000] {logging_mixin.py:190} INFO - [2024-10-16T02:13:48.371+0000] {dag.py:4180} INFO - Setting next_dagrun for parent_success to 2024-10-16 00:00:00+00:00, run_after=2024-10-17 00:00:00+00:00
[2024-10-16T02:13:48.385+0000] {processor.py:208} INFO - Processing /opt/airflow/dags/parent_success.py took 0.064 seconds
[2024-10-16T02:14:18.815+0000] {processor.py:186} INFO - Started process (PID=400) to work on /opt/airflow/dags/parent_success.py
[2024-10-16T02:14:18.816+0000] {processor.py:914} INFO - Processing file /opt/airflow/dags/parent_success.py for tasks to queue
[2024-10-16T02:14:18.817+0000] {logging_mixin.py:190} INFO - [2024-10-16T02:14:18.817+0000] {dagbag.py:588} INFO - Filling up the DagBag from /opt/airflow/dags/parent_success.py
[2024-10-16T02:14:18.831+0000] {processor.py:925} INFO - DAG(s) 'parent_success' retrieved from /opt/airflow/dags/parent_success.py
[2024-10-16T02:14:18.847+0000] {logging_mixin.py:190} INFO - [2024-10-16T02:14:18.846+0000] {dag.py:3239} INFO - Sync 1 DAGs
[2024-10-16T02:14:18.866+0000] {logging_mixin.py:190} INFO - [2024-10-16T02:14:18.866+0000] {dag.py:4180} INFO - Setting next_dagrun for parent_success to 2024-10-16 00:00:00+00:00, run_after=2024-10-17 00:00:00+00:00
[2024-10-16T02:14:18.881+0000] {processor.py:208} INFO - Processing /opt/airflow/dags/parent_success.py took 0.071 seconds
[2024-10-16T02:14:49.061+0000] {processor.py:186} INFO - Started process (PID=465) to work on /opt/airflow/dags/parent_success.py
[2024-10-16T02:14:49.062+0000] {processor.py:914} INFO - Processing file /opt/airflow/dags/parent_success.py for tasks to queue
[2024-10-16T02:14:49.063+0000] {logging_mixin.py:190} INFO - [2024-10-16T02:14:49.063+0000] {dagbag.py:588} INFO - Filling up the DagBag from /opt/airflow/dags/parent_success.py
[2024-10-16T02:14:49.077+0000] {processor.py:925} INFO - DAG(s) 'parent_success' retrieved from /opt/airflow/dags/parent_success.py
[2024-10-16T02:14:49.093+0000] {logging_mixin.py:190} INFO - [2024-10-16T02:14:49.093+0000] {dag.py:3239} INFO - Sync 1 DAGs
[2024-10-16T02:14:49.112+0000] {logging_mixin.py:190} INFO - [2024-10-16T02:14:49.112+0000] {dag.py:4180} INFO - Setting next_dagrun for parent_success to 2024-10-16 00:00:00+00:00, run_after=2024-10-17 00:00:00+00:00
[2024-10-16T02:14:49.130+0000] {processor.py:208} INFO - Processing /opt/airflow/dags/parent_success.py took 0.074 seconds
[2024-10-16T02:15:19.467+0000] {processor.py:186} INFO - Started process (PID=530) to work on /opt/airflow/dags/parent_success.py
[2024-10-16T02:15:19.468+0000] {processor.py:914} INFO - Processing file /opt/airflow/dags/parent_success.py for tasks to queue
[2024-10-16T02:15:19.469+0000] {logging_mixin.py:190} INFO - [2024-10-16T02:15:19.469+0000] {dagbag.py:588} INFO - Filling up the DagBag from /opt/airflow/dags/parent_success.py
[2024-10-16T02:15:19.483+0000] {processor.py:925} INFO - DAG(s) 'parent_success' retrieved from /opt/airflow/dags/parent_success.py
[2024-10-16T02:15:19.496+0000] {logging_mixin.py:190} INFO - [2024-10-16T02:15:19.496+0000] {dag.py:3239} INFO - Sync 1 DAGs
[2024-10-16T02:15:19.513+0000] {logging_mixin.py:190} INFO - [2024-10-16T02:15:19.513+0000] {dag.py:4180} INFO - Setting next_dagrun for parent_success to 2024-10-16 00:00:00+00:00, run_after=2024-10-17 00:00:00+00:00
[2024-10-16T02:15:19.527+0000] {processor.py:208} INFO - Processing /opt/airflow/dags/parent_success.py took 0.065 seconds
[2024-10-16T02:17:18.431+0000] {processor.py:186} INFO - Started process (PID=71) to work on /opt/airflow/dags/parent_success.py
[2024-10-16T02:17:18.433+0000] {processor.py:914} INFO - Processing file /opt/airflow/dags/parent_success.py for tasks to queue
[2024-10-16T02:17:18.440+0000] {logging_mixin.py:190} INFO - [2024-10-16T02:17:18.439+0000] {dagbag.py:588} INFO - Filling up the DagBag from /opt/airflow/dags/parent_success.py
[2024-10-16T02:17:18.502+0000] {processor.py:925} INFO - DAG(s) 'parent_success' retrieved from /opt/airflow/dags/parent_success.py
[2024-10-16T02:17:18.607+0000] {logging_mixin.py:190} INFO - [2024-10-16T02:17:18.606+0000] {dag.py:3239} INFO - Sync 1 DAGs
[2024-10-16T02:17:18.743+0000] {logging_mixin.py:190} INFO - [2024-10-16T02:17:18.742+0000] {dag.py:4180} INFO - Setting next_dagrun for parent_success to 2024-10-16 00:00:00+00:00, run_after=2024-10-17 00:00:00+00:00
[2024-10-16T02:17:18.870+0000] {processor.py:208} INFO - Processing /opt/airflow/dags/parent_success.py took 0.457 seconds
[2024-10-16T02:17:48.968+0000] {processor.py:186} INFO - Started process (PID=142) to work on /opt/airflow/dags/parent_success.py
[2024-10-16T02:17:48.969+0000] {processor.py:914} INFO - Processing file /opt/airflow/dags/parent_success.py for tasks to queue
[2024-10-16T02:17:48.971+0000] {logging_mixin.py:190} INFO - [2024-10-16T02:17:48.971+0000] {dagbag.py:588} INFO - Filling up the DagBag from /opt/airflow/dags/parent_success.py
[2024-10-16T02:17:48.987+0000] {processor.py:925} INFO - DAG(s) 'parent_success' retrieved from /opt/airflow/dags/parent_success.py
[2024-10-16T02:17:49.002+0000] {logging_mixin.py:190} INFO - [2024-10-16T02:17:49.002+0000] {dag.py:3239} INFO - Sync 1 DAGs
[2024-10-16T02:17:49.021+0000] {logging_mixin.py:190} INFO - [2024-10-16T02:17:49.021+0000] {dag.py:4180} INFO - Setting next_dagrun for parent_success to 2024-10-16 00:00:00+00:00, run_after=2024-10-17 00:00:00+00:00
[2024-10-16T02:17:49.037+0000] {processor.py:208} INFO - Processing /opt/airflow/dags/parent_success.py took 0.074 seconds
[2024-10-16T02:18:19.847+0000] {processor.py:186} INFO - Started process (PID=207) to work on /opt/airflow/dags/parent_success.py
[2024-10-16T02:18:19.847+0000] {processor.py:914} INFO - Processing file /opt/airflow/dags/parent_success.py for tasks to queue
[2024-10-16T02:18:19.849+0000] {logging_mixin.py:190} INFO - [2024-10-16T02:18:19.849+0000] {dagbag.py:588} INFO - Filling up the DagBag from /opt/airflow/dags/parent_success.py
[2024-10-16T02:18:19.861+0000] {processor.py:925} INFO - DAG(s) 'parent_success' retrieved from /opt/airflow/dags/parent_success.py
[2024-10-16T02:18:19.875+0000] {logging_mixin.py:190} INFO - [2024-10-16T02:18:19.874+0000] {dag.py:3239} INFO - Sync 1 DAGs
[2024-10-16T02:18:19.892+0000] {logging_mixin.py:190} INFO - [2024-10-16T02:18:19.892+0000] {dag.py:4180} INFO - Setting next_dagrun for parent_success to 2024-10-16 00:00:00+00:00, run_after=2024-10-17 00:00:00+00:00
[2024-10-16T02:18:19.906+0000] {processor.py:208} INFO - Processing /opt/airflow/dags/parent_success.py took 0.064 seconds
[2024-10-16T02:18:50.796+0000] {processor.py:186} INFO - Started process (PID=272) to work on /opt/airflow/dags/parent_success.py
[2024-10-16T02:18:50.797+0000] {processor.py:914} INFO - Processing file /opt/airflow/dags/parent_success.py for tasks to queue
[2024-10-16T02:18:50.799+0000] {logging_mixin.py:190} INFO - [2024-10-16T02:18:50.799+0000] {dagbag.py:588} INFO - Filling up the DagBag from /opt/airflow/dags/parent_success.py
[2024-10-16T02:18:50.814+0000] {processor.py:925} INFO - DAG(s) 'parent_success' retrieved from /opt/airflow/dags/parent_success.py
[2024-10-16T02:18:50.830+0000] {logging_mixin.py:190} INFO - [2024-10-16T02:18:50.830+0000] {dag.py:3239} INFO - Sync 1 DAGs
[2024-10-16T02:18:50.857+0000] {logging_mixin.py:190} INFO - [2024-10-16T02:18:50.857+0000] {dag.py:4180} INFO - Setting next_dagrun for parent_success to 2024-10-16 00:00:00+00:00, run_after=2024-10-17 00:00:00+00:00
[2024-10-16T02:18:50.874+0000] {processor.py:208} INFO - Processing /opt/airflow/dags/parent_success.py took 0.084 seconds
[2024-10-16T02:19:21.079+0000] {processor.py:186} INFO - Started process (PID=337) to work on /opt/airflow/dags/parent_success.py
[2024-10-16T02:19:21.080+0000] {processor.py:914} INFO - Processing file /opt/airflow/dags/parent_success.py for tasks to queue
[2024-10-16T02:19:21.082+0000] {logging_mixin.py:190} INFO - [2024-10-16T02:19:21.081+0000] {dagbag.py:588} INFO - Filling up the DagBag from /opt/airflow/dags/parent_success.py
[2024-10-16T02:19:21.098+0000] {processor.py:925} INFO - DAG(s) 'parent_success' retrieved from /opt/airflow/dags/parent_success.py
[2024-10-16T02:19:21.112+0000] {logging_mixin.py:190} INFO - [2024-10-16T02:19:21.112+0000] {dag.py:3239} INFO - Sync 1 DAGs
[2024-10-16T02:19:21.132+0000] {logging_mixin.py:190} INFO - [2024-10-16T02:19:21.132+0000] {dag.py:4180} INFO - Setting next_dagrun for parent_success to 2024-10-16 00:00:00+00:00, run_after=2024-10-17 00:00:00+00:00
[2024-10-16T02:19:21.149+0000] {processor.py:208} INFO - Processing /opt/airflow/dags/parent_success.py took 0.074 seconds
[2024-10-16T02:19:51.376+0000] {processor.py:186} INFO - Started process (PID=402) to work on /opt/airflow/dags/parent_success.py
[2024-10-16T02:19:51.377+0000] {processor.py:914} INFO - Processing file /opt/airflow/dags/parent_success.py for tasks to queue
[2024-10-16T02:19:51.380+0000] {logging_mixin.py:190} INFO - [2024-10-16T02:19:51.380+0000] {dagbag.py:588} INFO - Filling up the DagBag from /opt/airflow/dags/parent_success.py
[2024-10-16T02:19:51.397+0000] {processor.py:925} INFO - DAG(s) 'parent_success' retrieved from /opt/airflow/dags/parent_success.py
[2024-10-16T02:19:51.416+0000] {logging_mixin.py:190} INFO - [2024-10-16T02:19:51.416+0000] {dag.py:3239} INFO - Sync 1 DAGs
[2024-10-16T02:19:51.435+0000] {logging_mixin.py:190} INFO - [2024-10-16T02:19:51.434+0000] {dag.py:4180} INFO - Setting next_dagrun for parent_success to 2024-10-16 00:00:00+00:00, run_after=2024-10-17 00:00:00+00:00
[2024-10-16T02:19:51.448+0000] {processor.py:208} INFO - Processing /opt/airflow/dags/parent_success.py took 0.078 seconds
[2024-10-16T02:20:21.624+0000] {processor.py:186} INFO - Started process (PID=467) to work on /opt/airflow/dags/parent_success.py
[2024-10-16T02:20:21.625+0000] {processor.py:914} INFO - Processing file /opt/airflow/dags/parent_success.py for tasks to queue
[2024-10-16T02:20:21.626+0000] {logging_mixin.py:190} INFO - [2024-10-16T02:20:21.626+0000] {dagbag.py:588} INFO - Filling up the DagBag from /opt/airflow/dags/parent_success.py
[2024-10-16T02:20:21.640+0000] {processor.py:925} INFO - DAG(s) 'parent_success' retrieved from /opt/airflow/dags/parent_success.py
[2024-10-16T02:20:21.655+0000] {logging_mixin.py:190} INFO - [2024-10-16T02:20:21.655+0000] {dag.py:3239} INFO - Sync 1 DAGs
[2024-10-16T02:20:21.673+0000] {logging_mixin.py:190} INFO - [2024-10-16T02:20:21.673+0000] {dag.py:4180} INFO - Setting next_dagrun for parent_success to 2024-10-16 00:00:00+00:00, run_after=2024-10-17 00:00:00+00:00
[2024-10-16T02:20:21.687+0000] {processor.py:208} INFO - Processing /opt/airflow/dags/parent_success.py took 0.068 seconds
[2024-10-16T02:21:29.110+0000] {processor.py:186} INFO - Started process (PID=71) to work on /opt/airflow/dags/parent_success.py
[2024-10-16T02:21:29.112+0000] {processor.py:914} INFO - Processing file /opt/airflow/dags/parent_success.py for tasks to queue
[2024-10-16T02:21:29.117+0000] {logging_mixin.py:190} INFO - [2024-10-16T02:21:29.116+0000] {dagbag.py:588} INFO - Filling up the DagBag from /opt/airflow/dags/parent_success.py
[2024-10-16T02:21:29.161+0000] {processor.py:925} INFO - DAG(s) 'parent_success' retrieved from /opt/airflow/dags/parent_success.py
[2024-10-16T02:21:29.202+0000] {logging_mixin.py:190} INFO - [2024-10-16T02:21:29.202+0000] {dag.py:3239} INFO - Sync 1 DAGs
[2024-10-16T02:21:29.246+0000] {logging_mixin.py:190} INFO - [2024-10-16T02:21:29.246+0000] {dag.py:4180} INFO - Setting next_dagrun for parent_success to 2024-10-16 00:00:00+00:00, run_after=2024-10-17 00:00:00+00:00
[2024-10-16T02:21:29.268+0000] {processor.py:208} INFO - Processing /opt/airflow/dags/parent_success.py took 0.170 seconds
[2024-10-16T02:21:59.888+0000] {processor.py:186} INFO - Started process (PID=136) to work on /opt/airflow/dags/parent_success.py
[2024-10-16T02:21:59.888+0000] {processor.py:914} INFO - Processing file /opt/airflow/dags/parent_success.py for tasks to queue
[2024-10-16T02:21:59.891+0000] {logging_mixin.py:190} INFO - [2024-10-16T02:21:59.890+0000] {dagbag.py:588} INFO - Filling up the DagBag from /opt/airflow/dags/parent_success.py
[2024-10-16T02:21:59.906+0000] {processor.py:925} INFO - DAG(s) 'parent_success' retrieved from /opt/airflow/dags/parent_success.py
[2024-10-16T02:21:59.918+0000] {logging_mixin.py:190} INFO - [2024-10-16T02:21:59.918+0000] {dag.py:3239} INFO - Sync 1 DAGs
[2024-10-16T02:21:59.934+0000] {logging_mixin.py:190} INFO - [2024-10-16T02:21:59.934+0000] {dag.py:4180} INFO - Setting next_dagrun for parent_success to 2024-10-16 00:00:00+00:00, run_after=2024-10-17 00:00:00+00:00
[2024-10-16T02:21:59.951+0000] {processor.py:208} INFO - Processing /opt/airflow/dags/parent_success.py took 0.067 seconds
[2024-10-16T02:22:30.152+0000] {processor.py:186} INFO - Started process (PID=201) to work on /opt/airflow/dags/parent_success.py
[2024-10-16T02:22:30.153+0000] {processor.py:914} INFO - Processing file /opt/airflow/dags/parent_success.py for tasks to queue
[2024-10-16T02:22:30.154+0000] {logging_mixin.py:190} INFO - [2024-10-16T02:22:30.154+0000] {dagbag.py:588} INFO - Filling up the DagBag from /opt/airflow/dags/parent_success.py
[2024-10-16T02:22:30.168+0000] {processor.py:925} INFO - DAG(s) 'parent_success' retrieved from /opt/airflow/dags/parent_success.py
[2024-10-16T02:22:30.180+0000] {logging_mixin.py:190} INFO - [2024-10-16T02:22:30.180+0000] {dag.py:3239} INFO - Sync 1 DAGs
[2024-10-16T02:22:30.198+0000] {logging_mixin.py:190} INFO - [2024-10-16T02:22:30.198+0000] {dag.py:4180} INFO - Setting next_dagrun for parent_success to 2024-10-16 00:00:00+00:00, run_after=2024-10-17 00:00:00+00:00
[2024-10-16T02:22:30.212+0000] {processor.py:208} INFO - Processing /opt/airflow/dags/parent_success.py took 0.063 seconds
[2024-10-16T02:23:00.389+0000] {processor.py:186} INFO - Started process (PID=272) to work on /opt/airflow/dags/parent_success.py
[2024-10-16T02:23:00.390+0000] {processor.py:914} INFO - Processing file /opt/airflow/dags/parent_success.py for tasks to queue
[2024-10-16T02:23:00.392+0000] {logging_mixin.py:190} INFO - [2024-10-16T02:23:00.392+0000] {dagbag.py:588} INFO - Filling up the DagBag from /opt/airflow/dags/parent_success.py
[2024-10-16T02:23:00.407+0000] {processor.py:925} INFO - DAG(s) 'parent_success' retrieved from /opt/airflow/dags/parent_success.py
[2024-10-16T02:23:00.422+0000] {logging_mixin.py:190} INFO - [2024-10-16T02:23:00.421+0000] {dag.py:3239} INFO - Sync 1 DAGs
[2024-10-16T02:23:00.441+0000] {logging_mixin.py:190} INFO - [2024-10-16T02:23:00.441+0000] {dag.py:4180} INFO - Setting next_dagrun for parent_success to 2024-10-16 00:00:00+00:00, run_after=2024-10-17 00:00:00+00:00
[2024-10-16T02:23:00.459+0000] {processor.py:208} INFO - Processing /opt/airflow/dags/parent_success.py took 0.075 seconds
[2024-10-16T02:23:30.601+0000] {processor.py:186} INFO - Started process (PID=337) to work on /opt/airflow/dags/parent_success.py
[2024-10-16T02:23:30.601+0000] {processor.py:914} INFO - Processing file /opt/airflow/dags/parent_success.py for tasks to queue
[2024-10-16T02:23:30.603+0000] {logging_mixin.py:190} INFO - [2024-10-16T02:23:30.603+0000] {dagbag.py:588} INFO - Filling up the DagBag from /opt/airflow/dags/parent_success.py
[2024-10-16T02:23:30.617+0000] {processor.py:925} INFO - DAG(s) 'parent_success' retrieved from /opt/airflow/dags/parent_success.py
[2024-10-16T02:23:30.629+0000] {logging_mixin.py:190} INFO - [2024-10-16T02:23:30.629+0000] {dag.py:3239} INFO - Sync 1 DAGs
[2024-10-16T02:23:30.645+0000] {logging_mixin.py:190} INFO - [2024-10-16T02:23:30.645+0000] {dag.py:4180} INFO - Setting next_dagrun for parent_success to 2024-10-16 00:00:00+00:00, run_after=2024-10-17 00:00:00+00:00
[2024-10-16T02:23:30.663+0000] {processor.py:208} INFO - Processing /opt/airflow/dags/parent_success.py took 0.067 seconds
[2024-10-16T02:24:00.854+0000] {processor.py:186} INFO - Started process (PID=402) to work on /opt/airflow/dags/parent_success.py
[2024-10-16T02:24:00.854+0000] {processor.py:914} INFO - Processing file /opt/airflow/dags/parent_success.py for tasks to queue
[2024-10-16T02:24:00.856+0000] {logging_mixin.py:190} INFO - [2024-10-16T02:24:00.856+0000] {dagbag.py:588} INFO - Filling up the DagBag from /opt/airflow/dags/parent_success.py
[2024-10-16T02:24:00.871+0000] {processor.py:925} INFO - DAG(s) 'parent_success' retrieved from /opt/airflow/dags/parent_success.py
[2024-10-16T02:24:00.884+0000] {logging_mixin.py:190} INFO - [2024-10-16T02:24:00.884+0000] {dag.py:3239} INFO - Sync 1 DAGs
[2024-10-16T02:24:00.902+0000] {logging_mixin.py:190} INFO - [2024-10-16T02:24:00.901+0000] {dag.py:4180} INFO - Setting next_dagrun for parent_success to 2024-10-16 00:00:00+00:00, run_after=2024-10-17 00:00:00+00:00
[2024-10-16T02:24:00.916+0000] {processor.py:208} INFO - Processing /opt/airflow/dags/parent_success.py took 0.067 seconds
[2024-10-16T02:24:31.849+0000] {processor.py:186} INFO - Started process (PID=467) to work on /opt/airflow/dags/parent_success.py
[2024-10-16T02:24:31.849+0000] {processor.py:914} INFO - Processing file /opt/airflow/dags/parent_success.py for tasks to queue
[2024-10-16T02:24:31.851+0000] {logging_mixin.py:190} INFO - [2024-10-16T02:24:31.851+0000] {dagbag.py:588} INFO - Filling up the DagBag from /opt/airflow/dags/parent_success.py
[2024-10-16T02:24:31.864+0000] {processor.py:925} INFO - DAG(s) 'parent_success' retrieved from /opt/airflow/dags/parent_success.py
[2024-10-16T02:24:31.878+0000] {logging_mixin.py:190} INFO - [2024-10-16T02:24:31.878+0000] {dag.py:3239} INFO - Sync 1 DAGs
[2024-10-16T02:24:31.894+0000] {logging_mixin.py:190} INFO - [2024-10-16T02:24:31.894+0000] {dag.py:4180} INFO - Setting next_dagrun for parent_success to 2024-10-16 00:00:00+00:00, run_after=2024-10-17 00:00:00+00:00
[2024-10-16T02:24:31.909+0000] {processor.py:208} INFO - Processing /opt/airflow/dags/parent_success.py took 0.064 seconds
[2024-10-16T02:25:02.751+0000] {processor.py:186} INFO - Started process (PID=532) to work on /opt/airflow/dags/parent_success.py
[2024-10-16T02:25:02.752+0000] {processor.py:914} INFO - Processing file /opt/airflow/dags/parent_success.py for tasks to queue
[2024-10-16T02:25:02.754+0000] {logging_mixin.py:190} INFO - [2024-10-16T02:25:02.754+0000] {dagbag.py:588} INFO - Filling up the DagBag from /opt/airflow/dags/parent_success.py
[2024-10-16T02:25:02.769+0000] {processor.py:925} INFO - DAG(s) 'parent_success' retrieved from /opt/airflow/dags/parent_success.py
[2024-10-16T02:25:02.783+0000] {logging_mixin.py:190} INFO - [2024-10-16T02:25:02.783+0000] {dag.py:3239} INFO - Sync 1 DAGs
[2024-10-16T02:25:02.800+0000] {logging_mixin.py:190} INFO - [2024-10-16T02:25:02.799+0000] {dag.py:4180} INFO - Setting next_dagrun for parent_success to 2024-10-16 00:00:00+00:00, run_after=2024-10-17 00:00:00+00:00
[2024-10-16T02:25:02.813+0000] {processor.py:208} INFO - Processing /opt/airflow/dags/parent_success.py took 0.066 seconds
[2024-10-16T02:25:33.124+0000] {processor.py:186} INFO - Started process (PID=597) to work on /opt/airflow/dags/parent_success.py
[2024-10-16T02:25:33.125+0000] {processor.py:914} INFO - Processing file /opt/airflow/dags/parent_success.py for tasks to queue
[2024-10-16T02:25:33.127+0000] {logging_mixin.py:190} INFO - [2024-10-16T02:25:33.126+0000] {dagbag.py:588} INFO - Filling up the DagBag from /opt/airflow/dags/parent_success.py
[2024-10-16T02:25:33.139+0000] {processor.py:925} INFO - DAG(s) 'parent_success' retrieved from /opt/airflow/dags/parent_success.py
[2024-10-16T02:25:33.151+0000] {logging_mixin.py:190} INFO - [2024-10-16T02:25:33.151+0000] {dag.py:3239} INFO - Sync 1 DAGs
[2024-10-16T02:25:33.168+0000] {logging_mixin.py:190} INFO - [2024-10-16T02:25:33.168+0000] {dag.py:4180} INFO - Setting next_dagrun for parent_success to 2024-10-16 00:00:00+00:00, run_after=2024-10-17 00:00:00+00:00
[2024-10-16T02:25:33.183+0000] {processor.py:208} INFO - Processing /opt/airflow/dags/parent_success.py took 0.063 seconds
[2024-10-16T02:26:03.435+0000] {processor.py:186} INFO - Started process (PID=662) to work on /opt/airflow/dags/parent_success.py
[2024-10-16T02:26:03.435+0000] {processor.py:914} INFO - Processing file /opt/airflow/dags/parent_success.py for tasks to queue
[2024-10-16T02:26:03.437+0000] {logging_mixin.py:190} INFO - [2024-10-16T02:26:03.437+0000] {dagbag.py:588} INFO - Filling up the DagBag from /opt/airflow/dags/parent_success.py
[2024-10-16T02:26:03.451+0000] {processor.py:925} INFO - DAG(s) 'parent_success' retrieved from /opt/airflow/dags/parent_success.py
[2024-10-16T02:26:03.464+0000] {logging_mixin.py:190} INFO - [2024-10-16T02:26:03.464+0000] {dag.py:3239} INFO - Sync 1 DAGs
[2024-10-16T02:26:03.482+0000] {logging_mixin.py:190} INFO - [2024-10-16T02:26:03.482+0000] {dag.py:4180} INFO - Setting next_dagrun for parent_success to 2024-10-16 00:00:00+00:00, run_after=2024-10-17 00:00:00+00:00
[2024-10-16T02:26:03.497+0000] {processor.py:208} INFO - Processing /opt/airflow/dags/parent_success.py took 0.067 seconds
[2024-10-16T02:26:33.630+0000] {processor.py:186} INFO - Started process (PID=727) to work on /opt/airflow/dags/parent_success.py
[2024-10-16T02:26:33.632+0000] {processor.py:914} INFO - Processing file /opt/airflow/dags/parent_success.py for tasks to queue
[2024-10-16T02:26:33.635+0000] {logging_mixin.py:190} INFO - [2024-10-16T02:26:33.634+0000] {dagbag.py:588} INFO - Filling up the DagBag from /opt/airflow/dags/parent_success.py
[2024-10-16T02:26:33.663+0000] {processor.py:925} INFO - DAG(s) 'parent_success' retrieved from /opt/airflow/dags/parent_success.py
[2024-10-16T02:26:33.690+0000] {logging_mixin.py:190} INFO - [2024-10-16T02:26:33.689+0000] {dag.py:3239} INFO - Sync 1 DAGs
[2024-10-16T02:26:33.728+0000] {logging_mixin.py:190} INFO - [2024-10-16T02:26:33.728+0000] {dag.py:4180} INFO - Setting next_dagrun for parent_success to 2024-10-16 00:00:00+00:00, run_after=2024-10-17 00:00:00+00:00
[2024-10-16T02:26:33.757+0000] {processor.py:208} INFO - Processing /opt/airflow/dags/parent_success.py took 0.134 seconds
[2024-10-16T02:27:04.120+0000] {processor.py:186} INFO - Started process (PID=792) to work on /opt/airflow/dags/parent_success.py
[2024-10-16T02:27:04.121+0000] {processor.py:914} INFO - Processing file /opt/airflow/dags/parent_success.py for tasks to queue
[2024-10-16T02:27:04.124+0000] {logging_mixin.py:190} INFO - [2024-10-16T02:27:04.124+0000] {dagbag.py:588} INFO - Filling up the DagBag from /opt/airflow/dags/parent_success.py
[2024-10-16T02:27:04.149+0000] {processor.py:925} INFO - DAG(s) 'parent_success' retrieved from /opt/airflow/dags/parent_success.py
[2024-10-16T02:27:04.175+0000] {logging_mixin.py:190} INFO - [2024-10-16T02:27:04.174+0000] {dag.py:3239} INFO - Sync 1 DAGs
[2024-10-16T02:27:04.210+0000] {logging_mixin.py:190} INFO - [2024-10-16T02:27:04.210+0000] {dag.py:4180} INFO - Setting next_dagrun for parent_success to 2024-10-16 00:00:00+00:00, run_after=2024-10-17 00:00:00+00:00
[2024-10-16T02:27:04.237+0000] {processor.py:208} INFO - Processing /opt/airflow/dags/parent_success.py took 0.123 seconds
[2024-10-16T02:27:34.329+0000] {processor.py:186} INFO - Started process (PID=857) to work on /opt/airflow/dags/parent_success.py
[2024-10-16T02:27:34.329+0000] {processor.py:914} INFO - Processing file /opt/airflow/dags/parent_success.py for tasks to queue
[2024-10-16T02:27:34.331+0000] {logging_mixin.py:190} INFO - [2024-10-16T02:27:34.331+0000] {dagbag.py:588} INFO - Filling up the DagBag from /opt/airflow/dags/parent_success.py
[2024-10-16T02:27:34.344+0000] {processor.py:925} INFO - DAG(s) 'parent_success' retrieved from /opt/airflow/dags/parent_success.py
[2024-10-16T02:27:34.357+0000] {logging_mixin.py:190} INFO - [2024-10-16T02:27:34.357+0000] {dag.py:3239} INFO - Sync 1 DAGs
[2024-10-16T02:27:34.374+0000] {logging_mixin.py:190} INFO - [2024-10-16T02:27:34.374+0000] {dag.py:4180} INFO - Setting next_dagrun for parent_success to 2024-10-16 00:00:00+00:00, run_after=2024-10-17 00:00:00+00:00
[2024-10-16T02:27:34.387+0000] {processor.py:208} INFO - Processing /opt/airflow/dags/parent_success.py took 0.063 seconds
[2024-10-16T02:28:04.627+0000] {processor.py:186} INFO - Started process (PID=922) to work on /opt/airflow/dags/parent_success.py
[2024-10-16T02:28:04.628+0000] {processor.py:914} INFO - Processing file /opt/airflow/dags/parent_success.py for tasks to queue
[2024-10-16T02:28:04.631+0000] {logging_mixin.py:190} INFO - [2024-10-16T02:28:04.631+0000] {dagbag.py:588} INFO - Filling up the DagBag from /opt/airflow/dags/parent_success.py
[2024-10-16T02:28:04.653+0000] {processor.py:925} INFO - DAG(s) 'parent_success' retrieved from /opt/airflow/dags/parent_success.py
[2024-10-16T02:28:04.672+0000] {logging_mixin.py:190} INFO - [2024-10-16T02:28:04.672+0000] {dag.py:3239} INFO - Sync 1 DAGs
[2024-10-16T02:28:04.699+0000] {logging_mixin.py:190} INFO - [2024-10-16T02:28:04.699+0000] {dag.py:4180} INFO - Setting next_dagrun for parent_success to 2024-10-16 00:00:00+00:00, run_after=2024-10-17 00:00:00+00:00
[2024-10-16T02:28:04.719+0000] {processor.py:208} INFO - Processing /opt/airflow/dags/parent_success.py took 0.098 seconds
[2024-10-16T02:28:35.053+0000] {processor.py:186} INFO - Started process (PID=987) to work on /opt/airflow/dags/parent_success.py
[2024-10-16T02:28:35.054+0000] {processor.py:914} INFO - Processing file /opt/airflow/dags/parent_success.py for tasks to queue
[2024-10-16T02:28:35.056+0000] {logging_mixin.py:190} INFO - [2024-10-16T02:28:35.056+0000] {dagbag.py:588} INFO - Filling up the DagBag from /opt/airflow/dags/parent_success.py
[2024-10-16T02:28:35.071+0000] {processor.py:925} INFO - DAG(s) 'parent_success' retrieved from /opt/airflow/dags/parent_success.py
[2024-10-16T02:28:35.085+0000] {logging_mixin.py:190} INFO - [2024-10-16T02:28:35.085+0000] {dag.py:3239} INFO - Sync 1 DAGs
[2024-10-16T02:28:35.104+0000] {logging_mixin.py:190} INFO - [2024-10-16T02:28:35.104+0000] {dag.py:4180} INFO - Setting next_dagrun for parent_success to 2024-10-16 00:00:00+00:00, run_after=2024-10-17 00:00:00+00:00
[2024-10-16T02:28:35.119+0000] {processor.py:208} INFO - Processing /opt/airflow/dags/parent_success.py took 0.070 seconds
[2024-10-16T02:29:05.342+0000] {processor.py:186} INFO - Started process (PID=1052) to work on /opt/airflow/dags/parent_success.py
[2024-10-16T02:29:05.343+0000] {processor.py:914} INFO - Processing file /opt/airflow/dags/parent_success.py for tasks to queue
[2024-10-16T02:29:05.344+0000] {logging_mixin.py:190} INFO - [2024-10-16T02:29:05.344+0000] {dagbag.py:588} INFO - Filling up the DagBag from /opt/airflow/dags/parent_success.py
[2024-10-16T02:29:05.360+0000] {processor.py:925} INFO - DAG(s) 'parent_success' retrieved from /opt/airflow/dags/parent_success.py
[2024-10-16T02:29:05.372+0000] {logging_mixin.py:190} INFO - [2024-10-16T02:29:05.372+0000] {dag.py:3239} INFO - Sync 1 DAGs
[2024-10-16T02:29:05.390+0000] {logging_mixin.py:190} INFO - [2024-10-16T02:29:05.389+0000] {dag.py:4180} INFO - Setting next_dagrun for parent_success to 2024-10-16 00:00:00+00:00, run_after=2024-10-17 00:00:00+00:00
[2024-10-16T02:29:05.405+0000] {processor.py:208} INFO - Processing /opt/airflow/dags/parent_success.py took 0.067 seconds
[2024-10-16T02:29:35.658+0000] {processor.py:186} INFO - Started process (PID=1117) to work on /opt/airflow/dags/parent_success.py
[2024-10-16T02:29:35.659+0000] {processor.py:914} INFO - Processing file /opt/airflow/dags/parent_success.py for tasks to queue
[2024-10-16T02:29:35.662+0000] {logging_mixin.py:190} INFO - [2024-10-16T02:29:35.662+0000] {dagbag.py:588} INFO - Filling up the DagBag from /opt/airflow/dags/parent_success.py
[2024-10-16T02:29:35.679+0000] {processor.py:925} INFO - DAG(s) 'parent_success' retrieved from /opt/airflow/dags/parent_success.py
[2024-10-16T02:29:35.694+0000] {logging_mixin.py:190} INFO - [2024-10-16T02:29:35.694+0000] {dag.py:3239} INFO - Sync 1 DAGs
[2024-10-16T02:29:35.715+0000] {logging_mixin.py:190} INFO - [2024-10-16T02:29:35.715+0000] {dag.py:4180} INFO - Setting next_dagrun for parent_success to 2024-10-16 00:00:00+00:00, run_after=2024-10-17 00:00:00+00:00
[2024-10-16T02:29:35.730+0000] {processor.py:208} INFO - Processing /opt/airflow/dags/parent_success.py took 0.076 seconds
[2024-10-16T02:30:05.800+0000] {processor.py:186} INFO - Started process (PID=1182) to work on /opt/airflow/dags/parent_success.py
[2024-10-16T02:30:05.801+0000] {processor.py:914} INFO - Processing file /opt/airflow/dags/parent_success.py for tasks to queue
[2024-10-16T02:30:05.803+0000] {logging_mixin.py:190} INFO - [2024-10-16T02:30:05.803+0000] {dagbag.py:588} INFO - Filling up the DagBag from /opt/airflow/dags/parent_success.py
[2024-10-16T02:30:05.818+0000] {processor.py:925} INFO - DAG(s) 'parent_success' retrieved from /opt/airflow/dags/parent_success.py
[2024-10-16T02:30:05.831+0000] {logging_mixin.py:190} INFO - [2024-10-16T02:30:05.831+0000] {dag.py:3239} INFO - Sync 1 DAGs
[2024-10-16T02:30:05.848+0000] {logging_mixin.py:190} INFO - [2024-10-16T02:30:05.848+0000] {dag.py:4180} INFO - Setting next_dagrun for parent_success to 2024-10-16 00:00:00+00:00, run_after=2024-10-17 00:00:00+00:00
[2024-10-16T02:30:05.864+0000] {processor.py:208} INFO - Processing /opt/airflow/dags/parent_success.py took 0.068 seconds
[2024-10-16T02:30:35.972+0000] {processor.py:186} INFO - Started process (PID=1248) to work on /opt/airflow/dags/parent_success.py
[2024-10-16T02:30:35.972+0000] {processor.py:914} INFO - Processing file /opt/airflow/dags/parent_success.py for tasks to queue
[2024-10-16T02:30:35.974+0000] {logging_mixin.py:190} INFO - [2024-10-16T02:30:35.974+0000] {dagbag.py:588} INFO - Filling up the DagBag from /opt/airflow/dags/parent_success.py
[2024-10-16T02:30:35.987+0000] {processor.py:925} INFO - DAG(s) 'parent_success' retrieved from /opt/airflow/dags/parent_success.py
[2024-10-16T02:30:35.999+0000] {logging_mixin.py:190} INFO - [2024-10-16T02:30:35.999+0000] {dag.py:3239} INFO - Sync 1 DAGs
[2024-10-16T02:30:36.014+0000] {logging_mixin.py:190} INFO - [2024-10-16T02:30:36.014+0000] {dag.py:4180} INFO - Setting next_dagrun for parent_success to 2024-10-16 00:00:00+00:00, run_after=2024-10-17 00:00:00+00:00
[2024-10-16T02:30:36.029+0000] {processor.py:208} INFO - Processing /opt/airflow/dags/parent_success.py took 0.061 seconds
