[2024-10-16T02:09:05.784+0000] {processor.py:186} INFO - Started process (PID=58) to work on /opt/airflow/dags/parent_failure.py
[2024-10-16T02:09:05.785+0000] {processor.py:914} INFO - Processing file /opt/airflow/dags/parent_failure.py for tasks to queue
[2024-10-16T02:09:05.789+0000] {logging_mixin.py:190} INFO - [2024-10-16T02:09:05.788+0000] {dagbag.py:588} INFO - Filling up the DagBag from /opt/airflow/dags/parent_failure.py
[2024-10-16T02:09:05.851+0000] {processor.py:925} INFO - DAG(s) 'parent_failure' retrieved from /opt/airflow/dags/parent_failure.py
[2024-10-16T02:09:06.038+0000] {logging_mixin.py:190} INFO - [2024-10-16T02:09:06.037+0000] {override.py:1900} INFO - Created Permission View: can delete on DAG:parent_failure
[2024-10-16T02:09:06.056+0000] {logging_mixin.py:190} INFO - [2024-10-16T02:09:06.056+0000] {override.py:1900} INFO - Created Permission View: can edit on DAG:parent_failure
[2024-10-16T02:09:06.068+0000] {logging_mixin.py:190} INFO - [2024-10-16T02:09:06.067+0000] {override.py:1900} INFO - Created Permission View: can read on DAG:parent_failure
[2024-10-16T02:09:06.083+0000] {logging_mixin.py:190} INFO - [2024-10-16T02:09:06.082+0000] {override.py:1900} INFO - Created Permission View: can delete on DAG Run:parent_failure
[2024-10-16T02:09:06.095+0000] {logging_mixin.py:190} INFO - [2024-10-16T02:09:06.094+0000] {override.py:1900} INFO - Created Permission View: menu access on DAG Run:parent_failure
[2024-10-16T02:09:06.107+0000] {logging_mixin.py:190} INFO - [2024-10-16T02:09:06.106+0000] {override.py:1900} INFO - Created Permission View: can read on DAG Run:parent_failure
[2024-10-16T02:09:06.119+0000] {logging_mixin.py:190} INFO - [2024-10-16T02:09:06.119+0000] {override.py:1900} INFO - Created Permission View: can create on DAG Run:parent_failure
[2024-10-16T02:09:06.121+0000] {logging_mixin.py:190} INFO - [2024-10-16T02:09:06.120+0000] {dag.py:3239} INFO - Sync 1 DAGs
[2024-10-16T02:09:06.144+0000] {logging_mixin.py:190} INFO - [2024-10-16T02:09:06.144+0000] {dag.py:3262} INFO - Creating ORM DAG for parent_failure
[2024-10-16T02:09:06.162+0000] {logging_mixin.py:190} INFO - [2024-10-16T02:09:06.162+0000] {dag.py:4180} INFO - Setting next_dagrun for parent_failure to 2024-10-15 00:00:00+00:00, run_after=2024-10-16 00:00:00+00:00
[2024-10-16T02:09:06.195+0000] {processor.py:208} INFO - Processing /opt/airflow/dags/parent_failure.py took 0.419 seconds
[2024-10-16T02:09:36.804+0000] {processor.py:186} INFO - Started process (PID=123) to work on /opt/airflow/dags/parent_failure.py
[2024-10-16T02:09:36.804+0000] {processor.py:914} INFO - Processing file /opt/airflow/dags/parent_failure.py for tasks to queue
[2024-10-16T02:09:36.806+0000] {logging_mixin.py:190} INFO - [2024-10-16T02:09:36.806+0000] {dagbag.py:588} INFO - Filling up the DagBag from /opt/airflow/dags/parent_failure.py
[2024-10-16T02:09:36.821+0000] {processor.py:925} INFO - DAG(s) 'parent_failure' retrieved from /opt/airflow/dags/parent_failure.py
[2024-10-16T02:09:36.835+0000] {logging_mixin.py:190} INFO - [2024-10-16T02:09:36.835+0000] {dag.py:3239} INFO - Sync 1 DAGs
[2024-10-16T02:09:36.851+0000] {logging_mixin.py:190} INFO - [2024-10-16T02:09:36.851+0000] {dag.py:4180} INFO - Setting next_dagrun for parent_failure to 2024-10-15 00:00:00+00:00, run_after=2024-10-16 00:00:00+00:00
[2024-10-16T02:09:36.866+0000] {processor.py:208} INFO - Processing /opt/airflow/dags/parent_failure.py took 0.066 seconds
[2024-10-16T02:10:06.906+0000] {processor.py:186} INFO - Started process (PID=187) to work on /opt/airflow/dags/parent_failure.py
[2024-10-16T02:10:06.907+0000] {processor.py:914} INFO - Processing file /opt/airflow/dags/parent_failure.py for tasks to queue
[2024-10-16T02:10:06.909+0000] {logging_mixin.py:190} INFO - [2024-10-16T02:10:06.909+0000] {dagbag.py:588} INFO - Filling up the DagBag from /opt/airflow/dags/parent_failure.py
[2024-10-16T02:10:06.922+0000] {processor.py:925} INFO - DAG(s) 'parent_failure' retrieved from /opt/airflow/dags/parent_failure.py
[2024-10-16T02:10:06.936+0000] {logging_mixin.py:190} INFO - [2024-10-16T02:10:06.936+0000] {dag.py:3239} INFO - Sync 1 DAGs
[2024-10-16T02:10:06.958+0000] {logging_mixin.py:190} INFO - [2024-10-16T02:10:06.957+0000] {dag.py:4180} INFO - Setting next_dagrun for parent_failure to 2024-10-15 00:00:00+00:00, run_after=2024-10-16 00:00:00+00:00
[2024-10-16T02:10:06.976+0000] {processor.py:208} INFO - Processing /opt/airflow/dags/parent_failure.py took 0.075 seconds
[2024-10-16T02:10:10.149+0000] {processor.py:186} INFO - Started process (PID=214) to work on /opt/airflow/dags/parent_failure.py
[2024-10-16T02:10:10.151+0000] {processor.py:914} INFO - Processing file /opt/airflow/dags/parent_failure.py for tasks to queue
[2024-10-16T02:10:10.154+0000] {logging_mixin.py:190} INFO - [2024-10-16T02:10:10.153+0000] {dagbag.py:588} INFO - Filling up the DagBag from /opt/airflow/dags/parent_failure.py
[2024-10-16T02:10:10.177+0000] {processor.py:925} INFO - DAG(s) 'parent_failure' retrieved from /opt/airflow/dags/parent_failure.py
[2024-10-16T02:10:10.214+0000] {logging_mixin.py:190} INFO - [2024-10-16T02:10:10.213+0000] {dag.py:1660} INFO - Executing dag callback function: <function force_failure at 0x7f002d454180>
[2024-10-16T02:10:10.215+0000] {logging_mixin.py:190} INFO - parent fail
[2024-10-16T02:10:10.219+0000] {logging_mixin.py:190} INFO - [2024-10-16T02:10:10.215+0000] {dag.py:1664} ERROR - failed to invoke dag state update callback
Traceback (most recent call last):
  File "/home/airflow/.local/lib/python3.12/site-packages/airflow/models/dag.py", line 1662, in execute_callback
    callback(context)
  File "/opt/airflow/dags/parent_failure.py", line 9, in force_failure
    raise AirflowFailException("parent fail")
airflow.exceptions.AirflowFailException: parent fail
[2024-10-16T02:10:10.230+0000] {logging_mixin.py:190} INFO - [2024-10-16T02:10:10.229+0000] {dag.py:3239} INFO - Sync 1 DAGs
[2024-10-16T02:10:10.249+0000] {logging_mixin.py:190} INFO - [2024-10-16T02:10:10.248+0000] {dag.py:4180} INFO - Setting next_dagrun for parent_failure to 2024-10-16 00:00:00+00:00, run_after=2024-10-17 00:00:00+00:00
[2024-10-16T02:10:10.264+0000] {processor.py:208} INFO - Processing /opt/airflow/dags/parent_failure.py took 0.127 seconds
[2024-10-16T02:10:10.928+0000] {processor.py:186} INFO - Started process (PID=224) to work on /opt/airflow/dags/parent_failure.py
[2024-10-16T02:10:10.929+0000] {processor.py:914} INFO - Processing file /opt/airflow/dags/parent_failure.py for tasks to queue
[2024-10-16T02:10:10.931+0000] {logging_mixin.py:190} INFO - [2024-10-16T02:10:10.930+0000] {dagbag.py:588} INFO - Filling up the DagBag from /opt/airflow/dags/parent_failure.py
[2024-10-16T02:10:10.945+0000] {processor.py:925} INFO - DAG(s) 'parent_failure' retrieved from /opt/airflow/dags/parent_failure.py
[2024-10-16T02:10:10.972+0000] {logging_mixin.py:190} INFO - [2024-10-16T02:10:10.972+0000] {dag.py:1660} INFO - Executing dag callback function: <function force_failure at 0x7f002d45c180>
[2024-10-16T02:10:10.973+0000] {logging_mixin.py:190} INFO - parent fail
[2024-10-16T02:10:10.977+0000] {logging_mixin.py:190} INFO - [2024-10-16T02:10:10.973+0000] {dag.py:1664} ERROR - failed to invoke dag state update callback
Traceback (most recent call last):
  File "/home/airflow/.local/lib/python3.12/site-packages/airflow/models/dag.py", line 1662, in execute_callback
    callback(context)
  File "/opt/airflow/dags/parent_failure.py", line 9, in force_failure
    raise AirflowFailException("parent fail")
airflow.exceptions.AirflowFailException: parent fail
[2024-10-16T02:10:10.985+0000] {logging_mixin.py:190} INFO - [2024-10-16T02:10:10.985+0000] {dag.py:3239} INFO - Sync 1 DAGs
[2024-10-16T02:10:11.003+0000] {logging_mixin.py:190} INFO - [2024-10-16T02:10:11.003+0000] {dag.py:4180} INFO - Setting next_dagrun for parent_failure to 2024-10-16 00:00:00+00:00, run_after=2024-10-17 00:00:00+00:00
[2024-10-16T02:10:11.020+0000] {processor.py:208} INFO - Processing /opt/airflow/dags/parent_failure.py took 0.097 seconds
[2024-10-16T02:10:41.906+0000] {processor.py:186} INFO - Started process (PID=289) to work on /opt/airflow/dags/parent_failure.py
[2024-10-16T02:10:41.907+0000] {processor.py:914} INFO - Processing file /opt/airflow/dags/parent_failure.py for tasks to queue
[2024-10-16T02:10:41.909+0000] {logging_mixin.py:190} INFO - [2024-10-16T02:10:41.909+0000] {dagbag.py:588} INFO - Filling up the DagBag from /opt/airflow/dags/parent_failure.py
[2024-10-16T02:10:41.924+0000] {processor.py:925} INFO - DAG(s) 'parent_failure' retrieved from /opt/airflow/dags/parent_failure.py
[2024-10-16T02:10:41.942+0000] {logging_mixin.py:190} INFO - [2024-10-16T02:10:41.942+0000] {dag.py:3239} INFO - Sync 1 DAGs
[2024-10-16T02:10:41.966+0000] {logging_mixin.py:190} INFO - [2024-10-16T02:10:41.966+0000] {dag.py:4180} INFO - Setting next_dagrun for parent_failure to 2024-10-16 00:00:00+00:00, run_after=2024-10-17 00:00:00+00:00
[2024-10-16T02:10:41.986+0000] {processor.py:208} INFO - Processing /opt/airflow/dags/parent_failure.py took 0.084 seconds
[2024-10-16T02:11:07.918+0000] {processor.py:186} INFO - Started process (PID=319) to work on /opt/airflow/dags/parent_failure.py
[2024-10-16T02:11:07.919+0000] {processor.py:914} INFO - Processing file /opt/airflow/dags/parent_failure.py for tasks to queue
[2024-10-16T02:11:07.921+0000] {logging_mixin.py:190} INFO - [2024-10-16T02:11:07.921+0000] {dagbag.py:588} INFO - Filling up the DagBag from /opt/airflow/dags/parent_failure.py
[2024-10-16T02:11:07.941+0000] {processor.py:925} INFO - DAG(s) 'parent_dag_failure' retrieved from /opt/airflow/dags/parent_failure.py
[2024-10-16T02:11:08.014+0000] {logging_mixin.py:190} INFO - [2024-10-16T02:11:08.014+0000] {override.py:1900} INFO - Created Permission View: can delete on DAG:parent_dag_failure
[2024-10-16T02:11:08.023+0000] {logging_mixin.py:190} INFO - [2024-10-16T02:11:08.023+0000] {override.py:1900} INFO - Created Permission View: can edit on DAG:parent_dag_failure
[2024-10-16T02:11:08.029+0000] {logging_mixin.py:190} INFO - [2024-10-16T02:11:08.028+0000] {override.py:1900} INFO - Created Permission View: can read on DAG:parent_dag_failure
[2024-10-16T02:11:08.036+0000] {logging_mixin.py:190} INFO - [2024-10-16T02:11:08.036+0000] {override.py:1900} INFO - Created Permission View: can delete on DAG Run:parent_dag_failure
[2024-10-16T02:11:08.044+0000] {logging_mixin.py:190} INFO - [2024-10-16T02:11:08.043+0000] {override.py:1900} INFO - Created Permission View: menu access on DAG Run:parent_dag_failure
[2024-10-16T02:11:08.049+0000] {logging_mixin.py:190} INFO - [2024-10-16T02:11:08.049+0000] {override.py:1900} INFO - Created Permission View: can read on DAG Run:parent_dag_failure
[2024-10-16T02:11:08.055+0000] {logging_mixin.py:190} INFO - [2024-10-16T02:11:08.055+0000] {override.py:1900} INFO - Created Permission View: can create on DAG Run:parent_dag_failure
[2024-10-16T02:11:08.056+0000] {logging_mixin.py:190} INFO - [2024-10-16T02:11:08.055+0000] {dag.py:3239} INFO - Sync 1 DAGs
[2024-10-16T02:11:08.066+0000] {logging_mixin.py:190} INFO - [2024-10-16T02:11:08.065+0000] {dag.py:3262} INFO - Creating ORM DAG for parent_dag_failure
[2024-10-16T02:11:08.072+0000] {logging_mixin.py:190} INFO - [2024-10-16T02:11:08.072+0000] {dag.py:4180} INFO - Setting next_dagrun for parent_dag_failure to 2024-10-15 00:00:00+00:00, run_after=2024-10-16 00:00:00+00:00
[2024-10-16T02:11:08.088+0000] {processor.py:208} INFO - Processing /opt/airflow/dags/parent_failure.py took 0.174 seconds
[2024-10-16T02:11:13.383+0000] {processor.py:186} INFO - Started process (PID=355) to work on /opt/airflow/dags/parent_failure.py
[2024-10-16T02:11:13.384+0000] {processor.py:914} INFO - Processing file /opt/airflow/dags/parent_failure.py for tasks to queue
[2024-10-16T02:11:13.386+0000] {logging_mixin.py:190} INFO - [2024-10-16T02:11:13.385+0000] {dagbag.py:588} INFO - Filling up the DagBag from /opt/airflow/dags/parent_failure.py
[2024-10-16T02:11:13.408+0000] {processor.py:925} INFO - DAG(s) 'parent_failure' retrieved from /opt/airflow/dags/parent_failure.py
[2024-10-16T02:11:13.481+0000] {logging_mixin.py:190} INFO - [2024-10-16T02:11:13.480+0000] {dag.py:3239} INFO - Sync 1 DAGs
[2024-10-16T02:11:13.497+0000] {logging_mixin.py:190} INFO - [2024-10-16T02:11:13.497+0000] {dag.py:4180} INFO - Setting next_dagrun for parent_failure to 2024-10-16 00:00:00+00:00, run_after=2024-10-17 00:00:00+00:00
[2024-10-16T02:11:13.513+0000] {processor.py:208} INFO - Processing /opt/airflow/dags/parent_failure.py took 0.134 seconds
[2024-10-16T02:11:45.585+0000] {processor.py:186} INFO - Started process (PID=63) to work on /opt/airflow/dags/parent_failure.py
[2024-10-16T02:11:45.586+0000] {processor.py:914} INFO - Processing file /opt/airflow/dags/parent_failure.py for tasks to queue
[2024-10-16T02:11:45.590+0000] {logging_mixin.py:190} INFO - [2024-10-16T02:11:45.589+0000] {dagbag.py:588} INFO - Filling up the DagBag from /opt/airflow/dags/parent_failure.py
[2024-10-16T02:11:45.625+0000] {processor.py:925} INFO - DAG(s) 'parent_failure' retrieved from /opt/airflow/dags/parent_failure.py
[2024-10-16T02:11:45.660+0000] {logging_mixin.py:190} INFO - [2024-10-16T02:11:45.659+0000] {dag.py:3239} INFO - Sync 1 DAGs
[2024-10-16T02:11:45.700+0000] {logging_mixin.py:190} INFO - [2024-10-16T02:11:45.700+0000] {dag.py:4180} INFO - Setting next_dagrun for parent_failure to 2024-10-16 00:00:00+00:00, run_after=2024-10-17 00:00:00+00:00
[2024-10-16T02:11:45.728+0000] {processor.py:208} INFO - Processing /opt/airflow/dags/parent_failure.py took 0.151 seconds
[2024-10-16T02:12:16.481+0000] {processor.py:186} INFO - Started process (PID=128) to work on /opt/airflow/dags/parent_failure.py
[2024-10-16T02:12:16.482+0000] {processor.py:914} INFO - Processing file /opt/airflow/dags/parent_failure.py for tasks to queue
[2024-10-16T02:12:16.484+0000] {logging_mixin.py:190} INFO - [2024-10-16T02:12:16.483+0000] {dagbag.py:588} INFO - Filling up the DagBag from /opt/airflow/dags/parent_failure.py
[2024-10-16T02:12:16.501+0000] {processor.py:925} INFO - DAG(s) 'parent_failure' retrieved from /opt/airflow/dags/parent_failure.py
[2024-10-16T02:12:16.522+0000] {logging_mixin.py:190} INFO - [2024-10-16T02:12:16.521+0000] {dag.py:3239} INFO - Sync 1 DAGs
[2024-10-16T02:12:16.542+0000] {logging_mixin.py:190} INFO - [2024-10-16T02:12:16.541+0000] {dag.py:4180} INFO - Setting next_dagrun for parent_failure to 2024-10-16 00:00:00+00:00, run_after=2024-10-17 00:00:00+00:00
[2024-10-16T02:12:16.556+0000] {processor.py:208} INFO - Processing /opt/airflow/dags/parent_failure.py took 0.081 seconds
[2024-10-16T02:12:46.722+0000] {processor.py:186} INFO - Started process (PID=193) to work on /opt/airflow/dags/parent_failure.py
[2024-10-16T02:12:46.723+0000] {processor.py:914} INFO - Processing file /opt/airflow/dags/parent_failure.py for tasks to queue
[2024-10-16T02:12:46.724+0000] {logging_mixin.py:190} INFO - [2024-10-16T02:12:46.724+0000] {dagbag.py:588} INFO - Filling up the DagBag from /opt/airflow/dags/parent_failure.py
[2024-10-16T02:12:46.740+0000] {processor.py:925} INFO - DAG(s) 'parent_failure' retrieved from /opt/airflow/dags/parent_failure.py
[2024-10-16T02:12:46.757+0000] {logging_mixin.py:190} INFO - [2024-10-16T02:12:46.757+0000] {dag.py:3239} INFO - Sync 1 DAGs
[2024-10-16T02:12:46.780+0000] {logging_mixin.py:190} INFO - [2024-10-16T02:12:46.780+0000] {dag.py:4180} INFO - Setting next_dagrun for parent_failure to 2024-10-16 00:00:00+00:00, run_after=2024-10-17 00:00:00+00:00
[2024-10-16T02:12:46.799+0000] {processor.py:208} INFO - Processing /opt/airflow/dags/parent_failure.py took 0.082 seconds
[2024-10-16T02:13:17.746+0000] {processor.py:186} INFO - Started process (PID=262) to work on /opt/airflow/dags/parent_failure.py
[2024-10-16T02:13:17.747+0000] {processor.py:914} INFO - Processing file /opt/airflow/dags/parent_failure.py for tasks to queue
[2024-10-16T02:13:17.749+0000] {logging_mixin.py:190} INFO - [2024-10-16T02:13:17.748+0000] {dagbag.py:588} INFO - Filling up the DagBag from /opt/airflow/dags/parent_failure.py
[2024-10-16T02:13:17.765+0000] {processor.py:925} INFO - DAG(s) 'parent_failure' retrieved from /opt/airflow/dags/parent_failure.py
[2024-10-16T02:13:17.783+0000] {logging_mixin.py:190} INFO - [2024-10-16T02:13:17.783+0000] {dag.py:3239} INFO - Sync 1 DAGs
[2024-10-16T02:13:17.806+0000] {logging_mixin.py:190} INFO - [2024-10-16T02:13:17.806+0000] {dag.py:4180} INFO - Setting next_dagrun for parent_failure to 2024-10-16 00:00:00+00:00, run_after=2024-10-17 00:00:00+00:00
[2024-10-16T02:13:17.820+0000] {processor.py:208} INFO - Processing /opt/airflow/dags/parent_failure.py took 0.078 seconds
[2024-10-16T02:13:48.226+0000] {processor.py:186} INFO - Started process (PID=327) to work on /opt/airflow/dags/parent_failure.py
[2024-10-16T02:13:48.227+0000] {processor.py:914} INFO - Processing file /opt/airflow/dags/parent_failure.py for tasks to queue
[2024-10-16T02:13:48.228+0000] {logging_mixin.py:190} INFO - [2024-10-16T02:13:48.228+0000] {dagbag.py:588} INFO - Filling up the DagBag from /opt/airflow/dags/parent_failure.py
[2024-10-16T02:13:48.244+0000] {processor.py:925} INFO - DAG(s) 'parent_failure' retrieved from /opt/airflow/dags/parent_failure.py
[2024-10-16T02:13:48.259+0000] {logging_mixin.py:190} INFO - [2024-10-16T02:13:48.259+0000] {dag.py:3239} INFO - Sync 1 DAGs
[2024-10-16T02:13:48.290+0000] {logging_mixin.py:190} INFO - [2024-10-16T02:13:48.290+0000] {dag.py:4180} INFO - Setting next_dagrun for parent_failure to 2024-10-16 00:00:00+00:00, run_after=2024-10-17 00:00:00+00:00
[2024-10-16T02:13:48.307+0000] {processor.py:208} INFO - Processing /opt/airflow/dags/parent_failure.py took 0.086 seconds
[2024-10-16T02:14:18.705+0000] {processor.py:186} INFO - Started process (PID=398) to work on /opt/airflow/dags/parent_failure.py
[2024-10-16T02:14:18.706+0000] {processor.py:914} INFO - Processing file /opt/airflow/dags/parent_failure.py for tasks to queue
[2024-10-16T02:14:18.707+0000] {logging_mixin.py:190} INFO - [2024-10-16T02:14:18.707+0000] {dagbag.py:588} INFO - Filling up the DagBag from /opt/airflow/dags/parent_failure.py
[2024-10-16T02:14:18.726+0000] {processor.py:925} INFO - DAG(s) 'parent_failure' retrieved from /opt/airflow/dags/parent_failure.py
[2024-10-16T02:14:18.741+0000] {logging_mixin.py:190} INFO - [2024-10-16T02:14:18.741+0000] {dag.py:3239} INFO - Sync 1 DAGs
[2024-10-16T02:14:18.764+0000] {logging_mixin.py:190} INFO - [2024-10-16T02:14:18.763+0000] {dag.py:4180} INFO - Setting next_dagrun for parent_failure to 2024-10-16 00:00:00+00:00, run_after=2024-10-17 00:00:00+00:00
[2024-10-16T02:14:18.780+0000] {processor.py:208} INFO - Processing /opt/airflow/dags/parent_failure.py took 0.080 seconds
[2024-10-16T02:14:48.960+0000] {processor.py:186} INFO - Started process (PID=463) to work on /opt/airflow/dags/parent_failure.py
[2024-10-16T02:14:48.961+0000] {processor.py:914} INFO - Processing file /opt/airflow/dags/parent_failure.py for tasks to queue
[2024-10-16T02:14:48.963+0000] {logging_mixin.py:190} INFO - [2024-10-16T02:14:48.962+0000] {dagbag.py:588} INFO - Filling up the DagBag from /opt/airflow/dags/parent_failure.py
[2024-10-16T02:14:48.978+0000] {processor.py:925} INFO - DAG(s) 'parent_failure' retrieved from /opt/airflow/dags/parent_failure.py
[2024-10-16T02:14:48.993+0000] {logging_mixin.py:190} INFO - [2024-10-16T02:14:48.993+0000] {dag.py:3239} INFO - Sync 1 DAGs
[2024-10-16T02:14:49.012+0000] {logging_mixin.py:190} INFO - [2024-10-16T02:14:49.012+0000] {dag.py:4180} INFO - Setting next_dagrun for parent_failure to 2024-10-16 00:00:00+00:00, run_after=2024-10-17 00:00:00+00:00
[2024-10-16T02:14:49.029+0000] {processor.py:208} INFO - Processing /opt/airflow/dags/parent_failure.py took 0.075 seconds
[2024-10-16T02:15:19.367+0000] {processor.py:186} INFO - Started process (PID=528) to work on /opt/airflow/dags/parent_failure.py
[2024-10-16T02:15:19.368+0000] {processor.py:914} INFO - Processing file /opt/airflow/dags/parent_failure.py for tasks to queue
[2024-10-16T02:15:19.368+0000] {logging_mixin.py:190} INFO - [2024-10-16T02:15:19.368+0000] {dagbag.py:588} INFO - Filling up the DagBag from /opt/airflow/dags/parent_failure.py
[2024-10-16T02:15:19.381+0000] {processor.py:925} INFO - DAG(s) 'parent_failure' retrieved from /opt/airflow/dags/parent_failure.py
[2024-10-16T02:15:19.396+0000] {logging_mixin.py:190} INFO - [2024-10-16T02:15:19.396+0000] {dag.py:3239} INFO - Sync 1 DAGs
[2024-10-16T02:15:19.414+0000] {logging_mixin.py:190} INFO - [2024-10-16T02:15:19.414+0000] {dag.py:4180} INFO - Setting next_dagrun for parent_failure to 2024-10-16 00:00:00+00:00, run_after=2024-10-17 00:00:00+00:00
[2024-10-16T02:15:19.429+0000] {processor.py:208} INFO - Processing /opt/airflow/dags/parent_failure.py took 0.067 seconds
[2024-10-16T02:17:18.050+0000] {processor.py:186} INFO - Started process (PID=69) to work on /opt/airflow/dags/parent_failure.py
[2024-10-16T02:17:18.053+0000] {processor.py:914} INFO - Processing file /opt/airflow/dags/parent_failure.py for tasks to queue
[2024-10-16T02:17:18.060+0000] {logging_mixin.py:190} INFO - [2024-10-16T02:17:18.059+0000] {dagbag.py:588} INFO - Filling up the DagBag from /opt/airflow/dags/parent_failure.py
[2024-10-16T02:17:18.108+0000] {processor.py:925} INFO - DAG(s) 'parent_failure' retrieved from /opt/airflow/dags/parent_failure.py
[2024-10-16T02:17:18.174+0000] {logging_mixin.py:190} INFO - [2024-10-16T02:17:18.174+0000] {dag.py:3239} INFO - Sync 1 DAGs
[2024-10-16T02:17:18.276+0000] {logging_mixin.py:190} INFO - [2024-10-16T02:17:18.275+0000] {dag.py:4180} INFO - Setting next_dagrun for parent_failure to 2024-10-16 00:00:00+00:00, run_after=2024-10-17 00:00:00+00:00
[2024-10-16T02:17:18.326+0000] {processor.py:208} INFO - Processing /opt/airflow/dags/parent_failure.py took 0.289 seconds
[2024-10-16T02:17:48.861+0000] {processor.py:186} INFO - Started process (PID=140) to work on /opt/airflow/dags/parent_failure.py
[2024-10-16T02:17:48.862+0000] {processor.py:914} INFO - Processing file /opt/airflow/dags/parent_failure.py for tasks to queue
[2024-10-16T02:17:48.864+0000] {logging_mixin.py:190} INFO - [2024-10-16T02:17:48.864+0000] {dagbag.py:588} INFO - Filling up the DagBag from /opt/airflow/dags/parent_failure.py
[2024-10-16T02:17:48.879+0000] {processor.py:925} INFO - DAG(s) 'parent_failure' retrieved from /opt/airflow/dags/parent_failure.py
[2024-10-16T02:17:48.894+0000] {logging_mixin.py:190} INFO - [2024-10-16T02:17:48.894+0000] {dag.py:3239} INFO - Sync 1 DAGs
[2024-10-16T02:17:48.914+0000] {logging_mixin.py:190} INFO - [2024-10-16T02:17:48.914+0000] {dag.py:4180} INFO - Setting next_dagrun for parent_failure to 2024-10-16 00:00:00+00:00, run_after=2024-10-17 00:00:00+00:00
[2024-10-16T02:17:48.931+0000] {processor.py:208} INFO - Processing /opt/airflow/dags/parent_failure.py took 0.075 seconds
[2024-10-16T02:18:19.754+0000] {processor.py:186} INFO - Started process (PID=205) to work on /opt/airflow/dags/parent_failure.py
[2024-10-16T02:18:19.755+0000] {processor.py:914} INFO - Processing file /opt/airflow/dags/parent_failure.py for tasks to queue
[2024-10-16T02:18:19.756+0000] {logging_mixin.py:190} INFO - [2024-10-16T02:18:19.756+0000] {dagbag.py:588} INFO - Filling up the DagBag from /opt/airflow/dags/parent_failure.py
[2024-10-16T02:18:19.769+0000] {processor.py:925} INFO - DAG(s) 'parent_failure' retrieved from /opt/airflow/dags/parent_failure.py
[2024-10-16T02:18:19.782+0000] {logging_mixin.py:190} INFO - [2024-10-16T02:18:19.782+0000] {dag.py:3239} INFO - Sync 1 DAGs
[2024-10-16T02:18:19.799+0000] {logging_mixin.py:190} INFO - [2024-10-16T02:18:19.799+0000] {dag.py:4180} INFO - Setting next_dagrun for parent_failure to 2024-10-16 00:00:00+00:00, run_after=2024-10-17 00:00:00+00:00
[2024-10-16T02:18:19.814+0000] {processor.py:208} INFO - Processing /opt/airflow/dags/parent_failure.py took 0.065 seconds
[2024-10-16T02:18:50.669+0000] {processor.py:186} INFO - Started process (PID=270) to work on /opt/airflow/dags/parent_failure.py
[2024-10-16T02:18:50.670+0000] {processor.py:914} INFO - Processing file /opt/airflow/dags/parent_failure.py for tasks to queue
[2024-10-16T02:18:50.672+0000] {logging_mixin.py:190} INFO - [2024-10-16T02:18:50.672+0000] {dagbag.py:588} INFO - Filling up the DagBag from /opt/airflow/dags/parent_failure.py
[2024-10-16T02:18:50.692+0000] {processor.py:925} INFO - DAG(s) 'parent_failure' retrieved from /opt/airflow/dags/parent_failure.py
[2024-10-16T02:18:50.711+0000] {logging_mixin.py:190} INFO - [2024-10-16T02:18:50.710+0000] {dag.py:3239} INFO - Sync 1 DAGs
[2024-10-16T02:18:50.734+0000] {logging_mixin.py:190} INFO - [2024-10-16T02:18:50.734+0000] {dag.py:4180} INFO - Setting next_dagrun for parent_failure to 2024-10-16 00:00:00+00:00, run_after=2024-10-17 00:00:00+00:00
[2024-10-16T02:18:50.758+0000] {processor.py:208} INFO - Processing /opt/airflow/dags/parent_failure.py took 0.097 seconds
[2024-10-16T02:19:20.976+0000] {processor.py:186} INFO - Started process (PID=335) to work on /opt/airflow/dags/parent_failure.py
[2024-10-16T02:19:20.977+0000] {processor.py:914} INFO - Processing file /opt/airflow/dags/parent_failure.py for tasks to queue
[2024-10-16T02:19:20.980+0000] {logging_mixin.py:190} INFO - [2024-10-16T02:19:20.980+0000] {dagbag.py:588} INFO - Filling up the DagBag from /opt/airflow/dags/parent_failure.py
[2024-10-16T02:19:20.995+0000] {processor.py:925} INFO - DAG(s) 'parent_failure' retrieved from /opt/airflow/dags/parent_failure.py
[2024-10-16T02:19:21.010+0000] {logging_mixin.py:190} INFO - [2024-10-16T02:19:21.010+0000] {dag.py:3239} INFO - Sync 1 DAGs
[2024-10-16T02:19:21.028+0000] {logging_mixin.py:190} INFO - [2024-10-16T02:19:21.028+0000] {dag.py:4180} INFO - Setting next_dagrun for parent_failure to 2024-10-16 00:00:00+00:00, run_after=2024-10-17 00:00:00+00:00
[2024-10-16T02:19:21.048+0000] {processor.py:208} INFO - Processing /opt/airflow/dags/parent_failure.py took 0.077 seconds
[2024-10-16T02:19:51.280+0000] {processor.py:186} INFO - Started process (PID=400) to work on /opt/airflow/dags/parent_failure.py
[2024-10-16T02:19:51.281+0000] {processor.py:914} INFO - Processing file /opt/airflow/dags/parent_failure.py for tasks to queue
[2024-10-16T02:19:51.283+0000] {logging_mixin.py:190} INFO - [2024-10-16T02:19:51.282+0000] {dagbag.py:588} INFO - Filling up the DagBag from /opt/airflow/dags/parent_failure.py
[2024-10-16T02:19:51.297+0000] {processor.py:925} INFO - DAG(s) 'parent_failure' retrieved from /opt/airflow/dags/parent_failure.py
[2024-10-16T02:19:51.310+0000] {logging_mixin.py:190} INFO - [2024-10-16T02:19:51.310+0000] {dag.py:3239} INFO - Sync 1 DAGs
[2024-10-16T02:19:51.328+0000] {logging_mixin.py:190} INFO - [2024-10-16T02:19:51.328+0000] {dag.py:4180} INFO - Setting next_dagrun for parent_failure to 2024-10-16 00:00:00+00:00, run_after=2024-10-17 00:00:00+00:00
[2024-10-16T02:19:51.344+0000] {processor.py:208} INFO - Processing /opt/airflow/dags/parent_failure.py took 0.068 seconds
[2024-10-16T02:20:21.528+0000] {processor.py:186} INFO - Started process (PID=465) to work on /opt/airflow/dags/parent_failure.py
[2024-10-16T02:20:21.529+0000] {processor.py:914} INFO - Processing file /opt/airflow/dags/parent_failure.py for tasks to queue
[2024-10-16T02:20:21.531+0000] {logging_mixin.py:190} INFO - [2024-10-16T02:20:21.531+0000] {dagbag.py:588} INFO - Filling up the DagBag from /opt/airflow/dags/parent_failure.py
[2024-10-16T02:20:21.545+0000] {processor.py:925} INFO - DAG(s) 'parent_failure' retrieved from /opt/airflow/dags/parent_failure.py
[2024-10-16T02:20:21.560+0000] {logging_mixin.py:190} INFO - [2024-10-16T02:20:21.560+0000] {dag.py:3239} INFO - Sync 1 DAGs
[2024-10-16T02:20:21.578+0000] {logging_mixin.py:190} INFO - [2024-10-16T02:20:21.578+0000] {dag.py:4180} INFO - Setting next_dagrun for parent_failure to 2024-10-16 00:00:00+00:00, run_after=2024-10-17 00:00:00+00:00
[2024-10-16T02:20:21.593+0000] {processor.py:208} INFO - Processing /opt/airflow/dags/parent_failure.py took 0.070 seconds
[2024-10-16T02:21:28.859+0000] {processor.py:186} INFO - Started process (PID=69) to work on /opt/airflow/dags/parent_failure.py
[2024-10-16T02:21:28.860+0000] {processor.py:914} INFO - Processing file /opt/airflow/dags/parent_failure.py for tasks to queue
[2024-10-16T02:21:28.864+0000] {logging_mixin.py:190} INFO - [2024-10-16T02:21:28.864+0000] {dagbag.py:588} INFO - Filling up the DagBag from /opt/airflow/dags/parent_failure.py
[2024-10-16T02:21:28.899+0000] {processor.py:925} INFO - DAG(s) 'parent_failure' retrieved from /opt/airflow/dags/parent_failure.py
[2024-10-16T02:21:28.947+0000] {logging_mixin.py:190} INFO - [2024-10-16T02:21:28.946+0000] {dag.py:3239} INFO - Sync 1 DAGs
[2024-10-16T02:21:28.997+0000] {logging_mixin.py:190} INFO - [2024-10-16T02:21:28.996+0000] {dag.py:4180} INFO - Setting next_dagrun for parent_failure to 2024-10-16 00:00:00+00:00, run_after=2024-10-17 00:00:00+00:00
[2024-10-16T02:21:29.033+0000] {processor.py:208} INFO - Processing /opt/airflow/dags/parent_failure.py took 0.183 seconds
[2024-10-16T02:21:59.884+0000] {processor.py:186} INFO - Started process (PID=135) to work on /opt/airflow/dags/parent_failure.py
[2024-10-16T02:21:59.885+0000] {processor.py:914} INFO - Processing file /opt/airflow/dags/parent_failure.py for tasks to queue
[2024-10-16T02:21:59.887+0000] {logging_mixin.py:190} INFO - [2024-10-16T02:21:59.886+0000] {dagbag.py:588} INFO - Filling up the DagBag from /opt/airflow/dags/parent_failure.py
[2024-10-16T02:21:59.902+0000] {processor.py:925} INFO - DAG(s) 'parent_failure' retrieved from /opt/airflow/dags/parent_failure.py
[2024-10-16T02:21:59.915+0000] {logging_mixin.py:190} INFO - [2024-10-16T02:21:59.915+0000] {dag.py:3239} INFO - Sync 1 DAGs
[2024-10-16T02:21:59.931+0000] {logging_mixin.py:190} INFO - [2024-10-16T02:21:59.931+0000] {dag.py:4180} INFO - Setting next_dagrun for parent_failure to 2024-10-16 00:00:00+00:00, run_after=2024-10-17 00:00:00+00:00
[2024-10-16T02:21:59.949+0000] {processor.py:208} INFO - Processing /opt/airflow/dags/parent_failure.py took 0.068 seconds
[2024-10-16T02:22:30.148+0000] {processor.py:186} INFO - Started process (PID=200) to work on /opt/airflow/dags/parent_failure.py
[2024-10-16T02:22:30.149+0000] {processor.py:914} INFO - Processing file /opt/airflow/dags/parent_failure.py for tasks to queue
[2024-10-16T02:22:30.150+0000] {logging_mixin.py:190} INFO - [2024-10-16T02:22:30.150+0000] {dagbag.py:588} INFO - Filling up the DagBag from /opt/airflow/dags/parent_failure.py
[2024-10-16T02:22:30.164+0000] {processor.py:925} INFO - DAG(s) 'parent_failure' retrieved from /opt/airflow/dags/parent_failure.py
[2024-10-16T02:22:30.178+0000] {logging_mixin.py:190} INFO - [2024-10-16T02:22:30.177+0000] {dag.py:3239} INFO - Sync 1 DAGs
[2024-10-16T02:22:30.195+0000] {logging_mixin.py:190} INFO - [2024-10-16T02:22:30.195+0000] {dag.py:4180} INFO - Setting next_dagrun for parent_failure to 2024-10-16 00:00:00+00:00, run_after=2024-10-17 00:00:00+00:00
[2024-10-16T02:22:30.211+0000] {processor.py:208} INFO - Processing /opt/airflow/dags/parent_failure.py took 0.067 seconds
[2024-10-16T02:23:00.384+0000] {processor.py:186} INFO - Started process (PID=271) to work on /opt/airflow/dags/parent_failure.py
[2024-10-16T02:23:00.385+0000] {processor.py:914} INFO - Processing file /opt/airflow/dags/parent_failure.py for tasks to queue
[2024-10-16T02:23:00.387+0000] {logging_mixin.py:190} INFO - [2024-10-16T02:23:00.386+0000] {dagbag.py:588} INFO - Filling up the DagBag from /opt/airflow/dags/parent_failure.py
[2024-10-16T02:23:00.401+0000] {processor.py:925} INFO - DAG(s) 'parent_failure' retrieved from /opt/airflow/dags/parent_failure.py
[2024-10-16T02:23:00.416+0000] {logging_mixin.py:190} INFO - [2024-10-16T02:23:00.416+0000] {dag.py:3239} INFO - Sync 1 DAGs
[2024-10-16T02:23:00.437+0000] {logging_mixin.py:190} INFO - [2024-10-16T02:23:00.436+0000] {dag.py:4180} INFO - Setting next_dagrun for parent_failure to 2024-10-16 00:00:00+00:00, run_after=2024-10-17 00:00:00+00:00
[2024-10-16T02:23:00.455+0000] {processor.py:208} INFO - Processing /opt/airflow/dags/parent_failure.py took 0.076 seconds
[2024-10-16T02:23:30.597+0000] {processor.py:186} INFO - Started process (PID=336) to work on /opt/airflow/dags/parent_failure.py
[2024-10-16T02:23:30.598+0000] {processor.py:914} INFO - Processing file /opt/airflow/dags/parent_failure.py for tasks to queue
[2024-10-16T02:23:30.600+0000] {logging_mixin.py:190} INFO - [2024-10-16T02:23:30.600+0000] {dagbag.py:588} INFO - Filling up the DagBag from /opt/airflow/dags/parent_failure.py
[2024-10-16T02:23:30.615+0000] {processor.py:925} INFO - DAG(s) 'parent_failure' retrieved from /opt/airflow/dags/parent_failure.py
[2024-10-16T02:23:30.627+0000] {logging_mixin.py:190} INFO - [2024-10-16T02:23:30.627+0000] {dag.py:3239} INFO - Sync 1 DAGs
[2024-10-16T02:23:30.644+0000] {logging_mixin.py:190} INFO - [2024-10-16T02:23:30.644+0000] {dag.py:4180} INFO - Setting next_dagrun for parent_failure to 2024-10-16 00:00:00+00:00, run_after=2024-10-17 00:00:00+00:00
[2024-10-16T02:23:30.661+0000] {processor.py:208} INFO - Processing /opt/airflow/dags/parent_failure.py took 0.070 seconds
[2024-10-16T02:24:00.848+0000] {processor.py:186} INFO - Started process (PID=401) to work on /opt/airflow/dags/parent_failure.py
[2024-10-16T02:24:00.848+0000] {processor.py:914} INFO - Processing file /opt/airflow/dags/parent_failure.py for tasks to queue
[2024-10-16T02:24:00.850+0000] {logging_mixin.py:190} INFO - [2024-10-16T02:24:00.850+0000] {dagbag.py:588} INFO - Filling up the DagBag from /opt/airflow/dags/parent_failure.py
[2024-10-16T02:24:00.866+0000] {processor.py:925} INFO - DAG(s) 'parent_failure' retrieved from /opt/airflow/dags/parent_failure.py
[2024-10-16T02:24:00.879+0000] {logging_mixin.py:190} INFO - [2024-10-16T02:24:00.879+0000] {dag.py:3239} INFO - Sync 1 DAGs
[2024-10-16T02:24:00.896+0000] {logging_mixin.py:190} INFO - [2024-10-16T02:24:00.896+0000] {dag.py:4180} INFO - Setting next_dagrun for parent_failure to 2024-10-16 00:00:00+00:00, run_after=2024-10-17 00:00:00+00:00
[2024-10-16T02:24:00.912+0000] {processor.py:208} INFO - Processing /opt/airflow/dags/parent_failure.py took 0.068 seconds
[2024-10-16T02:24:31.844+0000] {processor.py:186} INFO - Started process (PID=466) to work on /opt/airflow/dags/parent_failure.py
[2024-10-16T02:24:31.844+0000] {processor.py:914} INFO - Processing file /opt/airflow/dags/parent_failure.py for tasks to queue
[2024-10-16T02:24:31.846+0000] {logging_mixin.py:190} INFO - [2024-10-16T02:24:31.846+0000] {dagbag.py:588} INFO - Filling up the DagBag from /opt/airflow/dags/parent_failure.py
[2024-10-16T02:24:31.860+0000] {processor.py:925} INFO - DAG(s) 'parent_failure' retrieved from /opt/airflow/dags/parent_failure.py
[2024-10-16T02:24:31.873+0000] {logging_mixin.py:190} INFO - [2024-10-16T02:24:31.873+0000] {dag.py:3239} INFO - Sync 1 DAGs
[2024-10-16T02:24:31.892+0000] {logging_mixin.py:190} INFO - [2024-10-16T02:24:31.891+0000] {dag.py:4180} INFO - Setting next_dagrun for parent_failure to 2024-10-16 00:00:00+00:00, run_after=2024-10-17 00:00:00+00:00
[2024-10-16T02:24:31.907+0000] {processor.py:208} INFO - Processing /opt/airflow/dags/parent_failure.py took 0.067 seconds
[2024-10-16T02:25:02.746+0000] {processor.py:186} INFO - Started process (PID=531) to work on /opt/airflow/dags/parent_failure.py
[2024-10-16T02:25:02.746+0000] {processor.py:914} INFO - Processing file /opt/airflow/dags/parent_failure.py for tasks to queue
[2024-10-16T02:25:02.748+0000] {logging_mixin.py:190} INFO - [2024-10-16T02:25:02.748+0000] {dagbag.py:588} INFO - Filling up the DagBag from /opt/airflow/dags/parent_failure.py
[2024-10-16T02:25:02.764+0000] {processor.py:925} INFO - DAG(s) 'parent_failure' retrieved from /opt/airflow/dags/parent_failure.py
[2024-10-16T02:25:02.777+0000] {logging_mixin.py:190} INFO - [2024-10-16T02:25:02.777+0000] {dag.py:3239} INFO - Sync 1 DAGs
[2024-10-16T02:25:02.795+0000] {logging_mixin.py:190} INFO - [2024-10-16T02:25:02.795+0000] {dag.py:4180} INFO - Setting next_dagrun for parent_failure to 2024-10-16 00:00:00+00:00, run_after=2024-10-17 00:00:00+00:00
[2024-10-16T02:25:02.813+0000] {processor.py:208} INFO - Processing /opt/airflow/dags/parent_failure.py took 0.071 seconds
[2024-10-16T02:25:33.120+0000] {processor.py:186} INFO - Started process (PID=596) to work on /opt/airflow/dags/parent_failure.py
[2024-10-16T02:25:33.121+0000] {processor.py:914} INFO - Processing file /opt/airflow/dags/parent_failure.py for tasks to queue
[2024-10-16T02:25:33.122+0000] {logging_mixin.py:190} INFO - [2024-10-16T02:25:33.122+0000] {dagbag.py:588} INFO - Filling up the DagBag from /opt/airflow/dags/parent_failure.py
[2024-10-16T02:25:33.135+0000] {processor.py:925} INFO - DAG(s) 'parent_failure' retrieved from /opt/airflow/dags/parent_failure.py
[2024-10-16T02:25:33.148+0000] {logging_mixin.py:190} INFO - [2024-10-16T02:25:33.148+0000] {dag.py:3239} INFO - Sync 1 DAGs
[2024-10-16T02:25:33.165+0000] {logging_mixin.py:190} INFO - [2024-10-16T02:25:33.165+0000] {dag.py:4180} INFO - Setting next_dagrun for parent_failure to 2024-10-16 00:00:00+00:00, run_after=2024-10-17 00:00:00+00:00
[2024-10-16T02:25:33.180+0000] {processor.py:208} INFO - Processing /opt/airflow/dags/parent_failure.py took 0.065 seconds
[2024-10-16T02:26:03.429+0000] {processor.py:186} INFO - Started process (PID=661) to work on /opt/airflow/dags/parent_failure.py
[2024-10-16T02:26:03.430+0000] {processor.py:914} INFO - Processing file /opt/airflow/dags/parent_failure.py for tasks to queue
[2024-10-16T02:26:03.432+0000] {logging_mixin.py:190} INFO - [2024-10-16T02:26:03.432+0000] {dagbag.py:588} INFO - Filling up the DagBag from /opt/airflow/dags/parent_failure.py
[2024-10-16T02:26:03.446+0000] {processor.py:925} INFO - DAG(s) 'parent_failure' retrieved from /opt/airflow/dags/parent_failure.py
[2024-10-16T02:26:03.460+0000] {logging_mixin.py:190} INFO - [2024-10-16T02:26:03.460+0000] {dag.py:3239} INFO - Sync 1 DAGs
[2024-10-16T02:26:03.483+0000] {logging_mixin.py:190} INFO - [2024-10-16T02:26:03.482+0000] {dag.py:4180} INFO - Setting next_dagrun for parent_failure to 2024-10-16 00:00:00+00:00, run_after=2024-10-17 00:00:00+00:00
[2024-10-16T02:26:03.496+0000] {processor.py:208} INFO - Processing /opt/airflow/dags/parent_failure.py took 0.072 seconds
[2024-10-16T02:26:33.621+0000] {processor.py:186} INFO - Started process (PID=726) to work on /opt/airflow/dags/parent_failure.py
[2024-10-16T02:26:33.622+0000] {processor.py:914} INFO - Processing file /opt/airflow/dags/parent_failure.py for tasks to queue
[2024-10-16T02:26:33.625+0000] {logging_mixin.py:190} INFO - [2024-10-16T02:26:33.625+0000] {dagbag.py:588} INFO - Filling up the DagBag from /opt/airflow/dags/parent_failure.py
[2024-10-16T02:26:33.652+0000] {processor.py:925} INFO - DAG(s) 'parent_failure' retrieved from /opt/airflow/dags/parent_failure.py
[2024-10-16T02:26:33.678+0000] {logging_mixin.py:190} INFO - [2024-10-16T02:26:33.678+0000] {dag.py:3239} INFO - Sync 1 DAGs
[2024-10-16T02:26:33.717+0000] {logging_mixin.py:190} INFO - [2024-10-16T02:26:33.716+0000] {dag.py:4180} INFO - Setting next_dagrun for parent_failure to 2024-10-16 00:00:00+00:00, run_after=2024-10-17 00:00:00+00:00
[2024-10-16T02:26:33.746+0000] {processor.py:208} INFO - Processing /opt/airflow/dags/parent_failure.py took 0.133 seconds
[2024-10-16T02:27:04.111+0000] {processor.py:186} INFO - Started process (PID=791) to work on /opt/airflow/dags/parent_failure.py
[2024-10-16T02:27:04.112+0000] {processor.py:914} INFO - Processing file /opt/airflow/dags/parent_failure.py for tasks to queue
[2024-10-16T02:27:04.115+0000] {logging_mixin.py:190} INFO - [2024-10-16T02:27:04.115+0000] {dagbag.py:588} INFO - Filling up the DagBag from /opt/airflow/dags/parent_failure.py
[2024-10-16T02:27:04.138+0000] {processor.py:925} INFO - DAG(s) 'parent_failure' retrieved from /opt/airflow/dags/parent_failure.py
[2024-10-16T02:27:04.164+0000] {logging_mixin.py:190} INFO - [2024-10-16T02:27:04.163+0000] {dag.py:3239} INFO - Sync 1 DAGs
[2024-10-16T02:27:04.197+0000] {logging_mixin.py:190} INFO - [2024-10-16T02:27:04.197+0000] {dag.py:4180} INFO - Setting next_dagrun for parent_failure to 2024-10-16 00:00:00+00:00, run_after=2024-10-17 00:00:00+00:00
[2024-10-16T02:27:04.223+0000] {processor.py:208} INFO - Processing /opt/airflow/dags/parent_failure.py took 0.119 seconds
[2024-10-16T02:27:34.324+0000] {processor.py:186} INFO - Started process (PID=856) to work on /opt/airflow/dags/parent_failure.py
[2024-10-16T02:27:34.325+0000] {processor.py:914} INFO - Processing file /opt/airflow/dags/parent_failure.py for tasks to queue
[2024-10-16T02:27:34.326+0000] {logging_mixin.py:190} INFO - [2024-10-16T02:27:34.326+0000] {dagbag.py:588} INFO - Filling up the DagBag from /opt/airflow/dags/parent_failure.py
[2024-10-16T02:27:34.340+0000] {processor.py:925} INFO - DAG(s) 'parent_failure' retrieved from /opt/airflow/dags/parent_failure.py
[2024-10-16T02:27:34.354+0000] {logging_mixin.py:190} INFO - [2024-10-16T02:27:34.354+0000] {dag.py:3239} INFO - Sync 1 DAGs
[2024-10-16T02:27:34.372+0000] {logging_mixin.py:190} INFO - [2024-10-16T02:27:34.372+0000] {dag.py:4180} INFO - Setting next_dagrun for parent_failure to 2024-10-16 00:00:00+00:00, run_after=2024-10-17 00:00:00+00:00
[2024-10-16T02:27:34.385+0000] {processor.py:208} INFO - Processing /opt/airflow/dags/parent_failure.py took 0.066 seconds
[2024-10-16T02:28:04.621+0000] {processor.py:186} INFO - Started process (PID=921) to work on /opt/airflow/dags/parent_failure.py
[2024-10-16T02:28:04.622+0000] {processor.py:914} INFO - Processing file /opt/airflow/dags/parent_failure.py for tasks to queue
[2024-10-16T02:28:04.624+0000] {logging_mixin.py:190} INFO - [2024-10-16T02:28:04.624+0000] {dagbag.py:588} INFO - Filling up the DagBag from /opt/airflow/dags/parent_failure.py
[2024-10-16T02:28:04.645+0000] {processor.py:925} INFO - DAG(s) 'parent_failure' retrieved from /opt/airflow/dags/parent_failure.py
[2024-10-16T02:28:04.666+0000] {logging_mixin.py:190} INFO - [2024-10-16T02:28:04.665+0000] {dag.py:3239} INFO - Sync 1 DAGs
[2024-10-16T02:28:04.694+0000] {logging_mixin.py:190} INFO - [2024-10-16T02:28:04.693+0000] {dag.py:4180} INFO - Setting next_dagrun for parent_failure to 2024-10-16 00:00:00+00:00, run_after=2024-10-17 00:00:00+00:00
[2024-10-16T02:28:04.719+0000] {processor.py:208} INFO - Processing /opt/airflow/dags/parent_failure.py took 0.105 seconds
[2024-10-16T02:28:35.046+0000] {processor.py:186} INFO - Started process (PID=986) to work on /opt/airflow/dags/parent_failure.py
[2024-10-16T02:28:35.047+0000] {processor.py:914} INFO - Processing file /opt/airflow/dags/parent_failure.py for tasks to queue
[2024-10-16T02:28:35.049+0000] {logging_mixin.py:190} INFO - [2024-10-16T02:28:35.049+0000] {dagbag.py:588} INFO - Filling up the DagBag from /opt/airflow/dags/parent_failure.py
[2024-10-16T02:28:35.063+0000] {processor.py:925} INFO - DAG(s) 'parent_failure' retrieved from /opt/airflow/dags/parent_failure.py
[2024-10-16T02:28:35.078+0000] {logging_mixin.py:190} INFO - [2024-10-16T02:28:35.077+0000] {dag.py:3239} INFO - Sync 1 DAGs
[2024-10-16T02:28:35.095+0000] {logging_mixin.py:190} INFO - [2024-10-16T02:28:35.095+0000] {dag.py:4180} INFO - Setting next_dagrun for parent_failure to 2024-10-16 00:00:00+00:00, run_after=2024-10-17 00:00:00+00:00
[2024-10-16T02:28:35.113+0000] {processor.py:208} INFO - Processing /opt/airflow/dags/parent_failure.py took 0.071 seconds
[2024-10-16T02:29:05.336+0000] {processor.py:186} INFO - Started process (PID=1051) to work on /opt/airflow/dags/parent_failure.py
[2024-10-16T02:29:05.337+0000] {processor.py:914} INFO - Processing file /opt/airflow/dags/parent_failure.py for tasks to queue
[2024-10-16T02:29:05.339+0000] {logging_mixin.py:190} INFO - [2024-10-16T02:29:05.338+0000] {dagbag.py:588} INFO - Filling up the DagBag from /opt/airflow/dags/parent_failure.py
[2024-10-16T02:29:05.354+0000] {processor.py:925} INFO - DAG(s) 'parent_failure' retrieved from /opt/airflow/dags/parent_failure.py
[2024-10-16T02:29:05.367+0000] {logging_mixin.py:190} INFO - [2024-10-16T02:29:05.367+0000] {dag.py:3239} INFO - Sync 1 DAGs
[2024-10-16T02:29:05.384+0000] {logging_mixin.py:190} INFO - [2024-10-16T02:29:05.384+0000] {dag.py:4180} INFO - Setting next_dagrun for parent_failure to 2024-10-16 00:00:00+00:00, run_after=2024-10-17 00:00:00+00:00
[2024-10-16T02:29:05.402+0000] {processor.py:208} INFO - Processing /opt/airflow/dags/parent_failure.py took 0.071 seconds
[2024-10-16T02:29:35.652+0000] {processor.py:186} INFO - Started process (PID=1116) to work on /opt/airflow/dags/parent_failure.py
[2024-10-16T02:29:35.653+0000] {processor.py:914} INFO - Processing file /opt/airflow/dags/parent_failure.py for tasks to queue
[2024-10-16T02:29:35.655+0000] {logging_mixin.py:190} INFO - [2024-10-16T02:29:35.655+0000] {dagbag.py:588} INFO - Filling up the DagBag from /opt/airflow/dags/parent_failure.py
[2024-10-16T02:29:35.672+0000] {processor.py:925} INFO - DAG(s) 'parent_failure' retrieved from /opt/airflow/dags/parent_failure.py
[2024-10-16T02:29:35.687+0000] {logging_mixin.py:190} INFO - [2024-10-16T02:29:35.686+0000] {dag.py:3239} INFO - Sync 1 DAGs
[2024-10-16T02:29:35.708+0000] {logging_mixin.py:190} INFO - [2024-10-16T02:29:35.708+0000] {dag.py:4180} INFO - Setting next_dagrun for parent_failure to 2024-10-16 00:00:00+00:00, run_after=2024-10-17 00:00:00+00:00
[2024-10-16T02:29:35.724+0000] {processor.py:208} INFO - Processing /opt/airflow/dags/parent_failure.py took 0.077 seconds
[2024-10-16T02:30:05.794+0000] {processor.py:186} INFO - Started process (PID=1181) to work on /opt/airflow/dags/parent_failure.py
[2024-10-16T02:30:05.795+0000] {processor.py:914} INFO - Processing file /opt/airflow/dags/parent_failure.py for tasks to queue
[2024-10-16T02:30:05.797+0000] {logging_mixin.py:190} INFO - [2024-10-16T02:30:05.797+0000] {dagbag.py:588} INFO - Filling up the DagBag from /opt/airflow/dags/parent_failure.py
[2024-10-16T02:30:05.812+0000] {processor.py:925} INFO - DAG(s) 'parent_failure' retrieved from /opt/airflow/dags/parent_failure.py
[2024-10-16T02:30:05.826+0000] {logging_mixin.py:190} INFO - [2024-10-16T02:30:05.826+0000] {dag.py:3239} INFO - Sync 1 DAGs
[2024-10-16T02:30:05.843+0000] {logging_mixin.py:190} INFO - [2024-10-16T02:30:05.843+0000] {dag.py:4180} INFO - Setting next_dagrun for parent_failure to 2024-10-16 00:00:00+00:00, run_after=2024-10-17 00:00:00+00:00
[2024-10-16T02:30:05.859+0000] {processor.py:208} INFO - Processing /opt/airflow/dags/parent_failure.py took 0.069 seconds
[2024-10-16T02:30:35.966+0000] {processor.py:186} INFO - Started process (PID=1247) to work on /opt/airflow/dags/parent_failure.py
[2024-10-16T02:30:35.967+0000] {processor.py:914} INFO - Processing file /opt/airflow/dags/parent_failure.py for tasks to queue
[2024-10-16T02:30:35.969+0000] {logging_mixin.py:190} INFO - [2024-10-16T02:30:35.969+0000] {dagbag.py:588} INFO - Filling up the DagBag from /opt/airflow/dags/parent_failure.py
[2024-10-16T02:30:35.981+0000] {processor.py:925} INFO - DAG(s) 'parent_failure' retrieved from /opt/airflow/dags/parent_failure.py
[2024-10-16T02:30:35.995+0000] {logging_mixin.py:190} INFO - [2024-10-16T02:30:35.995+0000] {dag.py:3239} INFO - Sync 1 DAGs
[2024-10-16T02:30:36.011+0000] {logging_mixin.py:190} INFO - [2024-10-16T02:30:36.011+0000] {dag.py:4180} INFO - Setting next_dagrun for parent_failure to 2024-10-16 00:00:00+00:00, run_after=2024-10-17 00:00:00+00:00
[2024-10-16T02:30:36.029+0000] {processor.py:208} INFO - Processing /opt/airflow/dags/parent_failure.py took 0.067 seconds
