[2024-10-16T02:25:06.461+0000] {local_task_job_runner.py:123} INFO - ::group::Pre task execution logs
[2024-10-16T02:25:06.474+0000] {taskinstance.py:2612} INFO - Dependencies all met for dep_context=non-requeueable deps ti=<TaskInstance: child.wait_for_parent manual__2024-10-16T02:25:04.040336+00:00 [queued]>
[2024-10-16T02:25:06.480+0000] {taskinstance.py:2612} INFO - Dependencies all met for dep_context=requeueable deps ti=<TaskInstance: child.wait_for_parent manual__2024-10-16T02:25:04.040336+00:00 [queued]>
[2024-10-16T02:25:06.481+0000] {taskinstance.py:2865} INFO - Starting attempt 1 of 1
[2024-10-16T02:25:06.491+0000] {taskinstance.py:2888} INFO - Executing <Task(ExternalTaskSensor): wait_for_parent> on 2024-10-16 02:25:04.040336+00:00
[2024-10-16T02:25:06.498+0000] {warnings.py:112} WARNING - /home/***/.local/lib/python3.12/site-packages/***/task/task_runner/standard_task_runner.py:70: DeprecationWarning: This process (pid=118) is multi-threaded, use of fork() may lead to deadlocks in the child.
  pid = os.fork()

[2024-10-16T02:25:06.499+0000] {standard_task_runner.py:72} INFO - Started process 120 to run task
[2024-10-16T02:25:06.499+0000] {standard_task_runner.py:104} INFO - Running: ['***', 'tasks', 'run', 'child', 'wait_for_parent', 'manual__2024-10-16T02:25:04.040336+00:00', '--job-id', '48', '--raw', '--subdir', 'DAGS_FOLDER/child.py', '--cfg-path', '/tmp/tmp2ylrptqt']
[2024-10-16T02:25:06.501+0000] {standard_task_runner.py:105} INFO - Job 48: Subtask wait_for_parent
[2024-10-16T02:25:06.538+0000] {task_command.py:467} INFO - Running <TaskInstance: child.wait_for_parent manual__2024-10-16T02:25:04.040336+00:00 [running]> on host 39781b2b00b9
[2024-10-16T02:25:06.605+0000] {taskinstance.py:3131} INFO - Exporting env vars: AIRFLOW_CTX_DAG_OWNER='***' AIRFLOW_CTX_DAG_ID='child' AIRFLOW_CTX_TASK_ID='wait_for_parent' AIRFLOW_CTX_EXECUTION_DATE='2024-10-16T02:25:04.040336+00:00' AIRFLOW_CTX_TRY_NUMBER='1' AIRFLOW_CTX_DAG_RUN_ID='manual__2024-10-16T02:25:04.040336+00:00'
[2024-10-16T02:25:06.606+0000] {logging_mixin.py:190} INFO - Task instance is in running state
[2024-10-16T02:25:06.607+0000] {logging_mixin.py:190} INFO -  Previous state of the Task instance: queued
[2024-10-16T02:25:06.607+0000] {logging_mixin.py:190} INFO - Current task name:wait_for_parent state:running start_date:2024-10-16 02:25:06.474935+00:00
[2024-10-16T02:25:06.608+0000] {logging_mixin.py:190} INFO - Dag name:child and current dag run status:running
[2024-10-16T02:25:06.608+0000] {taskinstance.py:731} INFO - ::endgroup::
[2024-10-16T02:25:06.608+0000] {baseoperator.py:405} WARNING - ExternalTaskSensor.execute cannot be called outside TaskInstance!
[2024-10-16T02:25:06.609+0000] {external_task.py:258} INFO - Poking for tasks ['end'] in dag parent_success on 2024-10-16T02:25:04.040336+00:00 ... 
[2024-10-16T02:25:06.610+0000] {warnings.py:112} WARNING - /home/***/.local/lib/python3.12/site-packages/***/utils/session.py:97: DeprecationWarning: This method is deprecated and will be removed in future.
  return func(*args, session=session, **kwargs)

[2024-10-16T02:25:36.616+0000] {external_task.py:258} INFO - Poking for tasks ['end'] in dag parent_success on 2024-10-16T02:25:04.040336+00:00 ... 
[2024-10-16T02:26:06.622+0000] {external_task.py:258} INFO - Poking for tasks ['end'] in dag parent_success on 2024-10-16T02:25:04.040336+00:00 ... 
[2024-10-16T02:26:36.629+0000] {external_task.py:258} INFO - Poking for tasks ['end'] in dag parent_success on 2024-10-16T02:25:04.040336+00:00 ... 
[2024-10-16T02:27:06.639+0000] {external_task.py:258} INFO - Poking for tasks ['end'] in dag parent_success on 2024-10-16T02:25:04.040336+00:00 ... 
[2024-10-16T02:27:36.644+0000] {external_task.py:258} INFO - Poking for tasks ['end'] in dag parent_success on 2024-10-16T02:25:04.040336+00:00 ... 
[2024-10-16T02:28:06.649+0000] {external_task.py:258} INFO - Poking for tasks ['end'] in dag parent_success on 2024-10-16T02:25:04.040336+00:00 ... 
[2024-10-16T02:28:36.658+0000] {external_task.py:258} INFO - Poking for tasks ['end'] in dag parent_success on 2024-10-16T02:25:04.040336+00:00 ... 
[2024-10-16T02:29:06.664+0000] {external_task.py:258} INFO - Poking for tasks ['end'] in dag parent_success on 2024-10-16T02:25:04.040336+00:00 ... 
[2024-10-16T02:29:36.668+0000] {external_task.py:258} INFO - Poking for tasks ['end'] in dag parent_success on 2024-10-16T02:25:04.040336+00:00 ... 
[2024-10-16T02:30:06.674+0000] {external_task.py:258} INFO - Poking for tasks ['end'] in dag parent_success on 2024-10-16T02:25:04.040336+00:00 ... 
[2024-10-16T02:30:36.680+0000] {external_task.py:258} INFO - Poking for tasks ['end'] in dag parent_success on 2024-10-16T02:25:04.040336+00:00 ... 
